==524612== Memcheck, a memory error detector
==524612== Copyright (C) 2002-2017, and GNU GPL'd, by Julian Seward et al.
==524612== Using Valgrind-3.18.1 and LibVEX; rerun with -h for copyright info
==524612== Command: /media/sf_42/C3_Minishell/Minishell/tests/bin/test_build_tok_lst_split_by_spaces
==524612== 
[0;31mERRORbuild_tok_lst_split_by_quotes():!str[0m[97;100m=[0m[97;100m[ 0| NULL CASES ][97;100m=[0m[97;100m=[0m[97;100m=[0m[97;100m=[0m[97;100m=[0m[97;100m=[0m[97;100m=[0m[97;100m=[0m[97;100m=[0m[97;100m=[0m[97;100m=[0m[97;100m=[0m[97;100m=[0m[97;100m=[0m[97;100m=[0m[97;100m=[0m[97;100m=[0m[97;100m=[0m[97;100m=[0m[97;100m=[0m[97;100m=[0m[97;100m=[0m[97;100m=[0m[97;100m=[0m[97;100m=[0m[97;100m=[0m[97;100m=[0m[97;100m=[0m[97;100m=[0m[97;100m=[0m[97;100m=[0m[97;100m=[0m[97;100m=[0m[97;100m=[0m[97;100m=[0m[97;100m=[0m[97;100m=[0m[97;100m=[0m[97;100m=[0m[97;100m=[0m[97;100m=[0m[97;100m=[0m[97;100m=[0m[97;100m=[0m[97;100m=[0m[97;100m=[0m[97;100m=[0m[97;100m=[0m[97;100m=[0m[97;100m=[0m[97;100m=[0m[97;100m=[0m[97;100m=[0m[97;100m=[0m[97;100m=[0m[97;100m=[0m[97;100m=[0m[97;100m=[0m[97;100m=[0m[97;100m=[0m[97;100m=[0m[97;100m=[0m[97;100m=[0m[97;100m=[0m[97;100m=[0m[97;100m=[0m[97;100m=[0m[97;100m=[0m[97;100m=[0m[97;100m=[0m[97;100m=[0m[97;100m=[0m[0m
[0;36m*[0m[0;36m( str==NULL )[0;36m*[0m[0;36m*[0m[0;36m*[0m[0;36m*[0m[0;36m*[0m[0;36m*[0m[0;36m*[0m[0;36m*[0m[0;36m*[0m[0;36m*[0m[0;36m*[0m[0;36m*[0m[0;36m*[0m[0;36m*[0m[0;36m*[0m[0;36m*[0m[0;36m*[0m[0;36m*[0m[0;36m*[0m[0;36m*[0m[0;36m*[0m[0;36m*[0m[0;36m*[0m[0;36m*[0m[0;36m*[0m[0;36m*[0m[0;36m*[0m[0;36m*[0m[0;36m*[0m[0;36m*[0m[0;36m*[0m[0;36m*[0m[0;36m*[0m[0;36m*[0m[0;36m*[0m[0;36m*[0m[0;36m*[0m[0;36m*[0m[0;36m*[0m[0;36m*[0m[0;36m*[0m[0;36m*[0m[0;36m*[0m[0;36m*[0m[0;36m*[0m[0;36m*[0m[0;36m*[0m[0;36m*[0m[0;36m*[0m[0;36m*[0m[0;36m*[0m[0;36m*[0m[0;36m*[0m[0;36m*[0m[0;36m*[0m[0;36m*[0m[0;36m*[0m[0;36m*[0m[0;36m*[0m[0;36m*[0m[0;36m*[0m[0;36m*[0m[0;36m*[0m[0;36m*[0m[0;36m*[0m[0;36m*[0m[0;36m*[0m[0;36m*[0m[0;36m*[0m[0;36m*[0m[0;36m*[0m[0;36m*[0m[0;36m*[0m[0;36m*[0m[0;36m*[0m[0;36m*[0m[0m
build_tok_lst_split_by_spaces([0;36m(null)[0m)-----------------------------------------------------
[0;32m (tok_lst == tab_res == NULL)
[0m-------------------------------------------------------------------------------------> [37;42m ✓ [0m
[0;36m*[0m[0;36m*[0m[0;36m*[0m[0;36m*[0m[0;36m*[0m[0;36m*[0m[0;36m*[0m[0;36m*[0m[0;36m*[0m[0;36m*[0m[0;36m*[0m[0;36m*[0m[0;36m*[0m[0;36m*[0m[0;36m*[0m[0;36m*[0m[0;36m*[0m[0;36m*[0m[0;36m*[0m[0;36m*[0m[0;36m*[0m[0;36m*[0m[0;36m*[0m[0;36m*[0m[0;36m*[0m[0;36m*[0m[0;36m*[0m[0;36m*[0m[0;36m*[0m[0;36m*[0m[0;36m*[0m[0;36m*[0m[0;36m*[0m[0;36m*[0m[0;36m*[0m[0;36m*[0m[0;36m*[0m[0;36m*[0m[0;36m*[0m[0;36m*[0m[0;36m*[0m[0;36m*[0m[0;36m*[0m[0;36m*[0m[0;36m*[0m[0;36m*[0m[0;36m*[0m[0;36m*[0m[0;36m*[0m[0;36m*[0m[0;36m*[0m[0;36m*[0m[0;36m*[0m[0;36m*[0m[0;36m*[0m[0;36m*[0m[0;36m*[0m[0;36m*[0m[0;36m*[0m[0;36m*[0m[0;36m*[0m[0;36m*[0m[0;36m*[0m[0;36m*[0m[0;36m*[0m[0;36m*[0m[0;36m*[0m[0;36m*[0m[0;36m*[0m[0;36m*[0m[0;36m*[0m[0;36m*[0m[0;36m*[0m[0;36m*[0m[0;36m*[0m[0;36m*[0m[0;36m*[0m[0;36m*[0m[0;36m*[0m[0;36m*[0m[0;36m*[0m[0;36m*[0m[0;36m*[0m[0;36m*[0m[0;36m*[0m[0;36m*[0m[0;36m*[0m[0;36m*[0m[0;36m*[0m[0;36m*[0m

[0;36m*[0m[0;36m( str==Empty )[0;36m*[0m[0;36m*[0m[0;36m*[0m[0;36m*[0m[0;36m*[0m[0;36m*[0m[0;36m*[0m[0;36m*[0m[0;36m*[0m[0;36m*[0m[0;36m*[0m[0;36m*[0m[0;36m*[0m[0;36m*[0m[0;36m*[0m[0;36m*[0m[0;36m*[0m[0;36m*[0m[0;36m*[0m[0;36m*[0m[0;36m*[0m[0;36m*[0m[0;36m*[0m[0;36m*[0m[0;36m*[0m[0;36m*[0m[0;36m*[0m[0;36m*[0m[0;36m*[0m[0;36m*[0m[0;36m*[0m[0;36m*[0m[0;36m*[0m[0;36m*[0m[0;36m*[0m[0;36m*[0m[0;36m*[0m[0;36m*[0m[0;36m*[0m[0;36m*[0m[0;36m*[0m[0;36m*[0m[0;36m*[0m[0;36m*[0m[0;36m*[0m[0;36m*[0m[0;36m*[0m[0;36m*[0m[0;36m*[0m[0;36m*[0m[0;36m*[0m[0;36m*[0m[0;36m*[0m[0;36m*[0m[0;36m*[0m[0;36m*[0m[0;36m*[0m[0;36m*[0m[0;36m*[0m[0;36m*[0m[0;36m*[0m[0;36m*[0m[0;36m*[0m[0;36m*[0m[0;36m*[0m[0;36m*[0m[0;36m*[0m[0;36m*[0m[0;36m*[0m[0;36m*[0m[0;36m*[0m[0;36m*[0m[0;36m*[0m[0;36m*[0m[0;36m*[0m[0m
build_tok_lst_split_by_spaces([0;36m[0m)-----------------------------------------------------------
[0;32m (tok_lst == tab_res == NULL)
[0m-------------------------------------------------------------------------------------> [37;42m ✓ [0m
[0;36m*[0m[0;36m*[0m[0;36m*[0m[0;36m*[0m[0;36m*[0m[0;36m*[0m[0;36m*[0m[0;36m*[0m[0;36m*[0m[0;36m*[0m[0;36m*[0m[0;36m*[0m[0;36m*[0m[0;36m*[0m[0;36m*[0m[0;36m*[0m[0;36m*[0m[0;36m*[0m[0;36m*[0m[0;36m*[0m[0;36m*[0m[0;36m*[0m[0;36m*[0m[0;36m*[0m[0;36m*[0m[0;36m*[0m[0;36m*[0m[0;36m*[0m[0;36m*[0m[0;36m*[0m[0;36m*[0m[0;36m*[0m[0;36m*[0m[0;36m*[0m[0;36m*[0m[0;36m*[0m[0;36m*[0m[0;36m*[0m[0;36m*[0m[0;36m*[0m[0;36m*[0m[0;36m*[0m[0;36m*[0m[0;36m*[0m[0;36m*[0m[0;36m*[0m[0;36m*[0m[0;36m*[0m[0;36m*[0m[0;36m*[0m[0;36m*[0m[0;36m*[0m[0;36m*[0m[0;36m*[0m[0;36m*[0m[0;36m*[0m[0;36m*[0m[0;36m*[0m[0;36m*[0m[0;36m*[0m[0;36m*[0m[0;36m*[0m[0;36m*[0m[0;36m*[0m[0;36m*[0m[0;36m*[0m[0;36m*[0m[0;36m*[0m[0;36m*[0m[0;36m*[0m[0;36m*[0m[0;36m*[0m[0;36m*[0m[0;36m*[0m[0;36m*[0m[0;36m*[0m[0;36m*[0m[0;36m*[0m[0;36m*[0m[0;36m*[0m[0;36m*[0m[0;36m*[0m[0;36m*[0m[0;36m*[0m[0;36m*[0m[0;36m*[0m[0;36m*[0m[0;36m*[0m[0;36m*[0m[0;36m*[0m

[97;100m=[0m[97;100m=[0m[97;100m=[0m[97;100m=[0m[97;100m=[0m[97;100m=[0m[97;100m=[0m[97;100m=[0m[97;100m=[0m[97;100m=[0m[97;100m=[0m[97;100m=[0m[97;100m=[0m[97;100m=[0m[97;100m=[0m[97;100m=[0m[97;100m=[0m[97;100m=[0m[97;100m=[0m[97;100m=[0m[97;100m=[0m[97;100m=[0m[97;100m=[0m[97;100m=[0m[97;100m=[0m[97;100m=[0m[97;100m=[0m[97;100m=[0m[97;100m=[0m[97;100m=[0m[97;100m=[0m[97;100m=[0m[97;100m=[0m[97;100m=[0m[97;100m=[0m[97;100m=[0m[97;100m=[0m[97;100m=[0m[97;100m=[0m[97;100m=[0m[97;100m=[0m[97;100m=[0m[97;100m=[0m[97;100m=[0m[97;100m=[0m[97;100m=[0m[97;100m=[0m[97;100m=[0m[97;100m=[0m[97;100m=[0m[97;100m=[0m[97;100m=[0m[97;100m=[0m[97;100m=[0m[97;100m=[0m[97;100m=[0m[97;100m=[0m[97;100m=[0m[97;100m=[0m[97;100m=[0m[97;100m=[0m[97;100m=[0m[97;100m=[0m[97;100m=[0m[97;100m=[0m[97;100m=[0m[97;100m=[0m[97;100m=[0m[97;100m=[0m[97;100m=[0m[97;100m=[0m[97;100m=[0m[97;100m=[0m[97;100m=[0m[97;100m=[0m[97;100m=[0m[97;100m=[0m[97;100m=[0m[97;100m=[0m[97;100m=[0m[97;100m=[0m[97;100m=[0m[97;100m=[0m[97;100m=[0m[97;100m=[0m[97;100m=[0m[97;100m=[0m[97;100m=[0m[97;100m=[0m[97;100m=[0m

[97;100m=[0m[97;100m[ A| NO SPACES OUTSIDE QUOTES ][97;100m=[0m[97;100m=[0m[97;100m=[0m[97;100m=[0m[97;100m=[0m[97;100m=[0m[97;100m=[0m[97;100m=[0m[97;100m=[0m[97;100m=[0m[97;100m=[0m[97;100m=[0m[97;100m=[0m[97;100m=[0m[97;100m=[0m[97;100m=[0m[97;100m=[0m[97;100m=[0m[97;100m=[0m[97;100m=[0m[97;100m=[0m[97;100m=[0m[97;100m=[0m[97;100m=[0m[97;100m=[0m[97;100m=[0m[97;100m=[0m[97;100m=[0m[97;100m=[0m[97;100m=[0m[97;100m=[0m[97;100m=[0m[97;100m=[0m[97;100m=[0m[97;100m=[0m[97;100m=[0m[97;100m=[0m[97;100m=[0m[97;100m=[0m[97;100m=[0m[97;100m=[0m[97;100m=[0m[97;100m=[0m[97;100m=[0m[97;100m=[0m[97;100m=[0m[97;100m=[0m[97;100m=[0m[97;100m=[0m[97;100m=[0m[97;100m=[0m[97;100m=[0m[97;100m=[0m[97;100m=[0m[97;100m=[0m[97;100m=[0m[97;100m=[0m[97;100m=[0m[0m
build_tok_lst_split_by_spaces([0;36mthere_is_no_spaces[0m)-----------------------------------------
tab_res={UNSET,there_is_no_spaces,0}-->NULL
tok_lst={UNSET,there_is_no_spaces,0}-->NULL
-------------------------------------------------------------------------------------> [37;42m ✓ [0m
build_tok_lst_split_by_spaces([0;36mthere'is no'spaces[0m)-----------------------------------------
tab_res={UNSET,there,0}-->{UNSET,'is no',0}-->{UNSET,spaces,0}-->NULL
tok_lst={UNSET,there,0}-->{UNSET,'is no',0}-->{UNSET,spaces,0}-->NULL
-------------------------------------------------------------------------------------> [37;42m ✓ [0m
build_tok_lst_split_by_spaces([0;36mthere"is no"spaces[0m)-----------------------------------------
tab_res={UNSET,there,0}-->{UNSET,"is no",0}-->{UNSET,spaces,0}-->NULL
tok_lst={UNSET,there,0}-->{UNSET,"is no",0}-->{UNSET,spaces,0}-->NULL
-------------------------------------------------------------------------------------> [37;42m ✓ [0m
[97;100m=[0m[97;100m=[0m[97;100m=[0m[97;100m=[0m[97;100m=[0m[97;100m=[0m[97;100m=[0m[97;100m=[0m[97;100m=[0m[97;100m=[0m[97;100m=[0m[97;100m=[0m[97;100m=[0m[97;100m=[0m[97;100m=[0m[97;100m=[0m[97;100m=[0m[97;100m=[0m[97;100m=[0m[97;100m=[0m[97;100m=[0m[97;100m=[0m[97;100m=[0m[97;100m=[0m[97;100m=[0m[97;100m=[0m[97;100m=[0m[97;100m=[0m[97;100m=[0m[97;100m=[0m[97;100m=[0m[97;100m=[0m[97;100m=[0m[97;100m=[0m[97;100m=[0m[97;100m=[0m[97;100m=[0m[97;100m=[0m[97;100m=[0m[97;100m=[0m[97;100m=[0m[97;100m=[0m[97;100m=[0m[97;100m=[0m[97;100m=[0m[97;100m=[0m[97;100m=[0m[97;100m=[0m[97;100m=[0m[97;100m=[0m[97;100m=[0m[97;100m=[0m[97;100m=[0m[97;100m=[0m[97;100m=[0m[97;100m=[0m[97;100m=[0m[97;100m=[0m[97;100m=[0m[97;100m=[0m[97;100m=[0m[97;100m=[0m[97;100m=[0m[97;100m=[0m[97;100m=[0m[97;100m=[0m[97;100m=[0m[97;100m=[0m[97;100m=[0m[97;100m=[0m[97;100m=[0m[97;100m=[0m[97;100m=[0m[97;100m=[0m[97;100m=[0m[97;100m=[0m[97;100m=[0m[97;100m=[0m[97;100m=[0m[97;100m=[0m[97;100m=[0m[97;100m=[0m[97;100m=[0m[97;100m=[0m[97;100m=[0m[97;100m=[0m[97;100m=[0m[97;100m=[0m[97;100m=[0m[97;100m=[0m

[97;100m=[0m[97;100m[ B| ONLY SPACES ][97;100m=[0m[97;100m=[0m[97;100m=[0m[97;100m=[0m[97;100m=[0m[97;100m=[0m[97;100m=[0m[97;100m=[0m[97;100m=[0m[97;100m=[0m[97;100m=[0m[97;100m=[0m[97;100m=[0m[97;100m=[0m[97;100m=[0m[97;100m=[0m[97;100m=[0m[97;100m=[0m[97;100m=[0m[97;100m=[0m[97;100m=[0m[97;100m=[0m[97;100m=[0m[97;100m=[0m[97;100m=[0m[97;100m=[0m[97;100m=[0m[97;100m=[0m[97;100m=[0m[97;100m=[0m[97;100m=[0m[97;100m=[0m[97;100m=[0m[97;100m=[0m[97;100m=[0m[97;100m=[0m[97;100m=[0m[97;100m=[0m[97;100m=[0m[97;100m=[0m[97;100m=[0m[97;100m=[0m[97;100m=[0m[97;100m=[0m[97;100m=[0m[97;100m=[0m[97;100m=[0m[97;100m=[0m[97;100m=[0m[97;100m=[0m[97;100m=[0m[97;100m=[0m[97;100m=[0m[97;100m=[0m[97;100m=[0m[97;100m=[0m[97;100m=[0m[97;100m=[0m[97;100m=[0m[97;100m=[0m[97;100m=[0m[97;100m=[0m[97;100m=[0m[97;100m=[0m[97;100m=[0m[97;100m=[0m[97;100m=[0m[97;100m=[0m[97;100m=[0m[97;100m=[0m[97;100m=[0m[0m
[0;36m*[0m[0;36m( Only spaces )[0;36m*[0m[0;36m*[0m[0;36m*[0m[0;36m*[0m[0;36m*[0m[0;36m*[0m[0;36m*[0m[0;36m*[0m[0;36m*[0m[0;36m*[0m[0;36m*[0m[0;36m*[0m[0;36m*[0m[0;36m*[0m[0;36m*[0m[0;36m*[0m[0;36m*[0m[0;36m*[0m[0;36m*[0m[0;36m*[0m[0;36m*[0m[0;36m*[0m[0;36m*[0m[0;36m*[0m[0;36m*[0m[0;36m*[0m[0;36m*[0m[0;36m*[0m[0;36m*[0m[0;36m*[0m[0;36m*[0m[0;36m*[0m[0;36m*[0m[0;36m*[0m[0;36m*[0m[0;36m*[0m[0;36m*[0m[0;36m*[0m[0;36m*[0m[0;36m*[0m[0;36m*[0m[0;36m*[0m[0;36m*[0m[0;36m*[0m[0;36m*[0m[0;36m*[0m[0;36m*[0m[0;36m*[0m[0;36m*[0m[0;36m*[0m[0;36m*[0m[0;36m*[0m[0;36m*[0m[0;36m*[0m[0;36m*[0m[0;36m*[0m[0;36m*[0m[0;36m*[0m[0;36m*[0m[0;36m*[0m[0;36m*[0m[0;36m*[0m[0;36m*[0m[0;36m*[0m[0;36m*[0m[0;36m*[0m[0;36m*[0m[0;36m*[0m[0;36m*[0m[0;36m*[0m[0;36m*[0m[0;36m*[0m[0;36m*[0m[0;36m*[0m[0m
build_tok_lst_split_by_spaces([0;36m [0m)----------------------------------------------------------
tab_res={UNSET, ,0}-->NULL
tok_lst={UNSET, ,0}-->NULL
-------------------------------------------------------------------------------------> [37;42m ✓ [0m
build_tok_lst_split_by_spaces([0;36m  [0m)---------------------------------------------------------
tab_res={UNSET, ,0}-->NULL
tok_lst={UNSET, ,0}-->NULL
-------------------------------------------------------------------------------------> [37;42m ✓ [0m
build_tok_lst_split_by_spaces([0;36m   [0m)--------------------------------------------------------
tab_res={UNSET, ,0}-->NULL
tok_lst={UNSET, ,0}-->NULL
-------------------------------------------------------------------------------------> [37;42m ✓ [0m
[0;36m*[0m[0;36m*[0m[0;36m*[0m[0;36m*[0m[0;36m*[0m[0;36m*[0m[0;36m*[0m[0;36m*[0m[0;36m*[0m[0;36m*[0m[0;36m*[0m[0;36m*[0m[0;36m*[0m[0;36m*[0m[0;36m*[0m[0;36m*[0m[0;36m*[0m[0;36m*[0m[0;36m*[0m[0;36m*[0m[0;36m*[0m[0;36m*[0m[0;36m*[0m[0;36m*[0m[0;36m*[0m[0;36m*[0m[0;36m*[0m[0;36m*[0m[0;36m*[0m[0;36m*[0m[0;36m*[0m[0;36m*[0m[0;36m*[0m[0;36m*[0m[0;36m*[0m[0;36m*[0m[0;36m*[0m[0;36m*[0m[0;36m*[0m[0;36m*[0m[0;36m*[0m[0;36m*[0m[0;36m*[0m[0;36m*[0m[0;36m*[0m[0;36m*[0m[0;36m*[0m[0;36m*[0m[0;36m*[0m[0;36m*[0m[0;36m*[0m[0;36m*[0m[0;36m*[0m[0;36m*[0m[0;36m*[0m[0;36m*[0m[0;36m*[0m[0;36m*[0m[0;36m*[0m[0;36m*[0m[0;36m*[0m[0;36m*[0m[0;36m*[0m[0;36m*[0m[0;36m*[0m[0;36m*[0m[0;36m*[0m[0;36m*[0m[0;36m*[0m[0;36m*[0m[0;36m*[0m[0;36m*[0m[0;36m*[0m[0;36m*[0m[0;36m*[0m[0;36m*[0m[0;36m*[0m[0;36m*[0m[0;36m*[0m[0;36m*[0m[0;36m*[0m[0;36m*[0m[0;36m*[0m[0;36m*[0m[0;36m*[0m[0;36m*[0m[0;36m*[0m[0;36m*[0m[0;36m*[0m[0;36m*[0m

[0;36m*[0m[0;36m( Only tabulation )[0;36m*[0m[0;36m*[0m[0;36m*[0m[0;36m*[0m[0;36m*[0m[0;36m*[0m[0;36m*[0m[0;36m*[0m[0;36m*[0m[0;36m*[0m[0;36m*[0m[0;36m*[0m[0;36m*[0m[0;36m*[0m[0;36m*[0m[0;36m*[0m[0;36m*[0m[0;36m*[0m[0;36m*[0m[0;36m*[0m[0;36m*[0m[0;36m*[0m[0;36m*[0m[0;36m*[0m[0;36m*[0m[0;36m*[0m[0;36m*[0m[0;36m*[0m[0;36m*[0m[0;36m*[0m[0;36m*[0m[0;36m*[0m[0;36m*[0m[0;36m*[0m[0;36m*[0m[0;36m*[0m[0;36m*[0m[0;36m*[0m[0;36m*[0m[0;36m*[0m[0;36m*[0m[0;36m*[0m[0;36m*[0m[0;36m*[0m[0;36m*[0m[0;36m*[0m[0;36m*[0m[0;36m*[0m[0;36m*[0m[0;36m*[0m[0;36m*[0m[0;36m*[0m[0;36m*[0m[0;36m*[0m[0;36m*[0m[0;36m*[0m[0;36m*[0m[0;36m*[0m[0;36m*[0m[0;36m*[0m[0;36m*[0m[0;36m*[0m[0;36m*[0m[0;36m*[0m[0;36m*[0m[0;36m*[0m[0;36m*[0m[0;36m*[0m[0;36m*[0m[0;36m*[0m[0m
build_tok_lst_split_by_spaces([0;36m	[0m)--------------------------------------------------------
tab_res={UNSET, ,0}-->NULL
tok_lst={UNSET, ,0}-->NULL
-------------------------------------------------------------------------------------> [37;42m ✓ [0m
build_tok_lst_split_by_spaces([0;36m		[0m)-----------------------------------------------------
tab_res={UNSET, ,0}-->NULL
tok_lst={UNSET, ,0}-->NULL
-------------------------------------------------------------------------------------> [37;42m ✓ [0m
build_tok_lst_split_by_spaces([0;36m			[0m)--------------------------------------------------
tab_res={UNSET, ,0}-->NULL
tok_lst={UNSET, ,0}-->NULL
-------------------------------------------------------------------------------------> [37;42m ✓ [0m
[0;36m*[0m[0;36m*[0m[0;36m*[0m[0;36m*[0m[0;36m*[0m[0;36m*[0m[0;36m*[0m[0;36m*[0m[0;36m*[0m[0;36m*[0m[0;36m*[0m[0;36m*[0m[0;36m*[0m[0;36m*[0m[0;36m*[0m[0;36m*[0m[0;36m*[0m[0;36m*[0m[0;36m*[0m[0;36m*[0m[0;36m*[0m[0;36m*[0m[0;36m*[0m[0;36m*[0m[0;36m*[0m[0;36m*[0m[0;36m*[0m[0;36m*[0m[0;36m*[0m[0;36m*[0m[0;36m*[0m[0;36m*[0m[0;36m*[0m[0;36m*[0m[0;36m*[0m[0;36m*[0m[0;36m*[0m[0;36m*[0m[0;36m*[0m[0;36m*[0m[0;36m*[0m[0;36m*[0m[0;36m*[0m[0;36m*[0m[0;36m*[0m[0;36m*[0m[0;36m*[0m[0;36m*[0m[0;36m*[0m[0;36m*[0m[0;36m*[0m[0;36m*[0m[0;36m*[0m[0;36m*[0m[0;36m*[0m[0;36m*[0m[0;36m*[0m[0;36m*[0m[0;36m*[0m[0;36m*[0m[0;36m*[0m[0;36m*[0m[0;36m*[0m[0;36m*[0m[0;36m*[0m[0;36m*[0m[0;36m*[0m[0;36m*[0m[0;36m*[0m[0;36m*[0m[0;36m*[0m[0;36m*[0m[0;36m*[0m[0;36m*[0m[0;36m*[0m[0;36m*[0m[0;36m*[0m[0;36m*[0m[0;36m*[0m[0;36m*[0m[0;36m*[0m[0;36m*[0m[0;36m*[0m[0;36m*[0m[0;36m*[0m[0;36m*[0m[0;36m*[0m[0;36m*[0m[0;36m*[0m[0;36m*[0m

[0;36m*[0m[0;36m( Mix tabulation spaces )[0;36m*[0m[0;36m*[0m[0;36m*[0m[0;36m*[0m[0;36m*[0m[0;36m*[0m[0;36m*[0m[0;36m*[0m[0;36m*[0m[0;36m*[0m[0;36m*[0m[0;36m*[0m[0;36m*[0m[0;36m*[0m[0;36m*[0m[0;36m*[0m[0;36m*[0m[0;36m*[0m[0;36m*[0m[0;36m*[0m[0;36m*[0m[0;36m*[0m[0;36m*[0m[0;36m*[0m[0;36m*[0m[0;36m*[0m[0;36m*[0m[0;36m*[0m[0;36m*[0m[0;36m*[0m[0;36m*[0m[0;36m*[0m[0;36m*[0m[0;36m*[0m[0;36m*[0m[0;36m*[0m[0;36m*[0m[0;36m*[0m[0;36m*[0m[0;36m*[0m[0;36m*[0m[0;36m*[0m[0;36m*[0m[0;36m*[0m[0;36m*[0m[0;36m*[0m[0;36m*[0m[0;36m*[0m[0;36m*[0m[0;36m*[0m[0;36m*[0m[0;36m*[0m[0;36m*[0m[0;36m*[0m[0;36m*[0m[0;36m*[0m[0;36m*[0m[0;36m*[0m[0;36m*[0m[0;36m*[0m[0;36m*[0m[0;36m*[0m[0;36m*[0m[0;36m*[0m[0m
build_tok_lst_split_by_spaces([0;36m	 [0m)-------------------------------------------------------
tab_res={UNSET, ,0}-->NULL
tok_lst={UNSET, ,0}-->NULL
-------------------------------------------------------------------------------------> [37;42m ✓ [0m
build_tok_lst_split_by_spaces([0;36m 	 [0m)------------------------------------------------------
tab_res={UNSET, ,0}-->NULL
tok_lst={UNSET, ,0}-->NULL
-------------------------------------------------------------------------------------> [37;42m ✓ [0m
build_tok_lst_split_by_spaces([0;36m	 	[0m)----------------------------------------------------
tab_res={UNSET, ,0}-->NULL
tok_lst={UNSET, ,0}-->NULL
-------------------------------------------------------------------------------------> [37;42m ✓ [0m
[0;36m*[0m[0;36m*[0m[0;36m*[0m[0;36m*[0m[0;36m*[0m[0;36m*[0m[0;36m*[0m[0;36m*[0m[0;36m*[0m[0;36m*[0m[0;36m*[0m[0;36m*[0m[0;36m*[0m[0;36m*[0m[0;36m*[0m[0;36m*[0m[0;36m*[0m[0;36m*[0m[0;36m*[0m[0;36m*[0m[0;36m*[0m[0;36m*[0m[0;36m*[0m[0;36m*[0m[0;36m*[0m[0;36m*[0m[0;36m*[0m[0;36m*[0m[0;36m*[0m[0;36m*[0m[0;36m*[0m[0;36m*[0m[0;36m*[0m[0;36m*[0m[0;36m*[0m[0;36m*[0m[0;36m*[0m[0;36m*[0m[0;36m*[0m[0;36m*[0m[0;36m*[0m[0;36m*[0m[0;36m*[0m[0;36m*[0m[0;36m*[0m[0;36m*[0m[0;36m*[0m[0;36m*[0m[0;36m*[0m[0;36m*[0m[0;36m*[0m[0;36m*[0m[0;36m*[0m[0;36m*[0m[0;36m*[0m[0;36m*[0m[0;36m*[0m[0;36m*[0m[0;36m*[0m[0;36m*[0m[0;36m*[0m[0;36m*[0m[0;36m*[0m[0;36m*[0m[0;36m*[0m[0;36m*[0m[0;36m*[0m[0;36m*[0m[0;36m*[0m[0;36m*[0m[0;36m*[0m[0;36m*[0m[0;36m*[0m[0;36m*[0m[0;36m*[0m[0;36m*[0m[0;36m*[0m[0;36m*[0m[0;36m*[0m[0;36m*[0m[0;36m*[0m[0;36m*[0m[0;36m*[0m[0;36m*[0m[0;36m*[0m[0;36m*[0m[0;36m*[0m[0;36m*[0m[0;36m*[0m[0;36m*[0m

[97;100m=[0m[97;100m=[0m[97;100m=[0m[97;100m=[0m[97;100m=[0m[97;100m=[0m[97;100m=[0m[97;100m=[0m[97;100m=[0m[97;100m=[0m[97;100m=[0m[97;100m=[0m[97;100m=[0m[97;100m=[0m[97;100m=[0m[97;100m=[0m[97;100m=[0m[97;100m=[0m[97;100m=[0m[97;100m=[0m[97;100m=[0m[97;100m=[0m[97;100m=[0m[97;100m=[0m[97;100m=[0m[97;100m=[0m[97;100m=[0m[97;100m=[0m[97;100m=[0m[97;100m=[0m[97;100m=[0m[97;100m=[0m[97;100m=[0m[97;100m=[0m[97;100m=[0m[97;100m=[0m[97;100m=[0m[97;100m=[0m[97;100m=[0m[97;100m=[0m[97;100m=[0m[97;100m=[0m[97;100m=[0m[97;100m=[0m[97;100m=[0m[97;100m=[0m[97;100m=[0m[97;100m=[0m[97;100m=[0m[97;100m=[0m[97;100m=[0m[97;100m=[0m[97;100m=[0m[97;100m=[0m[97;100m=[0m[97;100m=[0m[97;100m=[0m[97;100m=[0m[97;100m=[0m[97;100m=[0m[97;100m=[0m[97;100m=[0m[97;100m=[0m[97;100m=[0m[97;100m=[0m[97;100m=[0m[97;100m=[0m[97;100m=[0m[97;100m=[0m[97;100m=[0m[97;100m=[0m[97;100m=[0m[97;100m=[0m[97;100m=[0m[97;100m=[0m[97;100m=[0m[97;100m=[0m[97;100m=[0m[97;100m=[0m[97;100m=[0m[97;100m=[0m[97;100m=[0m[97;100m=[0m[97;100m=[0m[97;100m=[0m[97;100m=[0m[97;100m=[0m[97;100m=[0m[97;100m=[0m[97;100m=[0m

[97;100m=[0m[97;100m[ C| SPACES ][97;100m=[0m[97;100m=[0m[97;100m=[0m[97;100m=[0m[97;100m=[0m[97;100m=[0m[97;100m=[0m[97;100m=[0m[97;100m=[0m[97;100m=[0m[97;100m=[0m[97;100m=[0m[97;100m=[0m[97;100m=[0m[97;100m=[0m[97;100m=[0m[97;100m=[0m[97;100m=[0m[97;100m=[0m[97;100m=[0m[97;100m=[0m[97;100m=[0m[97;100m=[0m[97;100m=[0m[97;100m=[0m[97;100m=[0m[97;100m=[0m[97;100m=[0m[97;100m=[0m[97;100m=[0m[97;100m=[0m[97;100m=[0m[97;100m=[0m[97;100m=[0m[97;100m=[0m[97;100m=[0m[97;100m=[0m[97;100m=[0m[97;100m=[0m[97;100m=[0m[97;100m=[0m[97;100m=[0m[97;100m=[0m[97;100m=[0m[97;100m=[0m[97;100m=[0m[97;100m=[0m[97;100m=[0m[97;100m=[0m[97;100m=[0m[97;100m=[0m[97;100m=[0m[97;100m=[0m[97;100m=[0m[97;100m=[0m[97;100m=[0m[97;100m=[0m[97;100m=[0m[97;100m=[0m[97;100m=[0m[97;100m=[0m[97;100m=[0m[97;100m=[0m[97;100m=[0m[97;100m=[0m[97;100m=[0m[97;100m=[0m[97;100m=[0m[97;100m=[0m[97;100m=[0m[97;100m=[0m[97;100m=[0m[97;100m=[0m[97;100m=[0m[97;100m=[0m[97;100m=[0m[0m
build_tok_lst_split_by_spaces([0;36m start end [0m)------------------------------------------------
tab_res={UNSET, ,0}-->{UNSET,start,0}-->{UNSET, ,0}-->{UNSET,end,0}-->{UNSET, ,0}-->NULL
tok_lst={UNSET, ,0}-->{UNSET,start,0}-->{UNSET, ,0}-->{UNSET,end,0}-->{UNSET, ,0}-->NULL
-------------------------------------------------------------------------------------> [37;42m ✓ [0m
build_tok_lst_split_by_spaces([0;36m    start      end       [0m)----------------------------------
tab_res={UNSET, ,0}-->{UNSET,start,0}-->{UNSET, ,0}-->{UNSET,end,0}-->{UNSET, ,0}-->NULL
tok_lst={UNSET, ,0}-->{UNSET,start,0}-->{UNSET, ,0}-->{UNSET,end,0}-->{UNSET, ,0}-->NULL
-------------------------------------------------------------------------------------> [37;42m ✓ [0m
build_tok_lst_split_by_spaces([0;36m   ' inside single '   " inside double "   [0m)----------------
tab_res={UNSET, ,0}-->{UNSET,' inside single ',0}-->{UNSET, ,0}-->{UNSET," inside double ",0}-->{UNSET, ,0}-->NULL
tok_lst={UNSET, ,0}-->{UNSET,' inside single ',0}-->{UNSET, ,0}-->{UNSET," inside double ",0}-->{UNSET, ,0}-->NULL
-------------------------------------------------------------------------------------> [37;42m ✓ [0m
==524612== 
==524612== FILE DESCRIPTORS: 3 open (3 std) at exit.
==524612== 
==524612== HEAP SUMMARY:
==524612==     in use at exit: 0 bytes in 0 blocks
==524612==   total heap usage: 151 allocs, 151 frees, 10,469 bytes allocated
==524612== 
==524612== All heap blocks were freed -- no leaks are possible
==524612== 
==524612== For lists of detected and suppressed errors, rerun with: -s
==524612== ERROR SUMMARY: 0 errors from 0 contexts (suppressed: 0 from 0)
