==524473== Memcheck, a memory error detector
==524473== Copyright (C) 2002-2017, and GNU GPL'd, by Julian Seward et al.
==524473== Using Valgrind-3.18.1 and LibVEX; rerun with -h for copyright info
==524473== Command: /media/sf_42/C3_Minishell/Minishell/tests/bin/test_build_expr
==524473== 
[97;100m=[0m[97;100m[ A| FAIL COMMANDS-->lexing ][97;100m=[0m[97;100m=[0m[97;100m=[0m[97;100m=[0m[97;100m=[0m[97;100m=[0m[97;100m=[0m[97;100m=[0m[97;100m=[0m[97;100m=[0m[97;100m=[0m[97;100m=[0m[97;100m=[0m[97;100m=[0m[97;100m=[0m[97;100m=[0m[97;100m=[0m[97;100m=[0m[97;100m=[0m[97;100m=[0m[97;100m=[0m[97;100m=[0m[97;100m=[0m[97;100m=[0m[97;100m=[0m[97;100m=[0m[97;100m=[0m[97;100m=[0m[97;100m=[0m[97;100m=[0m[97;100m=[0m[97;100m=[0m[97;100m=[0m[97;100m=[0m[97;100m=[0m[97;100m=[0m[97;100m=[0m[97;100m=[0m[97;100m=[0m[97;100m=[0m[97;100m=[0m[97;100m=[0m[97;100m=[0m[97;100m=[0m[97;100m=[0m[97;100m=[0m[97;100m=[0m[97;100m=[0m[97;100m=[0m[97;100m=[0m[97;100m=[0m[97;100m=[0m[97;100m=[0m[97;100m=[0m[97;100m=[0m[97;100m=[0m[97;100m=[0m[97;100m=[0m[97;100m=[0m[97;100m=[0m[0m
[0;36m*[0m[0;36m( WRONG REDIR SYNTAX RULES )[0;36m*[0m[0;36m*[0m[0;36m*[0m[0;36m*[0m[0;36m*[0m[0;36m*[0m[0;36m*[0m[0;36m*[0m[0;36m*[0m[0;36m*[0m[0;36m*[0m[0;36m*[0m[0;36m*[0m[0;36m*[0m[0;36m*[0m[0;36m*[0m[0;36m*[0m[0;36m*[0m[0;36m*[0m[0;36m*[0m[0;36m*[0m[0;36m*[0m[0;36m*[0m[0;36m*[0m[0;36m*[0m[0;36m*[0m[0;36m*[0m[0;36m*[0m[0;36m*[0m[0;36m*[0m[0;36m*[0m[0;36m*[0m[0;36m*[0m[0;36m*[0m[0;36m*[0m[0;36m*[0m[0;36m*[0m[0;36m*[0m[0;36m*[0m[0;36m*[0m[0;36m*[0m[0;36m*[0m[0;36m*[0m[0;36m*[0m[0;36m*[0m[0;36m*[0m[0;36m*[0m[0;36m*[0m[0;36m*[0m[0;36m*[0m[0;36m*[0m[0;36m*[0m[0;36m*[0m[0;36m*[0m[0;36m*[0m[0;36m*[0m[0;36m*[0m[0;36m*[0m[0;36m*[0m[0;36m*[0m[0;36m*[0m[0m
build_expr("cmd>")------------------------------------------------------------------------
[0;31mSYNTAX ERROR:Unary Operator
[0m[0;36mEND Lexer():
 - tok_lst	=NULL
[0m

btree_res=
NULL
data->ast=
NULL
-------------------------------------------------------------------------------------> [37;42m ✓ [0m
build_expr("< <")-------------------------------------------------------------------------
[0;31mSYNTAX ERROR:Unary Operator
[0m[0;36mEND Lexer():
 - tok_lst	=NULL
[0m

btree_res=
NULL
data->ast=
NULL
-------------------------------------------------------------------------------------> [37;42m ✓ [0m
build_expr("<")---------------------------------------------------------------------------
[0;31mSYNTAX ERROR:Unary Operator
[0m[0;36mEND Lexer():
 - tok_lst	=NULL
[0m

btree_res=
NULL
data->ast=
NULL
-------------------------------------------------------------------------------------> [37;42m ✓ [0m
[0;36m*[0m[0;36m*[0m[0;36m*[0m[0;36m*[0m[0;36m*[0m[0;36m*[0m[0;36m*[0m[0;36m*[0m[0;36m*[0m[0;36m*[0m[0;36m*[0m[0;36m*[0m[0;36m*[0m[0;36m*[0m[0;36m*[0m[0;36m*[0m[0;36m*[0m[0;36m*[0m[0;36m*[0m[0;36m*[0m[0;36m*[0m[0;36m*[0m[0;36m*[0m[0;36m*[0m[0;36m*[0m[0;36m*[0m[0;36m*[0m[0;36m*[0m[0;36m*[0m[0;36m*[0m[0;36m*[0m[0;36m*[0m[0;36m*[0m[0;36m*[0m[0;36m*[0m[0;36m*[0m[0;36m*[0m[0;36m*[0m[0;36m*[0m[0;36m*[0m[0;36m*[0m[0;36m*[0m[0;36m*[0m[0;36m*[0m[0;36m*[0m[0;36m*[0m[0;36m*[0m[0;36m*[0m[0;36m*[0m[0;36m*[0m[0;36m*[0m[0;36m*[0m[0;36m*[0m[0;36m*[0m[0;36m*[0m[0;36m*[0m[0;36m*[0m[0;36m*[0m[0;36m*[0m[0;36m*[0m[0;36m*[0m[0;36m*[0m[0;36m*[0m[0;36m*[0m[0;36m*[0m[0;36m*[0m[0;36m*[0m[0;36m*[0m[0;36m*[0m[0;36m*[0m[0;36m*[0m[0;36m*[0m[0;36m*[0m[0;36m*[0m[0;36m*[0m[0;36m*[0m[0;36m*[0m[0;36m*[0m[0;36m*[0m[0;36m*[0m[0;36m*[0m[0;36m*[0m[0;36m*[0m[0;36m*[0m[0;36m*[0m[0;36m*[0m[0;36m*[0m[0;36m*[0m[0;36m*[0m[0;36m*[0m

[0;36m*[0m[0;36m( WRONG PARENTHESIS SYNTAX RULES )[0;36m*[0m[0;36m*[0m[0;36m*[0m[0;36m*[0m[0;36m*[0m[0;36m*[0m[0;36m*[0m[0;36m*[0m[0;36m*[0m[0;36m*[0m[0;36m*[0m[0;36m*[0m[0;36m*[0m[0;36m*[0m[0;36m*[0m[0;36m*[0m[0;36m*[0m[0;36m*[0m[0;36m*[0m[0;36m*[0m[0;36m*[0m[0;36m*[0m[0;36m*[0m[0;36m*[0m[0;36m*[0m[0;36m*[0m[0;36m*[0m[0;36m*[0m[0;36m*[0m[0;36m*[0m[0;36m*[0m[0;36m*[0m[0;36m*[0m[0;36m*[0m[0;36m*[0m[0;36m*[0m[0;36m*[0m[0;36m*[0m[0;36m*[0m[0;36m*[0m[0;36m*[0m[0;36m*[0m[0;36m*[0m[0;36m*[0m[0;36m*[0m[0;36m*[0m[0;36m*[0m[0;36m*[0m[0;36m*[0m[0;36m*[0m[0;36m*[0m[0;36m*[0m[0;36m*[0m[0;36m*[0m[0;36m*[0m[0m
build_expr("()")--------------------------------------------------------------------------
[0;31mSYNTAX ERROR:'('parenthesis
[0m[0;36mEND Lexer():
 - tok_lst	=NULL
[0m

btree_res=
NULL
data->ast=
NULL
-------------------------------------------------------------------------------------> [37;42m ✓ [0m
build_expr("(")---------------------------------------------------------------------------
[0;31mSYNTAX ERROR:Odd number of Parenthesis
[0m[0;36mEND Lexer():
 - tok_lst	=NULL
[0m

btree_res=
NULL
data->ast=
NULL
-------------------------------------------------------------------------------------> [37;42m ✓ [0m
build_expr("(cmd))")----------------------------------------------------------------------
[0;31mSYNTAX ERROR:Odd number of Parenthesis
[0m[0;36mEND Lexer():
 - tok_lst	=NULL
[0m

btree_res=
NULL
data->ast=
NULL
-------------------------------------------------------------------------------------> [37;42m ✓ [0m
[0;36m*[0m[0;36m*[0m[0;36m*[0m[0;36m*[0m[0;36m*[0m[0;36m*[0m[0;36m*[0m[0;36m*[0m[0;36m*[0m[0;36m*[0m[0;36m*[0m[0;36m*[0m[0;36m*[0m[0;36m*[0m[0;36m*[0m[0;36m*[0m[0;36m*[0m[0;36m*[0m[0;36m*[0m[0;36m*[0m[0;36m*[0m[0;36m*[0m[0;36m*[0m[0;36m*[0m[0;36m*[0m[0;36m*[0m[0;36m*[0m[0;36m*[0m[0;36m*[0m[0;36m*[0m[0;36m*[0m[0;36m*[0m[0;36m*[0m[0;36m*[0m[0;36m*[0m[0;36m*[0m[0;36m*[0m[0;36m*[0m[0;36m*[0m[0;36m*[0m[0;36m*[0m[0;36m*[0m[0;36m*[0m[0;36m*[0m[0;36m*[0m[0;36m*[0m[0;36m*[0m[0;36m*[0m[0;36m*[0m[0;36m*[0m[0;36m*[0m[0;36m*[0m[0;36m*[0m[0;36m*[0m[0;36m*[0m[0;36m*[0m[0;36m*[0m[0;36m*[0m[0;36m*[0m[0;36m*[0m[0;36m*[0m[0;36m*[0m[0;36m*[0m[0;36m*[0m[0;36m*[0m[0;36m*[0m[0;36m*[0m[0;36m*[0m[0;36m*[0m[0;36m*[0m[0;36m*[0m[0;36m*[0m[0;36m*[0m[0;36m*[0m[0;36m*[0m[0;36m*[0m[0;36m*[0m[0;36m*[0m[0;36m*[0m[0;36m*[0m[0;36m*[0m[0;36m*[0m[0;36m*[0m[0;36m*[0m[0;36m*[0m[0;36m*[0m[0;36m*[0m[0;36m*[0m[0;36m*[0m[0;36m*[0m

[0;36m*[0m[0;36m( UNSUPPORTED OPERATOR )[0;36m*[0m[0;36m*[0m[0;36m*[0m[0;36m*[0m[0;36m*[0m[0;36m*[0m[0;36m*[0m[0;36m*[0m[0;36m*[0m[0;36m*[0m[0;36m*[0m[0;36m*[0m[0;36m*[0m[0;36m*[0m[0;36m*[0m[0;36m*[0m[0;36m*[0m[0;36m*[0m[0;36m*[0m[0;36m*[0m[0;36m*[0m[0;36m*[0m[0;36m*[0m[0;36m*[0m[0;36m*[0m[0;36m*[0m[0;36m*[0m[0;36m*[0m[0;36m*[0m[0;36m*[0m[0;36m*[0m[0;36m*[0m[0;36m*[0m[0;36m*[0m[0;36m*[0m[0;36m*[0m[0;36m*[0m[0;36m*[0m[0;36m*[0m[0;36m*[0m[0;36m*[0m[0;36m*[0m[0;36m*[0m[0;36m*[0m[0;36m*[0m[0;36m*[0m[0;36m*[0m[0;36m*[0m[0;36m*[0m[0;36m*[0m[0;36m*[0m[0;36m*[0m[0;36m*[0m[0;36m*[0m[0;36m*[0m[0;36m*[0m[0;36m*[0m[0;36m*[0m[0;36m*[0m[0;36m*[0m[0;36m*[0m[0;36m*[0m[0;36m*[0m[0;36m*[0m[0;36m*[0m[0m
build_expr("<(cmd)")----------------------------------------------------------------------
[0;31mERROR NOT SUPPORTED OPERATOR DETECTED:Pocess substitution
[0m[0;36mEND Lexer():
 - tok_lst	=NULL
[0m

btree_res=
NULL
data->ast=
NULL
-------------------------------------------------------------------------------------> [37;42m ✓ [0m
build_expr("((cmd))")---------------------------------------------------------------------
[0;31mERROR NOT SUPPORTED OPERATOR DETECTED:Arithmetic Operator
[0m[0;36mEND Lexer():
 - tok_lst	=NULL
[0m

btree_res=
NULL
data->ast=
NULL
-------------------------------------------------------------------------------------> [37;42m ✓ [0m
[0;36m*[0m[0;36m*[0m[0;36m*[0m[0;36m*[0m[0;36m*[0m[0;36m*[0m[0;36m*[0m[0;36m*[0m[0;36m*[0m[0;36m*[0m[0;36m*[0m[0;36m*[0m[0;36m*[0m[0;36m*[0m[0;36m*[0m[0;36m*[0m[0;36m*[0m[0;36m*[0m[0;36m*[0m[0;36m*[0m[0;36m*[0m[0;36m*[0m[0;36m*[0m[0;36m*[0m[0;36m*[0m[0;36m*[0m[0;36m*[0m[0;36m*[0m[0;36m*[0m[0;36m*[0m[0;36m*[0m[0;36m*[0m[0;36m*[0m[0;36m*[0m[0;36m*[0m[0;36m*[0m[0;36m*[0m[0;36m*[0m[0;36m*[0m[0;36m*[0m[0;36m*[0m[0;36m*[0m[0;36m*[0m[0;36m*[0m[0;36m*[0m[0;36m*[0m[0;36m*[0m[0;36m*[0m[0;36m*[0m[0;36m*[0m[0;36m*[0m[0;36m*[0m[0;36m*[0m[0;36m*[0m[0;36m*[0m[0;36m*[0m[0;36m*[0m[0;36m*[0m[0;36m*[0m[0;36m*[0m[0;36m*[0m[0;36m*[0m[0;36m*[0m[0;36m*[0m[0;36m*[0m[0;36m*[0m[0;36m*[0m[0;36m*[0m[0;36m*[0m[0;36m*[0m[0;36m*[0m[0;36m*[0m[0;36m*[0m[0;36m*[0m[0;36m*[0m[0;36m*[0m[0;36m*[0m[0;36m*[0m[0;36m*[0m[0;36m*[0m[0;36m*[0m[0;36m*[0m[0;36m*[0m[0;36m*[0m[0;36m*[0m[0;36m*[0m[0;36m*[0m[0;36m*[0m[0;36m*[0m[0;36m*[0m

[97;100m=[0m[97;100m=[0m[97;100m=[0m[97;100m=[0m[97;100m=[0m[97;100m=[0m[97;100m=[0m[97;100m=[0m[97;100m=[0m[97;100m=[0m[97;100m=[0m[97;100m=[0m[97;100m=[0m[97;100m=[0m[97;100m=[0m[97;100m=[0m[97;100m=[0m[97;100m=[0m[97;100m=[0m[97;100m=[0m[97;100m=[0m[97;100m=[0m[97;100m=[0m[97;100m=[0m[97;100m=[0m[97;100m=[0m[97;100m=[0m[97;100m=[0m[97;100m=[0m[97;100m=[0m[97;100m=[0m[97;100m=[0m[97;100m=[0m[97;100m=[0m[97;100m=[0m[97;100m=[0m[97;100m=[0m[97;100m=[0m[97;100m=[0m[97;100m=[0m[97;100m=[0m[97;100m=[0m[97;100m=[0m[97;100m=[0m[97;100m=[0m[97;100m=[0m[97;100m=[0m[97;100m=[0m[97;100m=[0m[97;100m=[0m[97;100m=[0m[97;100m=[0m[97;100m=[0m[97;100m=[0m[97;100m=[0m[97;100m=[0m[97;100m=[0m[97;100m=[0m[97;100m=[0m[97;100m=[0m[97;100m=[0m[97;100m=[0m[97;100m=[0m[97;100m=[0m[97;100m=[0m[97;100m=[0m[97;100m=[0m[97;100m=[0m[97;100m=[0m[97;100m=[0m[97;100m=[0m[97;100m=[0m[97;100m=[0m[97;100m=[0m[97;100m=[0m[97;100m=[0m[97;100m=[0m[97;100m=[0m[97;100m=[0m[97;100m=[0m[97;100m=[0m[97;100m=[0m[97;100m=[0m[97;100m=[0m[97;100m=[0m[97;100m=[0m[97;100m=[0m[97;100m=[0m[97;100m=[0m[97;100m=[0m

[97;100m=[0m[97;100m[ B| BTREE WITH ONE NODE:parsing ][97;100m=[0m[97;100m=[0m[97;100m=[0m[97;100m=[0m[97;100m=[0m[97;100m=[0m[97;100m=[0m[97;100m=[0m[97;100m=[0m[97;100m=[0m[97;100m=[0m[97;100m=[0m[97;100m=[0m[97;100m=[0m[97;100m=[0m[97;100m=[0m[97;100m=[0m[97;100m=[0m[97;100m=[0m[97;100m=[0m[97;100m=[0m[97;100m=[0m[97;100m=[0m[97;100m=[0m[97;100m=[0m[97;100m=[0m[97;100m=[0m[97;100m=[0m[97;100m=[0m[97;100m=[0m[97;100m=[0m[97;100m=[0m[97;100m=[0m[97;100m=[0m[97;100m=[0m[97;100m=[0m[97;100m=[0m[97;100m=[0m[97;100m=[0m[97;100m=[0m[97;100m=[0m[97;100m=[0m[97;100m=[0m[97;100m=[0m[97;100m=[0m[97;100m=[0m[97;100m=[0m[97;100m=[0m[97;100m=[0m[97;100m=[0m[97;100m=[0m[97;100m=[0m[97;100m=[0m[97;100m=[0m[97;100m=[0m[0m
[0;36m*[0m[0;36m( Simple node == UNSET:cmd )[0;36m*[0m[0;36m*[0m[0;36m*[0m[0;36m*[0m[0;36m*[0m[0;36m*[0m[0;36m*[0m[0;36m*[0m[0;36m*[0m[0;36m*[0m[0;36m*[0m[0;36m*[0m[0;36m*[0m[0;36m*[0m[0;36m*[0m[0;36m*[0m[0;36m*[0m[0;36m*[0m[0;36m*[0m[0;36m*[0m[0;36m*[0m[0;36m*[0m[0;36m*[0m[0;36m*[0m[0;36m*[0m[0;36m*[0m[0;36m*[0m[0;36m*[0m[0;36m*[0m[0;36m*[0m[0;36m*[0m[0;36m*[0m[0;36m*[0m[0;36m*[0m[0;36m*[0m[0;36m*[0m[0;36m*[0m[0;36m*[0m[0;36m*[0m[0;36m*[0m[0;36m*[0m[0;36m*[0m[0;36m*[0m[0;36m*[0m[0;36m*[0m[0;36m*[0m[0;36m*[0m[0;36m*[0m[0;36m*[0m[0;36m*[0m[0;36m*[0m[0;36m*[0m[0;36m*[0m[0;36m*[0m[0;36m*[0m[0;36m*[0m[0;36m*[0m[0;36m*[0m[0;36m*[0m[0;36m*[0m[0;36m*[0m[0m
build_expr("cmd")-------------------------------------------------------------------------
[0;36mEND Lexer():
 - tok_lst	={-1,cmd,0}-->NULL
[0mbtree_res=
{
     cmd
|XX|┘  └|XX|
}
data->ast=
{
     cmd
|XX|┘  └|XX|
}
-------------------------------------------------------------------------------------> [37;42m ✓ [0m
build_expr("  cmd")-----------------------------------------------------------------------
[0;36mEND Lexer():
 - tok_lst	={0, ,0}-->{-1,cmd,0}-->NULL
[0mbtree_res=
{
     cmd
|XX|┘  └|XX|
}
data->ast=
{
     cmd
|XX|┘  └|XX|
}
-------------------------------------------------------------------------------------> [37;42m ✓ [0m
build_expr("cmd  ")-----------------------------------------------------------------------
[0;36mEND Lexer():
 - tok_lst	={-1,cmd,0}-->{0, ,0}-->NULL
[0mbtree_res=
{
     cmd
|XX|┘  └|XX|
}
data->ast=
{
     cmd
|XX|┘  └|XX|
}
-------------------------------------------------------------------------------------> [37;42m ✓ [0m
build_expr("  cmd  ")---------------------------------------------------------------------
[0;36mEND Lexer():
 - tok_lst	={0, ,0}-->{-1,cmd,0}-->{0, ,0}-->NULL
[0mbtree_res=
{
     cmd
|XX|┘  └|XX|
}
data->ast=
{
     cmd
|XX|┘  └|XX|
}
-------------------------------------------------------------------------------------> [37;42m ✓ [0m
[0;36m*[0m[0;36m*[0m[0;36m*[0m[0;36m*[0m[0;36m*[0m[0;36m*[0m[0;36m*[0m[0;36m*[0m[0;36m*[0m[0;36m*[0m[0;36m*[0m[0;36m*[0m[0;36m*[0m[0;36m*[0m[0;36m*[0m[0;36m*[0m[0;36m*[0m[0;36m*[0m[0;36m*[0m[0;36m*[0m[0;36m*[0m[0;36m*[0m[0;36m*[0m[0;36m*[0m[0;36m*[0m[0;36m*[0m[0;36m*[0m[0;36m*[0m[0;36m*[0m[0;36m*[0m[0;36m*[0m[0;36m*[0m[0;36m*[0m[0;36m*[0m[0;36m*[0m[0;36m*[0m[0;36m*[0m[0;36m*[0m[0;36m*[0m[0;36m*[0m[0;36m*[0m[0;36m*[0m[0;36m*[0m[0;36m*[0m[0;36m*[0m[0;36m*[0m[0;36m*[0m[0;36m*[0m[0;36m*[0m[0;36m*[0m[0;36m*[0m[0;36m*[0m[0;36m*[0m[0;36m*[0m[0;36m*[0m[0;36m*[0m[0;36m*[0m[0;36m*[0m[0;36m*[0m[0;36m*[0m[0;36m*[0m[0;36m*[0m[0;36m*[0m[0;36m*[0m[0;36m*[0m[0;36m*[0m[0;36m*[0m[0;36m*[0m[0;36m*[0m[0;36m*[0m[0;36m*[0m[0;36m*[0m[0;36m*[0m[0;36m*[0m[0;36m*[0m[0;36m*[0m[0;36m*[0m[0;36m*[0m[0;36m*[0m[0;36m*[0m[0;36m*[0m[0;36m*[0m[0;36m*[0m[0;36m*[0m[0;36m*[0m[0;36m*[0m[0;36m*[0m[0;36m*[0m[0;36m*[0m[0;36m*[0m

[0;36m*[0m[0;36m( Simple node == REDIR:<f1 )[0;36m*[0m[0;36m*[0m[0;36m*[0m[0;36m*[0m[0;36m*[0m[0;36m*[0m[0;36m*[0m[0;36m*[0m[0;36m*[0m[0;36m*[0m[0;36m*[0m[0;36m*[0m[0;36m*[0m[0;36m*[0m[0;36m*[0m[0;36m*[0m[0;36m*[0m[0;36m*[0m[0;36m*[0m[0;36m*[0m[0;36m*[0m[0;36m*[0m[0;36m*[0m[0;36m*[0m[0;36m*[0m[0;36m*[0m[0;36m*[0m[0;36m*[0m[0;36m*[0m[0;36m*[0m[0;36m*[0m[0;36m*[0m[0;36m*[0m[0;36m*[0m[0;36m*[0m[0;36m*[0m[0;36m*[0m[0;36m*[0m[0;36m*[0m[0;36m*[0m[0;36m*[0m[0;36m*[0m[0;36m*[0m[0;36m*[0m[0;36m*[0m[0;36m*[0m[0;36m*[0m[0;36m*[0m[0;36m*[0m[0;36m*[0m[0;36m*[0m[0;36m*[0m[0;36m*[0m[0;36m*[0m[0;36m*[0m[0;36m*[0m[0;36m*[0m[0;36m*[0m[0;36m*[0m[0;36m*[0m[0;36m*[0m[0m
build_expr("<f1")-------------------------------------------------------------------------
[0;36mEND Lexer():
 - tok_lst	={10,<,0}-->{-1,f1,0}-->NULL
[0mbtree_res=
{
     <f1
|XX|┘  └|XX|
}
data->ast=
{
     <f1
|XX|┘  └|XX|
}
-------------------------------------------------------------------------------------> [37;42m ✓ [0m
build_expr("  <f1")-----------------------------------------------------------------------
[0;36mEND Lexer():
 - tok_lst	={0, ,0}-->{10,<,0}-->{-1,f1,0}-->NULL
[0mbtree_res=
{
     <f1
|XX|┘  └|XX|
}
data->ast=
{
     <f1
|XX|┘  └|XX|
}
-------------------------------------------------------------------------------------> [37;42m ✓ [0m
build_expr("<f1  ")-----------------------------------------------------------------------
[0;36mEND Lexer():
 - tok_lst	={10,<,0}-->{-1,f1,0}-->{0, ,0}-->NULL
[0mbtree_res=
{
     <f1
|XX|┘  └|XX|
}
data->ast=
{
     <f1
|XX|┘  └|XX|
}
-------------------------------------------------------------------------------------> [37;42m ✓ [0m
build_expr("  <f1  ")---------------------------------------------------------------------
[0;36mEND Lexer():
 - tok_lst	={0, ,0}-->{10,<,0}-->{-1,f1,0}-->{0, ,0}-->NULL
[0mbtree_res=
{
     <f1
|XX|┘  └|XX|
}
data->ast=
{
     <f1
|XX|┘  └|XX|
}
-------------------------------------------------------------------------------------> [37;42m ✓ [0m
build_expr("  <   f1  ")------------------------------------------------------------------
[0;36mEND Lexer():
 - tok_lst	={0, ,0}-->{10,<,0}-->{0, ,0}-->{-1,f1,0}-->{0, ,0}-->NULL
[0mbtree_res=
{
     <f1
|XX|┘  └|XX|
}
data->ast=
{
     <f1
|XX|┘  └|XX|
}
-------------------------------------------------------------------------------------> [37;42m ✓ [0m
[0;36m*[0m[0;36m*[0m[0;36m*[0m[0;36m*[0m[0;36m*[0m[0;36m*[0m[0;36m*[0m[0;36m*[0m[0;36m*[0m[0;36m*[0m[0;36m*[0m[0;36m*[0m[0;36m*[0m[0;36m*[0m[0;36m*[0m[0;36m*[0m[0;36m*[0m[0;36m*[0m[0;36m*[0m[0;36m*[0m[0;36m*[0m[0;36m*[0m[0;36m*[0m[0;36m*[0m[0;36m*[0m[0;36m*[0m[0;36m*[0m[0;36m*[0m[0;36m*[0m[0;36m*[0m[0;36m*[0m[0;36m*[0m[0;36m*[0m[0;36m*[0m[0;36m*[0m[0;36m*[0m[0;36m*[0m[0;36m*[0m[0;36m*[0m[0;36m*[0m[0;36m*[0m[0;36m*[0m[0;36m*[0m[0;36m*[0m[0;36m*[0m[0;36m*[0m[0;36m*[0m[0;36m*[0m[0;36m*[0m[0;36m*[0m[0;36m*[0m[0;36m*[0m[0;36m*[0m[0;36m*[0m[0;36m*[0m[0;36m*[0m[0;36m*[0m[0;36m*[0m[0;36m*[0m[0;36m*[0m[0;36m*[0m[0;36m*[0m[0;36m*[0m[0;36m*[0m[0;36m*[0m[0;36m*[0m[0;36m*[0m[0;36m*[0m[0;36m*[0m[0;36m*[0m[0;36m*[0m[0;36m*[0m[0;36m*[0m[0;36m*[0m[0;36m*[0m[0;36m*[0m[0;36m*[0m[0;36m*[0m[0;36m*[0m[0;36m*[0m[0;36m*[0m[0;36m*[0m[0;36m*[0m[0;36m*[0m[0;36m*[0m[0;36m*[0m[0;36m*[0m[0;36m*[0m[0;36m*[0m[0;36m*[0m

[97;100m=[0m[97;100m[ C| MULTIPLE UNSET AND REDIR ][97;100m=[0m[97;100m=[0m[97;100m=[0m[97;100m=[0m[97;100m=[0m[97;100m=[0m[97;100m=[0m[97;100m=[0m[97;100m=[0m[97;100m=[0m[97;100m=[0m[97;100m=[0m[97;100m=[0m[97;100m=[0m[97;100m=[0m[97;100m=[0m[97;100m=[0m[97;100m=[0m[97;100m=[0m[97;100m=[0m[97;100m=[0m[97;100m=[0m[97;100m=[0m[97;100m=[0m[97;100m=[0m[97;100m=[0m[97;100m=[0m[97;100m=[0m[97;100m=[0m[97;100m=[0m[97;100m=[0m[97;100m=[0m[97;100m=[0m[97;100m=[0m[97;100m=[0m[97;100m=[0m[97;100m=[0m[97;100m=[0m[97;100m=[0m[97;100m=[0m[97;100m=[0m[97;100m=[0m[97;100m=[0m[97;100m=[0m[97;100m=[0m[97;100m=[0m[97;100m=[0m[97;100m=[0m[97;100m=[0m[97;100m=[0m[97;100m=[0m[97;100m=[0m[97;100m=[0m[97;100m=[0m[97;100m=[0m[97;100m=[0m[97;100m=[0m[97;100m=[0m[0m
[0;36m*[0m[0;36m( Multiples REDIR && ESP:<i1>o1<i2>o2<i3>o3 )[0;36m*[0m[0;36m*[0m[0;36m*[0m[0;36m*[0m[0;36m*[0m[0;36m*[0m[0;36m*[0m[0;36m*[0m[0;36m*[0m[0;36m*[0m[0;36m*[0m[0;36m*[0m[0;36m*[0m[0;36m*[0m[0;36m*[0m[0;36m*[0m[0;36m*[0m[0;36m*[0m[0;36m*[0m[0;36m*[0m[0;36m*[0m[0;36m*[0m[0;36m*[0m[0;36m*[0m[0;36m*[0m[0;36m*[0m[0;36m*[0m[0;36m*[0m[0;36m*[0m[0;36m*[0m[0;36m*[0m[0;36m*[0m[0;36m*[0m[0;36m*[0m[0;36m*[0m[0;36m*[0m[0;36m*[0m[0;36m*[0m[0;36m*[0m[0;36m*[0m[0;36m*[0m[0;36m*[0m[0;36m*[0m[0;36m*[0m[0m
build_expr("<i1>o1<i2>o2<i3>o3")----------------------------------------------------------
[0;36mEND Lexer():
 - tok_lst	={10,<,0}-->{-1,i1,0}-->{13,>,0}-->{-1,o1,0}-->{10,<,0}-->{-1,i2,0}-->{13,>,0}-->{-1,o2,0}-->{10,<,0}-->{-1,i3,0}-->{13,>,0}-->{-1,o3,0}-->NULL
[0mbtree_res=
{
                                                                                                                                                                                                                                                             <i1
                                                                                                                             >o1----------------------------------------------------------------------------------------------------------------------------┘  └----------------------------------------------------------------------------------------------------------------------------|XX|
                                                             <i2------------------------------------------------------------┘  └------------------------------------------------------------|XX|                                                                                                                            |XX|------------------------------------------------------------┘  └------------------------------------------------------------|XX|
                             >o2----------------------------┘  └----------------------------|XX|                                                            |XX|----------------------------┘  └----------------------------|XX|                                                            |XX|----------------------------┘  └----------------------------|XX|                                                            |XX|----------------------------┘  └----------------------------|XX|
             <i3------------┘  └------------|XX|                            |XX|------------┘  └------------|XX|                            |XX|------------┘  └------------|XX|                            |XX|------------┘  └------------|XX|                            |XX|------------┘  └------------|XX|                            |XX|------------┘  └------------|XX|                            |XX|------------┘  └------------|XX|                            |XX|------------┘  └------------|XX|
     >o3----┘  └----|XX|            |XX|----┘  └----|XX|            |XX|----┘  └----|XX|            |XX|----┘  └----|XX|            |XX|----┘  └----|XX|            |XX|----┘  └----|XX|            |XX|----┘  └----|XX|            |XX|----┘  └----|XX|            |XX|----┘  └----|XX|            |XX|----┘  └----|XX|            |XX|----┘  └----|XX|            |XX|----┘  └----|XX|            |XX|----┘  └----|XX|            |XX|----┘  └----|XX|            |XX|----┘  └----|XX|            |XX|----┘  └----|XX|
|XX|┘  └|XX|    |XX|┘  └|XX|    |XX|┘  └|XX|    |XX|┘  └|XX|    |XX|┘  └|XX|    |XX|┘  └|XX|    |XX|┘  └|XX|    |XX|┘  └|XX|    |XX|┘  └|XX|    |XX|┘  └|XX|    |XX|┘  └|XX|    |XX|┘  └|XX|    |XX|┘  └|XX|    |XX|┘  └|XX|    |XX|┘  └|XX|    |XX|┘  └|XX|    |XX|┘  └|XX|    |XX|┘  └|XX|    |XX|┘  └|XX|    |XX|┘  └|XX|    |XX|┘  └|XX|    |XX|┘  └|XX|    |XX|┘  └|XX|    |XX|┘  └|XX|    |XX|┘  └|XX|    |XX|┘  └|XX|    |XX|┘  └|XX|    |XX|┘  └|XX|    |XX|┘  └|XX|    |XX|┘  └|XX|    |XX|┘  └|XX|    |XX|┘  └|XX|
}
data->ast=
{
                                                                                                                                                                                                                                                             <i1
                                                                                                                             >o1----------------------------------------------------------------------------------------------------------------------------┘  └----------------------------------------------------------------------------------------------------------------------------|XX|
                                                             <i2------------------------------------------------------------┘  └------------------------------------------------------------|XX|                                                                                                                            |XX|------------------------------------------------------------┘  └------------------------------------------------------------|XX|
                             >o2----------------------------┘  └----------------------------|XX|                                                            |XX|----------------------------┘  └----------------------------|XX|                                                            |XX|----------------------------┘  └----------------------------|XX|                                                            |XX|----------------------------┘  └----------------------------|XX|
             <i3------------┘  └------------|XX|                            |XX|------------┘  └------------|XX|                            |XX|------------┘  └------------|XX|                            |XX|------------┘  └------------|XX|                            |XX|------------┘  └------------|XX|                            |XX|------------┘  └------------|XX|                            |XX|------------┘  └------------|XX|                            |XX|------------┘  └------------|XX|
     >o3----┘  └----|XX|            |XX|----┘  └----|XX|            |XX|----┘  └----|XX|            |XX|----┘  └----|XX|            |XX|----┘  └----|XX|            |XX|----┘  └----|XX|            |XX|----┘  └----|XX|            |XX|----┘  └----|XX|            |XX|----┘  └----|XX|            |XX|----┘  └----|XX|            |XX|----┘  └----|XX|            |XX|----┘  └----|XX|            |XX|----┘  └----|XX|            |XX|----┘  └----|XX|            |XX|----┘  └----|XX|            |XX|----┘  └----|XX|
|XX|┘  └|XX|    |XX|┘  └|XX|    |XX|┘  └|XX|    |XX|┘  └|XX|    |XX|┘  └|XX|    |XX|┘  └|XX|    |XX|┘  └|XX|    |XX|┘  └|XX|    |XX|┘  └|XX|    |XX|┘  └|XX|    |XX|┘  └|XX|    |XX|┘  └|XX|    |XX|┘  └|XX|    |XX|┘  └|XX|    |XX|┘  └|XX|    |XX|┘  └|XX|    |XX|┘  └|XX|    |XX|┘  └|XX|    |XX|┘  └|XX|    |XX|┘  └|XX|    |XX|┘  └|XX|    |XX|┘  └|XX|    |XX|┘  └|XX|    |XX|┘  └|XX|    |XX|┘  └|XX|    |XX|┘  └|XX|    |XX|┘  └|XX|    |XX|┘  └|XX|    |XX|┘  └|XX|    |XX|┘  └|XX|    |XX|┘  └|XX|    |XX|┘  └|XX|
}
-------------------------------------------------------------------------------------> [37;42m ✓ [0m
build_expr("   <  i1 >  o1  <i2>o2<i3>o3")------------------------------------------------
[0;36mEND Lexer():
 - tok_lst	={0, ,0}-->{10,<,0}-->{0, ,0}-->{-1,i1,0}-->{0, ,0}-->{13,>,0}-->{0, ,0}-->{-1,o1,0}-->{0, ,0}-->{10,<,0}-->{-1,i2,0}-->{13,>,0}-->{-1,o2,0}-->{10,<,0}-->{-1,i3,0}-->{13,>,0}-->{-1,o3,0}-->NULL
[0mbtree_res=
{
                                                                                                                                                                                                                                                             <i1
                                                                                                                             >o1----------------------------------------------------------------------------------------------------------------------------┘  └----------------------------------------------------------------------------------------------------------------------------|XX|
                                                             <i2------------------------------------------------------------┘  └------------------------------------------------------------|XX|                                                                                                                            |XX|------------------------------------------------------------┘  └------------------------------------------------------------|XX|
                             >o2----------------------------┘  └----------------------------|XX|                                                            |XX|----------------------------┘  └----------------------------|XX|                                                            |XX|----------------------------┘  └----------------------------|XX|                                                            |XX|----------------------------┘  └----------------------------|XX|
             <i3------------┘  └------------|XX|                            |XX|------------┘  └------------|XX|                            |XX|------------┘  └------------|XX|                            |XX|------------┘  └------------|XX|                            |XX|------------┘  └------------|XX|                            |XX|------------┘  └------------|XX|                            |XX|------------┘  └------------|XX|                            |XX|------------┘  └------------|XX|
     >o3----┘  └----|XX|            |XX|----┘  └----|XX|            |XX|----┘  └----|XX|            |XX|----┘  └----|XX|            |XX|----┘  └----|XX|            |XX|----┘  └----|XX|            |XX|----┘  └----|XX|            |XX|----┘  └----|XX|            |XX|----┘  └----|XX|            |XX|----┘  └----|XX|            |XX|----┘  └----|XX|            |XX|----┘  └----|XX|            |XX|----┘  └----|XX|            |XX|----┘  └----|XX|            |XX|----┘  └----|XX|            |XX|----┘  └----|XX|
|XX|┘  └|XX|    |XX|┘  └|XX|    |XX|┘  └|XX|    |XX|┘  └|XX|    |XX|┘  └|XX|    |XX|┘  └|XX|    |XX|┘  └|XX|    |XX|┘  └|XX|    |XX|┘  └|XX|    |XX|┘  └|XX|    |XX|┘  └|XX|    |XX|┘  └|XX|    |XX|┘  └|XX|    |XX|┘  └|XX|    |XX|┘  └|XX|    |XX|┘  └|XX|    |XX|┘  └|XX|    |XX|┘  └|XX|    |XX|┘  └|XX|    |XX|┘  └|XX|    |XX|┘  └|XX|    |XX|┘  └|XX|    |XX|┘  └|XX|    |XX|┘  └|XX|    |XX|┘  └|XX|    |XX|┘  └|XX|    |XX|┘  └|XX|    |XX|┘  └|XX|    |XX|┘  └|XX|    |XX|┘  └|XX|    |XX|┘  └|XX|    |XX|┘  └|XX|
}
data->ast=
{
                                                                                                                                                                                                                                                             <i1
                                                                                                                             >o1----------------------------------------------------------------------------------------------------------------------------┘  └----------------------------------------------------------------------------------------------------------------------------|XX|
                                                             <i2------------------------------------------------------------┘  └------------------------------------------------------------|XX|                                                                                                                            |XX|------------------------------------------------------------┘  └------------------------------------------------------------|XX|
                             >o2----------------------------┘  └----------------------------|XX|                                                            |XX|----------------------------┘  └----------------------------|XX|                                                            |XX|----------------------------┘  └----------------------------|XX|                                                            |XX|----------------------------┘  └----------------------------|XX|
             <i3------------┘  └------------|XX|                            |XX|------------┘  └------------|XX|                            |XX|------------┘  └------------|XX|                            |XX|------------┘  └------------|XX|                            |XX|------------┘  └------------|XX|                            |XX|------------┘  └------------|XX|                            |XX|------------┘  └------------|XX|                            |XX|------------┘  └------------|XX|
     >o3----┘  └----|XX|            |XX|----┘  └----|XX|            |XX|----┘  └----|XX|            |XX|----┘  └----|XX|            |XX|----┘  └----|XX|            |XX|----┘  └----|XX|            |XX|----┘  └----|XX|            |XX|----┘  └----|XX|            |XX|----┘  └----|XX|            |XX|----┘  └----|XX|            |XX|----┘  └----|XX|            |XX|----┘  └----|XX|            |XX|----┘  └----|XX|            |XX|----┘  └----|XX|            |XX|----┘  └----|XX|            |XX|----┘  └----|XX|
|XX|┘  └|XX|    |XX|┘  └|XX|    |XX|┘  └|XX|    |XX|┘  └|XX|    |XX|┘  └|XX|    |XX|┘  └|XX|    |XX|┘  └|XX|    |XX|┘  └|XX|    |XX|┘  └|XX|    |XX|┘  └|XX|    |XX|┘  └|XX|    |XX|┘  └|XX|    |XX|┘  └|XX|    |XX|┘  └|XX|    |XX|┘  └|XX|    |XX|┘  └|XX|    |XX|┘  └|XX|    |XX|┘  └|XX|    |XX|┘  └|XX|    |XX|┘  └|XX|    |XX|┘  └|XX|    |XX|┘  └|XX|    |XX|┘  └|XX|    |XX|┘  └|XX|    |XX|┘  └|XX|    |XX|┘  └|XX|    |XX|┘  └|XX|    |XX|┘  └|XX|    |XX|┘  └|XX|    |XX|┘  └|XX|    |XX|┘  └|XX|    |XX|┘  └|XX|
}
-------------------------------------------------------------------------------------> [37;42m ✓ [0m
build_expr("<i1>o1<i2>o2 <  i3 >  o3   ")-------------------------------------------------
[0;36mEND Lexer():
 - tok_lst	={10,<,0}-->{-1,i1,0}-->{13,>,0}-->{-1,o1,0}-->{10,<,0}-->{-1,i2,0}-->{13,>,0}-->{-1,o2,0}-->{0, ,0}-->{10,<,0}-->{0, ,0}-->{-1,i3,0}-->{0, ,0}-->{13,>,0}-->{0, ,0}-->{-1,o3,0}-->{0, ,0}-->NULL
[0mbtree_res=
{
                                                                                                                                                                                                                                                             <i1
                                                                                                                             >o1----------------------------------------------------------------------------------------------------------------------------┘  └----------------------------------------------------------------------------------------------------------------------------|XX|
                                                             <i2------------------------------------------------------------┘  └------------------------------------------------------------|XX|                                                                                                                            |XX|------------------------------------------------------------┘  └------------------------------------------------------------|XX|
                             >o2----------------------------┘  └----------------------------|XX|                                                            |XX|----------------------------┘  └----------------------------|XX|                                                            |XX|----------------------------┘  └----------------------------|XX|                                                            |XX|----------------------------┘  └----------------------------|XX|
             <i3------------┘  └------------|XX|                            |XX|------------┘  └------------|XX|                            |XX|------------┘  └------------|XX|                            |XX|------------┘  └------------|XX|                            |XX|------------┘  └------------|XX|                            |XX|------------┘  └------------|XX|                            |XX|------------┘  └------------|XX|                            |XX|------------┘  └------------|XX|
     >o3----┘  └----|XX|            |XX|----┘  └----|XX|            |XX|----┘  └----|XX|            |XX|----┘  └----|XX|            |XX|----┘  └----|XX|            |XX|----┘  └----|XX|            |XX|----┘  └----|XX|            |XX|----┘  └----|XX|            |XX|----┘  └----|XX|            |XX|----┘  └----|XX|            |XX|----┘  └----|XX|            |XX|----┘  └----|XX|            |XX|----┘  └----|XX|            |XX|----┘  └----|XX|            |XX|----┘  └----|XX|            |XX|----┘  └----|XX|
|XX|┘  └|XX|    |XX|┘  └|XX|    |XX|┘  └|XX|    |XX|┘  └|XX|    |XX|┘  └|XX|    |XX|┘  └|XX|    |XX|┘  └|XX|    |XX|┘  └|XX|    |XX|┘  └|XX|    |XX|┘  └|XX|    |XX|┘  └|XX|    |XX|┘  └|XX|    |XX|┘  └|XX|    |XX|┘  └|XX|    |XX|┘  └|XX|    |XX|┘  └|XX|    |XX|┘  └|XX|    |XX|┘  └|XX|    |XX|┘  └|XX|    |XX|┘  └|XX|    |XX|┘  └|XX|    |XX|┘  └|XX|    |XX|┘  └|XX|    |XX|┘  └|XX|    |XX|┘  └|XX|    |XX|┘  └|XX|    |XX|┘  └|XX|    |XX|┘  └|XX|    |XX|┘  └|XX|    |XX|┘  └|XX|    |XX|┘  └|XX|    |XX|┘  └|XX|
}
data->ast=
{
                                                                                                                                                                                                                                                             <i1
                                                                                                                             >o1----------------------------------------------------------------------------------------------------------------------------┘  └----------------------------------------------------------------------------------------------------------------------------|XX|
                                                             <i2------------------------------------------------------------┘  └------------------------------------------------------------|XX|                                                                                                                            |XX|------------------------------------------------------------┘  └------------------------------------------------------------|XX|
                             >o2----------------------------┘  └----------------------------|XX|                                                            |XX|----------------------------┘  └----------------------------|XX|                                                            |XX|----------------------------┘  └----------------------------|XX|                                                            |XX|----------------------------┘  └----------------------------|XX|
             <i3------------┘  └------------|XX|                            |XX|------------┘  └------------|XX|                            |XX|------------┘  └------------|XX|                            |XX|------------┘  └------------|XX|                            |XX|------------┘  └------------|XX|                            |XX|------------┘  └------------|XX|                            |XX|------------┘  └------------|XX|                            |XX|------------┘  └------------|XX|
     >o3----┘  └----|XX|            |XX|----┘  └----|XX|            |XX|----┘  └----|XX|            |XX|----┘  └----|XX|            |XX|----┘  └----|XX|            |XX|----┘  └----|XX|            |XX|----┘  └----|XX|            |XX|----┘  └----|XX|            |XX|----┘  └----|XX|            |XX|----┘  └----|XX|            |XX|----┘  └----|XX|            |XX|----┘  └----|XX|            |XX|----┘  └----|XX|            |XX|----┘  └----|XX|            |XX|----┘  └----|XX|            |XX|----┘  └----|XX|
|XX|┘  └|XX|    |XX|┘  └|XX|    |XX|┘  └|XX|    |XX|┘  └|XX|    |XX|┘  └|XX|    |XX|┘  └|XX|    |XX|┘  └|XX|    |XX|┘  └|XX|    |XX|┘  └|XX|    |XX|┘  └|XX|    |XX|┘  └|XX|    |XX|┘  └|XX|    |XX|┘  └|XX|    |XX|┘  └|XX|    |XX|┘  └|XX|    |XX|┘  └|XX|    |XX|┘  └|XX|    |XX|┘  └|XX|    |XX|┘  └|XX|    |XX|┘  └|XX|    |XX|┘  └|XX|    |XX|┘  └|XX|    |XX|┘  └|XX|    |XX|┘  └|XX|    |XX|┘  └|XX|    |XX|┘  └|XX|    |XX|┘  └|XX|    |XX|┘  └|XX|    |XX|┘  └|XX|    |XX|┘  └|XX|    |XX|┘  └|XX|    |XX|┘  └|XX|
}
-------------------------------------------------------------------------------------> [37;42m ✓ [0m
build_expr("  <  i1  >  o1  <i2>o2  <  i3  >  o3  ")--------------------------------------
[0;36mEND Lexer():
 - tok_lst	={0, ,0}-->{10,<,0}-->{0, ,0}-->{-1,i1,0}-->{0, ,0}-->{13,>,0}-->{0, ,0}-->{-1,o1,0}-->{0, ,0}-->{10,<,0}-->{-1,i2,0}-->{13,>,0}-->{-1,o2,0}-->{0, ,0}-->{10,<,0}-->{0, ,0}-->{-1,i3,0}-->{0, ,0}-->{13,>,0}-->{0, ,0}-->{-1,o3,0}-->{0, ,0}-->NULL
[0mbtree_res=
{
                                                                                                                                                                                                                                                             <i1
                                                                                                                             >o1----------------------------------------------------------------------------------------------------------------------------┘  └----------------------------------------------------------------------------------------------------------------------------|XX|
                                                             <i2------------------------------------------------------------┘  └------------------------------------------------------------|XX|                                                                                                                            |XX|------------------------------------------------------------┘  └------------------------------------------------------------|XX|
                             >o2----------------------------┘  └----------------------------|XX|                                                            |XX|----------------------------┘  └----------------------------|XX|                                                            |XX|----------------------------┘  └----------------------------|XX|                                                            |XX|----------------------------┘  └----------------------------|XX|
             <i3------------┘  └------------|XX|                            |XX|------------┘  └------------|XX|                            |XX|------------┘  └------------|XX|                            |XX|------------┘  └------------|XX|                            |XX|------------┘  └------------|XX|                            |XX|------------┘  └------------|XX|                            |XX|------------┘  └------------|XX|                            |XX|------------┘  └------------|XX|
     >o3----┘  └----|XX|            |XX|----┘  └----|XX|            |XX|----┘  └----|XX|            |XX|----┘  └----|XX|            |XX|----┘  └----|XX|            |XX|----┘  └----|XX|            |XX|----┘  └----|XX|            |XX|----┘  └----|XX|            |XX|----┘  └----|XX|            |XX|----┘  └----|XX|            |XX|----┘  └----|XX|            |XX|----┘  └----|XX|            |XX|----┘  └----|XX|            |XX|----┘  └----|XX|            |XX|----┘  └----|XX|            |XX|----┘  └----|XX|
|XX|┘  └|XX|    |XX|┘  └|XX|    |XX|┘  └|XX|    |XX|┘  └|XX|    |XX|┘  └|XX|    |XX|┘  └|XX|    |XX|┘  └|XX|    |XX|┘  └|XX|    |XX|┘  └|XX|    |XX|┘  └|XX|    |XX|┘  └|XX|    |XX|┘  └|XX|    |XX|┘  └|XX|    |XX|┘  └|XX|    |XX|┘  └|XX|    |XX|┘  └|XX|    |XX|┘  └|XX|    |XX|┘  └|XX|    |XX|┘  └|XX|    |XX|┘  └|XX|    |XX|┘  └|XX|    |XX|┘  └|XX|    |XX|┘  └|XX|    |XX|┘  └|XX|    |XX|┘  └|XX|    |XX|┘  └|XX|    |XX|┘  └|XX|    |XX|┘  └|XX|    |XX|┘  └|XX|    |XX|┘  └|XX|    |XX|┘  └|XX|    |XX|┘  └|XX|
}
data->ast=
{
                                                                                                                                                                                                                                                             <i1
                                                                                                                             >o1----------------------------------------------------------------------------------------------------------------------------┘  └----------------------------------------------------------------------------------------------------------------------------|XX|
                                                             <i2------------------------------------------------------------┘  └------------------------------------------------------------|XX|                                                                                                                            |XX|------------------------------------------------------------┘  └------------------------------------------------------------|XX|
                             >o2----------------------------┘  └----------------------------|XX|                                                            |XX|----------------------------┘  └----------------------------|XX|                                                            |XX|----------------------------┘  └----------------------------|XX|                                                            |XX|----------------------------┘  └----------------------------|XX|
             <i3------------┘  └------------|XX|                            |XX|------------┘  └------------|XX|                            |XX|------------┘  └------------|XX|                            |XX|------------┘  └------------|XX|                            |XX|------------┘  └------------|XX|                            |XX|------------┘  └------------|XX|                            |XX|------------┘  └------------|XX|                            |XX|------------┘  └------------|XX|
     >o3----┘  └----|XX|            |XX|----┘  └----|XX|            |XX|----┘  └----|XX|            |XX|----┘  └----|XX|            |XX|----┘  └----|XX|            |XX|----┘  └----|XX|            |XX|----┘  └----|XX|            |XX|----┘  └----|XX|            |XX|----┘  └----|XX|            |XX|----┘  └----|XX|            |XX|----┘  └----|XX|            |XX|----┘  └----|XX|            |XX|----┘  └----|XX|            |XX|----┘  └----|XX|            |XX|----┘  └----|XX|            |XX|----┘  └----|XX|
|XX|┘  └|XX|    |XX|┘  └|XX|    |XX|┘  └|XX|    |XX|┘  └|XX|    |XX|┘  └|XX|    |XX|┘  └|XX|    |XX|┘  └|XX|    |XX|┘  └|XX|    |XX|┘  └|XX|    |XX|┘  └|XX|    |XX|┘  └|XX|    |XX|┘  └|XX|    |XX|┘  └|XX|    |XX|┘  └|XX|    |XX|┘  └|XX|    |XX|┘  └|XX|    |XX|┘  └|XX|    |XX|┘  └|XX|    |XX|┘  └|XX|    |XX|┘  └|XX|    |XX|┘  └|XX|    |XX|┘  └|XX|    |XX|┘  └|XX|    |XX|┘  └|XX|    |XX|┘  └|XX|    |XX|┘  └|XX|    |XX|┘  └|XX|    |XX|┘  └|XX|    |XX|┘  └|XX|    |XX|┘  └|XX|    |XX|┘  └|XX|    |XX|┘  └|XX|
}
-------------------------------------------------------------------------------------> [37;42m ✓ [0m
[0;36m*[0m[0;36m*[0m[0;36m*[0m[0;36m*[0m[0;36m*[0m[0;36m*[0m[0;36m*[0m[0;36m*[0m[0;36m*[0m[0;36m*[0m[0;36m*[0m[0;36m*[0m[0;36m*[0m[0;36m*[0m[0;36m*[0m[0;36m*[0m[0;36m*[0m[0;36m*[0m[0;36m*[0m[0;36m*[0m[0;36m*[0m[0;36m*[0m[0;36m*[0m[0;36m*[0m[0;36m*[0m[0;36m*[0m[0;36m*[0m[0;36m*[0m[0;36m*[0m[0;36m*[0m[0;36m*[0m[0;36m*[0m[0;36m*[0m[0;36m*[0m[0;36m*[0m[0;36m*[0m[0;36m*[0m[0;36m*[0m[0;36m*[0m[0;36m*[0m[0;36m*[0m[0;36m*[0m[0;36m*[0m[0;36m*[0m[0;36m*[0m[0;36m*[0m[0;36m*[0m[0;36m*[0m[0;36m*[0m[0;36m*[0m[0;36m*[0m[0;36m*[0m[0;36m*[0m[0;36m*[0m[0;36m*[0m[0;36m*[0m[0;36m*[0m[0;36m*[0m[0;36m*[0m[0;36m*[0m[0;36m*[0m[0;36m*[0m[0;36m*[0m[0;36m*[0m[0;36m*[0m[0;36m*[0m[0;36m*[0m[0;36m*[0m[0;36m*[0m[0;36m*[0m[0;36m*[0m[0;36m*[0m[0;36m*[0m[0;36m*[0m[0;36m*[0m[0;36m*[0m[0;36m*[0m[0;36m*[0m[0;36m*[0m[0;36m*[0m[0;36m*[0m[0;36m*[0m[0;36m*[0m[0;36m*[0m[0;36m*[0m[0;36m*[0m[0;36m*[0m[0;36m*[0m[0;36m*[0m[0;36m*[0m

[0;36m*[0m[0;36m( Multiples UNSET && ESP:cmd a1 "a2 a3" a4 )[0;36m*[0m[0;36m*[0m[0;36m*[0m[0;36m*[0m[0;36m*[0m[0;36m*[0m[0;36m*[0m[0;36m*[0m[0;36m*[0m[0;36m*[0m[0;36m*[0m[0;36m*[0m[0;36m*[0m[0;36m*[0m[0;36m*[0m[0;36m*[0m[0;36m*[0m[0;36m*[0m[0;36m*[0m[0;36m*[0m[0;36m*[0m[0;36m*[0m[0;36m*[0m[0;36m*[0m[0;36m*[0m[0;36m*[0m[0;36m*[0m[0;36m*[0m[0;36m*[0m[0;36m*[0m[0;36m*[0m[0;36m*[0m[0;36m*[0m[0;36m*[0m[0;36m*[0m[0;36m*[0m[0;36m*[0m[0;36m*[0m[0;36m*[0m[0;36m*[0m[0;36m*[0m[0;36m*[0m[0;36m*[0m[0;36m*[0m[0;36m*[0m[0m
build_expr("cmd a1 "a2 a3" a4")-----------------------------------------------------------
[0;36mEND Lexer():
 - tok_lst	={-1,cmd,0}-->{0, ,0}-->{-1,a1,0}-->{0, ,0}-->{-1,"a2 a3",0}-->{0, ,0}-->{-1,a4,0}-->NULL
[0mbtree_res=
{
    cmda
|XX|┘  └|XX|
}
data->ast=
{
    cmda
|XX|┘  └|XX|
}
-------------------------------------------------------------------------------------> [37;42m ✓ [0m
build_expr("  cmd   a1   "a2 a3"   a4  ")-------------------------------------------------
[0;36mEND Lexer():
 - tok_lst	={0, ,0}-->{-1,cmd,0}-->{0, ,0}-->{-1,a1,0}-->{0, ,0}-->{-1,"a2 a3",0}-->{0, ,0}-->{-1,a4,0}-->{0, ,0}-->NULL
[0mbtree_res=
{
    cmda
|XX|┘  └|XX|
}
data->ast=
{
    cmda
|XX|┘  └|XX|
}
-------------------------------------------------------------------------------------> [37;42m ✓ [0m
[0;36m*[0m[0;36m*[0m[0;36m*[0m[0;36m*[0m[0;36m*[0m[0;36m*[0m[0;36m*[0m[0;36m*[0m[0;36m*[0m[0;36m*[0m[0;36m*[0m[0;36m*[0m[0;36m*[0m[0;36m*[0m[0;36m*[0m[0;36m*[0m[0;36m*[0m[0;36m*[0m[0;36m*[0m[0;36m*[0m[0;36m*[0m[0;36m*[0m[0;36m*[0m[0;36m*[0m[0;36m*[0m[0;36m*[0m[0;36m*[0m[0;36m*[0m[0;36m*[0m[0;36m*[0m[0;36m*[0m[0;36m*[0m[0;36m*[0m[0;36m*[0m[0;36m*[0m[0;36m*[0m[0;36m*[0m[0;36m*[0m[0;36m*[0m[0;36m*[0m[0;36m*[0m[0;36m*[0m[0;36m*[0m[0;36m*[0m[0;36m*[0m[0;36m*[0m[0;36m*[0m[0;36m*[0m[0;36m*[0m[0;36m*[0m[0;36m*[0m[0;36m*[0m[0;36m*[0m[0;36m*[0m[0;36m*[0m[0;36m*[0m[0;36m*[0m[0;36m*[0m[0;36m*[0m[0;36m*[0m[0;36m*[0m[0;36m*[0m[0;36m*[0m[0;36m*[0m[0;36m*[0m[0;36m*[0m[0;36m*[0m[0;36m*[0m[0;36m*[0m[0;36m*[0m[0;36m*[0m[0;36m*[0m[0;36m*[0m[0;36m*[0m[0;36m*[0m[0;36m*[0m[0;36m*[0m[0;36m*[0m[0;36m*[0m[0;36m*[0m[0;36m*[0m[0;36m*[0m[0;36m*[0m[0;36m*[0m[0;36m*[0m[0;36m*[0m[0;36m*[0m[0;36m*[0m[0;36m*[0m[0;36m*[0m

[0;36m*[0m[0;36m( COMBOS REDIR && UNSET:a<i1 b<i2 c>o1 d>o2 )[0;36m*[0m[0;36m*[0m[0;36m*[0m[0;36m*[0m[0;36m*[0m[0;36m*[0m[0;36m*[0m[0;36m*[0m[0;36m*[0m[0;36m*[0m[0;36m*[0m[0;36m*[0m[0;36m*[0m[0;36m*[0m[0;36m*[0m[0;36m*[0m[0;36m*[0m[0;36m*[0m[0;36m*[0m[0;36m*[0m[0;36m*[0m[0;36m*[0m[0;36m*[0m[0;36m*[0m[0;36m*[0m[0;36m*[0m[0;36m*[0m[0;36m*[0m[0;36m*[0m[0;36m*[0m[0;36m*[0m[0;36m*[0m[0;36m*[0m[0;36m*[0m[0;36m*[0m[0;36m*[0m[0;36m*[0m[0;36m*[0m[0;36m*[0m[0;36m*[0m[0;36m*[0m[0;36m*[0m[0;36m*[0m[0;36m*[0m[0m
build_expr("a<i1 b<i2 c>o1 d>o2")---------------------------------------------------------
[0;36mEND Lexer():
 - tok_lst	={-1,a,0}-->{10,<,0}-->{-1,i1,0}-->{0, ,0}-->{-1,b,0}-->{10,<,0}-->{-1,i2,0}-->{0, ,0}-->{-1,c,0}-->{13,>,0}-->{-1,o1,0}-->{0, ,0}-->{-1,d,0}-->{13,>,0}-->{-1,o2,0}-->NULL
[0mbtree_res=
{
                                                                                                                             <i1
                                                             <i2------------------------------------------------------------┘  └------------------------------------------------------------|XX|
                             >o1----------------------------┘  └----------------------------|XX|                                                            |XX|----------------------------┘  └----------------------------|XX|
             >o2------------┘  └------------|XX|                            |XX|------------┘  └------------|XX|                            |XX|------------┘  └------------|XX|                            |XX|------------┘  └------------|XX|
    abcd----┘  └----|XX|            |XX|----┘  └----|XX|            |XX|----┘  └----|XX|            |XX|----┘  └----|XX|            |XX|----┘  └----|XX|            |XX|----┘  └----|XX|            |XX|----┘  └----|XX|            |XX|----┘  └----|XX|
|XX|┘  └|XX|    |XX|┘  └|XX|    |XX|┘  └|XX|    |XX|┘  └|XX|    |XX|┘  └|XX|    |XX|┘  └|XX|    |XX|┘  └|XX|    |XX|┘  └|XX|    |XX|┘  └|XX|    |XX|┘  └|XX|    |XX|┘  └|XX|    |XX|┘  └|XX|    |XX|┘  └|XX|    |XX|┘  └|XX|    |XX|┘  └|XX|    |XX|┘  └|XX|
}
data->ast=
{
                                                                                                                             <i1
                                                             <i2------------------------------------------------------------┘  └------------------------------------------------------------|XX|
                             >o1----------------------------┘  └----------------------------|XX|                                                            |XX|----------------------------┘  └----------------------------|XX|
             >o2------------┘  └------------|XX|                            |XX|------------┘  └------------|XX|                            |XX|------------┘  └------------|XX|                            |XX|------------┘  └------------|XX|
    abcd----┘  └----|XX|            |XX|----┘  └----|XX|            |XX|----┘  └----|XX|            |XX|----┘  └----|XX|            |XX|----┘  └----|XX|            |XX|----┘  └----|XX|            |XX|----┘  └----|XX|            |XX|----┘  └----|XX|
|XX|┘  └|XX|    |XX|┘  └|XX|    |XX|┘  └|XX|    |XX|┘  └|XX|    |XX|┘  └|XX|    |XX|┘  └|XX|    |XX|┘  └|XX|    |XX|┘  └|XX|    |XX|┘  └|XX|    |XX|┘  └|XX|    |XX|┘  └|XX|    |XX|┘  └|XX|    |XX|┘  └|XX|    |XX|┘  └|XX|    |XX|┘  └|XX|    |XX|┘  └|XX|
}
-------------------------------------------------------------------------------------> [37;42m ✓ [0m
build_expr("  a  <  i1 b  <  i2 c>o1 d>o2")-----------------------------------------------
[0;36mEND Lexer():
 - tok_lst	={0, ,0}-->{-1,a,0}-->{0, ,0}-->{10,<,0}-->{0, ,0}-->{-1,i1,0}-->{0, ,0}-->{-1,b,0}-->{0, ,0}-->{10,<,0}-->{0, ,0}-->{-1,i2,0}-->{0, ,0}-->{-1,c,0}-->{13,>,0}-->{-1,o1,0}-->{0, ,0}-->{-1,d,0}-->{13,>,0}-->{-1,o2,0}-->NULL
[0mbtree_res=
{
                                                                                                                             <i1
                                                             <i2------------------------------------------------------------┘  └------------------------------------------------------------|XX|
                             >o1----------------------------┘  └----------------------------|XX|                                                            |XX|----------------------------┘  └----------------------------|XX|
             >o2------------┘  └------------|XX|                            |XX|------------┘  └------------|XX|                            |XX|------------┘  └------------|XX|                            |XX|------------┘  └------------|XX|
    abcd----┘  └----|XX|            |XX|----┘  └----|XX|            |XX|----┘  └----|XX|            |XX|----┘  └----|XX|            |XX|----┘  └----|XX|            |XX|----┘  └----|XX|            |XX|----┘  └----|XX|            |XX|----┘  └----|XX|
|XX|┘  └|XX|    |XX|┘  └|XX|    |XX|┘  └|XX|    |XX|┘  └|XX|    |XX|┘  └|XX|    |XX|┘  └|XX|    |XX|┘  └|XX|    |XX|┘  └|XX|    |XX|┘  └|XX|    |XX|┘  └|XX|    |XX|┘  └|XX|    |XX|┘  └|XX|    |XX|┘  └|XX|    |XX|┘  └|XX|    |XX|┘  └|XX|    |XX|┘  └|XX|
}
data->ast=
{
                                                                                                                             <i1
                                                             <i2------------------------------------------------------------┘  └------------------------------------------------------------|XX|
                             >o1----------------------------┘  └----------------------------|XX|                                                            |XX|----------------------------┘  └----------------------------|XX|
             >o2------------┘  └------------|XX|                            |XX|------------┘  └------------|XX|                            |XX|------------┘  └------------|XX|                            |XX|------------┘  └------------|XX|
    abcd----┘  └----|XX|            |XX|----┘  └----|XX|            |XX|----┘  └----|XX|            |XX|----┘  └----|XX|            |XX|----┘  └----|XX|            |XX|----┘  └----|XX|            |XX|----┘  └----|XX|            |XX|----┘  └----|XX|
|XX|┘  └|XX|    |XX|┘  └|XX|    |XX|┘  └|XX|    |XX|┘  └|XX|    |XX|┘  └|XX|    |XX|┘  └|XX|    |XX|┘  └|XX|    |XX|┘  └|XX|    |XX|┘  └|XX|    |XX|┘  └|XX|    |XX|┘  └|XX|    |XX|┘  └|XX|    |XX|┘  └|XX|    |XX|┘  └|XX|    |XX|┘  └|XX|    |XX|┘  └|XX|
}
-------------------------------------------------------------------------------------> [37;42m ✓ [0m
build_expr("a<i1 b<i2 c  >  o1 d  >  o2  ")-----------------------------------------------
[0;36mEND Lexer():
 - tok_lst	={-1,a,0}-->{10,<,0}-->{-1,i1,0}-->{0, ,0}-->{-1,b,0}-->{10,<,0}-->{-1,i2,0}-->{0, ,0}-->{-1,c,0}-->{0, ,0}-->{13,>,0}-->{0, ,0}-->{-1,o1,0}-->{0, ,0}-->{-1,d,0}-->{0, ,0}-->{13,>,0}-->{0, ,0}-->{-1,o2,0}-->{0, ,0}-->NULL
[0mbtree_res=
{
                                                                                                                             <i1
                                                             <i2------------------------------------------------------------┘  └------------------------------------------------------------|XX|
                             >o1----------------------------┘  └----------------------------|XX|                                                            |XX|----------------------------┘  └----------------------------|XX|
             >o2------------┘  └------------|XX|                            |XX|------------┘  └------------|XX|                            |XX|------------┘  └------------|XX|                            |XX|------------┘  └------------|XX|
    abcd----┘  └----|XX|            |XX|----┘  └----|XX|            |XX|----┘  └----|XX|            |XX|----┘  └----|XX|            |XX|----┘  └----|XX|            |XX|----┘  └----|XX|            |XX|----┘  └----|XX|            |XX|----┘  └----|XX|
|XX|┘  └|XX|    |XX|┘  └|XX|    |XX|┘  └|XX|    |XX|┘  └|XX|    |XX|┘  └|XX|    |XX|┘  └|XX|    |XX|┘  └|XX|    |XX|┘  └|XX|    |XX|┘  └|XX|    |XX|┘  └|XX|    |XX|┘  └|XX|    |XX|┘  └|XX|    |XX|┘  └|XX|    |XX|┘  └|XX|    |XX|┘  └|XX|    |XX|┘  └|XX|
}
data->ast=
{
                                                                                                                             <i1
                                                             <i2------------------------------------------------------------┘  └------------------------------------------------------------|XX|
                             >o1----------------------------┘  └----------------------------|XX|                                                            |XX|----------------------------┘  └----------------------------|XX|
             >o2------------┘  └------------|XX|                            |XX|------------┘  └------------|XX|                            |XX|------------┘  └------------|XX|                            |XX|------------┘  └------------|XX|
    abcd----┘  └----|XX|            |XX|----┘  └----|XX|            |XX|----┘  └----|XX|            |XX|----┘  └----|XX|            |XX|----┘  └----|XX|            |XX|----┘  └----|XX|            |XX|----┘  └----|XX|            |XX|----┘  └----|XX|
|XX|┘  └|XX|    |XX|┘  └|XX|    |XX|┘  └|XX|    |XX|┘  └|XX|    |XX|┘  └|XX|    |XX|┘  └|XX|    |XX|┘  └|XX|    |XX|┘  └|XX|    |XX|┘  └|XX|    |XX|┘  └|XX|    |XX|┘  └|XX|    |XX|┘  └|XX|    |XX|┘  └|XX|    |XX|┘  └|XX|    |XX|┘  └|XX|    |XX|┘  └|XX|
}
-------------------------------------------------------------------------------------> [37;42m ✓ [0m
build_expr("  a  <  i1 b<i2 c>o1 d  >  o2  ")---------------------------------------------
[0;36mEND Lexer():
 - tok_lst	={0, ,0}-->{-1,a,0}-->{0, ,0}-->{10,<,0}-->{0, ,0}-->{-1,i1,0}-->{0, ,0}-->{-1,b,0}-->{10,<,0}-->{-1,i2,0}-->{0, ,0}-->{-1,c,0}-->{13,>,0}-->{-1,o1,0}-->{0, ,0}-->{-1,d,0}-->{0, ,0}-->{13,>,0}-->{0, ,0}-->{-1,o2,0}-->{0, ,0}-->NULL
[0mbtree_res=
{
                                                                                                                             <i1
                                                             <i2------------------------------------------------------------┘  └------------------------------------------------------------|XX|
                             >o1----------------------------┘  └----------------------------|XX|                                                            |XX|----------------------------┘  └----------------------------|XX|
             >o2------------┘  └------------|XX|                            |XX|------------┘  └------------|XX|                            |XX|------------┘  └------------|XX|                            |XX|------------┘  └------------|XX|
    abcd----┘  └----|XX|            |XX|----┘  └----|XX|            |XX|----┘  └----|XX|            |XX|----┘  └----|XX|            |XX|----┘  └----|XX|            |XX|----┘  └----|XX|            |XX|----┘  └----|XX|            |XX|----┘  └----|XX|
|XX|┘  └|XX|    |XX|┘  └|XX|    |XX|┘  └|XX|    |XX|┘  └|XX|    |XX|┘  └|XX|    |XX|┘  └|XX|    |XX|┘  └|XX|    |XX|┘  └|XX|    |XX|┘  └|XX|    |XX|┘  └|XX|    |XX|┘  └|XX|    |XX|┘  └|XX|    |XX|┘  └|XX|    |XX|┘  └|XX|    |XX|┘  └|XX|    |XX|┘  └|XX|
}
data->ast=
{
                                                                                                                             <i1
                                                             <i2------------------------------------------------------------┘  └------------------------------------------------------------|XX|
                             >o1----------------------------┘  └----------------------------|XX|                                                            |XX|----------------------------┘  └----------------------------|XX|
             >o2------------┘  └------------|XX|                            |XX|------------┘  └------------|XX|                            |XX|------------┘  └------------|XX|                            |XX|------------┘  └------------|XX|
    abcd----┘  └----|XX|            |XX|----┘  └----|XX|            |XX|----┘  └----|XX|            |XX|----┘  └----|XX|            |XX|----┘  └----|XX|            |XX|----┘  └----|XX|            |XX|----┘  └----|XX|            |XX|----┘  └----|XX|
|XX|┘  └|XX|    |XX|┘  └|XX|    |XX|┘  └|XX|    |XX|┘  └|XX|    |XX|┘  └|XX|    |XX|┘  └|XX|    |XX|┘  └|XX|    |XX|┘  └|XX|    |XX|┘  └|XX|    |XX|┘  └|XX|    |XX|┘  └|XX|    |XX|┘  └|XX|    |XX|┘  └|XX|    |XX|┘  └|XX|    |XX|┘  └|XX|    |XX|┘  └|XX|
}
-------------------------------------------------------------------------------------> [37;42m ✓ [0m
build_expr("<i1 a<i2 b>o1 c>o2 d")--------------------------------------------------------
[0;36mEND Lexer():
 - tok_lst	={10,<,0}-->{-1,i1,0}-->{0, ,0}-->{-1,a,0}-->{10,<,0}-->{-1,i2,0}-->{0, ,0}-->{-1,b,0}-->{13,>,0}-->{-1,o1,0}-->{0, ,0}-->{-1,c,0}-->{13,>,0}-->{-1,o2,0}-->{0, ,0}-->{-1,d,0}-->NULL
[0mbtree_res=
{
                                                                                                                             <i1
                                                             <i2------------------------------------------------------------┘  └------------------------------------------------------------|XX|
                             >o1----------------------------┘  └----------------------------|XX|                                                            |XX|----------------------------┘  └----------------------------|XX|
             >o2------------┘  └------------|XX|                            |XX|------------┘  └------------|XX|                            |XX|------------┘  └------------|XX|                            |XX|------------┘  └------------|XX|
    abcd----┘  └----|XX|            |XX|----┘  └----|XX|            |XX|----┘  └----|XX|            |XX|----┘  └----|XX|            |XX|----┘  └----|XX|            |XX|----┘  └----|XX|            |XX|----┘  └----|XX|            |XX|----┘  └----|XX|
|XX|┘  └|XX|    |XX|┘  └|XX|    |XX|┘  └|XX|    |XX|┘  └|XX|    |XX|┘  └|XX|    |XX|┘  └|XX|    |XX|┘  └|XX|    |XX|┘  └|XX|    |XX|┘  └|XX|    |XX|┘  └|XX|    |XX|┘  └|XX|    |XX|┘  └|XX|    |XX|┘  └|XX|    |XX|┘  └|XX|    |XX|┘  └|XX|    |XX|┘  └|XX|
}
data->ast=
{
                                                                                                                             <i1
                                                             <i2------------------------------------------------------------┘  └------------------------------------------------------------|XX|
                             >o1----------------------------┘  └----------------------------|XX|                                                            |XX|----------------------------┘  └----------------------------|XX|
             >o2------------┘  └------------|XX|                            |XX|------------┘  └------------|XX|                            |XX|------------┘  └------------|XX|                            |XX|------------┘  └------------|XX|
    abcd----┘  └----|XX|            |XX|----┘  └----|XX|            |XX|----┘  └----|XX|            |XX|----┘  └----|XX|            |XX|----┘  └----|XX|            |XX|----┘  └----|XX|            |XX|----┘  └----|XX|            |XX|----┘  └----|XX|
|XX|┘  └|XX|    |XX|┘  └|XX|    |XX|┘  └|XX|    |XX|┘  └|XX|    |XX|┘  └|XX|    |XX|┘  └|XX|    |XX|┘  └|XX|    |XX|┘  └|XX|    |XX|┘  └|XX|    |XX|┘  └|XX|    |XX|┘  └|XX|    |XX|┘  └|XX|    |XX|┘  └|XX|    |XX|┘  └|XX|    |XX|┘  └|XX|    |XX|┘  └|XX|
}
-------------------------------------------------------------------------------------> [37;42m ✓ [0m
build_expr("  <  i1 a<i2 b  >  o1 c>o2 d")------------------------------------------------
[0;36mEND Lexer():
 - tok_lst	={0, ,0}-->{10,<,0}-->{0, ,0}-->{-1,i1,0}-->{0, ,0}-->{-1,a,0}-->{10,<,0}-->{-1,i2,0}-->{0, ,0}-->{-1,b,0}-->{0, ,0}-->{13,>,0}-->{0, ,0}-->{-1,o1,0}-->{0, ,0}-->{-1,c,0}-->{13,>,0}-->{-1,o2,0}-->{0, ,0}-->{-1,d,0}-->NULL
[0mbtree_res=
{
                                                                                                                             <i1
                                                             <i2------------------------------------------------------------┘  └------------------------------------------------------------|XX|
                             >o1----------------------------┘  └----------------------------|XX|                                                            |XX|----------------------------┘  └----------------------------|XX|
             >o2------------┘  └------------|XX|                            |XX|------------┘  └------------|XX|                            |XX|------------┘  └------------|XX|                            |XX|------------┘  └------------|XX|
    abcd----┘  └----|XX|            |XX|----┘  └----|XX|            |XX|----┘  └----|XX|            |XX|----┘  └----|XX|            |XX|----┘  └----|XX|            |XX|----┘  └----|XX|            |XX|----┘  └----|XX|            |XX|----┘  └----|XX|
|XX|┘  └|XX|    |XX|┘  └|XX|    |XX|┘  └|XX|    |XX|┘  └|XX|    |XX|┘  └|XX|    |XX|┘  └|XX|    |XX|┘  └|XX|    |XX|┘  └|XX|    |XX|┘  └|XX|    |XX|┘  └|XX|    |XX|┘  └|XX|    |XX|┘  └|XX|    |XX|┘  └|XX|    |XX|┘  └|XX|    |XX|┘  └|XX|    |XX|┘  └|XX|
}
data->ast=
{
                                                                                                                             <i1
                                                             <i2------------------------------------------------------------┘  └------------------------------------------------------------|XX|
                             >o1----------------------------┘  └----------------------------|XX|                                                            |XX|----------------------------┘  └----------------------------|XX|
             >o2------------┘  └------------|XX|                            |XX|------------┘  └------------|XX|                            |XX|------------┘  └------------|XX|                            |XX|------------┘  └------------|XX|
    abcd----┘  └----|XX|            |XX|----┘  └----|XX|            |XX|----┘  └----|XX|            |XX|----┘  └----|XX|            |XX|----┘  └----|XX|            |XX|----┘  └----|XX|            |XX|----┘  └----|XX|            |XX|----┘  └----|XX|
|XX|┘  └|XX|    |XX|┘  └|XX|    |XX|┘  └|XX|    |XX|┘  └|XX|    |XX|┘  └|XX|    |XX|┘  └|XX|    |XX|┘  └|XX|    |XX|┘  └|XX|    |XX|┘  └|XX|    |XX|┘  └|XX|    |XX|┘  └|XX|    |XX|┘  └|XX|    |XX|┘  └|XX|    |XX|┘  └|XX|    |XX|┘  └|XX|    |XX|┘  └|XX|
}
-------------------------------------------------------------------------------------> [37;42m ✓ [0m
build_expr("<i1 a  <  i2 b>o1 c  >  o2 d  ")----------------------------------------------
[0;36mEND Lexer():
 - tok_lst	={10,<,0}-->{-1,i1,0}-->{0, ,0}-->{-1,a,0}-->{0, ,0}-->{10,<,0}-->{0, ,0}-->{-1,i2,0}-->{0, ,0}-->{-1,b,0}-->{13,>,0}-->{-1,o1,0}-->{0, ,0}-->{-1,c,0}-->{0, ,0}-->{13,>,0}-->{0, ,0}-->{-1,o2,0}-->{0, ,0}-->{-1,d,0}-->{0, ,0}-->NULL
[0mbtree_res=
{
                                                                                                                             <i1
                                                             <i2------------------------------------------------------------┘  └------------------------------------------------------------|XX|
                             >o1----------------------------┘  └----------------------------|XX|                                                            |XX|----------------------------┘  └----------------------------|XX|
             >o2------------┘  └------------|XX|                            |XX|------------┘  └------------|XX|                            |XX|------------┘  └------------|XX|                            |XX|------------┘  └------------|XX|
    abcd----┘  └----|XX|            |XX|----┘  └----|XX|            |XX|----┘  └----|XX|            |XX|----┘  └----|XX|            |XX|----┘  └----|XX|            |XX|----┘  └----|XX|            |XX|----┘  └----|XX|            |XX|----┘  └----|XX|
|XX|┘  └|XX|    |XX|┘  └|XX|    |XX|┘  └|XX|    |XX|┘  └|XX|    |XX|┘  └|XX|    |XX|┘  └|XX|    |XX|┘  └|XX|    |XX|┘  └|XX|    |XX|┘  └|XX|    |XX|┘  └|XX|    |XX|┘  └|XX|    |XX|┘  └|XX|    |XX|┘  └|XX|    |XX|┘  └|XX|    |XX|┘  └|XX|    |XX|┘  └|XX|
}
data->ast=
{
                                                                                                                             <i1
                                                             <i2------------------------------------------------------------┘  └------------------------------------------------------------|XX|
                             >o1----------------------------┘  └----------------------------|XX|                                                            |XX|----------------------------┘  └----------------------------|XX|
             >o2------------┘  └------------|XX|                            |XX|------------┘  └------------|XX|                            |XX|------------┘  └------------|XX|                            |XX|------------┘  └------------|XX|
    abcd----┘  └----|XX|            |XX|----┘  └----|XX|            |XX|----┘  └----|XX|            |XX|----┘  └----|XX|            |XX|----┘  └----|XX|            |XX|----┘  └----|XX|            |XX|----┘  └----|XX|            |XX|----┘  └----|XX|
|XX|┘  └|XX|    |XX|┘  └|XX|    |XX|┘  └|XX|    |XX|┘  └|XX|    |XX|┘  └|XX|    |XX|┘  └|XX|    |XX|┘  └|XX|    |XX|┘  └|XX|    |XX|┘  └|XX|    |XX|┘  └|XX|    |XX|┘  └|XX|    |XX|┘  └|XX|    |XX|┘  └|XX|    |XX|┘  └|XX|    |XX|┘  └|XX|    |XX|┘  └|XX|
}
-------------------------------------------------------------------------------------> [37;42m ✓ [0m
build_expr("  <  i1 a<i2 b>o1 c  >  o2 d  ")----------------------------------------------
[0;36mEND Lexer():
 - tok_lst	={0, ,0}-->{10,<,0}-->{0, ,0}-->{-1,i1,0}-->{0, ,0}-->{-1,a,0}-->{10,<,0}-->{-1,i2,0}-->{0, ,0}-->{-1,b,0}-->{13,>,0}-->{-1,o1,0}-->{0, ,0}-->{-1,c,0}-->{0, ,0}-->{13,>,0}-->{0, ,0}-->{-1,o2,0}-->{0, ,0}-->{-1,d,0}-->{0, ,0}-->NULL
[0mbtree_res=
{
                                                                                                                             <i1
                                                             <i2------------------------------------------------------------┘  └------------------------------------------------------------|XX|
                             >o1----------------------------┘  └----------------------------|XX|                                                            |XX|----------------------------┘  └----------------------------|XX|
             >o2------------┘  └------------|XX|                            |XX|------------┘  └------------|XX|                            |XX|------------┘  └------------|XX|                            |XX|------------┘  └------------|XX|
    abcd----┘  └----|XX|            |XX|----┘  └----|XX|            |XX|----┘  └----|XX|            |XX|----┘  └----|XX|            |XX|----┘  └----|XX|            |XX|----┘  └----|XX|            |XX|----┘  └----|XX|            |XX|----┘  └----|XX|
|XX|┘  └|XX|    |XX|┘  └|XX|    |XX|┘  └|XX|    |XX|┘  └|XX|    |XX|┘  └|XX|    |XX|┘  └|XX|    |XX|┘  └|XX|    |XX|┘  └|XX|    |XX|┘  └|XX|    |XX|┘  └|XX|    |XX|┘  └|XX|    |XX|┘  └|XX|    |XX|┘  └|XX|    |XX|┘  └|XX|    |XX|┘  └|XX|    |XX|┘  └|XX|
}
data->ast=
{
                                                                                                                             <i1
                                                             <i2------------------------------------------------------------┘  └------------------------------------------------------------|XX|
                             >o1----------------------------┘  └----------------------------|XX|                                                            |XX|----------------------------┘  └----------------------------|XX|
             >o2------------┘  └------------|XX|                            |XX|------------┘  └------------|XX|                            |XX|------------┘  └------------|XX|                            |XX|------------┘  └------------|XX|
    abcd----┘  └----|XX|            |XX|----┘  └----|XX|            |XX|----┘  └----|XX|            |XX|----┘  └----|XX|            |XX|----┘  └----|XX|            |XX|----┘  └----|XX|            |XX|----┘  └----|XX|            |XX|----┘  └----|XX|
|XX|┘  └|XX|    |XX|┘  └|XX|    |XX|┘  └|XX|    |XX|┘  └|XX|    |XX|┘  └|XX|    |XX|┘  └|XX|    |XX|┘  └|XX|    |XX|┘  └|XX|    |XX|┘  └|XX|    |XX|┘  └|XX|    |XX|┘  └|XX|    |XX|┘  └|XX|    |XX|┘  └|XX|    |XX|┘  └|XX|    |XX|┘  └|XX|    |XX|┘  └|XX|
}
-------------------------------------------------------------------------------------> [37;42m ✓ [0m
build_expr("a b <i1<i2>o1>o2 c d")--------------------------------------------------------
[0;36mEND Lexer():
 - tok_lst	={-1,a,0}-->{0, ,0}-->{-1,b,0}-->{0, ,0}-->{10,<,0}-->{-1,i1,0}-->{10,<,0}-->{-1,i2,0}-->{13,>,0}-->{-1,o1,0}-->{13,>,0}-->{-1,o2,0}-->{0, ,0}-->{-1,c,0}-->{0, ,0}-->{-1,d,0}-->NULL
[0mbtree_res=
{
                                                                                                                             <i1
                                                             <i2------------------------------------------------------------┘  └------------------------------------------------------------|XX|
                             >o1----------------------------┘  └----------------------------|XX|                                                            |XX|----------------------------┘  └----------------------------|XX|
             >o2------------┘  └------------|XX|                            |XX|------------┘  └------------|XX|                            |XX|------------┘  └------------|XX|                            |XX|------------┘  └------------|XX|
    abcd----┘  └----|XX|            |XX|----┘  └----|XX|            |XX|----┘  └----|XX|            |XX|----┘  └----|XX|            |XX|----┘  └----|XX|            |XX|----┘  └----|XX|            |XX|----┘  └----|XX|            |XX|----┘  └----|XX|
|XX|┘  └|XX|    |XX|┘  └|XX|    |XX|┘  └|XX|    |XX|┘  └|XX|    |XX|┘  └|XX|    |XX|┘  └|XX|    |XX|┘  └|XX|    |XX|┘  └|XX|    |XX|┘  └|XX|    |XX|┘  └|XX|    |XX|┘  └|XX|    |XX|┘  └|XX|    |XX|┘  └|XX|    |XX|┘  └|XX|    |XX|┘  └|XX|    |XX|┘  └|XX|
}
data->ast=
{
                                                                                                                             <i1
                                                             <i2------------------------------------------------------------┘  └------------------------------------------------------------|XX|
                             >o1----------------------------┘  └----------------------------|XX|                                                            |XX|----------------------------┘  └----------------------------|XX|
             >o2------------┘  └------------|XX|                            |XX|------------┘  └------------|XX|                            |XX|------------┘  └------------|XX|                            |XX|------------┘  └------------|XX|
    abcd----┘  └----|XX|            |XX|----┘  └----|XX|            |XX|----┘  └----|XX|            |XX|----┘  └----|XX|            |XX|----┘  └----|XX|            |XX|----┘  └----|XX|            |XX|----┘  └----|XX|            |XX|----┘  └----|XX|
|XX|┘  └|XX|    |XX|┘  └|XX|    |XX|┘  └|XX|    |XX|┘  └|XX|    |XX|┘  └|XX|    |XX|┘  └|XX|    |XX|┘  └|XX|    |XX|┘  └|XX|    |XX|┘  └|XX|    |XX|┘  └|XX|    |XX|┘  └|XX|    |XX|┘  └|XX|    |XX|┘  └|XX|    |XX|┘  └|XX|    |XX|┘  └|XX|    |XX|┘  └|XX|
}
-------------------------------------------------------------------------------------> [37;42m ✓ [0m
build_expr("<i1<i2 a b>o1>o2 c d")--------------------------------------------------------
[0;36mEND Lexer():
 - tok_lst	={10,<,0}-->{-1,i1,0}-->{10,<,0}-->{-1,i2,0}-->{0, ,0}-->{-1,a,0}-->{0, ,0}-->{-1,b,0}-->{13,>,0}-->{-1,o1,0}-->{13,>,0}-->{-1,o2,0}-->{0, ,0}-->{-1,c,0}-->{0, ,0}-->{-1,d,0}-->NULL
[0mbtree_res=
{
                                                                                                                             <i1
                                                             <i2------------------------------------------------------------┘  └------------------------------------------------------------|XX|
                             >o1----------------------------┘  └----------------------------|XX|                                                            |XX|----------------------------┘  └----------------------------|XX|
             >o2------------┘  └------------|XX|                            |XX|------------┘  └------------|XX|                            |XX|------------┘  └------------|XX|                            |XX|------------┘  └------------|XX|
    abcd----┘  └----|XX|            |XX|----┘  └----|XX|            |XX|----┘  └----|XX|            |XX|----┘  └----|XX|            |XX|----┘  └----|XX|            |XX|----┘  └----|XX|            |XX|----┘  └----|XX|            |XX|----┘  └----|XX|
|XX|┘  └|XX|    |XX|┘  └|XX|    |XX|┘  └|XX|    |XX|┘  └|XX|    |XX|┘  └|XX|    |XX|┘  └|XX|    |XX|┘  └|XX|    |XX|┘  └|XX|    |XX|┘  └|XX|    |XX|┘  └|XX|    |XX|┘  └|XX|    |XX|┘  └|XX|    |XX|┘  └|XX|    |XX|┘  └|XX|    |XX|┘  └|XX|    |XX|┘  └|XX|
}
data->ast=
{
                                                                                                                             <i1
                                                             <i2------------------------------------------------------------┘  └------------------------------------------------------------|XX|
                             >o1----------------------------┘  └----------------------------|XX|                                                            |XX|----------------------------┘  └----------------------------|XX|
             >o2------------┘  └------------|XX|                            |XX|------------┘  └------------|XX|                            |XX|------------┘  └------------|XX|                            |XX|------------┘  └------------|XX|
    abcd----┘  └----|XX|            |XX|----┘  └----|XX|            |XX|----┘  └----|XX|            |XX|----┘  └----|XX|            |XX|----┘  └----|XX|            |XX|----┘  └----|XX|            |XX|----┘  └----|XX|            |XX|----┘  └----|XX|
|XX|┘  └|XX|    |XX|┘  └|XX|    |XX|┘  └|XX|    |XX|┘  └|XX|    |XX|┘  └|XX|    |XX|┘  └|XX|    |XX|┘  └|XX|    |XX|┘  └|XX|    |XX|┘  └|XX|    |XX|┘  └|XX|    |XX|┘  └|XX|    |XX|┘  └|XX|    |XX|┘  └|XX|    |XX|┘  └|XX|    |XX|┘  └|XX|    |XX|┘  └|XX|
}
-------------------------------------------------------------------------------------> [37;42m ✓ [0m
build_expr("a b <i1<i2 c d>o1>o2")--------------------------------------------------------
[0;36mEND Lexer():
 - tok_lst	={-1,a,0}-->{0, ,0}-->{-1,b,0}-->{0, ,0}-->{10,<,0}-->{-1,i1,0}-->{10,<,0}-->{-1,i2,0}-->{0, ,0}-->{-1,c,0}-->{0, ,0}-->{-1,d,0}-->{13,>,0}-->{-1,o1,0}-->{13,>,0}-->{-1,o2,0}-->NULL
[0mbtree_res=
{
                                                                                                                             <i1
                                                             <i2------------------------------------------------------------┘  └------------------------------------------------------------|XX|
                             >o1----------------------------┘  └----------------------------|XX|                                                            |XX|----------------------------┘  └----------------------------|XX|
             >o2------------┘  └------------|XX|                            |XX|------------┘  └------------|XX|                            |XX|------------┘  └------------|XX|                            |XX|------------┘  └------------|XX|
    abcd----┘  └----|XX|            |XX|----┘  └----|XX|            |XX|----┘  └----|XX|            |XX|----┘  └----|XX|            |XX|----┘  └----|XX|            |XX|----┘  └----|XX|            |XX|----┘  └----|XX|            |XX|----┘  └----|XX|
|XX|┘  └|XX|    |XX|┘  └|XX|    |XX|┘  └|XX|    |XX|┘  └|XX|    |XX|┘  └|XX|    |XX|┘  └|XX|    |XX|┘  └|XX|    |XX|┘  └|XX|    |XX|┘  └|XX|    |XX|┘  └|XX|    |XX|┘  └|XX|    |XX|┘  └|XX|    |XX|┘  └|XX|    |XX|┘  └|XX|    |XX|┘  └|XX|    |XX|┘  └|XX|
}
data->ast=
{
                                                                                                                             <i1
                                                             <i2------------------------------------------------------------┘  └------------------------------------------------------------|XX|
                             >o1----------------------------┘  └----------------------------|XX|                                                            |XX|----------------------------┘  └----------------------------|XX|
             >o2------------┘  └------------|XX|                            |XX|------------┘  └------------|XX|                            |XX|------------┘  └------------|XX|                            |XX|------------┘  └------------|XX|
    abcd----┘  └----|XX|            |XX|----┘  └----|XX|            |XX|----┘  └----|XX|            |XX|----┘  └----|XX|            |XX|----┘  └----|XX|            |XX|----┘  └----|XX|            |XX|----┘  └----|XX|            |XX|----┘  └----|XX|
|XX|┘  └|XX|    |XX|┘  └|XX|    |XX|┘  └|XX|    |XX|┘  └|XX|    |XX|┘  └|XX|    |XX|┘  └|XX|    |XX|┘  └|XX|    |XX|┘  └|XX|    |XX|┘  └|XX|    |XX|┘  └|XX|    |XX|┘  └|XX|    |XX|┘  └|XX|    |XX|┘  └|XX|    |XX|┘  └|XX|    |XX|┘  └|XX|    |XX|┘  └|XX|
}
-------------------------------------------------------------------------------------> [37;42m ✓ [0m
build_expr("a b c d<i1<i2>o1>o2")---------------------------------------------------------
[0;36mEND Lexer():
 - tok_lst	={-1,a,0}-->{0, ,0}-->{-1,b,0}-->{0, ,0}-->{-1,c,0}-->{0, ,0}-->{-1,d,0}-->{10,<,0}-->{-1,i1,0}-->{10,<,0}-->{-1,i2,0}-->{13,>,0}-->{-1,o1,0}-->{13,>,0}-->{-1,o2,0}-->NULL
[0mbtree_res=
{
                                                                                                                             <i1
                                                             <i2------------------------------------------------------------┘  └------------------------------------------------------------|XX|
                             >o1----------------------------┘  └----------------------------|XX|                                                            |XX|----------------------------┘  └----------------------------|XX|
             >o2------------┘  └------------|XX|                            |XX|------------┘  └------------|XX|                            |XX|------------┘  └------------|XX|                            |XX|------------┘  └------------|XX|
    abcd----┘  └----|XX|            |XX|----┘  └----|XX|            |XX|----┘  └----|XX|            |XX|----┘  └----|XX|            |XX|----┘  └----|XX|            |XX|----┘  └----|XX|            |XX|----┘  └----|XX|            |XX|----┘  └----|XX|
|XX|┘  └|XX|    |XX|┘  └|XX|    |XX|┘  └|XX|    |XX|┘  └|XX|    |XX|┘  └|XX|    |XX|┘  └|XX|    |XX|┘  └|XX|    |XX|┘  └|XX|    |XX|┘  └|XX|    |XX|┘  └|XX|    |XX|┘  └|XX|    |XX|┘  └|XX|    |XX|┘  └|XX|    |XX|┘  └|XX|    |XX|┘  └|XX|    |XX|┘  └|XX|
}
data->ast=
{
                                                                                                                             <i1
                                                             <i2------------------------------------------------------------┘  └------------------------------------------------------------|XX|
                             >o1----------------------------┘  └----------------------------|XX|                                                            |XX|----------------------------┘  └----------------------------|XX|
             >o2------------┘  └------------|XX|                            |XX|------------┘  └------------|XX|                            |XX|------------┘  └------------|XX|                            |XX|------------┘  └------------|XX|
    abcd----┘  └----|XX|            |XX|----┘  └----|XX|            |XX|----┘  └----|XX|            |XX|----┘  └----|XX|            |XX|----┘  └----|XX|            |XX|----┘  └----|XX|            |XX|----┘  └----|XX|            |XX|----┘  └----|XX|
|XX|┘  └|XX|    |XX|┘  └|XX|    |XX|┘  └|XX|    |XX|┘  └|XX|    |XX|┘  └|XX|    |XX|┘  └|XX|    |XX|┘  └|XX|    |XX|┘  └|XX|    |XX|┘  └|XX|    |XX|┘  └|XX|    |XX|┘  └|XX|    |XX|┘  └|XX|    |XX|┘  └|XX|    |XX|┘  └|XX|    |XX|┘  └|XX|    |XX|┘  └|XX|
}
-------------------------------------------------------------------------------------> [37;42m ✓ [0m
build_expr("<i1<i2>o1>o2 a b c d")--------------------------------------------------------
[0;36mEND Lexer():
 - tok_lst	={10,<,0}-->{-1,i1,0}-->{10,<,0}-->{-1,i2,0}-->{13,>,0}-->{-1,o1,0}-->{13,>,0}-->{-1,o2,0}-->{0, ,0}-->{-1,a,0}-->{0, ,0}-->{-1,b,0}-->{0, ,0}-->{-1,c,0}-->{0, ,0}-->{-1,d,0}-->NULL
[0mbtree_res=
{
                                                                                                                             <i1
                                                             <i2------------------------------------------------------------┘  └------------------------------------------------------------|XX|
                             >o1----------------------------┘  └----------------------------|XX|                                                            |XX|----------------------------┘  └----------------------------|XX|
             >o2------------┘  └------------|XX|                            |XX|------------┘  └------------|XX|                            |XX|------------┘  └------------|XX|                            |XX|------------┘  └------------|XX|
    abcd----┘  └----|XX|            |XX|----┘  └----|XX|            |XX|----┘  └----|XX|            |XX|----┘  └----|XX|            |XX|----┘  └----|XX|            |XX|----┘  └----|XX|            |XX|----┘  └----|XX|            |XX|----┘  └----|XX|
|XX|┘  └|XX|    |XX|┘  └|XX|    |XX|┘  └|XX|    |XX|┘  └|XX|    |XX|┘  └|XX|    |XX|┘  └|XX|    |XX|┘  └|XX|    |XX|┘  └|XX|    |XX|┘  └|XX|    |XX|┘  └|XX|    |XX|┘  └|XX|    |XX|┘  └|XX|    |XX|┘  └|XX|    |XX|┘  └|XX|    |XX|┘  └|XX|    |XX|┘  └|XX|
}
data->ast=
{
                                                                                                                             <i1
                                                             <i2------------------------------------------------------------┘  └------------------------------------------------------------|XX|
                             >o1----------------------------┘  └----------------------------|XX|                                                            |XX|----------------------------┘  └----------------------------|XX|
             >o2------------┘  └------------|XX|                            |XX|------------┘  └------------|XX|                            |XX|------------┘  └------------|XX|                            |XX|------------┘  └------------|XX|
    abcd----┘  └----|XX|            |XX|----┘  └----|XX|            |XX|----┘  └----|XX|            |XX|----┘  └----|XX|            |XX|----┘  └----|XX|            |XX|----┘  └----|XX|            |XX|----┘  └----|XX|            |XX|----┘  └----|XX|
|XX|┘  └|XX|    |XX|┘  └|XX|    |XX|┘  └|XX|    |XX|┘  └|XX|    |XX|┘  └|XX|    |XX|┘  └|XX|    |XX|┘  └|XX|    |XX|┘  └|XX|    |XX|┘  └|XX|    |XX|┘  └|XX|    |XX|┘  └|XX|    |XX|┘  └|XX|    |XX|┘  └|XX|    |XX|┘  └|XX|    |XX|┘  └|XX|    |XX|┘  └|XX|
}
-------------------------------------------------------------------------------------> [37;42m ✓ [0m
[97;100m=[0m[97;100m=[0m[97;100m=[0m[97;100m=[0m[97;100m=[0m[97;100m=[0m[97;100m=[0m[97;100m=[0m[97;100m=[0m[97;100m=[0m[97;100m=[0m[97;100m=[0m[97;100m=[0m[97;100m=[0m[97;100m=[0m[97;100m=[0m[97;100m=[0m[97;100m=[0m[97;100m=[0m[97;100m=[0m[97;100m=[0m[97;100m=[0m[97;100m=[0m[97;100m=[0m[97;100m=[0m[97;100m=[0m[97;100m=[0m[97;100m=[0m[97;100m=[0m[97;100m=[0m[97;100m=[0m[97;100m=[0m[97;100m=[0m[97;100m=[0m[97;100m=[0m[97;100m=[0m[97;100m=[0m[97;100m=[0m[97;100m=[0m[97;100m=[0m[97;100m=[0m[97;100m=[0m[97;100m=[0m[97;100m=[0m[97;100m=[0m[97;100m=[0m[97;100m=[0m[97;100m=[0m[97;100m=[0m[97;100m=[0m[97;100m=[0m[97;100m=[0m[97;100m=[0m[97;100m=[0m[97;100m=[0m[97;100m=[0m[97;100m=[0m[97;100m=[0m[97;100m=[0m[97;100m=[0m[97;100m=[0m[97;100m=[0m[97;100m=[0m[97;100m=[0m[97;100m=[0m[97;100m=[0m[97;100m=[0m[97;100m=[0m[97;100m=[0m[97;100m=[0m[97;100m=[0m[97;100m=[0m[97;100m=[0m[97;100m=[0m[97;100m=[0m[97;100m=[0m[97;100m=[0m[97;100m=[0m[97;100m=[0m[97;100m=[0m[97;100m=[0m[97;100m=[0m[97;100m=[0m[97;100m=[0m[97;100m=[0m[97;100m=[0m[97;100m=[0m[97;100m=[0m[97;100m=[0m[97;100m=[0m

==524473== 
==524473== FILE DESCRIPTORS: 3 open (3 std) at exit.
==524473== 
==524473== HEAP SUMMARY:
==524473==     in use at exit: 0 bytes in 0 blocks
==524473==   total heap usage: 17,104 allocs, 17,104 frees, 471,715 bytes allocated
==524473== 
==524473== All heap blocks were freed -- no leaks are possible
==524473== 
==524473== For lists of detected and suppressed errors, rerun with: -s
==524473== ERROR SUMMARY: 0 errors from 0 contexts (suppressed: 0 from 0)
