
=[ CAS:NULL ]==============================================================================
set_tok_lst_type(<(null)>)----------------------------------------------------------------
[0;31mERROR:build_tok_lst_split_by_quotes():!str[0m
after split_by_quote tok_lst=NULL
after split_by_spaces=NULL
after split_by_operators=NULL
after split_by_contiguous_single_quotes=NULL[0;31mset_tok_lst_type():!tok_lst[0m
after set_tok_lst_type=NULL
---------------------------------------------------------------------------------------> ✅
set_tok_lst_type(<>)----------------------------------------------------------------------

after split_by_quote tok_lst=NULL
after split_by_spaces=NULL
after split_by_operators=NULL
after split_by_contiguous_single_quotes=NULL[0;31mset_tok_lst_type():!tok_lst[0m
after set_tok_lst_type=NULL
---------------------------------------------------------------------------------------> ✅

=[ F| ONLY OPERATOR ]======================================================================
set_tok_lst_type(<< << <<< <<<< <<<<< <<<<<<>)--------------------------------------------

after split_by_quote tok_lst={< << <<< <<<< <<<<< <<<<<<,-1,0,0}-->NULL
after split_by_spaces={<,-1,0,0}-->{ ,-1,0,0}-->{<<,-1,0,0}-->{ ,-1,0,0}-->{<<<,-1,0,0}-->{ ,-1,0,0}-->{<<<<,-1,0,0}-->{ ,-1,0,0}-->{<<<<<,-1,0,0}-->{ ,-1,0,0}-->{<<<<<<,-1,0,0}-->NULL
after split_by_operators={<,-1,0,0}-->{ ,-1,0,0}-->{<<,-1,0,0}-->{ ,-1,0,0}-->{<<<,-1,0,0}-->{ ,-1,0,0}-->{<<<<,-1,0,0}-->{ ,-1,0,0}-->{<<<<<,-1,0,0}-->{ ,-1,0,0}-->{<<<<<<,-1,0,0}-->NULL
after split_by_contiguous_single_quotes={<,-1,0,0}-->{ ,-1,0,0}-->{<<,-1,0,0}-->{ ,-1,0,0}-->{<<<,-1,0,0}-->{ ,-1,0,0}-->{<<<<,-1,0,0}-->{ ,-1,0,0}-->{<<<<<,-1,0,0}-->{ ,-1,0,0}-->{<<<<<<,-1,0,0}-->NULL
after set_tok_lst_type={<,10,0,0}-->{ ,0,0,0}-->{<<,11,0,0}-->{ ,0,0,0}-->{<<<,12,0,0}-->{ ,0,0,0}-->{<<<<,42,0,0}-->{ ,0,0,0}-->{<<<<<,42,0,0}-->{ ,0,0,0}-->{<<<<<<,42,0,0}-->NULL
tab_res=["<", " ", "<<", " ", "<<<", " ", "<<<<", " ", "<<<<<", " ", "<<<<<<", NULL]
tok_lst={<,10,0,0}-->{ ,0,0,0}-->{<<,11,0,0}-->{ ,0,0,0}-->{<<<,12,0,0}-->{ ,0,0,0}-->{<<<<,42,0,0}-->{ ,0,0,0}-->{<<<<<,42,0,0}-->{ ,0,0,0}-->{<<<<<<,42,0,0}-->NULL
---------------------------------------------------------------------------------------> ✅
set_tok_lst_type(<> >> >>> >>>> >>>>> >>>>>>>)--------------------------------------------

after split_by_quote tok_lst={> >> >>> >>>> >>>>> >>>>>>,-1,0,0}-->NULL
after split_by_spaces={>,-1,0,0}-->{ ,-1,0,0}-->{>>,-1,0,0}-->{ ,-1,0,0}-->{>>>,-1,0,0}-->{ ,-1,0,0}-->{>>>>,-1,0,0}-->{ ,-1,0,0}-->{>>>>>,-1,0,0}-->{ ,-1,0,0}-->{>>>>>>,-1,0,0}-->NULL
after split_by_operators={>,-1,0,0}-->{ ,-1,0,0}-->{>>,-1,0,0}-->{ ,-1,0,0}-->{>>>,-1,0,0}-->{ ,-1,0,0}-->{>>>>,-1,0,0}-->{ ,-1,0,0}-->{>>>>>,-1,0,0}-->{ ,-1,0,0}-->{>>>>>>,-1,0,0}-->NULL
after split_by_contiguous_single_quotes={>,-1,0,0}-->{ ,-1,0,0}-->{>>,-1,0,0}-->{ ,-1,0,0}-->{>>>,-1,0,0}-->{ ,-1,0,0}-->{>>>>,-1,0,0}-->{ ,-1,0,0}-->{>>>>>,-1,0,0}-->{ ,-1,0,0}-->{>>>>>>,-1,0,0}-->NULL
after set_tok_lst_type={>,13,0,0}-->{ ,0,0,0}-->{>>,14,0,0}-->{ ,0,0,0}-->{>>>,42,0,0}-->{ ,0,0,0}-->{>>>>,42,0,0}-->{ ,0,0,0}-->{>>>>>,42,0,0}-->{ ,0,0,0}-->{>>>>>>,42,0,0}-->NULL
tab_res=[">", " ", ">>", " ", ">>>", " ", ">>>>", " ", ">>>>>", " ", ">>>>>>", NULL]
tok_lst={>,13,0,0}-->{ ,0,0,0}-->{>>,14,0,0}-->{ ,0,0,0}-->{>>>,42,0,0}-->{ ,0,0,0}-->{>>>>,42,0,0}-->{ ,0,0,0}-->{>>>>>,42,0,0}-->{ ,0,0,0}-->{>>>>>>,42,0,0}-->NULL
---------------------------------------------------------------------------------------> ✅
set_tok_lst_type(<| || ||| |||| ||||| ||||||>)--------------------------------------------

after split_by_quote tok_lst={| || ||| |||| ||||| ||||||,-1,0,0}-->NULL
after split_by_spaces={|,-1,0,0}-->{ ,-1,0,0}-->{||,-1,0,0}-->{ ,-1,0,0}-->{|||,-1,0,0}-->{ ,-1,0,0}-->{||||,-1,0,0}-->{ ,-1,0,0}-->{|||||,-1,0,0}-->{ ,-1,0,0}-->{||||||,-1,0,0}-->NULL
after split_by_operators={|,-1,0,0}-->{ ,-1,0,0}-->{||,-1,0,0}-->{ ,-1,0,0}-->{|||,-1,0,0}-->{ ,-1,0,0}-->{||||,-1,0,0}-->{ ,-1,0,0}-->{|||||,-1,0,0}-->{ ,-1,0,0}-->{||||||,-1,0,0}-->NULL
after split_by_contiguous_single_quotes={|,-1,0,0}-->{ ,-1,0,0}-->{||,-1,0,0}-->{ ,-1,0,0}-->{|||,-1,0,0}-->{ ,-1,0,0}-->{||||,-1,0,0}-->{ ,-1,0,0}-->{|||||,-1,0,0}-->{ ,-1,0,0}-->{||||||,-1,0,0}-->NULL
after set_tok_lst_type={|,15,0,0}-->{ ,0,0,0}-->{||,20,0,0}-->{ ,0,0,0}-->{|||,42,0,0}-->{ ,0,0,0}-->{||||,42,0,0}-->{ ,0,0,0}-->{|||||,42,0,0}-->{ ,0,0,0}-->{||||||,42,0,0}-->NULL
tab_res=["|", " ", "||", " ", "|||", " ", "||||", " ", "|||||", " ", "||||||", NULL]
tok_lst={|,15,0,0}-->{ ,0,0,0}-->{||,20,0,0}-->{ ,0,0,0}-->{|||,42,0,0}-->{ ,0,0,0}-->{||||,42,0,0}-->{ ,0,0,0}-->{|||||,42,0,0}-->{ ,0,0,0}-->{||||||,42,0,0}-->NULL
---------------------------------------------------------------------------------------> ✅
set_tok_lst_type(<& && &&& &&&& &&&&& &&&&&&>)--------------------------------------------

after split_by_quote tok_lst={& && &&& &&&& &&&&& &&&&&&,-1,0,0}-->NULL
after split_by_spaces={&,-1,0,0}-->{ ,-1,0,0}-->{&&,-1,0,0}-->{ ,-1,0,0}-->{&&&,-1,0,0}-->{ ,-1,0,0}-->{&&&&,-1,0,0}-->{ ,-1,0,0}-->{&&&&&,-1,0,0}-->{ ,-1,0,0}-->{&&&&&&,-1,0,0}-->NULL
after split_by_operators={&,-1,0,0}-->{ ,-1,0,0}-->{&&,-1,0,0}-->{ ,-1,0,0}-->{&&&,-1,0,0}-->{ ,-1,0,0}-->{&&&&,-1,0,0}-->{ ,-1,0,0}-->{&&&&&,-1,0,0}-->{ ,-1,0,0}-->{&&&&&&,-1,0,0}-->NULL
after split_by_contiguous_single_quotes={&,-1,0,0}-->{ ,-1,0,0}-->{&&,-1,0,0}-->{ ,-1,0,0}-->{&&&,-1,0,0}-->{ ,-1,0,0}-->{&&&&,-1,0,0}-->{ ,-1,0,0}-->{&&&&&,-1,0,0}-->{ ,-1,0,0}-->{&&&&&&,-1,0,0}-->NULL
after set_tok_lst_type={&,42,0,0}-->{ ,0,0,0}-->{&&,21,0,0}-->{ ,0,0,0}-->{&&&,42,0,0}-->{ ,0,0,0}-->{&&&&,42,0,0}-->{ ,0,0,0}-->{&&&&&,42,0,0}-->{ ,0,0,0}-->{&&&&&&,42,0,0}-->NULL
tab_res=["&", " ", "&&", " ", "&&&", " ", "&&&&", " ", "&&&&&", " ", "&&&&&&", NULL]
tok_lst={&,42,0,0}-->{ ,0,0,0}-->{&&,21,0,0}-->{ ,0,0,0}-->{&&&,42,0,0}-->{ ,0,0,0}-->{&&&&,42,0,0}-->{ ,0,0,0}-->{&&&&&,42,0,0}-->{ ,0,0,0}-->{&&&&&&,42,0,0}-->NULL
---------------------------------------------------------------------------------------> ✅
set_tok_lst_type(< <><<<< < ||| & &&&>)---------------------------------------------------

after split_by_quote tok_lst={ <><<<< < ||| & &&&,-1,0,0}-->NULL
after split_by_spaces={ ,-1,0,0}-->{<><<<<,-1,0,0}-->{ ,-1,0,0}-->{<,-1,0,0}-->{ ,-1,0,0}-->{|||,-1,0,0}-->{ ,-1,0,0}-->{&,-1,0,0}-->{ ,-1,0,0}-->{&&&,-1,0,0}-->NULL
after split_by_operators={ ,-1,0,0}-->{<,-1,0,0}-->{>,-1,0,0}-->{<<<<,-1,0,0}-->{ ,-1,0,0}-->{<,-1,0,0}-->{ ,-1,0,0}-->{|||,-1,0,0}-->{ ,-1,0,0}-->{&,-1,0,0}-->{ ,-1,0,0}-->{&&&,-1,0,0}-->NULL
after split_by_contiguous_single_quotes={ ,-1,0,0}-->{<,-1,0,0}-->{>,-1,0,0}-->{<<<<,-1,0,0}-->{ ,-1,0,0}-->{<,-1,0,0}-->{ ,-1,0,0}-->{|||,-1,0,0}-->{ ,-1,0,0}-->{&,-1,0,0}-->{ ,-1,0,0}-->{&&&,-1,0,0}-->NULL
after set_tok_lst_type={ ,0,0,0}-->{<,10,0,0}-->{>,13,0,0}-->{<<<<,42,0,0}-->{ ,0,0,0}-->{<,10,0,0}-->{ ,0,0,0}-->{|||,42,0,0}-->{ ,0,0,0}-->{&,42,0,0}-->{ ,0,0,0}-->{&&&,42,0,0}-->NULL
tab_res=[" ", "<", ">", "<<<<", " ", "<", " ", "|||", " ", "&", " ", "&&&", NULL]
tok_lst={ ,0,0,0}-->{<,10,0,0}-->{>,13,0,0}-->{<<<<,42,0,0}-->{ ,0,0,0}-->{<,10,0,0}-->{ ,0,0,0}-->{|||,42,0,0}-->{ ,0,0,0}-->{&,42,0,0}-->{ ,0,0,0}-->{&&&,42,0,0}-->NULL
---------------------------------------------------------------------------------------> ✅

=[ D| WITH OPERATOR ]======================================================================
set_tok_lst_type(<    'e'"c"ho  toto&&echo OK||echo  KO>)---------------------------------

after split_by_quote tok_lst={    ,-1,0,0}-->{'e',-1,',0}-->{"c",-1,",0}-->{ho  toto&&echo OK||echo  KO,-1,0,0}-->NULL
after split_by_spaces={ ,-1,0,0}-->{'e',-1,',0}-->{"c",-1,",0}-->{ho,-1,0,0}-->{ ,-1,0,0}-->{toto&&echo,-1,0,0}-->{ ,-1,0,0}-->{OK||echo,-1,0,0}-->{ ,-1,0,0}-->{KO,-1,0,0}-->NULL
after split_by_operators={ ,-1,0,0}-->{'e',-1,',0}-->{"c",-1,",0}-->{ho,-1,0,0}-->{ ,-1,0,0}-->{toto,-1,0,0}-->{&&,-1,0,0}-->{echo,-1,0,0}-->{ ,-1,0,0}-->{OK,-1,0,0}-->{||,-1,0,0}-->{echo,-1,0,0}-->{ ,-1,0,0}-->{KO,-1,0,0}-->NULL
after split_by_contiguous_single_quotes={ ,-1,0,0}-->{'e'"c"ho,-1,0,0}-->{ ,-1,0,0}-->{toto,-1,0,0}-->{&&,-1,0,0}-->{echo,-1,0,0}-->{ ,-1,0,0}-->{OK,-1,0,0}-->{||,-1,0,0}-->{echo,-1,0,0}-->{ ,-1,0,0}-->{KO,-1,0,0}-->NULL
after set_tok_lst_type={ ,0,0,0}-->{'e'"c"ho,-1,0,0}-->{ ,0,0,0}-->{toto,-1,0,0}-->{&&,21,0,0}-->{echo,-1,0,0}-->{ ,0,0,0}-->{OK,-1,0,0}-->{||,20,0,0}-->{echo,-1,0,0}-->{ ,0,0,0}-->{KO,-1,0,0}-->NULL
tab_res=[" ", "'e'"c"ho", " ", "toto", "&&", "echo", " ", "OK", "||", "echo", " ", "KO", NULL]
tok_lst={ ,0,0,0}-->{'e'"c"ho,-1,0,0}-->{ ,0,0,0}-->{toto,-1,0,0}-->{&&,21,0,0}-->{echo,-1,0,0}-->{ ,0,0,0}-->{OK,-1,0,0}-->{||,20,0,0}-->{echo,-1,0,0}-->{ ,0,0,0}-->{KO,-1,0,0}-->NULL
---------------------------------------------------------------------------------------> ✅
EXIT_VALUE=0
