[0;31mERRORbuild_tok_lst_split_by_quotes():!str[0m

[97;100m=[0m[97;100m[ 0| NULL CASES (cases never happen in minishell/main.c) ][97;100m=[0m[97;100m=[0m[97;100m=[0m[97;100m=[0m[97;100m=[0m[97;100m=[0m[97;100m=[0m[97;100m=[0m[97;100m=[0m[97;100m=[0m[97;100m=[0m[97;100m=[0m[97;100m=[0m[97;100m=[0m[97;100m=[0m[97;100m=[0m[97;100m=[0m[97;100m=[0m[97;100m=[0m[97;100m=[0m[97;100m=[0m[97;100m=[0m[97;100m=[0m[97;100m=[0m[97;100m=[0m[97;100m=[0m[97;100m=[0m[97;100m=[0m[97;100m=[0m[97;100m=[0m[97;100m=[0m[0m
[0;36m*[0m[0;36m( str==NULL )[0;36m*[0m[0;36m*[0m[0;36m*[0m[0;36m*[0m[0;36m*[0m[0;36m*[0m[0;36m*[0m[0;36m*[0m[0;36m*[0m[0;36m*[0m[0;36m*[0m[0;36m*[0m[0;36m*[0m[0;36m*[0m[0;36m*[0m[0;36m*[0m[0;36m*[0m[0;36m*[0m[0;36m*[0m[0;36m*[0m[0;36m*[0m[0;36m*[0m[0;36m*[0m[0;36m*[0m[0;36m*[0m[0;36m*[0m[0;36m*[0m[0;36m*[0m[0;36m*[0m[0;36m*[0m[0;36m*[0m[0;36m*[0m[0;36m*[0m[0;36m*[0m[0;36m*[0m[0;36m*[0m[0;36m*[0m[0;36m*[0m[0;36m*[0m[0;36m*[0m[0;36m*[0m[0;36m*[0m[0;36m*[0m[0;36m*[0m[0;36m*[0m[0;36m*[0m[0;36m*[0m[0;36m*[0m[0;36m*[0m[0;36m*[0m[0;36m*[0m[0;36m*[0m[0;36m*[0m[0;36m*[0m[0;36m*[0m[0;36m*[0m[0;36m*[0m[0;36m*[0m[0;36m*[0m[0;36m*[0m[0;36m*[0m[0;36m*[0m[0;36m*[0m[0;36m*[0m[0;36m*[0m[0;36m*[0m[0;36m*[0m[0;36m*[0m[0;36m*[0m[0;36m*[0m[0;36m*[0m[0;36m*[0m[0;36m*[0m[0;36m*[0m[0;36m*[0m[0;36m*[0m[0m
check_lexical_rules([0;36m(null)[0m)---------------------------------------------------------------
[0;32mtok_lst == tab_res == NULL
[0m-------------------------------------------------------------------------------------> [37;42m ✓ [0m
[0;36m*[0m[0;36m*[0m[0;36m*[0m[0;36m*[0m[0;36m*[0m[0;36m*[0m[0;36m*[0m[0;36m*[0m[0;36m*[0m[0;36m*[0m[0;36m*[0m[0;36m*[0m[0;36m*[0m[0;36m*[0m[0;36m*[0m[0;36m*[0m[0;36m*[0m[0;36m*[0m[0;36m*[0m[0;36m*[0m[0;36m*[0m[0;36m*[0m[0;36m*[0m[0;36m*[0m[0;36m*[0m[0;36m*[0m[0;36m*[0m[0;36m*[0m[0;36m*[0m[0;36m*[0m[0;36m*[0m[0;36m*[0m[0;36m*[0m[0;36m*[0m[0;36m*[0m[0;36m*[0m[0;36m*[0m[0;36m*[0m[0;36m*[0m[0;36m*[0m[0;36m*[0m[0;36m*[0m[0;36m*[0m[0;36m*[0m[0;36m*[0m[0;36m*[0m[0;36m*[0m[0;36m*[0m[0;36m*[0m[0;36m*[0m[0;36m*[0m[0;36m*[0m[0;36m*[0m[0;36m*[0m[0;36m*[0m[0;36m*[0m[0;36m*[0m[0;36m*[0m[0;36m*[0m[0;36m*[0m[0;36m*[0m[0;36m*[0m[0;36m*[0m[0;36m*[0m[0;36m*[0m[0;36m*[0m[0;36m*[0m[0;36m*[0m[0;36m*[0m[0;36m*[0m[0;36m*[0m[0;36m*[0m[0;36m*[0m[0;36m*[0m[0;36m*[0m[0;36m*[0m[0;36m*[0m[0;36m*[0m[0;36m*[0m[0;36m*[0m[0;36m*[0m[0;36m*[0m[0;36m*[0m[0;36m*[0m[0;36m*[0m[0;36m*[0m[0;36m*[0m[0;36m*[0m[0;36m*[0m[0;36m*[0m

[0;36m*[0m[0;36m( str==Empty )[0;36m*[0m[0;36m*[0m[0;36m*[0m[0;36m*[0m[0;36m*[0m[0;36m*[0m[0;36m*[0m[0;36m*[0m[0;36m*[0m[0;36m*[0m[0;36m*[0m[0;36m*[0m[0;36m*[0m[0;36m*[0m[0;36m*[0m[0;36m*[0m[0;36m*[0m[0;36m*[0m[0;36m*[0m[0;36m*[0m[0;36m*[0m[0;36m*[0m[0;36m*[0m[0;36m*[0m[0;36m*[0m[0;36m*[0m[0;36m*[0m[0;36m*[0m[0;36m*[0m[0;36m*[0m[0;36m*[0m[0;36m*[0m[0;36m*[0m[0;36m*[0m[0;36m*[0m[0;36m*[0m[0;36m*[0m[0;36m*[0m[0;36m*[0m[0;36m*[0m[0;36m*[0m[0;36m*[0m[0;36m*[0m[0;36m*[0m[0;36m*[0m[0;36m*[0m[0;36m*[0m[0;36m*[0m[0;36m*[0m[0;36m*[0m[0;36m*[0m[0;36m*[0m[0;36m*[0m[0;36m*[0m[0;36m*[0m[0;36m*[0m[0;36m*[0m[0;36m*[0m[0;36m*[0m[0;36m*[0m[0;36m*[0m[0;36m*[0m[0;36m*[0m[0;36m*[0m[0;36m*[0m[0;36m*[0m[0;36m*[0m[0;36m*[0m[0;36m*[0m[0;36m*[0m[0;36m*[0m[0;36m*[0m[0;36m*[0m[0;36m*[0m[0;36m*[0m[0m
check_lexical_rules([0;36m[0m)---------------------------------------------------------------------
[0;32mtok_lst == tab_res == NULL
[0m-------------------------------------------------------------------------------------> [37;42m ✓ [0m
[0;36m*[0m[0;36m*[0m[0;36m*[0m[0;36m*[0m[0;36m*[0m[0;36m*[0m[0;36m*[0m[0;36m*[0m[0;36m*[0m[0;36m*[0m[0;36m*[0m[0;36m*[0m[0;36m*[0m[0;36m*[0m[0;36m*[0m[0;36m*[0m[0;36m*[0m[0;36m*[0m[0;36m*[0m[0;36m*[0m[0;36m*[0m[0;36m*[0m[0;36m*[0m[0;36m*[0m[0;36m*[0m[0;36m*[0m[0;36m*[0m[0;36m*[0m[0;36m*[0m[0;36m*[0m[0;36m*[0m[0;36m*[0m[0;36m*[0m[0;36m*[0m[0;36m*[0m[0;36m*[0m[0;36m*[0m[0;36m*[0m[0;36m*[0m[0;36m*[0m[0;36m*[0m[0;36m*[0m[0;36m*[0m[0;36m*[0m[0;36m*[0m[0;36m*[0m[0;36m*[0m[0;36m*[0m[0;36m*[0m[0;36m*[0m[0;36m*[0m[0;36m*[0m[0;36m*[0m[0;36m*[0m[0;36m*[0m[0;36m*[0m[0;36m*[0m[0;36m*[0m[0;36m*[0m[0;36m*[0m[0;36m*[0m[0;36m*[0m[0;36m*[0m[0;36m*[0m[0;36m*[0m[0;36m*[0m[0;36m*[0m[0;36m*[0m[0;36m*[0m[0;36m*[0m[0;36m*[0m[0;36m*[0m[0;36m*[0m[0;36m*[0m[0;36m*[0m[0;36m*[0m[0;36m*[0m[0;36m*[0m[0;36m*[0m[0;36m*[0m[0;36m*[0m[0;36m*[0m[0;36m*[0m[0;36m*[0m[0;36m*[0m[0;36m*[0m[0;36m*[0m[0;36m*[0m[0;36m*[0m[0;36m*[0m

[97;100m=[0m[97;100m=[0m[97;100m=[0m[97;100m=[0m[97;100m=[0m[97;100m=[0m[97;100m=[0m[97;100m=[0m[97;100m=[0m[97;100m=[0m[97;100m=[0m[97;100m=[0m[97;100m=[0m[97;100m=[0m[97;100m=[0m[97;100m=[0m[97;100m=[0m[97;100m=[0m[97;100m=[0m[97;100m=[0m[97;100m=[0m[97;100m=[0m[97;100m=[0m[97;100m=[0m[97;100m=[0m[97;100m=[0m[97;100m=[0m[97;100m=[0m[97;100m=[0m[97;100m=[0m[97;100m=[0m[97;100m=[0m[97;100m=[0m[97;100m=[0m[97;100m=[0m[97;100m=[0m[97;100m=[0m[97;100m=[0m[97;100m=[0m[97;100m=[0m[97;100m=[0m[97;100m=[0m[97;100m=[0m[97;100m=[0m[97;100m=[0m[97;100m=[0m[97;100m=[0m[97;100m=[0m[97;100m=[0m[97;100m=[0m[97;100m=[0m[97;100m=[0m[97;100m=[0m[97;100m=[0m[97;100m=[0m[97;100m=[0m[97;100m=[0m[97;100m=[0m[97;100m=[0m[97;100m=[0m[97;100m=[0m[97;100m=[0m[97;100m=[0m[97;100m=[0m[97;100m=[0m[97;100m=[0m[97;100m=[0m[97;100m=[0m[97;100m=[0m[97;100m=[0m[97;100m=[0m[97;100m=[0m[97;100m=[0m[97;100m=[0m[97;100m=[0m[97;100m=[0m[97;100m=[0m[97;100m=[0m[97;100m=[0m[97;100m=[0m[97;100m=[0m[97;100m=[0m[97;100m=[0m[97;100m=[0m[97;100m=[0m[97;100m=[0m[97;100m=[0m[97;100m=[0m[97;100m=[0m[97;100m=[0m

[97;100m=[0m[97;100m[ A| PASS COMMANDS ][97;100m=[0m[97;100m=[0m[97;100m=[0m[97;100m=[0m[97;100m=[0m[97;100m=[0m[97;100m=[0m[97;100m=[0m[97;100m=[0m[97;100m=[0m[97;100m=[0m[97;100m=[0m[97;100m=[0m[97;100m=[0m[97;100m=[0m[97;100m=[0m[97;100m=[0m[97;100m=[0m[97;100m=[0m[97;100m=[0m[97;100m=[0m[97;100m=[0m[97;100m=[0m[97;100m=[0m[97;100m=[0m[97;100m=[0m[97;100m=[0m[97;100m=[0m[97;100m=[0m[97;100m=[0m[97;100m=[0m[97;100m=[0m[97;100m=[0m[97;100m=[0m[97;100m=[0m[97;100m=[0m[97;100m=[0m[97;100m=[0m[97;100m=[0m[97;100m=[0m[97;100m=[0m[97;100m=[0m[97;100m=[0m[97;100m=[0m[97;100m=[0m[97;100m=[0m[97;100m=[0m[97;100m=[0m[97;100m=[0m[97;100m=[0m[97;100m=[0m[97;100m=[0m[97;100m=[0m[97;100m=[0m[97;100m=[0m[97;100m=[0m[97;100m=[0m[97;100m=[0m[97;100m=[0m[97;100m=[0m[97;100m=[0m[97;100m=[0m[97;100m=[0m[97;100m=[0m[97;100m=[0m[97;100m=[0m[97;100m=[0m[97;100m=[0m[97;100m=[0m[0m
[0;36m*[0m[0;36m( Only unset and spaces-> check if quotes is count as one UNSET )[0;36m*[0m[0;36m*[0m[0;36m*[0m[0;36m*[0m[0;36m*[0m[0;36m*[0m[0;36m*[0m[0;36m*[0m[0;36m*[0m[0;36m*[0m[0;36m*[0m[0;36m*[0m[0;36m*[0m[0;36m*[0m[0;36m*[0m[0;36m*[0m[0;36m*[0m[0;36m*[0m[0;36m*[0m[0;36m*[0m[0;36m*[0m[0;36m*[0m[0;36m*[0m[0;36m*[0m[0m
check_lexical_rules([0;36m cmd1 arg1   arg2   "arg3 && arg4" [0m)----------------------------------
dt->odd_par_nbr=0
tab_res={ESP, ,0}-->{UNSET,cmd1,0}-->{ESP, ,0}-->{UNSET,arg1,0}-->{ESP, ,0}-->{UNSET,arg2,0}-->{ESP, ,0}-->{UNSET,"arg3 && arg4",0}-->{ESP, ,0}-->NULL
tok_lst={ESP, ,0}-->{UNSET,cmd1,0}-->{ESP, ,0}-->{UNSET,arg1,0}-->{ESP, ,0}-->{UNSET,arg2,0}-->{ESP, ,0}-->{UNSET,"arg3 && arg4",0}-->{ESP, ,0}-->NULL
-------------------------------------------------------------------------------------> [37;42m ✓ [0m
[0;36m*[0m[0;36m*[0m[0;36m*[0m[0;36m*[0m[0;36m*[0m[0;36m*[0m[0;36m*[0m[0;36m*[0m[0;36m*[0m[0;36m*[0m[0;36m*[0m[0;36m*[0m[0;36m*[0m[0;36m*[0m[0;36m*[0m[0;36m*[0m[0;36m*[0m[0;36m*[0m[0;36m*[0m[0;36m*[0m[0;36m*[0m[0;36m*[0m[0;36m*[0m[0;36m*[0m[0;36m*[0m[0;36m*[0m[0;36m*[0m[0;36m*[0m[0;36m*[0m[0;36m*[0m[0;36m*[0m[0;36m*[0m[0;36m*[0m[0;36m*[0m[0;36m*[0m[0;36m*[0m[0;36m*[0m[0;36m*[0m[0;36m*[0m[0;36m*[0m[0;36m*[0m[0;36m*[0m[0;36m*[0m[0;36m*[0m[0;36m*[0m[0;36m*[0m[0;36m*[0m[0;36m*[0m[0;36m*[0m[0;36m*[0m[0;36m*[0m[0;36m*[0m[0;36m*[0m[0;36m*[0m[0;36m*[0m[0;36m*[0m[0;36m*[0m[0;36m*[0m[0;36m*[0m[0;36m*[0m[0;36m*[0m[0;36m*[0m[0;36m*[0m[0;36m*[0m[0;36m*[0m[0;36m*[0m[0;36m*[0m[0;36m*[0m[0;36m*[0m[0;36m*[0m[0;36m*[0m[0;36m*[0m[0;36m*[0m[0;36m*[0m[0;36m*[0m[0;36m*[0m[0;36m*[0m[0;36m*[0m[0;36m*[0m[0;36m*[0m[0;36m*[0m[0;36m*[0m[0;36m*[0m[0;36m*[0m[0;36m*[0m[0;36m*[0m[0;36m*[0m[0;36m*[0m[0;36m*[0m[0;36m*[0m

[0;36m*[0m[0;36m( Real command with REDIR and PIPE OPERATORS )[0;36m*[0m[0;36m*[0m[0;36m*[0m[0;36m*[0m[0;36m*[0m[0;36m*[0m[0;36m*[0m[0;36m*[0m[0;36m*[0m[0;36m*[0m[0;36m*[0m[0;36m*[0m[0;36m*[0m[0;36m*[0m[0;36m*[0m[0;36m*[0m[0;36m*[0m[0;36m*[0m[0;36m*[0m[0;36m*[0m[0;36m*[0m[0;36m*[0m[0;36m*[0m[0;36m*[0m[0;36m*[0m[0;36m*[0m[0;36m*[0m[0;36m*[0m[0;36m*[0m[0;36m*[0m[0;36m*[0m[0;36m*[0m[0;36m*[0m[0;36m*[0m[0;36m*[0m[0;36m*[0m[0;36m*[0m[0;36m*[0m[0;36m*[0m[0;36m*[0m[0;36m*[0m[0;36m*[0m[0;36m*[0m[0m
check_lexical_rules([0;36m< file1 cat | cat > file2[0m)--------------------------------------------
dt->odd_par_nbr=0
tab_res={RLS,<,0}-->{ESP, ,0}-->{UNSET,file1,0}-->{ESP, ,0}-->{UNSET,cat,0}-->{ESP, ,0}-->{PIP,|,0}-->{ESP, ,0}-->{UNSET,cat,0}-->{ESP, ,0}-->{RRS,>,0}-->{ESP, ,0}-->{UNSET,file2,0}-->NULL
tok_lst={RLS,<,0}-->{ESP, ,0}-->{UNSET,file1,0}-->{ESP, ,0}-->{UNSET,cat,0}-->{ESP, ,0}-->{PIP,|,0}-->{ESP, ,0}-->{UNSET,cat,0}-->{ESP, ,0}-->{RRS,>,0}-->{ESP, ,0}-->{UNSET,file2,0}-->NULL
-------------------------------------------------------------------------------------> [37;42m ✓ [0m
[0;36m*[0m[0;36m*[0m[0;36m*[0m[0;36m*[0m[0;36m*[0m[0;36m*[0m[0;36m*[0m[0;36m*[0m[0;36m*[0m[0;36m*[0m[0;36m*[0m[0;36m*[0m[0;36m*[0m[0;36m*[0m[0;36m*[0m[0;36m*[0m[0;36m*[0m[0;36m*[0m[0;36m*[0m[0;36m*[0m[0;36m*[0m[0;36m*[0m[0;36m*[0m[0;36m*[0m[0;36m*[0m[0;36m*[0m[0;36m*[0m[0;36m*[0m[0;36m*[0m[0;36m*[0m[0;36m*[0m[0;36m*[0m[0;36m*[0m[0;36m*[0m[0;36m*[0m[0;36m*[0m[0;36m*[0m[0;36m*[0m[0;36m*[0m[0;36m*[0m[0;36m*[0m[0;36m*[0m[0;36m*[0m[0;36m*[0m[0;36m*[0m[0;36m*[0m[0;36m*[0m[0;36m*[0m[0;36m*[0m[0;36m*[0m[0;36m*[0m[0;36m*[0m[0;36m*[0m[0;36m*[0m[0;36m*[0m[0;36m*[0m[0;36m*[0m[0;36m*[0m[0;36m*[0m[0;36m*[0m[0;36m*[0m[0;36m*[0m[0;36m*[0m[0;36m*[0m[0;36m*[0m[0;36m*[0m[0;36m*[0m[0;36m*[0m[0;36m*[0m[0;36m*[0m[0;36m*[0m[0;36m*[0m[0;36m*[0m[0;36m*[0m[0;36m*[0m[0;36m*[0m[0;36m*[0m[0;36m*[0m[0;36m*[0m[0;36m*[0m[0;36m*[0m[0;36m*[0m[0;36m*[0m[0;36m*[0m[0;36m*[0m[0;36m*[0m[0;36m*[0m[0;36m*[0m[0;36m*[0m[0;36m*[0m

[0;36m*[0m[0;36m( 3 tests to check concatenation of contiguous quoted unset )[0;36m*[0m[0;36m*[0m[0;36m*[0m[0;36m*[0m[0;36m*[0m[0;36m*[0m[0;36m*[0m[0;36m*[0m[0;36m*[0m[0;36m*[0m[0;36m*[0m[0;36m*[0m[0;36m*[0m[0;36m*[0m[0;36m*[0m[0;36m*[0m[0;36m*[0m[0;36m*[0m[0;36m*[0m[0;36m*[0m[0;36m*[0m[0;36m*[0m[0;36m*[0m[0;36m*[0m[0;36m*[0m[0;36m*[0m[0;36m*[0m[0;36m*[0m[0m
check_lexical_rules([0;36m'e'''cho toto>>file1[0m)-------------------------------------------------
dt->odd_par_nbr=0
tab_res={UNSET,'e'''cho,0}-->{ESP, ,0}-->{UNSET,toto,0}-->{RRD,>>,0}-->{UNSET,file1,0}-->NULL
tok_lst={UNSET,'e'''cho,0}-->{ESP, ,0}-->{UNSET,toto,0}-->{RRD,>>,0}-->{UNSET,file1,0}-->NULL
-------------------------------------------------------------------------------------> [37;42m ✓ [0m
check_lexical_rules([0;36m    'e'"c"ho  toto&&echo OK||echo  KO[0m)--------------------------------
dt->odd_par_nbr=0
tab_res={ESP, ,0}-->{UNSET,'e'"c"ho,0}-->{ESP, ,0}-->{UNSET,toto,0}-->{OPA,&&,0}-->{UNSET,echo,0}-->{ESP, ,0}-->{UNSET,OK,0}-->{OPO,||,0}-->{UNSET,echo,0}-->{ESP, ,0}-->{UNSET,KO,0}-->NULL
tok_lst={ESP, ,0}-->{UNSET,'e'"c"ho,0}-->{ESP, ,0}-->{UNSET,toto,0}-->{OPA,&&,0}-->{UNSET,echo,0}-->{ESP, ,0}-->{UNSET,OK,0}-->{OPO,||,0}-->{UNSET,echo,0}-->{ESP, ,0}-->{UNSET,KO,0}-->NULL
-------------------------------------------------------------------------------------> [37;42m ✓ [0m
check_lexical_rules([0;36m    'e'"c"ho  toto&&echo OK||echo  KO    [0m)----------------------------
dt->odd_par_nbr=0
tab_res={ESP, ,0}-->{UNSET,'e'"c"ho,0}-->{ESP, ,0}-->{UNSET,toto,0}-->{OPA,&&,0}-->{UNSET,echo,0}-->{ESP, ,0}-->{UNSET,OK,0}-->{OPO,||,0}-->{UNSET,echo,0}-->{ESP, ,0}-->{UNSET,KO,0}-->{ESP, ,0}-->NULL
tok_lst={ESP, ,0}-->{UNSET,'e'"c"ho,0}-->{ESP, ,0}-->{UNSET,toto,0}-->{OPA,&&,0}-->{UNSET,echo,0}-->{ESP, ,0}-->{UNSET,OK,0}-->{OPO,||,0}-->{UNSET,echo,0}-->{ESP, ,0}-->{UNSET,KO,0}-->{ESP, ,0}-->NULL
-------------------------------------------------------------------------------------> [37;42m ✓ [0m
[0;36m*[0m[0;36m*[0m[0;36m*[0m[0;36m*[0m[0;36m*[0m[0;36m*[0m[0;36m*[0m[0;36m*[0m[0;36m*[0m[0;36m*[0m[0;36m*[0m[0;36m*[0m[0;36m*[0m[0;36m*[0m[0;36m*[0m[0;36m*[0m[0;36m*[0m[0;36m*[0m[0;36m*[0m[0;36m*[0m[0;36m*[0m[0;36m*[0m[0;36m*[0m[0;36m*[0m[0;36m*[0m[0;36m*[0m[0;36m*[0m[0;36m*[0m[0;36m*[0m[0;36m*[0m[0;36m*[0m[0;36m*[0m[0;36m*[0m[0;36m*[0m[0;36m*[0m[0;36m*[0m[0;36m*[0m[0;36m*[0m[0;36m*[0m[0;36m*[0m[0;36m*[0m[0;36m*[0m[0;36m*[0m[0;36m*[0m[0;36m*[0m[0;36m*[0m[0;36m*[0m[0;36m*[0m[0;36m*[0m[0;36m*[0m[0;36m*[0m[0;36m*[0m[0;36m*[0m[0;36m*[0m[0;36m*[0m[0;36m*[0m[0;36m*[0m[0;36m*[0m[0;36m*[0m[0;36m*[0m[0;36m*[0m[0;36m*[0m[0;36m*[0m[0;36m*[0m[0;36m*[0m[0;36m*[0m[0;36m*[0m[0;36m*[0m[0;36m*[0m[0;36m*[0m[0;36m*[0m[0;36m*[0m[0;36m*[0m[0;36m*[0m[0;36m*[0m[0;36m*[0m[0;36m*[0m[0;36m*[0m[0;36m*[0m[0;36m*[0m[0;36m*[0m[0;36m*[0m[0;36m*[0m[0;36m*[0m[0;36m*[0m[0;36m*[0m[0;36m*[0m[0;36m*[0m[0;36m*[0m[0;36m*[0m

[0;36m*[0m[0;36m( Check all binary operators )[0;36m*[0m[0;36m*[0m[0;36m*[0m[0;36m*[0m[0;36m*[0m[0;36m*[0m[0;36m*[0m[0;36m*[0m[0;36m*[0m[0;36m*[0m[0;36m*[0m[0;36m*[0m[0;36m*[0m[0;36m*[0m[0;36m*[0m[0;36m*[0m[0;36m*[0m[0;36m*[0m[0;36m*[0m[0;36m*[0m[0;36m*[0m[0;36m*[0m[0;36m*[0m[0;36m*[0m[0;36m*[0m[0;36m*[0m[0;36m*[0m[0;36m*[0m[0;36m*[0m[0;36m*[0m[0;36m*[0m[0;36m*[0m[0;36m*[0m[0;36m*[0m[0;36m*[0m[0;36m*[0m[0;36m*[0m[0;36m*[0m[0;36m*[0m[0;36m*[0m[0;36m*[0m[0;36m*[0m[0;36m*[0m[0;36m*[0m[0;36m*[0m[0;36m*[0m[0;36m*[0m[0;36m*[0m[0;36m*[0m[0;36m*[0m[0;36m*[0m[0;36m*[0m[0;36m*[0m[0;36m*[0m[0;36m*[0m[0;36m*[0m[0;36m*[0m[0;36m*[0m[0;36m*[0m[0m
check_lexical_rules([0;36mcmd1|cmd2&&cmd3||cmd4[0m)------------------------------------------------
dt->odd_par_nbr=0
tab_res={UNSET,cmd1,0}-->{PIP,|,0}-->{UNSET,cmd2,0}-->{OPA,&&,0}-->{UNSET,cmd3,0}-->{OPO,||,0}-->{UNSET,cmd4,0}-->NULL
tok_lst={UNSET,cmd1,0}-->{PIP,|,0}-->{UNSET,cmd2,0}-->{OPA,&&,0}-->{UNSET,cmd3,0}-->{OPO,||,0}-->{UNSET,cmd4,0}-->NULL
-------------------------------------------------------------------------------------> [37;42m ✓ [0m
check_lexical_rules([0;36m   cmd1   |   cmd2   &&   cmd3   ||   cmd4   [0m)------------------------
dt->odd_par_nbr=0
tab_res={ESP, ,0}-->{UNSET,cmd1,0}-->{ESP, ,0}-->{PIP,|,0}-->{ESP, ,0}-->{UNSET,cmd2,0}-->{ESP, ,0}-->{OPA,&&,0}-->{ESP, ,0}-->{UNSET,cmd3,0}-->{ESP, ,0}-->{OPO,||,0}-->{ESP, ,0}-->{UNSET,cmd4,0}-->{ESP, ,0}-->NULL
tok_lst={ESP, ,0}-->{UNSET,cmd1,0}-->{ESP, ,0}-->{PIP,|,0}-->{ESP, ,0}-->{UNSET,cmd2,0}-->{ESP, ,0}-->{OPA,&&,0}-->{ESP, ,0}-->{UNSET,cmd3,0}-->{ESP, ,0}-->{OPO,||,0}-->{ESP, ,0}-->{UNSET,cmd4,0}-->{ESP, ,0}-->NULL
-------------------------------------------------------------------------------------> [37;42m ✓ [0m
[0;36m*[0m[0;36m( Check all unary operators )[0;36m*[0m[0;36m*[0m[0;36m*[0m[0;36m*[0m[0;36m*[0m[0;36m*[0m[0;36m*[0m[0;36m*[0m[0;36m*[0m[0;36m*[0m[0;36m*[0m[0;36m*[0m[0;36m*[0m[0;36m*[0m[0;36m*[0m[0;36m*[0m[0;36m*[0m[0;36m*[0m[0;36m*[0m[0;36m*[0m[0;36m*[0m[0;36m*[0m[0;36m*[0m[0;36m*[0m[0;36m*[0m[0;36m*[0m[0;36m*[0m[0;36m*[0m[0;36m*[0m[0;36m*[0m[0;36m*[0m[0;36m*[0m[0;36m*[0m[0;36m*[0m[0;36m*[0m[0;36m*[0m[0;36m*[0m[0;36m*[0m[0;36m*[0m[0;36m*[0m[0;36m*[0m[0;36m*[0m[0;36m*[0m[0;36m*[0m[0;36m*[0m[0;36m*[0m[0;36m*[0m[0;36m*[0m[0;36m*[0m[0;36m*[0m[0;36m*[0m[0;36m*[0m[0;36m*[0m[0;36m*[0m[0;36m*[0m[0;36m*[0m[0;36m*[0m[0;36m*[0m[0;36m*[0m[0;36m*[0m[0m
check_lexical_rules([0;36m<f1<<f2<<<f3>f4>>f5[0m)--------------------------------------------------
dt->odd_par_nbr=0
tab_res={RLS,<,0}-->{UNSET,f1,0}-->{RLD,<<,0}-->{UNSET,f2,0}-->{RLT,<<<,0}-->{UNSET,f3,0}-->{RRS,>,0}-->{UNSET,f4,0}-->{RRD,>>,0}-->{UNSET,f5,0}-->NULL
tok_lst={RLS,<,0}-->{UNSET,f1,0}-->{RLD,<<,0}-->{UNSET,f2,0}-->{RLT,<<<,0}-->{UNSET,f3,0}-->{RRS,>,0}-->{UNSET,f4,0}-->{RRD,>>,0}-->{UNSET,f5,0}-->NULL
-------------------------------------------------------------------------------------> [37;42m ✓ [0m
check_lexical_rules([0;36m  <  f1  <<  f2  <<<  f3  >  f4  >>  f5  [0m)----------------------------
dt->odd_par_nbr=0
tab_res={ESP, ,0}-->{RLS,<,0}-->{ESP, ,0}-->{UNSET,f1,0}-->{ESP, ,0}-->{RLD,<<,0}-->{ESP, ,0}-->{UNSET,f2,0}-->{ESP, ,0}-->{RLT,<<<,0}-->{ESP, ,0}-->{UNSET,f3,0}-->{ESP, ,0}-->{RRS,>,0}-->{ESP, ,0}-->{UNSET,f4,0}-->{ESP, ,0}-->{RRD,>>,0}-->{ESP, ,0}-->{UNSET,f5,0}-->{ESP, ,0}-->NULL
tok_lst={ESP, ,0}-->{RLS,<,0}-->{ESP, ,0}-->{UNSET,f1,0}-->{ESP, ,0}-->{RLD,<<,0}-->{ESP, ,0}-->{UNSET,f2,0}-->{ESP, ,0}-->{RLT,<<<,0}-->{ESP, ,0}-->{UNSET,f3,0}-->{ESP, ,0}-->{RRS,>,0}-->{ESP, ,0}-->{UNSET,f4,0}-->{ESP, ,0}-->{RRD,>>,0}-->{ESP, ,0}-->{UNSET,f5,0}-->{ESP, ,0}-->NULL
-------------------------------------------------------------------------------------> [37;42m ✓ [0m
[0;36m*[0m[0;36m*[0m[0;36m*[0m[0;36m*[0m[0;36m*[0m[0;36m*[0m[0;36m*[0m[0;36m*[0m[0;36m*[0m[0;36m*[0m[0;36m*[0m[0;36m*[0m[0;36m*[0m[0;36m*[0m[0;36m*[0m[0;36m*[0m[0;36m*[0m[0;36m*[0m[0;36m*[0m[0;36m*[0m[0;36m*[0m[0;36m*[0m[0;36m*[0m[0;36m*[0m[0;36m*[0m[0;36m*[0m[0;36m*[0m[0;36m*[0m[0;36m*[0m[0;36m*[0m[0;36m*[0m[0;36m*[0m[0;36m*[0m[0;36m*[0m[0;36m*[0m[0;36m*[0m[0;36m*[0m[0;36m*[0m[0;36m*[0m[0;36m*[0m[0;36m*[0m[0;36m*[0m[0;36m*[0m[0;36m*[0m[0;36m*[0m[0;36m*[0m[0;36m*[0m[0;36m*[0m[0;36m*[0m[0;36m*[0m[0;36m*[0m[0;36m*[0m[0;36m*[0m[0;36m*[0m[0;36m*[0m[0;36m*[0m[0;36m*[0m[0;36m*[0m[0;36m*[0m[0;36m*[0m[0;36m*[0m[0;36m*[0m[0;36m*[0m[0;36m*[0m[0;36m*[0m[0;36m*[0m[0;36m*[0m[0;36m*[0m[0;36m*[0m[0;36m*[0m[0;36m*[0m[0;36m*[0m[0;36m*[0m[0;36m*[0m[0;36m*[0m[0;36m*[0m[0;36m*[0m[0;36m*[0m[0;36m*[0m[0;36m*[0m[0;36m*[0m[0;36m*[0m[0;36m*[0m[0;36m*[0m[0;36m*[0m[0;36m*[0m[0;36m*[0m[0;36m*[0m[0;36m*[0m[0;36m*[0m

[0;36m*[0m[0;36m( Check parenthesis )[0;36m*[0m[0;36m*[0m[0;36m*[0m[0;36m*[0m[0;36m*[0m[0;36m*[0m[0;36m*[0m[0;36m*[0m[0;36m*[0m[0;36m*[0m[0;36m*[0m[0;36m*[0m[0;36m*[0m[0;36m*[0m[0;36m*[0m[0;36m*[0m[0;36m*[0m[0;36m*[0m[0;36m*[0m[0;36m*[0m[0;36m*[0m[0;36m*[0m[0;36m*[0m[0;36m*[0m[0;36m*[0m[0;36m*[0m[0;36m*[0m[0;36m*[0m[0;36m*[0m[0;36m*[0m[0;36m*[0m[0;36m*[0m[0;36m*[0m[0;36m*[0m[0;36m*[0m[0;36m*[0m[0;36m*[0m[0;36m*[0m[0;36m*[0m[0;36m*[0m[0;36m*[0m[0;36m*[0m[0;36m*[0m[0;36m*[0m[0;36m*[0m[0;36m*[0m[0;36m*[0m[0;36m*[0m[0;36m*[0m[0;36m*[0m[0;36m*[0m[0;36m*[0m[0;36m*[0m[0;36m*[0m[0;36m*[0m[0;36m*[0m[0;36m*[0m[0;36m*[0m[0;36m*[0m[0;36m*[0m[0;36m*[0m[0;36m*[0m[0;36m*[0m[0;36m*[0m[0;36m*[0m[0;36m*[0m[0;36m*[0m[0;36m*[0m[0m
check_lexical_rules([0;36m(cmd)[0m)----------------------------------------------------------------
dt->odd_par_nbr=0
tab_res={PARO,(,1}-->{UNSET,cmd,1}-->{PARC,),0}-->NULL
tok_lst={PARO,(,1}-->{UNSET,cmd,1}-->{PARC,),0}-->NULL
-------------------------------------------------------------------------------------> [37;42m ✓ [0m
check_lexical_rules([0;36m(cmd1&&cmd2)||(cmd3&&cmd4)[0m)-------------------------------------------
dt->odd_par_nbr=0
tab_res={PARO,(,1}-->{UNSET,cmd1,1}-->{OPA,&&,1}-->{UNSET,cmd2,1}-->{PARC,),0}-->{OPO,||,0}-->{PARO,(,1}-->{UNSET,cmd3,1}-->{OPA,&&,1}-->{UNSET,cmd4,1}-->{PARC,),0}-->NULL
tok_lst={PARO,(,1}-->{UNSET,cmd1,1}-->{OPA,&&,1}-->{UNSET,cmd2,1}-->{PARC,),0}-->{OPO,||,0}-->{PARO,(,1}-->{UNSET,cmd3,1}-->{OPA,&&,1}-->{UNSET,cmd4,1}-->{PARC,),0}-->NULL
-------------------------------------------------------------------------------------> [37;42m ✓ [0m
check_lexical_rules([0;36m(( (cmd1&&cmd2)) )[0m)---------------------------------------------------
dt->odd_par_nbr=0
tab_res={PARO,(,1}-->{PARO,(,2}-->{ESP, ,2}-->{PARO,(,3}-->{UNSET,cmd1,3}-->{OPA,&&,3}-->{UNSET,cmd2,3}-->{PARC,),2}-->{PARC,),1}-->{ESP, ,1}-->{PARC,),0}-->NULL
tok_lst={PARO,(,1}-->{PARO,(,2}-->{ESP, ,2}-->{PARO,(,3}-->{UNSET,cmd1,3}-->{OPA,&&,3}-->{UNSET,cmd2,3}-->{PARC,),2}-->{PARC,),1}-->{ESP, ,1}-->{PARC,),0}-->NULL
-------------------------------------------------------------------------------------> [37;42m ✓ [0m
check_lexical_rules([0;36m ( ( (cmd1&&cmd2) ) ) [0m)-----------------------------------------------
dt->odd_par_nbr=0
tab_res={ESP, ,0}-->{PARO,(,1}-->{ESP, ,1}-->{PARO,(,2}-->{ESP, ,2}-->{PARO,(,3}-->{UNSET,cmd1,3}-->{OPA,&&,3}-->{UNSET,cmd2,3}-->{PARC,),2}-->{ESP, ,2}-->{PARC,),1}-->{ESP, ,1}-->{PARC,),0}-->{ESP, ,0}-->NULL
tok_lst={ESP, ,0}-->{PARO,(,1}-->{ESP, ,1}-->{PARO,(,2}-->{ESP, ,2}-->{PARO,(,3}-->{UNSET,cmd1,3}-->{OPA,&&,3}-->{UNSET,cmd2,3}-->{PARC,),2}-->{ESP, ,2}-->{PARC,),1}-->{ESP, ,1}-->{PARC,),0}-->{ESP, ,0}-->NULL
-------------------------------------------------------------------------------------> [37;42m ✓ [0m
[0;36m*[0m[0;36m*[0m[0;36m*[0m[0;36m*[0m[0;36m*[0m[0;36m*[0m[0;36m*[0m[0;36m*[0m[0;36m*[0m[0;36m*[0m[0;36m*[0m[0;36m*[0m[0;36m*[0m[0;36m*[0m[0;36m*[0m[0;36m*[0m[0;36m*[0m[0;36m*[0m[0;36m*[0m[0;36m*[0m[0;36m*[0m[0;36m*[0m[0;36m*[0m[0;36m*[0m[0;36m*[0m[0;36m*[0m[0;36m*[0m[0;36m*[0m[0;36m*[0m[0;36m*[0m[0;36m*[0m[0;36m*[0m[0;36m*[0m[0;36m*[0m[0;36m*[0m[0;36m*[0m[0;36m*[0m[0;36m*[0m[0;36m*[0m[0;36m*[0m[0;36m*[0m[0;36m*[0m[0;36m*[0m[0;36m*[0m[0;36m*[0m[0;36m*[0m[0;36m*[0m[0;36m*[0m[0;36m*[0m[0;36m*[0m[0;36m*[0m[0;36m*[0m[0;36m*[0m[0;36m*[0m[0;36m*[0m[0;36m*[0m[0;36m*[0m[0;36m*[0m[0;36m*[0m[0;36m*[0m[0;36m*[0m[0;36m*[0m[0;36m*[0m[0;36m*[0m[0;36m*[0m[0;36m*[0m[0;36m*[0m[0;36m*[0m[0;36m*[0m[0;36m*[0m[0;36m*[0m[0;36m*[0m[0;36m*[0m[0;36m*[0m[0;36m*[0m[0;36m*[0m[0;36m*[0m[0;36m*[0m[0;36m*[0m[0;36m*[0m[0;36m*[0m[0;36m*[0m[0;36m*[0m[0;36m*[0m[0;36m*[0m[0;36m*[0m[0;36m*[0m[0;36m*[0m[0;36m*[0m[0;36m*[0m

[0;36m*[0m[0;36m( Combos )[0;36m*[0m[0;36m*[0m[0;36m*[0m[0;36m*[0m[0;36m*[0m[0;36m*[0m[0;36m*[0m[0;36m*[0m[0;36m*[0m[0;36m*[0m[0;36m*[0m[0;36m*[0m[0;36m*[0m[0;36m*[0m[0;36m*[0m[0;36m*[0m[0;36m*[0m[0;36m*[0m[0;36m*[0m[0;36m*[0m[0;36m*[0m[0;36m*[0m[0;36m*[0m[0;36m*[0m[0;36m*[0m[0;36m*[0m[0;36m*[0m[0;36m*[0m[0;36m*[0m[0;36m*[0m[0;36m*[0m[0;36m*[0m[0;36m*[0m[0;36m*[0m[0;36m*[0m[0;36m*[0m[0;36m*[0m[0;36m*[0m[0;36m*[0m[0;36m*[0m[0;36m*[0m[0;36m*[0m[0;36m*[0m[0;36m*[0m[0;36m*[0m[0;36m*[0m[0;36m*[0m[0;36m*[0m[0;36m*[0m[0;36m*[0m[0;36m*[0m[0;36m*[0m[0;36m*[0m[0;36m*[0m[0;36m*[0m[0;36m*[0m[0;36m*[0m[0;36m*[0m[0;36m*[0m[0;31mUNKNOWN OPERATOR
[0m[0;31mUNKNOWN OPERATOR
[0m[0;31mUNKNOWN OPERATOR
[0m[0;31mUNKNOWN OPERATOR
[0m[0;31mUNKNOWN OPERATOR
[0m[0;31mUNKNOWN OPERATOR
[0m[0;31mUNKNOWN OPERATOR
[0m[0;31mUNKNOWN OPERATOR
[0m[0;36m*[0m[0;36m*[0m[0;36m*[0m[0;36m*[0m[0;36m*[0m[0;36m*[0m[0;36m*[0m[0;36m*[0m[0;36m*[0m[0;36m*[0m[0;36m*[0m[0;36m*[0m[0;36m*[0m[0;36m*[0m[0;36m*[0m[0;36m*[0m[0;36m*[0m[0;36m*[0m[0;36m*[0m[0;36m*[0m[0m
check_lexical_rules([0;36m((cmd1<f2|>f3 cmd2)&&(echo oui))||echo non[0m)---------------------------
dt->odd_par_nbr=0
tab_res={PARO,(,1}-->{PARO,(,2}-->{UNSET,cmd1,2}-->{RLS,<,2}-->{UNSET,f2,2}-->{PIP,|,2}-->{RRS,>,2}-->{UNSET,f3,2}-->{ESP, ,2}-->{UNSET,cmd2,2}-->{PARC,),1}-->{OPA,&&,1}-->{PARO,(,2}-->{UNSET,echo,2}-->{ESP, ,2}-->{UNSET,oui,2}-->{PARC,),1}-->{PARC,),0}-->{OPO,||,0}-->{UNSET,echo,0}-->{ESP, ,0}-->{UNSET,non,0}-->NULL
tok_lst={PARO,(,1}-->{PARO,(,2}-->{UNSET,cmd1,2}-->{RLS,<,2}-->{UNSET,f2,2}-->{PIP,|,2}-->{RRS,>,2}-->{UNSET,f3,2}-->{ESP, ,2}-->{UNSET,cmd2,2}-->{PARC,),1}-->{OPA,&&,1}-->{PARO,(,2}-->{UNSET,echo,2}-->{ESP, ,2}-->{UNSET,oui,2}-->{PARC,),1}-->{PARC,),0}-->{OPO,||,0}-->{UNSET,echo,0}-->{ESP, ,0}-->{UNSET,non,0}-->NULL
-------------------------------------------------------------------------------------> [37;42m ✓ [0m
[0;36m*[0m[0;36m*[0m[0;36m*[0m[0;36m*[0m[0;36m*[0m[0;36m*[0m[0;36m*[0m[0;36m*[0m[0;36m*[0m[0;36m*[0m[0;36m*[0m[0;36m*[0m[0;36m*[0m[0;36m*[0m[0;36m*[0m[0;36m*[0m[0;36m*[0m[0;36m*[0m[0;36m*[0m[0;36m*[0m[0;36m*[0m[0;36m*[0m[0;36m*[0m[0;36m*[0m[0;36m*[0m[0;36m*[0m[0;36m*[0m[0;36m*[0m[0;36m*[0m[0;36m*[0m[0;36m*[0m[0;36m*[0m[0;36m*[0m[0;36m*[0m[0;36m*[0m[0;36m*[0m[0;36m*[0m[0;36m*[0m[0;36m*[0m[0;36m*[0m[0;36m*[0m[0;36m*[0m[0;36m*[0m[0;36m*[0m[0;36m*[0m[0;36m*[0m[0;36m*[0m[0;36m*[0m[0;36m*[0m[0;36m*[0m[0;36m*[0m[0;36m*[0m[0;36m*[0m[0;36m*[0m[0;36m*[0m[0;36m*[0m[0;36m*[0m[0;36m*[0m[0;36m*[0m[0;36m*[0m[0;36m*[0m[0;36m*[0m[0;36m*[0m[0;36m*[0m[0;36m*[0m[0;36m*[0m[0;36m*[0m[0;36m*[0m[0;36m*[0m[0;36m*[0m[0;36m*[0m[0;36m*[0m[0;36m*[0m[0;36m*[0m[0;36m*[0m[0;36m*[0m[0;36m*[0m[0;36m*[0m[0;36m*[0m[0;36m*[0m[0;36m*[0m[0;36m*[0m[0;36m*[0m[0;36m*[0m[0;36m*[0m[0;36m*[0m[0;36m*[0m[0;36m*[0m[0;36m*[0m[0;36m*[0m

[97;100m=[0m[97;100m=[0m[97;100m=[0m[97;100m=[0m[97;100m=[0m[97;100m=[0m[97;100m=[0m[97;100m=[0m[97;100m=[0m[97;100m=[0m[97;100m=[0m[97;100m=[0m[97;100m=[0m[97;100m=[0m[97;100m=[0m[97;100m=[0m[97;100m=[0m[97;100m=[0m[97;100m=[0m[97;100m=[0m[97;100m=[0m[97;100m=[0m[97;100m=[0m[97;100m=[0m[97;100m=[0m[97;100m=[0m[97;100m=[0m[97;100m=[0m[97;100m=[0m[97;100m=[0m[97;100m=[0m[97;100m=[0m[97;100m=[0m[97;100m=[0m[97;100m=[0m[97;100m=[0m[97;100m=[0m[97;100m=[0m[97;100m=[0m[97;100m=[0m[97;100m=[0m[97;100m=[0m[97;100m=[0m[97;100m=[0m[97;100m=[0m[97;100m=[0m[97;100m=[0m[97;100m=[0m[97;100m=[0m[97;100m=[0m[97;100m=[0m[97;100m=[0m[97;100m=[0m[97;100m=[0m[97;100m=[0m[97;100m=[0m[97;100m=[0m[97;100m=[0m[97;100m=[0m[97;100m=[0m[97;100m=[0m[97;100m=[0m[97;100m=[0m[97;100m=[0m[97;100m=[0m[97;100m=[0m[97;100m=[0m[97;100m=[0m[97;100m=[0m[97;100m=[0m[97;100m=[0m[97;100m=[0m[97;100m=[0m[97;100m=[0m[97;100m=[0m[97;100m=[0m[97;100m=[0m[97;100m=[0m[97;100m=[0m[97;100m=[0m[97;100m=[0m[97;100m=[0m[97;100m=[0m[97;100m=[0m[97;100m=[0m[97;100m=[0m[97;100m=[0m[97;100m=[0m[97;100m=[0m[97;100m=[0m

[97;100m=[0m[97;100m[ B| FAIL UNARY UNKNOWN OPERATOR ][97;100m=[0m[97;100m=[0m[97;100m=[0m[97;100m=[0m[97;100m=[0m[97;100m=[0m[97;100m=[0m[97;100m=[0m[97;100m=[0m[97;100m=[0m[97;100m=[0m[97;100m=[0m[97;100m=[0m[97;100m=[0m[97;100m=[0m[97;100m=[0m[97;100m=[0m[97;100m=[0m[97;100m=[0m[97;100m=[0m[97;100m=[0m[97;100m=[0m[97;100m=[0m[97;100m=[0m[97;100m=[0m[97;100m=[0m[97;100m=[0m[97;100m=[0m[97;100m=[0m[97;100m=[0m[97;100m=[0m[97;100m=[0m[97;100m=[0m[97;100m=[0m[97;100m=[0m[97;100m=[0m[97;100m=[0m[97;100m=[0m[97;100m=[0m[97;100m=[0m[97;100m=[0m[97;100m=[0m[97;100m=[0m[97;100m=[0m[97;100m=[0m[97;100m=[0m[97;100m=[0m[97;100m=[0m[97;100m=[0m[97;100m=[0m[97;100m=[0m[97;100m=[0m[97;100m=[0m[97;100m=[0m[97;100m=[0m[0m
[0;36m*[0m[0;36m( Only one type of operator per line )[0;36m*[0m[0;36m*[0m[0;36m*[0m[0;36m*[0m[0;36m*[0m[0;36m*[0m[0;36m*[0m[0;36m*[0m[0;36m*[0m[0;36m*[0m[0;36m*[0m[0;36m*[0m[0;36m*[0m[0;36m*[0m[0;36m*[0m[0;36m*[0m[0;36m*[0m[0;36m*[0m[0;36m*[0m[0;36m*[0m[0;36m*[0m[0;36m*[0m[0;36m*[0m[0;36m*[0m[0;36m*[0m[0;36m*[0m[0;36m*[0m[0;36m*[0m[0;36m*[0m[0;36m*[0m[0;36m*[0m[0;36m*[0m[0;36m*[0m[0;36m*[0m[0;36m*[0m[0;36m*[0m[0;36m*[0m[0;36m*[0m[0;36m*[0m[0;36m*[0m[0;36m*[0m[0;36m*[0m[0;36m*[0m[0;36m*[0m[0;36m*[0m[0;36m*[0m[0;36m*[0m[0;36m*[0m[0;36m*[0m[0;36m*[0m[0;36m*[0m[0m
check_lexical_rules([0;36m<<<<[0m)-----------------------------------------------------------------
[0;32mtok_lst == tab_res == NULL
[0m-------------------------------------------------------------------------------------> [37;42m ✓ [0m
check_lexical_rules([0;36m<<<<f1[0m)---------------------------------------------------------------
[0;32mtok_lst == tab_res == NULL
[0m-------------------------------------------------------------------------------------> [37;42m ✓ [0m
check_lexical_rules([0;36m>>>[0m)------------------------------------------------------------------
[0;32mtok_lst == tab_res == NULL
[0m-------------------------------------------------------------------------------------> [37;42m ✓ [0m
check_lexical_rules([0;36m>>>f1[0m)----------------------------------------------------------------
[0;32mtok_lst == tab_res == NULL
[0m-------------------------------------------------------------------------------------> [37;42m ✓ [0m
check_lexical_rules([0;36m|||[0m)------------------------------------------------------------------
[0;32mtok_lst == tab_res == NULL
[0m-------------------------------------------------------------------------------------> [37;42m ✓ [0m
check_lexical_rules([0;36mcmd1|||cmd2[0m)----------------------------------------------------------
[0;32mtok_lst == tab_res == NULL
[0m-------------------------------------------------------------------------------------> [37;42m ✓ [0m
check_lexical_rules([0;36m&&&[0m)------------------------------------------------------------------
[0;32mtok_lst == tab_res == NULL
[0m-------------------------------------------------------------------------------------> [37;42m ✓ [0m
check_lexical_rules([0;36mcmd1&&&cmd2[0m)----------------------------------------------------------
[0;32mtok_lst == tab_res == NULL
[0m-------------------------------------------------------------------------------------> [37;42m ✓ [0m
[0;36m*[0m[0;36m*[0m[0;36m*[0m[0;36m*[0m[0;36m*[0m[0;36m*[0m[0;36m*[0m[0;36m*[0m[0;36m*[0m[0;36m*[0m[0;36m*[0m[0;36m*[0m[0;36m*[0m[0;36m*[0m[0;36m*[0m[0;36m*[0m[0;36m*[0m[0;36m*[0m[0;36m*[0m[0;36m*[0m[0;36m*[0m[0;36m*[0m[0;36m*[0m[0;36m*[0m[0;36m*[0m[0;36m*[0m[0;36m*[0m[0;36m*[0m[0;36m*[0m[0;36m*[0m[0;36m*[0m[0;36m*[0m[0;36m*[0m[0;36m*[0m[0;36m*[0m[0;36m*[0m[0;36m*[0m[0;36m*[0m[0;36m*[0m[0;36m*[0m[0;36m*[0m[0;36m*[0m[0;36m*[0m[0;36m*[0m[0;36m*[0m[0;36m*[0m[0;36m*[0m[0;36m*[0m[0;36m*[0m[0;36m*[0m[0;36m*[0m[0;36m*[0m[0;36m*[0m[0;36m*[0m[0;36m*[0m[0;36m*[0m[0;36m*[0m[0;36m*[0m[0;36m*[0m[0;36m*[0m[0;36m*[0m[0;36m*[0m[0;36m*[0m[0;36m*[0m[0;36m*[0m[0;36m*[0m[0;36m*[0m[0;36m*[0m[0;36m*[0m[0;36m*[0m[0;36m*[0m[0;36m*[0m[0;36m*[0m[0;36m*[0m[0;36m*[0m[0;36m*[0m[0;36m*[0m[0;36m*[0m[0;36m*[0m[0;36m*[0m[0;36m*[0m[0;36m*[0m[0;36m*[0m[0;36m*[0m[0;36m*[0m[0;36m*[0m[0;36m*[0m[0;36m*[0m[0;36m*[0m[0;36m*[0m

[0;36m*[0m[0;36m( List of operators not handle for now )[0;36m*[0m[0;36m*[0m[0;36m*[0m[0;36m*[0m[0;36m*[0m[0;36m*[0m[0;36m*[0m[0;36m*[0m[0;36m*[0m[0;36m*[0m[0;36m*[0m[[0;31mERROR NOT SUPPORTED OPERATOR DETECTED:Pocess substitution
[0m[0;31mERROR NOT SUPPORTED OPERATOR DETECTED:Pocess substitution
[0m[0;31mSYNTAX ERROR:Unary Operator
[0m[0;31mSYNTAX ERROR:Unary Operator
[0m[0;31mSYNTAX ERROR:Unary Operator
[0m[0;31mSYNTAX ERROR:Unary Operator
[0m[0;31mSYNTAX ERROR:Unary Operator
[0m[0;31mSYNTAX ERROR:Unary Operator
[0m[0;31mSYNTAX ERROR:Unary Operator
[0m[0;31mSYNTAX ERROR:Unary Operator
[0m[0;31mSYNTAX ERROR:Unary Operator
[0m0;36m*[0m[0;36m*[0m[0;36m*[0m[0;36m*[0m[0;36m*[0m[0;36m*[0m[0;36m*[0m[0;36m*[0m[0;36m*[0m[0;36m*[0m[0;36m*[0m[0;36m*[0m[0;36m*[0m[0;36m*[0m[0;36m*[0m[0;36m*[0m[0;36m*[0m[0;36m*[0m[0;36m*[0m[0;36m*[0m[0;36m*[0m[0;36m*[0m[0;36m*[0m[0;36m*[0m[0;36m*[0m[0;36m*[0m[0;36m*[0m[0;36m*[0m[0;36m*[0m[0;36m*[0m[0;36m*[0m[0;36m*[0m[0;36m*[0m[0;36m*[0m[0;36m*[0m[0;36m*[0m[0;36m*[0m[0;36m*[0m[0m
check_lexical_rules([0;36m<(cmd)[0m)---------------------------------------------------------------
[0;32mtok_lst == tab_res == NULL
[0m-------------------------------------------------------------------------------------> [37;42m ✓ [0m
check_lexical_rules([0;36m>(cmd)[0m)---------------------------------------------------------------
[0;32mtok_lst == tab_res == NULL
[0m-------------------------------------------------------------------------------------> [37;42m ✓ [0m
[0;36m*[0m[0;36m*[0m[0;36m*[0m[0;36m*[0m[0;36m*[0m[0;36m*[0m[0;36m*[0m[0;36m*[0m[0;36m*[0m[0;36m*[0m[0;36m*[0m[0;36m*[0m[0;36m*[0m[0;36m*[0m[0;36m*[0m[0;36m*[0m[0;36m*[0m[0;36m*[0m[0;36m*[0m[0;36m*[0m[0;36m*[0m[0;36m*[0m[0;36m*[0m[0;36m*[0m[0;36m*[0m[0;36m*[0m[0;36m*[0m[0;36m*[0m[0;36m*[0m[0;36m*[0m[0;36m*[0m[0;36m*[0m[0;36m*[0m[0;36m*[0m[0;36m*[0m[0;36m*[0m[0;36m*[0m[0;36m*[0m[0;36m*[0m[0;36m*[0m[0;36m*[0m[0;36m*[0m[0;36m*[0m[0;36m*[0m[0;36m*[0m[0;36m*[0m[0;36m*[0m[0;36m*[0m[0;36m*[0m[0;36m*[0m[0;36m*[0m[0;36m*[0m[0;36m*[0m[0;36m*[0m[0;36m*[0m[0;36m*[0m[0;36m*[0m[0;36m*[0m[0;36m*[0m[0;36m*[0m[0;36m*[0m[0;36m*[0m[0;36m*[0m[0;36m*[0m[0;36m*[0m[0;36m*[0m[0;36m*[0m[0;36m*[0m[0;36m*[0m[0;36m*[0m[0;36m*[0m[0;36m*[0m[0;36m*[0m[0;36m*[0m[0;36m*[0m[0;36m*[0m[0;36m*[0m[0;36m*[0m[0;36m*[0m[0;36m*[0m[0;36m*[0m[0;36m*[0m[0;36m*[0m[0;36m*[0m[0;36m*[0m[0;36m*[0m[0;36m*[0m[0;36m*[0m[0;36m*[0m[0;36m*[0m

[97;100m=[0m[97;100m=[0m[97;100m=[0m[97;100m=[0m[97;100m=[0m[97;100m=[0m[97;100m=[0m[97;100m=[0m[97;100m=[0m[97;100m=[0m[97;100m=[0m[97;100m=[0m[97;100m=[0m[97;100m=[0m[97;100m=[0m[97;100m=[0m[97;100m=[0m[97;100m=[0m[97;100m=[0m[97;100m=[0m[97;100m=[0m[97;100m=[0m[97;100m=[0m[97;100m=[0m[97;100m=[0m[97;100m=[0m[97;100m=[0m[97;100m=[0m[97;100m=[0m[97;100m=[0m[97;100m=[0m[97;100m=[0m[97;100m=[0m[97;100m=[0m[97;100m=[0m[97;100m=[0m[97;100m=[0m[97;100m=[0m[97;100m=[0m[97;100m=[0m[97;100m=[0m[97;100m=[0m[97;100m=[0m[97;100m=[0m[97;100m=[0m[97;100m=[0m[97;100m=[0m[97;100m=[0m[97;100m=[0m[97;100m=[0m[97;100m=[0m[97;100m=[0m[97;100m=[0m[97;100m=[0m[97;100m=[0m[97;100m=[0m[97;100m=[0m[97;100m=[0m[97;100m=[0m[97;100m=[0m[97;100m=[0m[97;100m=[0m[97;100m=[0m[97;100m=[0m[97;100m=[0m[97;100m=[0m[97;100m=[0m[97;100m=[0m[97;100m=[0m[97;100m=[0m[97;100m=[0m[97;100m=[0m[97;100m=[0m[97;100m=[0m[97;100m=[0m[97;100m=[0m[97;100m=[0m[97;100m=[0m[97;100m=[0m[97;100m=[0m[97;100m=[0m[97;100m=[0m[97;100m=[0m[97;100m=[0m[97;100m=[0m[97;100m=[0m[97;100m=[0m[97;100m=[0m[97;100m=[0m[97;100m=[0m

[97;100m=[0m[97;100m[ C| FAIL UNARY RLS < ][97;100m=[0m[97;100m=[0m[97;100m=[0m[97;100m=[0m[97;100m=[0m[97;100m=[0m[97;100m=[0m[97;100m=[0m[97;100m=[0m[97;100m=[0m[97;100m=[0m[97;100m=[0m[97;100m=[0m[97;100m=[0m[97;100m=[0m[97;100m=[0m[97;100m=[0m[97;100m=[0m[97;100m=[0m[97;100m=[0m[97;100m=[0m[97;100m=[0m[97;100m=[0m[97;100m=[0m[97;100m=[0m[97;100m=[0m[97;100m=[0m[97;100m=[0m[97;100m=[0m[97;100m=[0m[97;100m=[0m[97;100m=[0m[97;100m=[0m[97;100m=[0m[97;100m=[0m[97;100m=[0m[97;100m=[0m[97;100m=[0m[97;100m=[0m[97;100m=[0m[97;100m=[0m[97;100m=[0m[97;100m=[0m[97;100m=[0m[97;100m=[0m[97;100m=[0m[97;100m=[0m[97;100m=[0m[97;100m=[0m[97;100m=[0m[97;100m=[0m[97;100m=[0m[97;100m=[0m[97;100m=[0m[97;100m=[0m[97;100m=[0m[97;100m=[0m[97;100m=[0m[97;100m=[0m[97;100m=[0m[97;100m=[0m[97;100m=[0m[97;100m=[0m[97;100m=[0m[97;100m=[0m[97;100m=[0m[0m
check_lexical_rules([0;36m<[0m)--------------------------------------------------------------------
[0;32mtok_lst == tab_res == NULL
[0m-------------------------------------------------------------------------------------> [37;42m ✓ [0m
check_lexical_rules([0;36m< [0m)-------------------------------------------------------------------
[0;32mtok_lst == tab_res == NULL
[0m-------------------------------------------------------------------------------------> [37;42m ✓ [0m
check_lexical_rules([0;36m<>f1[0m)-----------------------------------------------------------------
[0;32mtok_lst == tab_res == NULL
[0m-------------------------------------------------------------------------------------> [37;42m ✓ [0m
check_lexical_rules([0;36m < > f1 [0m)-------------------------------------------------------------
[0;32mtok_lst == tab_res == NULL
[0m-------------------------------------------------------------------------------------> [37;42m ✓ [0m
check_lexical_rules([0;36mcmd1<[0m)----------------------------------------------------------------
[0;32mtok_lst == tab_res == NULL
[0m-------------------------------------------------------------------------------------> [37;42m ✓ [0m
check_lexical_rules([0;36m<|cmd2[0m)---------------------------------------------------------------
[0;32mtok_lst == tab_res == NULL
[0m-------------------------------------------------------------------------------------> [37;42m ✓ [0m
check_lexical_rules([0;36m<&&cmd2[0m)--------------------------------------------------------------
[0;32mtok_lst == tab_res == NULL
[0m-------------------------------------------------------------------------------------> [37;42m ✓ [0m
check_lexical_rules([0;36m<||cmd2[0m)--------------------------------------------------------------
[0;32mtok_lst == tab_res == NULL
[0m-------------------------------------------------------------------------------------> [37;42m ✓ [0m
check_lexical_rules([0;36m< (cmd1&&cmd2)[0m)-------------------------------------------------------
[0;32mtok_lst == tab_res == NULL
[0m-------------------------------------------------------------------------------------> [37;42m ✓ [0m
[97;100m=[0m[97;100m=[0m[97;100m=[0m[97;100m=[0m[97;100m=[0m[97;100m=[0m[97;100m=[0m[97;100m=[0m[97;100m=[0m[97;100m=[0m[97;100m=[0m[97;100m=[0m[97;100m=[0m[97;100m=[0m[97;100m=[0m[97;100m=[0m[97;100m=[0m[97;100m=[0m[97;100m=[0m[97;100m=[0m[97;100m=[0m[97;100m=[0m[97;100m=[0m[97;100m=[0m[97;100m=[0m[97;100m=[0m[97;100m=[0m[97;100m=[0m[97;100m=[0m[97;100m=[0m[97;100m=[0m[97;100m=[0m[97;100m=[0m[97;100m=[0m[97;100m=[0m[97;100m=[0m[97;100m=[0m[97;100m=[0m[97;100m=[0m[97;100m=[0m[97;100m=[0m[97;100m=[0m[97;100m=[0m[97;100m=[0m[97;100m=[0m[97;100m=[0m[97;100m=[0m[97;100m=[0m[97;100m=[0m[97;100m=[0m[97;100m=[0m[97;100m=[0m[97;100m=[0m[97;100m=[0m[97;100m=[0m[97;100m=[0m[97;100m=[0m[97;100m=[0m[97;100m=[0m[97;100m=[0m[97;100m=[0m[97;100m=[0m[97;100m=[0m[97;100m=[0m[97;100m=[0m[97;100m=[0m[97;100m=[0m[97;100m=[0m[97;100m=[0m[97;100m=[0m[97;100m=[0m[97;100m=[0m[97;100m=[0m[97;100m=[0m[97;100m=[0m[97;100m=[0m[97;100m=[0m[97;100m=[0m[97;100m=[0m[97;100m=[0m[97;100m=[0m[97;100m=[0m[97;100m=[0m[97;100m=[0m[97;100m=[0m[97;100m=[0m[97;100m=[0m[97;100m=[0m[97;100m=[0m[97;100m=[0m

[97;100m=[0m[97;100m[ D| FAIL UNARY RLD << ][97;100m=[0m[97;100m=[0m[97;100m=[0m[97;100m=[0m[97;100m=[0m[97;100m=[0m[97;100m=[0m[97;100m=[0m[97;100m=[0m[97;100m=[0m[97;100m=[0m[97;100m=[0m[97;100m=[0m[97;100m=[0m[97;100m=[0m[97;100m=[0m[97;100m=[0m[97;100m=[0m[97;100m=[0m[97;100m=[0m[97;100m=[0m[97;100m=[0m[97;100m=[0m[97;100m=[0m[97;100m=[0m[97;100m=[0m[97;100m=[0m[97;100m=[0m[97;100m=[0m[97[0;31mSYNTAX ERROR:Unary Operator
[0m[0;31mSYNTAX ERROR:Unary Operator
[0m[0;31mSYNTAX ERROR:Unary Operator
[0m[0;31mSYNTAX ERROR:Unary Operator
[0m[0;31mSYNTAX ERROR:Unary Operator
[0m[0;31mSYNTAX ERROR:Unary Operator
[0m[0;31mSYNTAX ERROR:Unary Operator
[0m[0;31mSYNTAX ERROR:Unary Operator
[0m[0;31mSYNTAX ERROR:Unary Operator
[0m[0;31mSYNTAX ERROR:Unary Operator
[0m[0;31mSYNTAX ERROR:Unary Operator
[0m[0;31mSYNTAX ERROR:Unary Operator
[0m[0;31mSYNTAX ERROR:Unary Operator
[0m[0;31mSYNTAX ERROR:Unary Operator
[0m[0;31mSYNTAX ERROR:Unary Operator
[0m[0;31mSYNTAX ERROR:Unary Operator
[0m[0;31mSYNTAX ERROR:Unary Operator
[0m[0;31mSYNTAX ERROR:Unary Operator
[0m;100m=[0m[97;100m=[0m[97;100m=[0m[97;100m=[0m[97;100m=[0m[97;100m=[0m[97;100m=[0m[97;100m=[0m[97;100m=[0m[97;100m=[0m[97;100m=[0m[97;100m=[0m[97;100m=[0m[97;100m=[0m[97;100m=[0m[97;100m=[0m[97;100m=[0m[97;100m=[0m[97;100m=[0m[97;100m=[0m[97;100m=[0m[97;100m=[0m[97;100m=[0m[97;100m=[0m[97;100m=[0m[97;100m=[0m[97;100m=[0m[97;100m=[0m[97;100m=[0m[97;100m=[0m[97;100m=[0m[97;100m=[0m[97;100m=[0m[97;100m=[0m[97;100m=[0m[97;100m=[0m[0m
check_lexical_rules([0;36m<<[0m)-------------------------------------------------------------------
[0;32mtok_lst == tab_res == NULL
[0m-------------------------------------------------------------------------------------> [37;42m ✓ [0m
check_lexical_rules([0;36m<< [0m)------------------------------------------------------------------
[0;32mtok_lst == tab_res == NULL
[0m-------------------------------------------------------------------------------------> [37;42m ✓ [0m
check_lexical_rules([0;36m<<>f1[0m)----------------------------------------------------------------
[0;32mtok_lst == tab_res == NULL
[0m-------------------------------------------------------------------------------------> [37;42m ✓ [0m
check_lexical_rules([0;36m << > f1 [0m)------------------------------------------------------------
[0;32mtok_lst == tab_res == NULL
[0m-------------------------------------------------------------------------------------> [37;42m ✓ [0m
check_lexical_rules([0;36mcmd1<<[0m)---------------------------------------------------------------
[0;32mtok_lst == tab_res == NULL
[0m-------------------------------------------------------------------------------------> [37;42m ✓ [0m
check_lexical_rules([0;36m<<|cmd2[0m)--------------------------------------------------------------
[0;32mtok_lst == tab_res == NULL
[0m-------------------------------------------------------------------------------------> [37;42m ✓ [0m
check_lexical_rules([0;36m<<&&cmd2[0m)-------------------------------------------------------------
[0;32mtok_lst == tab_res == NULL
[0m-------------------------------------------------------------------------------------> [37;42m ✓ [0m
check_lexical_rules([0;36m<<||cmd2[0m)-------------------------------------------------------------
[0;32mtok_lst == tab_res == NULL
[0m-------------------------------------------------------------------------------------> [37;42m ✓ [0m
check_lexical_rules([0;36m<< (cmd1&&cmd2)[0m)------------------------------------------------------
[0;32mtok_lst == tab_res == NULL
[0m-------------------------------------------------------------------------------------> [37;42m ✓ [0m
[97;100m=[0m[97;100m=[0m[97;100m=[0m[97;100m=[0m[97;100m=[0m[97;100m=[0m[97;100m=[0m[97;100m=[0m[97;100m=[0m[97;100m=[0m[97;100m=[0m[97;100m=[0m[97;100m=[0m[97;100m=[0m[97;100m=[0m[97;100m=[0m[97;100m=[0m[97;100m=[0m[97;100m=[0m[97;100m=[0m[97;100m=[0m[97;100m=[0m[97;100m=[0m[97;100m=[0m[97;100m=[0m[97;100m=[0m[97;100m=[0m[97;100m=[0m[97;100m=[0m[97;100m=[0m[97;100m=[0m[97;100m=[0m[97;100m=[0m[97;100m=[0m[97;100m=[0m[97;100m=[0m[97;100m=[0m[97;100m=[0m[97;100m=[0m[97;100m=[0m[97;100m=[0m[97;100m=[0m[97;100m=[0m[97;100m=[0m[97;100m=[0m[97;100m=[0m[97;100m=[0m[97;100m=[0m[97;100m=[0m[97;100m=[0m[97;100m=[0m[97;100m=[0m[97;100m=[0m[97;100m=[0m[97;100m=[0m[97;100m=[0m[97;100m=[0m[97;100m=[0m[97;100m=[0m[97;100m=[0m[97;100m=[0m[97;100m=[0m[97;100m=[0m[97;100m=[0m[97;100m=[0m[97;100m=[0m[97;100m=[0m[97;100m=[0m[97;100m=[0m[97;100m=[0m[97;100m=[0m[97;100m=[0m[97;100m=[0m[97;100m=[0m[97;100m=[0m[97;100m=[0m[97;100m=[0m[97;100m=[0m[97;100m=[0m[97;100m=[0m[97;100m=[0m[97;100m=[0m[97;100m=[0m[97;100m=[0m[97;100m=[0m[97;100m=[0m[97;100m=[0m[97;100m=[0m[97;100m=[0m[97;100m=[0m

[97;100m=[0m[97;100m[ E| FAIL UNARY RLT <<< ][97;100m=[0m[97;100m=[0m[97;100m=[0m[97;100m=[0m[97;100m=[0m[97;100m=[0m[97;100m=[0m[97;100m=[0m[97;100m=[0m[97;100m=[0m[97;100m=[0m[97;100m=[0m[97;100m=[0m[97;100m=[0m[97;100m=[0m[97;100m=[0m[97;100m=[0m[97;100m=[0m[97;100m=[0m[97;100m=[0m[97;100m=[0m[97;100m=[0m[97;100m=[0m[97;100m=[0m[97;100m=[0m[97;100m=[0m[97;100m=[0m[97;100m=[0m[97;100m=[0m[97;100m=[0m[97;100m=[0m[97;100m=[0m[97;100m=[0m[97;100m=[0m[97;100m=[0m[97;100m=[0m[97;100m=[0m[97;100m=[0m[97;100m=[0m[97;100m=[0m[97;100m=[0m[97;100m=[0m[97;100m=[0m[97;100m=[0m[97;100m=[0m[97;100m=[0m[97;100m=[0m[97;100m=[0m[97;100m=[0m[97;100m=[0m[97;100m=[0m[97;100m=[0m[97;100m=[0m[97;100m=[0m[97;100m=[0m[97;100m=[0m[97;100m=[0m[97;100m=[0m[97;100m=[0m[97;100m=[0m[97;100m=[0m[97;100m=[0m[97;100m=[0m[97;100m=[0m[0m
check_lexical_rules([0;36m<<<[0m)------------------------------------------------------------------
[0;32mtok_lst == tab_res == NULL
[0m-------------------------------------------------------------------------------------> [37;42m ✓ [0m
check_lexical_rules([0;36m<<< [0m)-----------------------------------------------------------------
[0;32mtok_lst == tab_res == NULL
[0m-------------------------------------------------------------------------------------> [37;42m ✓ [0m
check_lexical_rules([0;36m<<<>f1[0m)---------------------------------------------------------------
[0;32mtok_lst == tab_res == NULL
[0m-------------------------------------------------------------------------------------> [37;42m ✓ [0m
check_lexical_rules([0;36m <<< > f1 [0m)-----------------------------------------------------------
[0;32mtok_lst == tab_res == NULL
[0m-------------------------------------------------------------------------------------> [37;42m ✓ [0m
check_lexical_rules([0;36mcmd1<<<[0m)--------------------------------------------------------------
[0;32mtok_lst == tab_res == NULL
[0m-------------------------------------------------------------------------------------> [37;42m ✓ [0m
check_lexical_rules([0;36m<<<|cmd2[0m)-------------------------------------------------------------
[0;32mtok_lst == tab_res == NULL
[0m-------------------------------------------------------------------------------------> [37;42m ✓ [0m
check_lexical_rules([0;36m<<<&&cmd2[0m)------------------------------------------------------------
[0;32mtok_lst == tab_res == NULL
[0m-------------------------------------------------------------------------------------> [37;42m ✓ [0m
check_lexical_rules([0;36m<<<||cmd2[0m)------------------------------------------------------------
[0;32mtok_lst == tab_res == NULL
[0m-------------------------------------------------------------------------------------> [37;42m ✓ [0m
check_lexical_rules([0;36m<<< (cmd1&&cmd2)[0m)-----------------------------------------------------
[0;32mtok_lst == tab_res == NULL
[0m-------------------------------------------------------------------------------------> [37;42m ✓ [0m
[97;100m=[0m[97;100m=[0m[97;100m=[0m[97;100m=[0m[97;100m=[0m[97;100m=[0m[97;100m=[0m[97;100m=[0m[97;100m=[0m[97;100m=[0m[97;100m=[0m[97;100m=[0m[97;100m=[0m[97;100m=[0m[97;100m=[0m[97;100m=[0m[97;100m=[0m[97;100m=[0m[97;100m=[0m[97;100m=[0m[97;100m=[0m[97;100m=[0m[97;100m=[0m[97;100m=[0m[97;100m=[0m[97;100m=[0m[97;100m=[0m[97;100m=[0m[97;100m=[0m[97;100m=[0m[97;100m=[0m[97;100m=[0m[97;100m=[0m[97;100m=[0m[97;100m=[0m[97;100m=[0m[97;100m=[0m[97;100m=[0m[97;100m=[0m[97;100m=[0m[97;100m=[0m[97;100m=[0m[97;100m=[0m[97;100m=[0m[97;100m=[0m[97;100m=[0m[97;100m=[0m[97;100m=[0m[97;100m=[0m[97;100m=[0m[97;100m=[0m[97;100m=[0m[97;100m=[0m[97;100m=[0m[97;100m=[0m[97;100m=[0m[97;100m=[0m[97;100m=[0m[97;100m=[0m[97;100m=[0m[97;100m=[0m[97;100m=[0m[97;100m=[0m[97;100m=[0m[97;100m=[0m[97;100m=[0m[97;100m=[0m[97;100m=[0m[97;100m=[0m[97;100m=[0m[97;100m=[0m[97;100m=[0m[97;100m=[0m[97;100m=[0m[97;100m=[0m[97;100m=[0m[[0;31mSYNTAX ERROR:Unary Operator
[0m[0;31mSYNTAX ERROR:Unary Operator
[0m[0;31mSYNTAX ERROR:Unary Operator
[0m[0;31mSYNTAX ERROR:Unary Operator
[0m[0;31mSYNTAX ERROR:Unary Operator
[0m[0;31mSYNTAX ERROR:Unary Operator
[0m[0;31mSYNTAX ERROR:Unary Operator
[0m[0;31mSYNTAX ERROR:Unary Operator
[0m[0;31mSYNTAX ERROR:Unary Operator
[0m[0;31mSYNTAX ERROR:Unary Operator
[0m[0;31mSYNTAX ERROR:Unary Operator
[0m[0;31mSYNTAX ERROR:Unary Operator
[0m[0;31mSYNTAX ERROR:Unary Operator
[0m[0;31mSYNTAX ERROR:Unary Operator
[0m[0;31mSYNTAX ERROR:Unary Operator
[0m[0;31mSYNTAX ERROR:Unary Operator
[0m[0;31mSYNTAX ERROR:Unary Operator
[0m[0;31mSYNTAX ERROR:Unary Operator
[0m[0;31mSYNTAX ERROR:Unary Operator
[0m[0;31mSYNTAX ERROR:Unary Operator
[0m97;100m=[0m[97;100m=[0m[97;100m=[0m[97;100m=[0m[97;100m=[0m[97;100m=[0m[97;100m=[0m[97;100m=[0m[97;100m=[0m[97;100m=[0m[97;100m=[0m[97;100m=[0m[97;100m=[0m[97;100m=[0m

[97;100m=[0m[97;100m[ F| FAIL UNARY RRS > ][97;100m=[0m[97;100m=[0m[97;100m=[0m[97;100m=[0m[97;100m=[0m[97;100m=[0m[97;100m=[0m[97;100m=[0m[97;100m=[0m[97;100m=[0m[97;100m=[0m[97;100m=[0m[97;100m=[0m[97;100m=[0m[97;100m=[0m[97;100m=[0m[97;100m=[0m[97;100m=[0m[97;100m=[0m[97;100m=[0m[97;100m=[0m[97;100m=[0m[97;100m=[0m[97;100m=[0m[97;100m=[0m[97;100m=[0m[97;100m=[0m[97;100m=[0m[97;100m=[0m[97;100m=[0m[97;100m=[0m[97;100m=[0m[97;100m=[0m[97;100m=[0m[97;100m=[0m[97;100m=[0m[97;100m=[0m[97;100m=[0m[97;100m=[0m[97;100m=[0m[97;100m=[0m[97;100m=[0m[97;100m=[0m[97;100m=[0m[97;100m=[0m[97;100m=[0m[97;100m=[0m[97;100m=[0m[97;100m=[0m[97;100m=[0m[97;100m=[0m[97;100m=[0m[97;100m=[0m[97;100m=[0m[97;100m=[0m[97;100m=[0m[97;100m=[0m[97;100m=[0m[97;100m=[0m[97;100m=[0m[97;100m=[0m[97;100m=[0m[97;100m=[0m[97;100m=[0m[97;100m=[0m[97;100m=[0m[0m
check_lexical_rules([0;36m>[0m)--------------------------------------------------------------------
[0;32mtok_lst == tab_res == NULL
[0m-------------------------------------------------------------------------------------> [37;42m ✓ [0m
check_lexical_rules([0;36m> [0m)-------------------------------------------------------------------
[0;32mtok_lst == tab_res == NULL
[0m-------------------------------------------------------------------------------------> [37;42m ✓ [0m
check_lexical_rules([0;36mcmd>[0m)-----------------------------------------------------------------
[0;32mtok_lst == tab_res == NULL
[0m-------------------------------------------------------------------------------------> [37;42m ✓ [0m
check_lexical_rules([0;36mcmd> [0m)----------------------------------------------------------------
[0;32mtok_lst == tab_res == NULL
[0m-------------------------------------------------------------------------------------> [37;42m ✓ [0m
check_lexical_rules([0;36m<f1>[0m)-----------------------------------------------------------------
[0;32mtok_lst == tab_res == NULL
[0m-------------------------------------------------------------------------------------> [37;42m ✓ [0m
check_lexical_rules([0;36m < f1 > [0m)-------------------------------------------------------------
[0;32mtok_lst == tab_res == NULL
[0m-------------------------------------------------------------------------------------> [37;42m ✓ [0m
check_lexical_rules([0;36m>|cmd2[0m)---------------------------------------------------------------
[0;32mtok_lst == tab_res == NULL
[0m-------------------------------------------------------------------------------------> [37;42m ✓ [0m
check_lexical_rules([0;36mcmd1>|cmd2[0m)-----------------------------------------------------------
[0;32mtok_lst == tab_res == NULL
[0m-------------------------------------------------------------------------------------> [37;42m ✓ [0m
check_lexical_rules([0;36m>||cmd2[0m)--------------------------------------------------------------
[0;32mtok_lst == tab_res == NULL
[0m-------------------------------------------------------------------------------------> [37;42m ✓ [0m
check_lexical_rules([0;36mcmd1>||cmd2[0m)----------------------------------------------------------
[0;32mtok_lst == tab_res == NULL
[0m-------------------------------------------------------------------------------------> [37;42m ✓ [0m
check_lexical_rules([0;36m>&&cmd2[0m)--------------------------------------------------------------
[0;32mtok_lst == tab_res == NULL
[0m-------------------------------------------------------------------------------------> [37;42m ✓ [0m
check_lexical_rules([0;36mcmd1>&&cmd2[0m)----------------------------------------------------------
[0;32mtok_lst == tab_res == NULL
[0m-------------------------------------------------------------------------------------> [37;42m ✓ [0m
check_lexical_rules([0;36m> (cmd1&&cmd2)[0m)-------------------------------------------------------
[0;32mtok_lst == tab_res == NULL
[0m-------------------------------------------------------------------------------------> [37;42m ✓ [0m
[97;100m=[0m[97;100m=[0m[97;100m=[0m[97;100m=[0m[97;100m=[0m[97;100m=[0m[97;100m=[0m[97;100m=[0m[97;100m=[0m[97;100m=[0m[97;100m=[0m[97;100m=[0m[97;100m=[0m[97;100m=[0m[97;100m=[0m[97;100m=[0m[97;100m=[0m[97;100m=[0m[97;100m=[0m[97;100m=[0m[97;100m=[0m[97;100m=[0m[97;100m=[0m[97;100m=[0m[97;100m=[0m[97;100m=[0m[97;100m=[0m[97;100m=[0m[97;100m=[0m[97;100m=[0m[97;100m=[0m[97;100m=[0m[97;100m=[0m[97;100m=[0m[97;100m=[0m[97;100m=[0m[97;100m=[0m[97;100m=[0m[97;100m=[0m[97;100m=[0m[97;100m=[0m[97;100m=[0m[97;100m=[0m[97;100m=[0m[97;100m=[0m[97;100m=[0m[97;100m=[0m[97;100m=[0m[97;100m=[0m[97;100m=[0m[97;100m=[0m[97;100m=[0m[97;100m=[0m[97;100m=[0m[97;100m=[0m[97;100m=[0m[97;100m=[0m[97;100m=[0m[97;100m=[0m[97;100m=[0m[97;100m=[0m[97;100m=[0m[97;100m=[0m[97;100m=[0m[97;100m=[0m[97;100m=[0m[97;100m=[0m[97;100m=[0m[97;100m=[0m[97;100m=[0m[97;100m=[0m[97;100m=[0m[97;100m=[0m[97;100m=[0m[97;100m=[0m[97;100m=[0m[97;100m=[0m[97;100m=[0m[97;100m=[0m[97;100m=[0m[97;100m=[0m[97;100m=[0m[97;100m=[0m[97;100m=[0m[97;100m=[0m[97;100m=[0m[97;100m=[0m[97;100m=[0m[97;100m=[0m[97;100m=[0m

[97;100m=[0m[97;100m[ G| FAIL UNARY RRD > ][97;100m=[0m[97;100m=[0m[97;100m=[0m[97;100m=[0m[97;100m=[0m[97;100m=[0m[97;100m=[0m[97;100m=[0m[97;100m=[0m[97;100m=[0m[97;100m=[0m[97;100m=[0m[97;100m=[0m[97;100m=[0m[97;100m=[0m[97;100m=[0m[97;100m=[0m[97;100m=[0m[97;100m=[0m[97;100m=[0m[97;100m=[0m[97;100m=[0m[97;100m=[0m[97;100m=[0m[97;100m=[0m[97;100m=[0m[97;100m=[0m[97;100m=[0m[97;100m=[0m[97;100m=[0m[97;100m=[0m[97;100m=[0m[97;100m=[0m[97;100m=[0m[97;100m=[0m[97;100m=[0m[97;100m=[0m[97;100m=[0m[97;100m=[0m[97;100m=[0m[97;100m=[0m[97;100m=[0m[97;100m=[0m[97;100m=[0m[97;100m=[0m[97;100m=[0m[97;100m=[0m[97;100m=[0m[97;100m=[0m[97;100m=[0m[97;100m=[0m[97;100m=[0m[97;100m=[0m[97;100m=[0m[97;100m=[0m[97;100m=[0m[97;100m=[0m[97;100m=[0m[97;100m=[0m[97;100m=[0m[97;100m=[0m[97;100m=[0m[97;100m=[0m[97;100m=[0m[97;100m=[0m[97;100m=[0m[0m
check_lexical_rules([0;36m>>[0m)-------------------------------------------------------------------
[0;32mtok_lst == tab_res == NULL
[0m-------------------------------------------------------------------------------------> [37;42m ✓ [0m
check_lexical_rules([0;36m>> [0m)------------------------------------------------------------------
[0;32mtok_lst == tab_res == NULL
[0m-------------------------------------------------------------------------------------> [37;42m ✓ [0m
check_lexical_rules([0;36mcmd>>[0m)----------------------------------------------------------------
[0;32mtok_lst == tab_res == NULL
[0m-------------------------------------------------------------------------------------> [37;42m ✓ [0m
check_lexical_rules([0;36mcmd>> [0m)---------------------------------------------------------------
[0;32mtok_lst == tab_res == NULL
[0m-------------------------------------------------------------------------------------> [37;42m ✓ [0m
check_lexical_rules([0;36m<f1>>[0m)----------------------------------------------------------------
[0;32mtok_lst == tab_res == NULL
[0m-------------------------------------------------------------------------------------> [37;42m ✓ [0m
check_lexical_rules([0;36m < f1 >> [0m)------------------------------------------------------------
[0;32mtok_lst == tab_res == NULL
[0m-------------------------------------------------------------------------------------> [37;42m ✓ [0m
check_lexical_rules([0;36m>>|cmd2[0m)--------------------------------------------------------------
[0;32mtok_lst == tab_res =[0;31mSYNTAX ERROR:Unary Operator
[0m[0;31mSYNTAX ERROR:Unary Operator
[0m[0;31mSYNTAX ERROR:Unary Operator
[0m[0;31mSYNTAX ERROR:Unary Operator
[0m[0;31mSYNTAX ERROR:Unary Operator
[0m[0;31mSYNTAX ERROR:Unary Operator
[0m[0;31mSYNTAX ERROR:Binary Operator
[0m[0;31mSYNTAX ERROR:Binary Operator
[0m[0;31mSYNTAX ERROR:Binary Operator
[0m[0;31mSYNTAX ERROR:Binary Operator
[0m[0;31mSYNTAX ERROR:Binary Operator
[0m[0;31mSYNTAX ERROR:Binary Operator
[0m[0;31mSYNTAX ERROR:Binary Operator
[0m[0;31mSYNTAX ERROR:Binary Operator
[0m[0;31mSYNTAX ERROR:Binary Operator
[0m= NULL
[0m-------------------------------------------------------------------------------------> [37;42m ✓ [0m
check_lexical_rules([0;36mcmd1>>|cmd2[0m)----------------------------------------------------------
[0;32mtok_lst == tab_res == NULL
[0m-------------------------------------------------------------------------------------> [37;42m ✓ [0m
check_lexical_rules([0;36m>>||cmd2[0m)-------------------------------------------------------------
[0;32mtok_lst == tab_res == NULL
[0m-------------------------------------------------------------------------------------> [37;42m ✓ [0m
check_lexical_rules([0;36mcmd1>>||cmd2[0m)---------------------------------------------------------
[0;32mtok_lst == tab_res == NULL
[0m-------------------------------------------------------------------------------------> [37;42m ✓ [0m
check_lexical_rules([0;36m>>&&cmd2[0m)-------------------------------------------------------------
[0;32mtok_lst == tab_res == NULL
[0m-------------------------------------------------------------------------------------> [37;42m ✓ [0m
check_lexical_rules([0;36mcmd1>>&&cmd2[0m)---------------------------------------------------------
[0;32mtok_lst == tab_res == NULL
[0m-------------------------------------------------------------------------------------> [37;42m ✓ [0m
check_lexical_rules([0;36m>> (cmd1&&cmd2)[0m)------------------------------------------------------
[0;32mtok_lst == tab_res == NULL
[0m-------------------------------------------------------------------------------------> [37;42m ✓ [0m
[97;100m=[0m[97;100m=[0m[97;100m=[0m[97;100m=[0m[97;100m=[0m[97;100m=[0m[97;100m=[0m[97;100m=[0m[97;100m=[0m[97;100m=[0m[97;100m=[0m[97;100m=[0m[97;100m=[0m[97;100m=[0m[97;100m=[0m[97;100m=[0m[97;100m=[0m[97;100m=[0m[97;100m=[0m[97;100m=[0m[97;100m=[0m[97;100m=[0m[97;100m=[0m[97;100m=[0m[97;100m=[0m[97;100m=[0m[97;100m=[0m[97;100m=[0m[97;100m=[0m[97;100m=[0m[97;100m=[0m[97;100m=[0m[97;100m=[0m[97;100m=[0m[97;100m=[0m[97;100m=[0m[97;100m=[0m[97;100m=[0m[97;100m=[0m[97;100m=[0m[97;100m=[0m[97;100m=[0m[97;100m=[0m[97;100m=[0m[97;100m=[0m[97;100m=[0m[97;100m=[0m[97;100m=[0m[97;100m=[0m[97;100m=[0m[97;100m=[0m[97;100m=[0m[97;100m=[0m[97;100m=[0m[97;100m=[0m[97;100m=[0m[97;100m=[0m[97;100m=[0m[97;100m=[0m[97;100m=[0m[97;100m=[0m[97;100m=[0m[97;100m=[0m[97;100m=[0m[97;100m=[0m[97;100m=[0m[97;100m=[0m[97;100m=[0m[97;100m=[0m[97;100m=[0m[97;100m=[0m[97;100m=[0m[97;100m=[0m[97;100m=[0m[97;100m=[0m[97;100m=[0m[97;100m=[0m[97;100m=[0m[97;100m=[0m[97;100m=[0m[97;100m=[0m[97;100m=[0m[97;100m=[0m[97;100m=[0m[97;100m=[0m[97;100m=[0m[97;100m=[0m[97;100m=[0m[97;100m=[0m[97;100m=[0m

[97;100m=[0m[97;100m[ H| FAIL BINARY OPA && ][97;100m=[0m[97;100m=[0m[97;100m=[0m[97;100m=[0m[97;100m=[0m[97;100m=[0m[97;100m=[0m[97;100m=[0m[97;100m=[0m[97;100m=[0m[97;100m=[0m[97;100m=[0m[97;100m=[0m[97;100m=[0m[97;100m=[0m[97;100m=[0m[97;100m=[0m[97;100m=[0m[97;100m=[0m[97;100m=[0m[97;100m=[0m[97;100m=[0m[97;100m=[0m[97;100m=[0m[97;100m=[0m[97;100m=[0m[97;100m=[0m[97;100m=[0m[97;100m=[0m[97;100m=[0m[97;100m=[0m[97;100m=[0m[97;100m=[0m[97;100m=[0m[97;100m=[0m[97;100m=[0m[97;100m=[0m[97;100m=[0m[97;100m=[0m[97;100m=[0m[97;100m=[0m[97;100m=[0m[97;100m=[0m[97;100m=[0m[97;100m=[0m[97;100m=[0m[97;100m=[0m[97;100m=[0m[97;100m=[0m[97;100m=[0m[97;100m=[0m[97;100m=[0m[97;100m=[0m[97;100m=[0m[97;100m=[0m[97;100m=[0m[97;100m=[0m[97;100m=[0m[97;100m=[0m[97;100m=[0m[97;100m=[0m[97;100m=[0m[97;100m=[0m[97;100m=[0m[0m
check_lexical_rules([0;36m&&[0m)-------------------------------------------------------------------
[0;32mtok_lst == tab_res == NULL
[0m-------------------------------------------------------------------------------------> [37;42m ✓ [0m
check_lexical_rules([0;36m && [0m)-----------------------------------------------------------------
[0;32mtok_lst == tab_res == NULL
[0m-------------------------------------------------------------------------------------> [37;42m ✓ [0m
check_lexical_rules([0;36mcmd&&[0m)----------------------------------------------------------------
[0;32mtok_lst == tab_res == NULL
[0m-------------------------------------------------------------------------------------> [37;42m ✓ [0m
check_lexical_rules([0;36m cmd && [0m)-------------------------------------------------------------
[0;32mtok_lst == tab_res == NULL
[0m-------------------------------------------------------------------------------------> [37;42m ✓ [0m
check_lexical_rules([0;36m&&cmd[0m)----------------------------------------------------------------
[0;32mtok_lst == tab_res == NULL
[0m-------------------------------------------------------------------------------------> [37;42m ✓ [0m
check_lexical_rules([0;36m && cmd [0m)-------------------------------------------------------------
[0;32mtok_lst == tab_res == NULL
[0m-------------------------------------------------------------------------------------> [37;42m ✓ [0m
[97;100m=[0m[97;100m=[0m[97;100m=[0m[97;100m=[0m[97;100m=[0m[97;100m=[0m[97;100m=[0m[97;100m=[0m[97;100m=[0m[97;100m=[0m[97;100m=[0m[97;100m=[0m[97;100m=[0m[97;100m=[0m[97;100m=[0m[97;100m=[0m[97;100m=[0m[97;100m=[0m[97;100m=[0m[97;100m=[0m[97;100m=[0m[97;100m=[0m[97;100m=[0m[97;100m=[0m[97;100m=[0m[97;100m=[0m[97;100m=[0m[97;100m=[0m[97;100m=[0m[97;100m=[0m[97;100m=[0m[97;100m=[0m[97;100m=[0m[97;100m=[0m[97;100m=[0m[97;100m=[0m[97;100m=[0m[97;100m=[0m[97;100m=[0m[97;100m=[0m[97;100m=[0m[97;100m=[0m[97;100m=[0m[97;100m=[0m[97;100m=[0m[97;100m=[0m[97;100m=[0m[97;100m=[0m[97;100m=[0m[97;100m=[0m[97;100m=[0m[97;100m=[0m[97;100m=[0m[97;100m=[0m[97;100m=[0m[97;100m=[0m[97;100m=[0m[97;100m=[0m[97;100m=[0m[97;100m=[0m[97;100m=[0m[97;100m=[0m[97;100m=[0m[97;100m=[0m[97;100m=[0m[97;100m=[0m[97;100m=[0m[97;100m=[0m[97;100m=[0m[97;100m=[0m[97;100m=[0m[97;100m=[0m[97;100m=[0m[97;100m=[0m[97;100m=[0m[97;100m=[0m[97;100m=[0m[97;100m=[0m[97;100m=[0m[97;100m=[0m[97;100m=[0m[97;100m=[0m[97;100m=[0m[97;100m=[0m[97;100m=[0m[97;100m=[0m[97;100m=[0m[97;100m=[0m[97;100m=[0m[97;100m=[0m

[97;100m=[0m[97;100m[ I| FAIL BINARY OPO || ][97;100m=[0m[97;100m=[0m[97;100m=[0m[97;100m=[0m[97;100m=[0m[97;100m=[0m[97;100m=[0m[97;100m=[0m[97;100m=[0m[97;100m=[0m[97;100m=[0m[97;100m=[0m[97;100m=[0m[97;100m=[0m[97;100m=[0m[97;100m=[0m[97;100m=[0m[97;100m=[0m[97;100m=[0m[97;100m=[0m[97;100m=[0m[97;100m=[0m[97;100m=[0m[97;100m=[0m[97;100m=[0m[97;100m=[0m[97;100m=[0m[97;100m=[0m[97;100m=[0m[97;100m=[0m[97;100m=[0m[97;100m=[0m[97;100m=[0m[97;100m=[0m[97;100m=[0m[97;100m=[0m[97;100m=[0m[97;100m=[0m[97;100m=[0m[97;100m=[0m[97;100m=[0m[97;100m=[0m[97;100m=[0m[97;100m=[0m[97;100m=[0m[97;100m=[0m[97;100m=[0m[97;100m=[0m[97;100m=[0m[97;100m=[0m[97;100m=[0m[97;100m=[0m[97;100m=[0m[97;100m=[0m[97;100m=[0m[97;100m=[0m[97;100m=[0m[97;100m=[0m[97;100m=[0m[97;100m=[0m[97;100m=[0m[97;100m=[0m[97;100m=[0m[97;100m=[0m[0m
check_lexical_rules([0;36m||[0m)-------------------------------------------------------------------
[0;32mtok_lst == tab_res == NULL
[0m-------------------------------------------------------------------------------------> [37;42m ✓ [0m
check_lexical_rules([0;36m || [0m)-----------------------------------------------------------------
[0;32mtok_lst == tab_res == NULL
[0m-------------------------------------------------------------------------------------> [37;42m ✓ [0m
check_lexical_rules([0;36mcmd||[0m)----------------------------------------------------------------
[0;32mtok_lst == tab_res == NULL
[0m------------------------------------------------------------------------------------[0;31mSYNTAX ERROR:Binary Operator
[0m[0;31mSYNTAX ERROR:Binary Operator
[0m[0;31mSYNTAX ERROR:Binary Operator
[0m[0;31mSYNTAX ERROR:Binary Operator
[0m[0;31mSYNTAX ERROR:Binary Operator
[0m[0;31mSYNTAX ERROR:Binary Operator
[0m[0;31mSYNTAX ERROR:Binary Operator
[0m[0;31mSYNTAX ERROR:Binary Operator
[0m[0;31mSYNTAX ERROR:Binary Operator
[0m[0;31mSYNTAX ERROR:'('parenthesis
[0m[0;31mSYNTAX ERROR:')'parenthesis
[0m[0;31mERROR NOT SUPPORTED OPERATOR DETECTED:Arithmetic Operator
[0m-> [37;42m ✓ [0m
check_lexical_rules([0;36m cmd || [0m)-------------------------------------------------------------
[0;32mtok_lst == tab_res == NULL
[0m-------------------------------------------------------------------------------------> [37;42m ✓ [0m
check_lexical_rules([0;36m||cmd[0m)----------------------------------------------------------------
[0;32mtok_lst == tab_res == NULL
[0m-------------------------------------------------------------------------------------> [37;42m ✓ [0m
check_lexical_rules([0;36m || cmd [0m)-------------------------------------------------------------
[0;32mtok_lst == tab_res == NULL
[0m-------------------------------------------------------------------------------------> [37;42m ✓ [0m
[97;100m=[0m[97;100m=[0m[97;100m=[0m[97;100m=[0m[97;100m=[0m[97;100m=[0m[97;100m=[0m[97;100m=[0m[97;100m=[0m[97;100m=[0m[97;100m=[0m[97;100m=[0m[97;100m=[0m[97;100m=[0m[97;100m=[0m[97;100m=[0m[97;100m=[0m[97;100m=[0m[97;100m=[0m[97;100m=[0m[97;100m=[0m[97;100m=[0m[97;100m=[0m[97;100m=[0m[97;100m=[0m[97;100m=[0m[97;100m=[0m[97;100m=[0m[97;100m=[0m[97;100m=[0m[97;100m=[0m[97;100m=[0m[97;100m=[0m[97;100m=[0m[97;100m=[0m[97;100m=[0m[97;100m=[0m[97;100m=[0m[97;100m=[0m[97;100m=[0m[97;100m=[0m[97;100m=[0m[97;100m=[0m[97;100m=[0m[97;100m=[0m[97;100m=[0m[97;100m=[0m[97;100m=[0m[97;100m=[0m[97;100m=[0m[97;100m=[0m[97;100m=[0m[97;100m=[0m[97;100m=[0m[97;100m=[0m[97;100m=[0m[97;100m=[0m[97;100m=[0m[97;100m=[0m[97;100m=[0m[97;100m=[0m[97;100m=[0m[97;100m=[0m[97;100m=[0m[97;100m=[0m[97;100m=[0m[97;100m=[0m[97;100m=[0m[97;100m=[0m[97;100m=[0m[97;100m=[0m[97;100m=[0m[97;100m=[0m[97;100m=[0m[97;100m=[0m[97;100m=[0m[97;100m=[0m[97;100m=[0m[97;100m=[0m[97;100m=[0m[97;100m=[0m[97;100m=[0m[97;100m=[0m[97;100m=[0m[97;100m=[0m[97;100m=[0m[97;100m=[0m[97;100m=[0m[97;100m=[0m[97;100m=[0m

[97;100m=[0m[97;100m[ J| FAIL BINARY PIP | ][97;100m=[0m[97;100m=[0m[97;100m=[0m[97;100m=[0m[97;100m=[0m[97;100m=[0m[97;100m=[0m[97;100m=[0m[97;100m=[0m[97;100m=[0m[97;100m=[0m[97;100m=[0m[97;100m=[0m[97;100m=[0m[97;100m=[0m[97;100m=[0m[97;100m=[0m[97;100m=[0m[97;100m=[0m[97;100m=[0m[97;100m=[0m[97;100m=[0m[97;100m=[0m[97;100m=[0m[97;100m=[0m[97;100m=[0m[97;100m=[0m[97;100m=[0m[97;100m=[0m[97;100m=[0m[97;100m=[0m[97;100m=[0m[97;100m=[0m[97;100m=[0m[97;100m=[0m[97;100m=[0m[97;100m=[0m[97;100m=[0m[97;100m=[0m[97;100m=[0m[97;100m=[0m[97;100m=[0m[97;100m=[0m[97;100m=[0m[97;100m=[0m[97;100m=[0m[97;100m=[0m[97;100m=[0m[97;100m=[0m[97;100m=[0m[97;100m=[0m[97;100m=[0m[97;100m=[0m[97;100m=[0m[97;100m=[0m[97;100m=[0m[97;100m=[0m[97;100m=[0m[97;100m=[0m[97;100m=[0m[97;100m=[0m[97;100m=[0m[97;100m=[0m[97;100m=[0m[97;100m=[0m[0m
check_lexical_rules([0;36m|[0m)--------------------------------------------------------------------
[0;32mtok_lst == tab_res == NULL
[0m-------------------------------------------------------------------------------------> [37;42m ✓ [0m
check_lexical_rules([0;36m | [0m)------------------------------------------------------------------
[0;32mtok_lst == tab_res == NULL
[0m-------------------------------------------------------------------------------------> [37;42m ✓ [0m
check_lexical_rules([0;36mcmd|[0m)-----------------------------------------------------------------
[0;32mtok_lst == tab_res == NULL
[0m-------------------------------------------------------------------------------------> [37;42m ✓ [0m
check_lexical_rules([0;36m cmd | [0m)--------------------------------------------------------------
[0;32mtok_lst == tab_res == NULL
[0m-------------------------------------------------------------------------------------> [37;42m ✓ [0m
check_lexical_rules([0;36m|cmd[0m)-----------------------------------------------------------------
[0;32mtok_lst == tab_res == NULL
[0m-------------------------------------------------------------------------------------> [37;42m ✓ [0m
check_lexical_rules([0;36m | cmd [0m)--------------------------------------------------------------
[0;32mtok_lst == tab_res == NULL
[0m-------------------------------------------------------------------------------------> [37;42m ✓ [0m
[97;100m=[0m[97;100m=[0m[97;100m=[0m[97;100m=[0m[97;100m=[0m[97;100m=[0m[97;100m=[0m[97;100m=[0m[97;100m=[0m[97;100m=[0m[97;100m=[0m[97;100m=[0m[97;100m=[0m[97;100m=[0m[97;100m=[0m[97;100m=[0m[97;100m=[0m[97;100m=[0m[97;100m=[0m[97;100m=[0m[97;100m=[0m[97;100m=[0m[97;100m=[0m[97;100m=[0m[97;100m=[0m[97;100m=[0m[97;100m=[0m[97;100m=[0m[97;100m=[0m[97;100m=[0m[97;100m=[0m[97;100m=[0m[97;100m=[0m[97;100m=[0m[97;100m=[0m[97;100m=[0m[97;100m=[0m[97;100m=[0m[97;100m=[0m[97;100m=[0m[97;100m=[0m[97;100m=[0m[97;100m=[0m[97;100m=[0m[97;100m=[0m[97;100m=[0m[97;100m=[0m[97;100m=[0m[97;100m=[0m[97;100m=[0m[97;100m=[0m[97;100m=[0m[97;100m=[0m[97;100m=[0m[97;100m=[0m[97;100m=[0m[97;100m=[0m[97;100m=[0m[97;100m=[0m[97;100m=[0m[97;100m=[0m[97;100m=[0m[97;100m=[0m[97;100m=[0m[97;100m=[0m[97;100m=[0m[97;100m=[0m[97;100m=[0m[97;100m=[0m[97;100m=[0m[97;100m=[0m[97;100m=[0m[97;100m=[0m[97;100m=[0m[97;100m=[0m[97;100m=[0m[97;100m=[0m[97;100m=[0m[97;100m=[0m[97;100m=[0m[97;100m=[0m[97;100m=[0m[97;100m=[0m[97;100m=[0m[97;100m=[0m[97;100m=[0m[97;100m=[0m[97;100m=[0m[97;100m=[0m[97;100m=[0m

[97;100m=[0m[97;100m[ K| FAIL WITH PARENTHESIS ][97;100m=[0m[97;100m=[0m[97;100m=[0m[97;100m=[0m[97;100m=[0m[97;100m=[0m[97;100m=[0m[97;100m=[0m[97;100m=[0m[97;100m=[0m[97;100m=[0m[97;100m=[0m[97;100m=[0m[97;100m=[0m[97;100m=[0m[97;100m=[0m[97;100m=[0m[97;100m=[0m[97;100m=[0m[97;100m=[0m[97;100m=[0m[97;100m=[0m[97;100m=[0m[97;100m=[0m[97;100m=[0m[97;100m=[0m[97;100m=[0m[97;100m=[0m[97;100m=[0m[97;100m=[0m[97;100m=[0m[97;100m=[0m[97;100m=[0m[97;100m=[0m[97;100m=[0m[97;100m=[0m[97;100m=[0m[97;100m=[0m[97;100m=[0m[97;100m=[0m[97;100m=[0m[97;100m=[0m[97;100m=[0m[97;100m=[0m[97;100m=[0m[97;100m=[0m[97;100m=[0m[97;100m=[0m[97;100m=[0m[97;100m=[0m[97;100m=[0m[97;100m=[0m[97;100m=[0m[97;100m=[0m[97;100m=[0m[97;100m=[0m[97;100m=[0m[97;100m=[0m[97;100m=[0m[97;100m=[0m[97;100m=[0m[0m
[0;36m*[0m[0;36m( Cases of 'Empty parenthesis' )[0;36m*[0m[0;36m*[0m[0;36m*[0m[0;36m*[0m[0;36m*[0m[0;36m*[0m[0;36m*[0m[0;36m*[0m[0;36m*[0m[0;36m*[0m[0;36m*[0m[0;36m*[0m[0;36m*[0m[0;36m*[0m[0;36m*[0m[0;36m*[0m[0;36m*[0m[0;36m*[0m[0;36m*[0m[0;36m*[0m[0;36m*[0m[0;36m*[0m[0;36m*[0m[0;36m*[0m[0;36m*[0m[0;36m*[0m[0;36m*[0m[0;36m*[0m[0;36m*[0m[0;36m*[0m[0;36m*[0m[0;36m*[0m[0;36m*[0m[0;36m*[0m[0;36m*[0m[0;36m*[0m[0;36m*[0m[0;36m*[0m[0;36m*[0m[0;36m*[0m[0;36m*[0m[0;36m*[0m[0;36m*[0m[0;36m*[0m[0;36m*[0m[0;36m*[0m[0;36m*[0m[0;36m*[0m[0;36m*[0m[0;36m*[0m[0;36m*[0m[0;36m*[0m[0;36m*[0m[0;36m*[0m[0;36m*[0m[0;36m*[0m[0;36m*[0m[0m
check_lexical_rules([0;36m()[0m)-------------------------------------------------------------------
[0;32mtok_lst == tab_res == NULL
[0m-------------------------------------------------------------------------------------> [37;42m ✓ [0m
check_lexical_rules([0;36m ( ) [0m)----------------------------------------------------------------
[0;32mtok_lst == tab_res == NULL
[0m-------------------------------------------------------------------------------------> [37;42m ✓ [0m
check_lexical_rules([0;36m(())[0m)-----------------------------------------------------------------
[0;32mtok_lst == tab_res == NULL
[0m-------------------------------------------------------------------------------------> [37;42m ✓ [0m
check_lexical_rules([0;36m ( ( ) ) [0m)------------------------------------------------------[0;31mSYNTAX ERROR:')'parenthesis
[0m[0;31mSYNTAX ERROR:Odd number of Parenthesis
[0m[0;31mSYNTAX ERROR:Odd number of Parenthesis
[0m[0;31mSYNTAX ERROR:Odd number of Parenthesis
[0m[0;31mSYNTAX ERROR:Odd number of Parenthesis
[0m[0;31mSYNTAX ERROR:Odd number of Parenthesis
[0m[0;31mSYNTAX ERROR:Odd number of Parenthesis
[0m[0;31mSYNTAX ERROR:Odd number of Parenthesis
[0m[0;31mSYNTAX ERROR:Odd number of Parenthesis
[0m[0;31mSYNTAX ERROR:Parenthesis order
[0m[0;31mSYNTAX ERROR:Parenthesis order
[0m[0;31mSYNTAX ERROR:')'parenthesis
[0m[0;31mSYNTAX ERROR:')'parenthesis
[0m------
[0;32mtok_lst == tab_res == NULL
[0m-------------------------------------------------------------------------------------> [37;42m ✓ [0m
[0;36m*[0m[0;36m*[0m[0;36m*[0m[0;36m*[0m[0;36m*[0m[0;36m*[0m[0;36m*[0m[0;36m*[0m[0;36m*[0m[0;36m*[0m[0;36m*[0m[0;36m*[0m[0;36m*[0m[0;36m*[0m[0;36m*[0m[0;36m*[0m[0;36m*[0m[0;36m*[0m[0;36m*[0m[0;36m*[0m[0;36m*[0m[0;36m*[0m[0;36m*[0m[0;36m*[0m[0;36m*[0m[0;36m*[0m[0;36m*[0m[0;36m*[0m[0;36m*[0m[0;36m*[0m[0;36m*[0m[0;36m*[0m[0;36m*[0m[0;36m*[0m[0;36m*[0m[0;36m*[0m[0;36m*[0m[0;36m*[0m[0;36m*[0m[0;36m*[0m[0;36m*[0m[0;36m*[0m[0;36m*[0m[0;36m*[0m[0;36m*[0m[0;36m*[0m[0;36m*[0m[0;36m*[0m[0;36m*[0m[0;36m*[0m[0;36m*[0m[0;36m*[0m[0;36m*[0m[0;36m*[0m[0;36m*[0m[0;36m*[0m[0;36m*[0m[0;36m*[0m[0;36m*[0m[0;36m*[0m[0;36m*[0m[0;36m*[0m[0;36m*[0m[0;36m*[0m[0;36m*[0m[0;36m*[0m[0;36m*[0m[0;36m*[0m[0;36m*[0m[0;36m*[0m[0;36m*[0m[0;36m*[0m[0;36m*[0m[0;36m*[0m[0;36m*[0m[0;36m*[0m[0;36m*[0m[0;36m*[0m[0;36m*[0m[0;36m*[0m[0;36m*[0m[0;36m*[0m[0;36m*[0m[0;36m*[0m[0;36m*[0m[0;36m*[0m[0;36m*[0m[0;36m*[0m[0;36m*[0m[0;36m*[0m

[0;36m*[0m[0;36m( Cases of 'Odd number of parenthesis' )[0;36m*[0m[0;36m*[0m[0;36m*[0m[0;36m*[0m[0;36m*[0m[0;36m*[0m[0;36m*[0m[0;36m*[0m[0;36m*[0m[0;36m*[0m[0;36m*[0m[0;36m*[0m[0;36m*[0m[0;36m*[0m[0;36m*[0m[0;36m*[0m[0;36m*[0m[0;36m*[0m[0;36m*[0m[0;36m*[0m[0;36m*[0m[0;36m*[0m[0;36m*[0m[0;36m*[0m[0;36m*[0m[0;36m*[0m[0;36m*[0m[0;36m*[0m[0;36m*[0m[0;36m*[0m[0;36m*[0m[0;36m*[0m[0;36m*[0m[0;36m*[0m[0;36m*[0m[0;36m*[0m[0;36m*[0m[0;36m*[0m[0;36m*[0m[0;36m*[0m[0;36m*[0m[0;36m*[0m[0;36m*[0m[0;36m*[0m[0;36m*[0m[0;36m*[0m[0;36m*[0m[0;36m*[0m[0;36m*[0m[0m
check_lexical_rules([0;36m([0m)--------------------------------------------------------------------
[0;32mtok_lst == tab_res == NULL
[0m-------------------------------------------------------------------------------------> [37;42m ✓ [0m
check_lexical_rules([0;36m ( [0m)------------------------------------------------------------------
[0;32mtok_lst == tab_res == NULL
[0m-------------------------------------------------------------------------------------> [37;42m ✓ [0m
check_lexical_rules([0;36m)[0m)--------------------------------------------------------------------
[0;32mtok_lst == tab_res == NULL
[0m-------------------------------------------------------------------------------------> [37;42m ✓ [0m
check_lexical_rules([0;36m ) [0m)------------------------------------------------------------------
[0;32mtok_lst == tab_res == NULL
[0m-------------------------------------------------------------------------------------> [37;42m ✓ [0m
check_lexical_rules([0;36m((cmd)[0m)---------------------------------------------------------------
[0;32mtok_lst == tab_res == NULL
[0m-------------------------------------------------------------------------------------> [37;42m ✓ [0m
check_lexical_rules([0;36m ( ( cmd ) [0m)----------------------------------------------------------
[0;32mtok_lst == tab_res == NULL
[0m-------------------------------------------------------------------------------------> [37;42m ✓ [0m
check_lexical_rules([0;36m(cmd))[0m)---------------------------------------------------------------
[0;32mtok_lst == tab_res == NULL
[0m-------------------------------------------------------------------------------------> [37;42m ✓ [0m
check_lexical_rules([0;36m ( cmd ) )[0m)-----------------------------------------------------------
[0;32mtok_lst == tab_res == NULL
[0m-------------------------------------------------------------------------------------> [37;42m ✓ [0m
[0;36m*[0m[0;36m*[0m[0;36m*[0m[0;36m*[0m[0;36m*[0m[0;36m*[0m[0;36m*[0m[0;36m*[0m[0;36m*[0m[0;36m*[0m[0;36m*[0m[0;36m*[0m[0;36m*[0m[0;36m*[0m[0;36m*[0m[0;36m*[0m[0;36m*[0m[0;36m*[0m[0;36m*[0m[0;36m*[0m[0;36m*[0m[0;36m*[0m[0;36m*[0m[0;36m*[0m[0;36m*[0m[0;36m*[0m[0;36m*[0m[0;36m*[0m[0;36m*[0m[0;36m*[0m[0;36m*[0m[0;36m*[0m[0;36m*[0m[0;36m*[0m[0;36m*[0m[0;36m*[0m[0;36m*[0m[0;36m*[0m[0;36m*[0m[0;36m*[0m[0;36m*[0m[0;36m*[0m[0;36m*[0m[0;36m*[0m[0;36m*[0m[0;36m*[0m[0;36m*[0m[0;36m*[0m[0;36m*[0m[0;36m*[0m[0;36m*[0m[0;36m*[0m[0;36m*[0m[0;36m*[0m[0;36m*[0m[0;36m*[0m[0;36m*[0m[0;36m*[0m[0;36m*[0m[0;36m*[0m[0;36m*[0m[0;36m*[0m[0;36m*[0m[0;36m*[0m[0;36m*[0m[0;36m*[0m[0;36m*[0m[0;36m*[0m[0;36m*[0m[0;36m*[0m[0;36m*[0m[0;36m*[0m[0;36m*[0m[0;36m*[0m[0;36m*[0m[0;36m*[0m[0;36m*[0m[0;36m*[0m[0;36m*[0m[0;36m*[0m[0;36m*[0m[0;36m*[0m[0;36m*[0m[0;36m*[0m[0;36m*[0m[0;36m*[0m[0;36m*[0m[0;36m*[0m[0;36m*[0m[0;36m*[0m

[0;36m*[0m[0;36m( Cases of 'Wrong order of parenthesis' )[0;36m*[0m[0;36m*[0m[0;36m*[0m[0;36m*[0m[0;36m*[0m[0;36m*[0m[0;36m*[0m[0;36m*[0m[0;36m*[0m[0;36m*[0m[0;36m*[0m[0;36m*[0m[0;36m*[0m[0;36m*[0m[0;36m*[0m[0;36m*[0m[0;36m*[0m[0;36m*[0m[0;36m*[0m[0;36m*[0m[0;36m*[0m[0;36m*[0m[0;36m*[0m[0;36m*[0m[0;36m*[0m[0;36m*[0m[0;36m*[0m[0;36m*[0m[0;36m*[0m[0;36m*[0m[0;36m*[0m[0;36m*[0m[0;36m*[0m[0;36m*[0m[0;36m*[0m[0;36m*[0m[0;36m*[0m[0;36m*[0m[0;36m*[0m[0;36m*[0m[0;36m*[0m[0;36m*[0m[0;36m*[0m[0;36m*[0m[0;36m*[0m[0;36m*[0m[0;36m*[0m[0;36m*[0m[0m
check_lexical_rules([0;36m)([0m)-------------------------------------------------------------------
[0;32mtok_lst == tab_res == NULL
[0m-------------------------------------------------------------------------------------> [37;42m ✓ [0m
check_lexical_rules([0;36m ) ( [0m)----------------------------------------------------------------
[0;32mtok_lst == tab_res == NULL
[0m-------------------------------------------------------------------------------------> [37;42m ✓ [0m
[0;36m*[0m[0;36m*[0m[0;36m*[0m[0;36m*[0m[0;36m*[0m[0;36m*[0m[0;36m*[0m[0;36m*[0m[0;36m*[0m[0;36m*[0m[0;36m*[0m[0;36m*[0m[0;36m*[0m[0;36m*[0m[0;36m*[0m[0;36m*[0m[0;36m*[0m[0;36m*[0m[0;36m*[0m[0;36m*[0m[0;36m*[0m[0;36m*[0m[0;36m*[0m[0;36m*[0m[0;36m*[0m[0;36m*[0m[0;36m*[0m[0;36m*[0m[0;36m*[0m[0;36m*[0m[0;36m*[0m[0;36m*[0m[0;36m*[0m[0;36m*[0m[0;36m*[0m[0;36m*[0m[0;36m*[0m[0;36m*[0m[0;36m*[0m[0;36m*[0m[0;36m*[0m[0;36m*[0m[0;36m*[0m[0;36m*[0m[0;36m*[0m[0;36m*[0m[0;36m*[0m[0;36m*[0m[0;36m*[0m[0;36m*[0m[0;36m*[0m[0;36m*[0m[0;36m*[0m[0;36m*[0m[0;36m*[0m[0;36m*[0m[0;36m*[0m[0;36m*[0m[0;36m*[0m[0;36m*[0m[0;36m*[0m[0;36m*[0m[0;36m*[0m[0;36m*[0m[0;36m*[0m[0;36m*[0m[0;36m*[0m[0;36m*[0m[0;36m*[0m[0;36m*[0m[0;36m*[0m[0;36m*[0m[0;36m*[0m[0;36m*[0m[0;36m*[0m[0;36m*[0m[0;36m*[0m[0;36m*[0m[0;36m*[0m[0;36m*[0m[0;36m*[0m[0;36m*[0m[0;36m*[0m[0;36m*[0m[0;36m*[0m[0;36m*[0m[0;36m*[0m[0;36m*[0m[0;36m*[0m[0;36m*[0m

[0;36m*[0m[0;36m( Cases of 'Wrong syntax with parenthesis' )[0;36m*[0m[0;36m*[0m[0;36m*[0m[0;36m*[0m[0;36m*[0m[0;36m*[0m[0;36m*[0m[0;36m*[0m[0;36m*[0m[0;36m*[0m[0;36m*[0m[0;36m*[0m[0;36m*[0m[0;36m*[0m[0;36m*[0m[0;36m*[0m[0;36m*[0m[0;36m*[0m[0;36m*[0m[0;36m*[0m[0;36m*[0m[0;36m*[0m[0;36m*[0m[0;36m*[0m[0;36m*[0m[0;36m*[0m[0;36m*[0m[0;36m*[0m[0;36m*[0m[0;36m*[0m[0;36m*[0m[0;36m*[0m[0;36m*[0m[0;36m*[0m[0;36m*[0m[0;36m*[0m[0;36m*[0m[0;36m*[0m[0;36m*[0m[0;36m*[0m[0;36m*[0m[0;36m*[0m[0;36m*[0m[0;36m*[0m[0;36m*[0m[0m
check_lexical_rules([0;36m(cmd1)cmd2[0m)-----------------------------------------------------------
[0;32mtok_lst == tab_res == NULL
[0m-------------------------------------------------------------------------------------> [37;42m ✓ [0m
check_lexical_rules([0;36m(cmd1) cmd2[0m)----------------------------------------------------------
[0;32mtok_lst == tab_res == NULL
[0m------------------------------------------------------------[0;31mSYNTAX ERROR:'('parenthesis
[0m[0;31mSYNTAX ERROR:'('parenthesis
[0m[0;31mSYNTAX ERROR:')'parenthesis
[0m[0;31mSYNTAX ERROR:')'parenthesis
[0m-------------------------> [37;42m ✓ [0m
check_lexical_rules([0;36mcmd1(cmd2)[0m)-----------------------------------------------------------
[0;32mtok_lst == tab_res == NULL
[0m-------------------------------------------------------------------------------------> [37;42m ✓ [0m
check_lexical_rules([0;36mcmd1 ( cmd2 )[0m)--------------------------------------------------------
[0;32mtok_lst == tab_res == NULL
[0m-------------------------------------------------------------------------------------> [37;42m ✓ [0m
check_lexical_rules([0;36m(cmd1)(cmd2)[0m)---------------------------------------------------------
[0;32mtok_lst == tab_res == NULL
[0m-------------------------------------------------------------------------------------> [37;42m ✓ [0m
check_lexical_rules([0;36m ( cmd1 ) ( cmd2 ) [0m)--------------------------------------------------
[0;32mtok_lst == tab_res == NULL
[0m-------------------------------------------------------------------------------------> [37;42m ✓ [0m
[0;36m*[0m[0;36m*[0m[0;36m*[0m[0;36m*[0m[0;36m*[0m[0;36m*[0m[0;36m*[0m[0;36m*[0m[0;36m*[0m[0;36m*[0m[0;36m*[0m[0;36m*[0m[0;36m*[0m[0;36m*[0m[0;36m*[0m[0;36m*[0m[0;36m*[0m[0;36m*[0m[0;36m*[0m[0;36m*[0m[0;36m*[0m[0;36m*[0m[0;36m*[0m[0;36m*[0m[0;36m*[0m[0;36m*[0m[0;36m*[0m[0;36m*[0m[0;36m*[0m[0;36m*[0m[0;36m*[0m[0;36m*[0m[0;36m*[0m[0;36m*[0m[0;36m*[0m[0;36m*[0m[0;36m*[0m[0;36m*[0m[0;36m*[0m[0;36m*[0m[0;36m*[0m[0;36m*[0m[0;36m*[0m[0;36m*[0m[0;36m*[0m[0;36m*[0m[0;36m*[0m[0;36m*[0m[0;36m*[0m[0;36m*[0m[0;36m*[0m[0;36m*[0m[0;36m*[0m[0;36m*[0m[0;36m*[0m[0;36m*[0m[0;36m*[0m[0;36m*[0m[0;36m*[0m[0;36m*[0m[0;36m*[0m[0;36m*[0m[0;36m*[0m[0;36m*[0m[0;36m*[0m[0;36m*[0m[0;36m*[0m[0;36m*[0m[0;36m*[0m[0;36m*[0m[0;36m*[0m[0;36m*[0m[0;36m*[0m[0;36m*[0m[0;36m*[0m[0;36m*[0m[0;36m*[0m[0;36m*[0m[0;36m*[0m[0;36m*[0m[0;36m*[0m[0;36m*[0m[0;36m*[0m[0;36m*[0m[0;36m*[0m[0;36m*[0m[0;36m*[0m[0;36m*[0m[0;36m*[0m[0;36m*[0m

[97;100m=[0m[97;100m=[0m[97;100m=[0m[97;100m=[0m[97;100m=[0m[97;100m=[0m[97;100m=[0m[97;100m=[0m[97;100m=[0m[97;100m=[0m[97;100m=[0m[97;100m=[0m[97;100m=[0m[97;100m=[0m[97;100m=[0m[97;100m=[0m[97;100m=[0m[97;100m=[0m[97;100m=[0m[97;100m=[0m[97;100m=[0m[97;100m=[0m[97;100m=[0m[97;100m=[0m[97;100m=[0m[97;100m=[0m[97;100m=[0m[97;100m=[0m[97;100m=[0m[97;100m=[0m[97;100m=[0m[97;100m=[0m[97;100m=[0m[97;100m=[0m[97;100m=[0m[97;100m=[0m[97;100m=[0m[97;100m=[0m[97;100m=[0m[97;100m=[0m[97;100m=[0m[97;100m=[0m[97;100m=[0m[97;100m=[0m[97;100m=[0m[97;100m=[0m[97;100m=[0m[97;100m=[0m[97;100m=[0m[97;100m=[0m[97;100m=[0m[97;100m=[0m[97;100m=[0m[97;100m=[0m[97;100m=[0m[97;100m=[0m[97;100m=[0m[97;100m=[0m[97;100m=[0m[97;100m=[0m[97;100m=[0m[97;100m=[0m[97;100m=[0m[97;100m=[0m[97;100m=[0m[97;100m=[0m[97;100m=[0m[97;100m=[0m[97;100m=[0m[97;100m=[0m[97;100m=[0m[97;100m=[0m[97;100m=[0m[97;100m=[0m[97;100m=[0m[97;100m=[0m[97;100m=[0m[97;100m=[0m[97;100m=[0m[97;100m=[0m[97;100m=[0m[97;100m=[0m[97;100m=[0m[97;100m=[0m[97;100m=[0m[97;100m=[0m[97;100m=[0m[97;100m=[0m[97;100m=[0m[97;100m=[0m

EXIT_VALUE=0
