=[ CAS:NULL ]==============================================================================
build_tok_lst_split_by_spaces(<(null)>)------------------------------------------------[0;31mERROR:build_*_spaces():!str[0m> ✅
build_tok_lst_split_by_spaces(<>)------------------------------------------------------[0;31mERROR:build_*_spaces():!str[0m> ✅
=[ CAS FULL SPACES ]=======================================================================
build_tok_lst_split_by_spaces(< >)----------------------------------------------------------
tab_res=[" ", NULL]
tok_lst={ ,-1,0,0}-->NULL
---------------------------------------------------------------------------------------> ✅
build_tok_lst_split_by_spaces(<	>)------------------------------------------------------
tab_res=[" ", NULL]
tok_lst={ ,-1,0,0}-->NULL
---------------------------------------------------------------------------------------> ✅
build_tok_lst_split_by_spaces(<      >)-----------------------------------------------------
tab_res=[" ", NULL]
tok_lst={ ,-1,0,0}-->NULL
---------------------------------------------------------------------------------------> ✅
build_tok_lst_split_by_spaces(<			>)--------------------------------------------
tab_res=[" ", NULL]
tok_lst={ ,-1,0,0}-->NULL
---------------------------------------------------------------------------------------> ✅
build_tok_lst_split_by_spaces(<   	   	   >)----------------------------------------
tab_res=[" ", NULL]
tok_lst={ ,-1,0,0}-->NULL
---------------------------------------------------------------------------------------> ✅
=[ CAS CLASSIC NO SPACES ]=================================================================
build_tok_lst_split_by_spaces(<i>)----------------------------------------------------------
tab_res=["i", NULL]
tok_lst={i,-1,0,0}-->NULL
---------------------------------------------------------------------------------------> ✅
build_tok_lst_split_by_spaces(<echo'toto'>)-------------------------------------------------
tab_res=["echo'toto'", NULL]
tok_lst={echo'toto',-1,0,0}-->NULL
---------------------------------------------------------------------------------------> ✅
=[ CAS CLASSIC WITH SPACES ]===============================================================
build_tok_lst_split_by_spaces(<echo "hello world">)-----------------------------------------
tab_res=["echo", " ", ""hello", " ", "world"", NULL]
tok_lst={echo,-1,0,0}-->{ ,-1,0,0}-->{"hello,-1,",0}-->{ ,-1,0,0}-->{world",-1,0,0}-->NULL
---------------------------------------------------------------------------------------> ✅
build_tok_lst_split_by_spaces(<	 echo   	   hello	world	  >)----------------
tab_res=[" ", "echo", " ", "hello", " ", "world", " ", NULL]
tok_lst={ ,-1,0,0}-->{echo,-1,0,0}-->{ ,-1,0,0}-->{hello,-1,0,0}-->{ ,-1,0,0}-->{world,-1,0,0}-->{ ,-1,0,0}-->NULL
---------------------------------------------------------------------------------------> ✅
EXIT_VALUE=0
