==80787== Memcheck, a memory error detector
==80787== Copyright (C) 2002-2022, and GNU GPL'd, by Julian Seward et al.
==80787== Using Valgrind-3.22.0 and LibVEX; rerun with -h for copyright info
==80787== Command: /home/altergnu/Data/shared/42/C3_minishell/Minishell/tests/bin/test_build_tok_lst_split_by_spaces
==80787== 
=[ CAS:NULL ]==============================================================================
build_tok_lst_split_by_spaces(<(null)>)------------------------------------------------[0;31mERROR:build_*_spaces():!str[0m> ✅
build_tok_lst_split_by_spaces(<>)------------------------------------------------------[0;31mERROR:build_*_spaces():!str[0m> ✅
=[ CAS FULL SPACES ]=======================================================================
build_tok_lst_split_by_spaces(< >)----------------------------------------------------------
tab_res=[" ", NULL]
tok_lst={ ,-1,0,0}-->NULL
---------------------------------------------------------------------------------------> ✅
build_tok_lst_split_by_spaces(<	>)------------------------------------------------------
tab_res=[" ", NULL]
tok_lst={ ,-1,0,0}-->NULL
---------------------------------------------------------------------------------------> ✅
build_tok_lst_split_by_spaces(<      >)-----------------------------------------------------
tab_res=[" ", NULL]
tok_lst={ ,-1,0,0}-->NULL
---------------------------------------------------------------------------------------> ✅
build_tok_lst_split_by_spaces(<			>)--------------------------------------------
tab_res=[" ", NULL]
tok_lst={ ,-1,0,0}-->NULL
---------------------------------------------------------------------------------------> ✅
build_tok_lst_split_by_spaces(<   	   	   >)----------------------------------------
tab_res=[" ", NULL]
tok_lst={ ,-1,0,0}-->NULL
---------------------------------------------------------------------------------------> ✅
=[ CAS CLASSIC NO SPACES ]=================================================================
build_tok_lst_split_by_spaces(<i>)----------------------------------------------------------
tab_res=["i", NULL]
tok_lst={i,-1,0,0}-->NULL
---------------------------------------------------------------------------------------> ✅
build_tok_lst_split_by_spaces(<echo'toto'>)-------------------------------------------------
tab_res=["echo'toto'", NULL]
tok_lst={echo'toto',-1,0,0}-->NULL
---------------------------------------------------------------------------------------> ✅
=[ CAS CLASSIC WITH SPACES ]===============================================================
build_tok_lst_split_by_spaces(<echo "hello world">)-----------------------------------------
tab_res=["echo", " ", ""hello", " ", "world"", NULL]
tok_lst={echo,-1,0,0}-->{ ,-1,0,0}-->{"hello,-1,",0}-->{ ,-1,0,0}-->{world",-1,0,0}-->NULL
---------------------------------------------------------------------------------------> ✅
build_tok_lst_split_by_spaces(<	 echo   	   hello	world	  >)----------------
tab_res=[" ", "echo", " ", "hello", " ", "world", " ", NULL]
tok_lst={ ,-1,0,0}-->{echo,-1,0,0}-->{ ,-1,0,0}-->{hello,-1,0,0}-->{ ,-1,0,0}-->{world,-1,0,0}-->{ ,-1,0,0}-->NULL
---------------------------------------------------------------------------------------> ✅
==80787== 
==80787== FILE DESCRIPTORS: 3 open (3 std) at exit.
==80787== 
==80787== HEAP SUMMARY:
==80787==     in use at exit: 0 bytes in 0 blocks
==80787==   total heap usage: 58 allocs, 58 frees, 4,927 bytes allocated
==80787== 
==80787== All heap blocks were freed -- no leaks are possible
==80787== 
==80787== For lists of detected and suppressed errors, rerun with: -s
==80787== ERROR SUMMARY: 0 errors from 0 contexts (suppressed: 0 from 0)
