==139266== Memcheck, a memory error detector
==139266== Copyright (C) 2002-2022, and GNU GPL'd, by Julian Seward et al.
==139266== Using Valgrind-3.22.0 and LibVEX; rerun with -h for copyright info
==139266== Command: /home/altergnu/Data/shared/42/C3_minishell/Minishell/tests/bin/test_lexer
==139266== 
[0;31mERROR NOT SUPPORTED OPERATOR DETECTED:Pocess substitution
[0m[0;31mERROR NOT SUPPORTED OPERATOR DETECTED:Pocess substitution
[0m[0;31mERROR NOT SUPPORTED OPERATOR DETECTED:Arithmetic Operator
[0m[0;31mERROR NOT SUPPORTED OPERATOR DETECTED:Arithmetic Operator
[0m[0;31mERROR NOT SUPPORTED OPERATOR DETECTED:Arithmetic Operator
[0m[97;100m=[0m[97;100m[ A| FAILS UNSUPPORT OPERATORS ][97;100m=[0m[97;100m=[0m[97;100m=[0m[97;100m=[0m[97;100m=[0m[97;100m=[0m[97;100m=[0m[97;100m=[0m[97;100m=[0m[97;100m=[0m[97;100m=[0m[97;100m=[0m[97;100m=[0m[97;100m=[0m[97;100m=[0m[97;100m=[0m[97;100m=[0m[97;100m=[0m[97;100m=[0m[97;100m=[0m[97;100m=[0m[97;100m=[0m[97;100m=[0m[97;100m=[0m[97;100m=[0m[97;100m=[0m[97;100m=[0m[97;100m=[0m[97;100m=[0m[97;100m=[0m[97;100m=[0m[97;100m=[0m[97;100m=[0m[97;100m=[0m[97;100m=[0m[97;100m=[0m[97;100m=[0m[97;100m=[0m[97;100m=[0m[97;100m=[0m[97;100m=[0m[97;100m=[0m[97;100m=[0m[97;100m=[0m[97;100m=[0m[97;100m=[0m[97;100m=[0m[97;100m=[0m[97;100m=[0m[97;100m=[0m[97;100m=[0m[97;100m=[0m[97;100m=[0m[97;100m=[0m[97;100m=[0m[97;100m=[0m[97;100m=[0m[0m
[0;36m*[0m[0;36m( Cases of 'PROCESS SUBSTITUTION' (Not Handle For Now) )[0;36m*[0m[0;36m*[0m[0;36m*[0m[0;36m*[0m[0;36m*[0m[0;36m*[0m[0;36m*[0m[0;36m*[0m[0;36m*[0m[0;36m*[0m[0;36m*[0m[0;36m*[0m[0;36m*[0m[0;36m*[0m[0;36m*[0m[0;36m*[0m[0;36m*[0m[0;36m*[0m[0;36m*[0m[0;36m*[0m[0;36m*[0m[0;36m*[0m[0;36m*[0m[0;36m*[0m[0;36m*[0m[0;36m*[0m[0;36m*[0m[0;36m*[0m[0;36m*[0m[0;36m*[0m[0;36m*[0m[0;36m*[0m[0;36m*[0m[0m
lexer([0;36m<(cmd)[0m)-----------------------------------------------------------------------------
[0;32mtok_lst == tab_res == NULL
[0m-------------------------------------------------------------------------------------> [37;42m ✓ [0m
lexer([0;36m>(cmd)[0m)-----------------------------------------------------------------------------
[0;32mtok_lst == tab_res == NULL
[0m-------------------------------------------------------------------------------------> [37;42m ✓ [0m
[0;36m*[0m[0;36m*[0m[0;36m*[0m[0;36m*[0m[0;36m*[0m[0;36m*[0m[0;36m*[0m[0;36m*[0m[0;36m*[0m[0;36m*[0m[0;36m*[0m[0;36m*[0m[0;36m*[0m[0;36m*[0m[0;36m*[0m[0;36m*[0m[0;36m*[0m[0;36m*[0m[0;36m*[0m[0;36m*[0m[0;36m*[0m[0;36m*[0m[0;36m*[0m[0;36m*[0m[0;36m*[0m[0;36m*[0m[0;36m*[0m[0;36m*[0m[0;36m*[0m[0;36m*[0m[0;36m*[0m[0;36m*[0m[0;36m*[0m[0;36m*[0m[0;36m*[0m[0;36m*[0m[0;36m*[0m[0;36m*[0m[0;36m*[0m[0;36m*[0m[0;36m*[0m[0;36m*[0m[0;36m*[0m[0;36m*[0m[0;36m*[0m[0;36m*[0m[0;36m*[0m[0;36m*[0m[0;36m*[0m[0;36m*[0m[0;36m*[0m[0;36m*[0m[0;36m*[0m[0;36m*[0m[0;36m*[0m[0;36m*[0m[0;36m*[0m[0;36m*[0m[0;36m*[0m[0;36m*[0m[0;36m*[0m[0;36m*[0m[0;36m*[0m[0;36m*[0m[0;36m*[0m[0;36m*[0m[0;36m*[0m[0;36m*[0m[0;36m*[0m[0;36m*[0m[0;36m*[0m[0;36m*[0m[0;36m*[0m[0;36m*[0m[0;36m*[0m[0;36m*[0m[0;36m*[0m[0;36m*[0m[0;36m*[0m[0;36m*[0m[0;36m*[0m[0;36m*[0m[0;36m*[0m[0;36m*[0m[0;36m*[0m[0;36m*[0m[0;36m*[0m[0;36m*[0m[0;36m*[0m[0;36m*[0m

[0;36m*[0m[0;36m( Cases of 'ARITHMETIC OPERATOR' (Not Handle For Now) )[0;36m*[0m[0;36m*[0m[0;36m*[0m[0;36m*[0m[0;36m*[0m[0;36m*[0m[0;36m*[0m[0;36m*[0m[0;36m*[0m[0;36m*[0m[0;36m*[0m[0;36m*[0m[0;36m*[0m[0;36m*[0m[0;36m*[0m[0;36m*[0m[0;36m*[0m[0;36m*[0m[0;36m*[0m[0;36m*[0m[0;36m*[0m[0;36m*[0m[0;36m*[0m[0;36m*[0m[0;36m*[0m[0;36m*[0m[0;36m*[0m[0;36m*[0m[0;36m*[0m[0;36m*[0m[0;36m*[0m[0;36m*[0m[0;36m*[0m[0;36m*[0m[0m
lexer([0;36m(())[0m)-------------------------------------------------------------------------------
[0;32mtok_lst == tab_res == NULL
[0m-------------------------------------------------------------------------------------> [37;42m ✓ [0m
lexer([0;36m(( ))[0m)------------------------------------------------------------------------------
[0;32mtok_lst == tab_res == NULL
[0m-------------------------------------------------------------------------------------> [37;42m ✓ [0m
lexer([0;36m((0))[0m)------------------------------------------------------------------------------
[0;32mtok_lst == tab_res == NULL
[0m-------------------------------------------------------------------------[0;31mERROR NOT SUPPORTED OPERATOR DETECTED:Arithmetic Operator
[0m[0;31mERROR NOT SUPPORTED OPERATOR DETECTED:Arithmetic Operator
[0m[0;31mUNKNOWN OPERATOR
[0m[0;31mUNKNOWN OPERATOR
[0m[0;31mUNKNOWN OPERATOR
[0m[0;31mUNKNOWN OPERATOR
[0m------------> [37;42m ✓ [0m
lexer([0;36m((echo toto))[0m)----------------------------------------------------------------------
[0;32mtok_lst == tab_res == NULL
[0m-------------------------------------------------------------------------------------> [37;42m ✓ [0m
lexer([0;36m((1 + 2))[0m)--------------------------------------------------------------------------
[0;32mtok_lst == tab_res == NULL
[0m-------------------------------------------------------------------------------------> [37;42m ✓ [0m
[0;36m*[0m[0;36m*[0m[0;36m*[0m[0;36m*[0m[0;36m*[0m[0;36m*[0m[0;36m*[0m[0;36m*[0m[0;36m*[0m[0;36m*[0m[0;36m*[0m[0;36m*[0m[0;36m*[0m[0;36m*[0m[0;36m*[0m[0;36m*[0m[0;36m*[0m[0;36m*[0m[0;36m*[0m[0;36m*[0m[0;36m*[0m[0;36m*[0m[0;36m*[0m[0;36m*[0m[0;36m*[0m[0;36m*[0m[0;36m*[0m[0;36m*[0m[0;36m*[0m[0;36m*[0m[0;36m*[0m[0;36m*[0m[0;36m*[0m[0;36m*[0m[0;36m*[0m[0;36m*[0m[0;36m*[0m[0;36m*[0m[0;36m*[0m[0;36m*[0m[0;36m*[0m[0;36m*[0m[0;36m*[0m[0;36m*[0m[0;36m*[0m[0;36m*[0m[0;36m*[0m[0;36m*[0m[0;36m*[0m[0;36m*[0m[0;36m*[0m[0;36m*[0m[0;36m*[0m[0;36m*[0m[0;36m*[0m[0;36m*[0m[0;36m*[0m[0;36m*[0m[0;36m*[0m[0;36m*[0m[0;36m*[0m[0;36m*[0m[0;36m*[0m[0;36m*[0m[0;36m*[0m[0;36m*[0m[0;36m*[0m[0;36m*[0m[0;36m*[0m[0;36m*[0m[0;36m*[0m[0;36m*[0m[0;36m*[0m[0;36m*[0m[0;36m*[0m[0;36m*[0m[0;36m*[0m[0;36m*[0m[0;36m*[0m[0;36m*[0m[0;36m*[0m[0;36m*[0m[0;36m*[0m[0;36m*[0m[0;36m*[0m[0;36m*[0m[0;36m*[0m[0;36m*[0m[0;36m*[0m[0;36m*[0m

[97;100m=[0m[97;100m[ B| FAILS UNKNOWN OPERATORS ][97;100m=[0m[97;100m=[0m[97;100m=[0m[97;100m=[0m[97;100m=[0m[97;100m=[0m[97;100m=[0m[97;100m=[0m[97;100m=[0m[97;100m=[0m[97;100m=[0m[97;100m=[0m[97;100m=[0m[97;100m=[0m[97;100m=[0m[97;100m=[0m[97;100m=[0m[97;100m=[0m[97;100m=[0m[97;100m=[0m[97;100m=[0m[97;100m=[0m[97;100m=[0m[97;100m=[0m[97;100m=[0m[97;100m=[0m[97;100m=[0m[97;100m=[0m[97;100m=[0m[97;100m=[0m[97;100m=[0m[97;100m=[0m[97;100m=[0m[97;100m=[0m[97;100m=[0m[97;100m=[0m[97;100m=[0m[97;100m=[0m[97;100m=[0m[97;100m=[0m[97;100m=[0m[97;100m=[0m[97;100m=[0m[97;100m=[0m[97;100m=[0m[97;100m=[0m[97;100m=[0m[97;100m=[0m[97;100m=[0m[97;100m=[0m[97;100m=[0m[97;100m=[0m[97;100m=[0m[97;100m=[0m[97;100m=[0m[97;100m=[0m[97;100m=[0m[97;100m=[0m[97;100m=[0m[0m
[0;36m*[0m[0;36m( List of 'UNKNOWN operators' == type:ERR )[0;36m*[0m[0;36m*[0m[0;36m*[0m[0;36m*[0m[0;36m*[0m[0;36m*[0m[0;36m*[0m[0;36m*[0m[0;36m*[0m[0;36m*[0m[0;36m*[0m[0;36m*[0m[0;36m*[0m[0;36m*[0m[0;36m*[0m[0;36m*[0m[0;36m*[0m[0;36m*[0m[0;36m*[0m[0;36m*[0m[0;36m*[0m[0;36m*[0m[0;36m*[0m[0;36m*[0m[0;36m*[0m[0;36m*[0m[0;36m*[0m[0;36m*[0m[0;36m*[0m[0;36m*[0m[0;36m*[0m[0;36m*[0m[0;36m*[0m[0;36m*[0m[0;36m*[0m[0;36m*[0m[0;36m*[0m[0;36m*[0m[0;36m*[0m[0;36m*[0m[0;36m*[0m[0;36m*[0m[0;36m*[0m[0;36m*[0m[0;36m*[0m[0;36m*[0m[0m
lexer([0;36m<<<<[0m)-------------------------------------------------------------------------------
[0;32mtok_lst == tab_res == NULL
[0m-------------------------------------------------------------------------------------> [37;42m ✓ [0m
lexer([0;36m<<<<f1[0m)-----------------------------------------------------------------------------
[0;32mtok_lst == tab_res == NULL
[0m-------------------------------------------------------------------------------------> [37;42m ✓ [0m
lexer([0;36m>>>[0m)--------------------------------------------------------------------------------
[0;32mtok_lst == tab_res == NULL
[0m-------------------------------------------------------------------------------------> [37;42m ✓ [0m
lexer([0;36m>>>f1[0m)------------------------------------------------------------------------------
[0;32mtok_lst == tab_res == NULL
[0m-------------------------------------------------------------------------------------> [37;42m ✓ [0m
lexer([0[0;31mUNKNOWN OPERATOR
[0m[0;31mUNKNOWN OPERATOR
[0m[0;31mUNKNOWN OPERATOR
[0m[0;31mUNKNOWN OPERATOR
[0m[0;31mSYNTAX ERROR:Unary Operator
[0m;36m|||[0m)--------------------------------------------------------------------------------
[0;32mtok_lst == tab_res == NULL
[0m-------------------------------------------------------------------------------------> [37;42m ✓ [0m
lexer([0;36mcmd1|||cmd2[0m)------------------------------------------------------------------------
[0;32mtok_lst == tab_res == NULL
[0m-------------------------------------------------------------------------------------> [37;42m ✓ [0m
lexer([0;36m&&&[0m)--------------------------------------------------------------------------------
[0;32mtok_lst == tab_res == NULL
[0m-------------------------------------------------------------------------------------> [37;42m ✓ [0m
lexer([0;36mcmd1&&&cmd2[0m)------------------------------------------------------------------------
[0;32mtok_lst == tab_res == NULL
[0m-------------------------------------------------------------------------------------> [37;42m ✓ [0m
[97;100m=[0m[97;100m=[0m[97;100m=[0m[97;100m=[0m[97;100m=[0m[97;100m=[0m[97;100m=[0m[97;100m=[0m[97;100m=[0m[97;100m=[0m[97;100m=[0m[97;100m=[0m[97;100m=[0m[97;100m=[0m[97;100m=[0m[97;100m=[0m[97;100m=[0m[97;100m=[0m[97;100m=[0m[97;100m=[0m[97;100m=[0m[97;100m=[0m[97;100m=[0m[97;100m=[0m[97;100m=[0m[97;100m=[0m[97;100m=[0m[97;100m=[0m[97;100m=[0m[97;100m=[0m[97;100m=[0m[97;100m=[0m[97;100m=[0m[97;100m=[0m[97;100m=[0m[97;100m=[0m[97;100m=[0m[97;100m=[0m[97;100m=[0m[97;100m=[0m[97;100m=[0m[97;100m=[0m[97;100m=[0m[97;100m=[0m[97;100m=[0m[97;100m=[0m[97;100m=[0m[97;100m=[0m[97;100m=[0m[97;100m=[0m[97;100m=[0m[97;100m=[0m[97;100m=[0m[97;100m=[0m[97;100m=[0m[97;100m=[0m[97;100m=[0m[97;100m=[0m[97;100m=[0m[97;100m=[0m[97;100m=[0m[97;100m=[0m[97;100m=[0m[97;100m=[0m[97;100m=[0m[97;100m=[0m[97;100m=[0m[97;100m=[0m[97;100m=[0m[97;100m=[0m[97;100m=[0m[97;100m=[0m[97;100m=[0m[97;100m=[0m[97;100m=[0m[97;100m=[0m[97;100m=[0m[97;100m=[0m[97;100m=[0m[97;100m=[0m[97;100m=[0m[97;100m=[0m[97;100m=[0m[97;100m=[0m[97;100m=[0m[97;100m=[0m[97;100m=[0m[97;100m=[0m[97;100m=[0m[97;100m=[0m

[97;100m=[0m[97;100m[ C| FAILS OF UNARY OPERATOR SYNTAX  ][97;100m=[0m[97;100m=[0m[97;100m=[0m[97;100m=[0m[97;100m=[0m[97;100m=[0m[97;100m=[0m[97;100m=[0m[97;100m=[0m[97;100m=[0m[97;100m=[0m[97;100m=[0m[97;100m=[0m[97;100m=[0m[97;100m=[0m[97;100m=[0m[97;100m=[0m[97;100m=[0m[97;100m=[0m[97;100m=[0m[97;100m=[0m[97;100m=[0m[97;100m=[0m[97;100m=[0m[97;100m=[0m[97;100m=[0m[97;100m=[0m[97;100m=[0m[97;100m=[0m[97;100m=[0m[97;100m=[0m[97;100m=[0m[97;100m=[0m[97;100m=[0m[97;100m=[0m[97;100m=[0m[97;100m=[0m[97;100m=[0m[97;100m=[0m[97;100m=[0m[97;100m=[0m[97;100m=[0m[97;100m=[0m[97;100m=[0m[97;100m=[0m[97;100m=[0m[97;100m=[0m[97;100m=[0m[97;100m=[0m[97;100m=[0m[97;100m=[0m[0m
[0;36m*[0m[0;36m( Cases of '<' RSL operator )[0;36m*[0m[0;36m*[0m[0;36m*[0m[0;36m*[0m[0;36m*[0m[0;36m*[0m[0;36m*[0m[0;36m*[0m[0;36m*[0m[0;36m*[0m[0;36m*[0m[0;36m*[0m[0;36m*[0m[0;36m*[0m[0;36m*[0m[0;36m*[0m[0;36m*[0m[0;36m*[0m[0;36m*[0m[0;36m*[0m[0;36m*[0m[0;36m*[0m[0;36m*[0m[0;36m*[0m[0;36m*[0m[0;36m*[0m[0;36m*[0m[0;36m*[0m[0;36m*[0m[0;36m*[0m[0;36m*[0m[0;36m*[0m[0;36m*[0m[0;36m*[0m[0;36m*[0m[0;36m*[0m[0;36m*[0m[0;36m*[0m[0;36m*[0m[0;36m*[0m[0;36m*[0m[0;36m*[0m[0;36m*[0m[0;36m*[0m[0;36m*[0m[0;36m*[0m[0;36m*[0m[0;36m*[0m[0;36m*[0m[0;36m*[0m[0;36m*[0m[0;36m*[0m[0;36m*[0m[0;36m*[0m[0;36m*[0m[0;36m*[0m[0;36m*[0m[0;36m*[0m[0;36m*[0m[0;36m*[0m[0m
lexer([0;36m<[0m)----------------------------------------------------------------------------------
[0;32mtok_lst == tab_res == NULL
[0m-------------------------------------------------------------------------------------> [37;42m ✓ [0m
lexer([0;36m< [0m)---------------------------------------------[0;31mSYNTAX ERROR:Unary Operator
[0m[0;31mSYNTAX ERROR:Unary Operator
[0m[0;31mSYNTAX ERROR:Unary Operator
[0m[0;31mSYNTAX ERROR:Unary Operator
[0m[0;31mSYNTAX ERROR:Unary Operator
[0m[0;31mSYNTAX ERROR:Unary Operator
[0m[0;31mSYNTAX ERROR:Unary Operator
[0m[0;31mSYNTAX ERROR:Unary Operator
[0m[0;31mSYNTAX ERROR:Unary Operator
[0m[0;31mSYNTAX ERROR:Unary Operator
[0m------------------------------------
[0;32mtok_lst == tab_res == NULL
[0m-------------------------------------------------------------------------------------> [37;42m ✓ [0m
lexer([0;36m<>f1[0m)-------------------------------------------------------------------------------
[0;32mtok_lst == tab_res == NULL
[0m-------------------------------------------------------------------------------------> [37;42m ✓ [0m
lexer([0;36m < > f1 [0m)---------------------------------------------------------------------------
[0;32mtok_lst == tab_res == NULL
[0m-------------------------------------------------------------------------------------> [37;42m ✓ [0m
lexer([0;36mcmd1<[0m)------------------------------------------------------------------------------
[0;32mtok_lst == tab_res == NULL
[0m-------------------------------------------------------------------------------------> [37;42m ✓ [0m
lexer([0;36m<|cmd2[0m)-----------------------------------------------------------------------------
[0;32mtok_lst == tab_res == NULL
[0m-------------------------------------------------------------------------------------> [37;42m ✓ [0m
lexer([0;36m<&&cmd2[0m)----------------------------------------------------------------------------
[0;32mtok_lst == tab_res == NULL
[0m-------------------------------------------------------------------------------------> [37;42m ✓ [0m
lexer([0;36m<||cmd2[0m)----------------------------------------------------------------------------
[0;32mtok_lst == tab_res == NULL
[0m-------------------------------------------------------------------------------------> [37;42m ✓ [0m
lexer([0;36m< (cmd1&&cmd2)[0m)---------------------------------------------------------------------
[0;32mtok_lst == tab_res == NULL
[0m-------------------------------------------------------------------------------------> [37;42m ✓ [0m
[0;36m*[0m[0;36m*[0m[0;36m*[0m[0;36m*[0m[0;36m*[0m[0;36m*[0m[0;36m*[0m[0;36m*[0m[0;36m*[0m[0;36m*[0m[0;36m*[0m[0;36m*[0m[0;36m*[0m[0;36m*[0m[0;36m*[0m[0;36m*[0m[0;36m*[0m[0;36m*[0m[0;36m*[0m[0;36m*[0m[0;36m*[0m[0;36m*[0m[0;36m*[0m[0;36m*[0m[0;36m*[0m[0;36m*[0m[0;36m*[0m[0;36m*[0m[0;36m*[0m[0;36m*[0m[0;36m*[0m[0;36m*[0m[0;36m*[0m[0;36m*[0m[0;36m*[0m[0;36m*[0m[0;36m*[0m[0;36m*[0m[0;36m*[0m[0;36m*[0m[0;36m*[0m[0;36m*[0m[0;36m*[0m[0;36m*[0m[0;36m*[0m[0;36m*[0m[0;36m*[0m[0;36m*[0m[0;36m*[0m[0;36m*[0m[0;36m*[0m[0;36m*[0m[0;36m*[0m[0;36m*[0m[0;36m*[0m[0;36m*[0m[0;36m*[0m[0;36m*[0m[0;36m*[0m[0;36m*[0m[0;36m*[0m[0;36m*[0m[0;36m*[0m[0;36m*[0m[0;36m*[0m[0;36m*[0m[0;36m*[0m[0;36m*[0m[0;36m*[0m[0;36m*[0m[0;36m*[0m[0;36m*[0m[0;36m*[0m[0;36m*[0m[0;36m*[0m[0;36m*[0m[0;36m*[0m[0;36m*[0m[0;36m*[0m[0;36m*[0m[0;36m*[0m[0;36m*[0m[0;36m*[0m[0;36m*[0m[0;36m*[0m[0;36m*[0m[0;36m*[0m[0;36m*[0m[0;36m*[0m[0;36m*[0m

[0;36m*[0m[0;36m( Cases of '<<' RDL operator )[0;36m*[0m[0;36m*[0m[0;36m*[0m[0;36m*[0m[0;36m*[0m[0;36m*[0m[0;36m*[0m[0;36m*[0m[0;36m*[0m[0;36m*[0m[0;36m*[0m[0;36m*[0m[0;36m*[0m[0;36m*[0m[0;36m*[0m[0;36m*[0m[0;36m*[0m[0;36m*[0m[0;36m*[0m[0;36m*[0m[0;36m*[0m[0;36m*[0m[0;36m*[0m[0;36m*[0m[0;36m*[0m[0;36m*[0m[0;36m*[0m[0;36m*[0m[0;36m*[0m[0;36m*[0m[0;36m*[0m[0;36m*[0m[0;36m*[0m[0;36m*[0m[0;36m*[0m[0;36m*[0m[0;36m*[0m[0;36m*[0m[0;36m*[0m[0;36m*[0m[0;36m*[0m[0;36m*[0m[0;36m*[0m[0;36m*[0m[0;36m*[0m[0;36m*[0m[0;36m*[0m[0;36m*[0m[0;36m*[0m[0;36m*[0m[0;36m*[0m[0;36m*[0m[0;36m*[0m[0;36m*[0m[0;36m*[0m[0;36m*[0m[0;36m*[0m[0;36m*[0m[0;36m*[0m[0m
lexer([0;36m<<[0m)---------------------------------------------------------------------------------
[0;32mtok_lst == tab_res == NULL
[0m-------------------------------------------------------------------------------------> [37;42m ✓ [0m
lexer([0;36m<< [0m)--------------------------------------------------------------------------------
[0;32mtok[0;31mSYNTAX ERROR:Unary Operator
[0m[0;31mSYNTAX ERROR:Unary Operator
[0m[0;31mSYNTAX ERROR:Unary Operator
[0m[0;31mSYNTAX ERROR:Unary Operator
[0m[0;31mSYNTAX ERROR:Unary Operator
[0m[0;31mSYNTAX ERROR:Unary Operator
[0m[0;31mSYNTAX ERROR:Unary Operator
[0m[0;31mSYNTAX ERROR:Unary Operator
[0m[0;31mSYNTAX ERROR:Unary Operator
[0m_lst == tab_res == NULL
[0m-------------------------------------------------------------------------------------> [37;42m ✓ [0m
lexer([0;36m<<>f1[0m)------------------------------------------------------------------------------
[0;32mtok_lst == tab_res == NULL
[0m-------------------------------------------------------------------------------------> [37;42m ✓ [0m
lexer([0;36m << > f1 [0m)--------------------------------------------------------------------------
[0;32mtok_lst == tab_res == NULL
[0m-------------------------------------------------------------------------------------> [37;42m ✓ [0m
lexer([0;36mcmd1<<[0m)-----------------------------------------------------------------------------
[0;32mtok_lst == tab_res == NULL
[0m-------------------------------------------------------------------------------------> [37;42m ✓ [0m
lexer([0;36m<<|cmd2[0m)----------------------------------------------------------------------------
[0;32mtok_lst == tab_res == NULL
[0m-------------------------------------------------------------------------------------> [37;42m ✓ [0m
lexer([0;36m<<&&cmd2[0m)---------------------------------------------------------------------------
[0;32mtok_lst == tab_res == NULL
[0m-------------------------------------------------------------------------------------> [37;42m ✓ [0m
lexer([0;36m<<||cmd2[0m)---------------------------------------------------------------------------
[0;32mtok_lst == tab_res == NULL
[0m-------------------------------------------------------------------------------------> [37;42m ✓ [0m
lexer([0;36m<< (cmd1&&cmd2)[0m)--------------------------------------------------------------------
[0;32mtok_lst == tab_res == NULL
[0m-------------------------------------------------------------------------------------> [37;42m ✓ [0m
[0;36m*[0m[0;36m*[0m[0;36m*[0m[0;36m*[0m[0;36m*[0m[0;36m*[0m[0;36m*[0m[0;36m*[0m[0;36m*[0m[0;36m*[0m[0;36m*[0m[0;36m*[0m[0;36m*[0m[0;36m*[0m[0;36m*[0m[0;36m*[0m[0;36m*[0m[0;36m*[0m[0;36m*[0m[0;36m*[0m[0;36m*[0m[0;36m*[0m[0;36m*[0m[0;36m*[0m[0;36m*[0m[0;36m*[0m[0;36m*[0m[0;36m*[0m[0;36m*[0m[0;36m*[0m[0;36m*[0m[0;36m*[0m[0;36m*[0m[0;36m*[0m[0;36m*[0m[0;36m*[0m[0;36m*[0m[0;36m*[0m[0;36m*[0m[0;36m*[0m[0;36m*[0m[0;36m*[0m[0;36m*[0m[0;36m*[0m[0;36m*[0m[0;36m*[0m[0;36m*[0m[0;36m*[0m[0;36m*[0m[0;36m*[0m[0;36m*[0m[0;36m*[0m[0;36m*[0m[0;36m*[0m[0;36m*[0m[0;36m*[0m[0;36m*[0m[0;36m*[0m[0;36m*[0m[0;36m*[0m[0;36m*[0m[0;36m*[0m[0;36m*[0m[0;36m*[0m[0;36m*[0m[0;36m*[0m[0;36m*[0m[0;36m*[0m[0;36m*[0m[0;36m*[0m[0;36m*[0m[0;36m*[0m[0;36m*[0m[0;36m*[0m[0;36m*[0m[0;36m*[0m[0;36m*[0m[0;36m*[0m[0;36m*[0m[0;36m*[0m[0;36m*[0m[0;36m*[0m[0;36m*[0m[0;36m*[0m[0;36m*[0m[0;36m*[0m[0;36m*[0m[0;36m*[0m[0;36m*[0m[0;36m*[0m

[0;36m*[0m[0;36m( Cases of '<<<' RTL operator )[0;36m*[0m[0;36m*[0m[0;36m*[0m[0;36m*[0m[0;36m*[0m[0;36m*[0m[0;36m*[0m[0;36m*[0m[0;36m*[0m[0;36m*[0m[0;36m*[0m[0;36m*[0m[0;36m*[0m[0;36m*[0m[0;36m*[0m[0;36m*[0m[0;36m*[0m[0;36m*[0m[0;36m*[0m[0;36m*[0m[0;36m*[0m[0;36m*[0m[0;36m*[0m[0;36m*[0m[0;36m*[0m[0;36m*[0m[0;36m*[0m[0;36m*[0m[0;36m*[0m[0;36m*[0m[0;36m*[0m[0;36m*[0m[0;36m*[0m[0;36m*[0m[0;36m*[0m[0;36m*[0m[0;36m*[0m[0;36m*[0m[0;36m*[0m[0;36m*[0m[0;36m*[0m[0;36m*[0m[0;36m*[0m[0;36m*[0m[0;36m*[0m[0;36m*[0m[0;36m*[0m[0;36m*[0m[0;36m*[0m[0;36m*[0m[0;36m*[0m[0;36m*[0m[0;36m*[0m[0;36m*[0m[0;36m*[0m[0;36m*[0m[0;36m*[0m[0;36m*[0m[0m
lexer([0;36m<<<[0m)--------------------------------------------------------------------------------
[0;32mtok_lst == tab_res == NULL
[0m-------------------------------------------------------------------------------------> [37;42m ✓ [0m
lexer([0;36m<<< [0m)-------------------------------------------------------------------------------
[0;32mtok_lst == tab_res == NULL
[0m------------------------------[0;31mSYNTAX ERROR:Unary Operator
[0m[0;31mSYNTAX ERROR:Unary Operator
[0m[0;31mSYNTAX ERROR:Unary Operator
[0m[0;31mSYNTAX ERROR:Unary Operator
[0m[0;31mSYNTAX ERROR:Unary Operator
[0m[0;31mSYNTAX ERROR:Unary Operator
[0m[0;31mSYNTAX ERROR:Unary Operator
[0m[0;31mSYNTAX ERROR:Unary Operator
[0m[0;31mSYNTAX ERROR:Unary Operator
[0m-------------------------------------------------------> [37;42m ✓ [0m
lexer([0;36m<<<>f1[0m)-----------------------------------------------------------------------------
[0;32mtok_lst == tab_res == NULL
[0m-------------------------------------------------------------------------------------> [37;42m ✓ [0m
lexer([0;36m <<< > f1 [0m)-------------------------------------------------------------------------
[0;32mtok_lst == tab_res == NULL
[0m-------------------------------------------------------------------------------------> [37;42m ✓ [0m
lexer([0;36mcmd1<<<[0m)----------------------------------------------------------------------------
[0;32mtok_lst == tab_res == NULL
[0m-------------------------------------------------------------------------------------> [37;42m ✓ [0m
lexer([0;36m<<<|cmd2[0m)---------------------------------------------------------------------------
[0;32mtok_lst == tab_res == NULL
[0m-------------------------------------------------------------------------------------> [37;42m ✓ [0m
lexer([0;36m<<<&&cmd2[0m)--------------------------------------------------------------------------
[0;32mtok_lst == tab_res == NULL
[0m-------------------------------------------------------------------------------------> [37;42m ✓ [0m
lexer([0;36m<<<||cmd2[0m)--------------------------------------------------------------------------
[0;32mtok_lst == tab_res == NULL
[0m-------------------------------------------------------------------------------------> [37;42m ✓ [0m
lexer([0;36m<<< (cmd1&&cmd2)[0m)-------------------------------------------------------------------
[0;32mtok_lst == tab_res == NULL
[0m-------------------------------------------------------------------------------------> [37;42m ✓ [0m
[0;36m*[0m[0;36m*[0m[0;36m*[0m[0;36m*[0m[0;36m*[0m[0;36m*[0m[0;36m*[0m[0;36m*[0m[0;36m*[0m[0;36m*[0m[0;36m*[0m[0;36m*[0m[0;36m*[0m[0;36m*[0m[0;36m*[0m[0;36m*[0m[0;36m*[0m[0;36m*[0m[0;36m*[0m[0;36m*[0m[0;36m*[0m[0;36m*[0m[0;36m*[0m[0;36m*[0m[0;36m*[0m[0;36m*[0m[0;36m*[0m[0;36m*[0m[0;36m*[0m[0;36m*[0m[0;36m*[0m[0;36m*[0m[0;36m*[0m[0;36m*[0m[0;36m*[0m[0;36m*[0m[0;36m*[0m[0;36m*[0m[0;36m*[0m[0;36m*[0m[0;36m*[0m[0;36m*[0m[0;36m*[0m[0;36m*[0m[0;36m*[0m[0;36m*[0m[0;36m*[0m[0;36m*[0m[0;36m*[0m[0;36m*[0m[0;36m*[0m[0;36m*[0m[0;36m*[0m[0;36m*[0m[0;36m*[0m[0;36m*[0m[0;36m*[0m[0;36m*[0m[0;36m*[0m[0;36m*[0m[0;36m*[0m[0;36m*[0m[0;36m*[0m[0;36m*[0m[0;36m*[0m[0;36m*[0m[0;36m*[0m[0;36m*[0m[0;36m*[0m[0;36m*[0m[0;36m*[0m[0;36m*[0m[0;36m*[0m[0;36m*[0m[0;36m*[0m[0;36m*[0m[0;36m*[0m[0;36m*[0m[0;36m*[0m[0;36m*[0m[0;36m*[0m[0;36m*[0m[0;36m*[0m[0;36m*[0m[0;36m*[0m[0;36m*[0m[0;36m*[0m[0;36m*[0m[0;36m*[0m[0;36m*[0m

[0;36m*[0m[0;36m( Cases of '>' RRS operator )[0;36m*[0m[0;36m*[0m[0;36m*[0m[0;36m*[0m[0;36m*[0m[0;36m*[0m[0;36m*[0m[0;36m*[0m[0;36m*[0m[0;36m*[0m[0;36m*[0m[0;36m*[0m[0;36m*[0m[0;36m*[0m[0;36m*[0m[0;36m*[0m[0;36m*[0m[0;36m*[0m[0;36m*[0m[0;36m*[0m[0;36m*[0m[0;36m*[0m[0;36m*[0m[0;36m*[0m[0;36m*[0m[0;36m*[0m[0;36m*[0m[0;36m*[0m[0;36m*[0m[0;36m*[0m[0;36m*[0m[0;36m*[0m[0;36m*[0m[0;36m*[0m[0;36m*[0m[0;36m*[0m[0;36m*[0m[0;36m*[0m[0;36m*[0m[0;36m*[0m[0;36m*[0m[0;36m*[0m[0;36m*[0m[0;36m*[0m[0;36m*[0m[0;36m*[0m[0;36m*[0m[0;36m*[0m[0;36m*[0m[0;36m*[0m[0;36m*[0m[0;36m*[0m[0;36m*[0m[0;36m*[0m[0;36m*[0m[0;36m*[0m[0;36m*[0m[0;36m*[0m[0;36m*[0m[0;36m*[0m[0m
lexer([0;36m>[0m)----------------------------------------------------------------------------------
[0;32mtok_lst == tab_res == NULL
[0m-------------------------------------------------------------------------------------> [37;42m ✓ [0m
lexer([0;36m> [0m)---------------------------------------------------------------------------------
[0;32mtok_lst == tab_res == NULL
[0m------------------------------------------------------------------[0;31mSYNTAX ERROR:Unary Operator
[0m[0;31mSYNTAX ERROR:Unary Operator
[0m[0;31mSYNTAX ERROR:Unary Operator
[0m[0;31mSYNTAX ERROR:Unary Operator
[0m[0;31mSYNTAX ERROR:Unary Operator
[0m[0;31mSYNTAX ERROR:Unary Operator
[0m[0;31mSYNTAX ERROR:Unary Operator
[0m[0;31mSYNTAX ERROR:Unary Operator
[0m[0;31mSYNTAX ERROR:Unary Operator
[0m[0;31mSYNTAX ERROR:Unary Operator
[0m[0;31mSYNTAX ERROR:Unary Operator
[0m-------------------> [37;42m ✓ [0m
lexer([0;36mcmd>[0m)-------------------------------------------------------------------------------
[0;32mtok_lst == tab_res == NULL
[0m-------------------------------------------------------------------------------------> [37;42m ✓ [0m
lexer([0;36mcmd> [0m)------------------------------------------------------------------------------
[0;32mtok_lst == tab_res == NULL
[0m-------------------------------------------------------------------------------------> [37;42m ✓ [0m
lexer([0;36m<f1>[0m)-------------------------------------------------------------------------------
[0;32mtok_lst == tab_res == NULL
[0m-------------------------------------------------------------------------------------> [37;42m ✓ [0m
lexer([0;36m < f1 > [0m)---------------------------------------------------------------------------
[0;32mtok_lst == tab_res == NULL
[0m-------------------------------------------------------------------------------------> [37;42m ✓ [0m
lexer([0;36m>|cmd2[0m)-----------------------------------------------------------------------------
[0;32mtok_lst == tab_res == NULL
[0m-------------------------------------------------------------------------------------> [37;42m ✓ [0m
lexer([0;36mcmd1>|cmd2[0m)-------------------------------------------------------------------------
[0;32mtok_lst == tab_res == NULL
[0m-------------------------------------------------------------------------------------> [37;42m ✓ [0m
lexer([0;36m>||cmd2[0m)----------------------------------------------------------------------------
[0;32mtok_lst == tab_res == NULL
[0m-------------------------------------------------------------------------------------> [37;42m ✓ [0m
lexer([0;36mcmd1>||cmd2[0m)------------------------------------------------------------------------
[0;32mtok_lst == tab_res == NULL
[0m-------------------------------------------------------------------------------------> [37;42m ✓ [0m
lexer([0;36m>&&cmd2[0m)----------------------------------------------------------------------------
[0;32mtok_lst == tab_res == NULL
[0m-------------------------------------------------------------------------------------> [37;42m ✓ [0m
lexer([0;36mcmd1>&&cmd2[0m)------------------------------------------------------------------------
[0;32mtok_lst == tab_res == NULL
[0m-------------------------------------------------------------------------------------> [37;42m ✓ [0m
lexer([0;36m> (cmd1&&cmd2)[0m)---------------------------------------------------------------------
[0;32mtok_lst == tab_res == NULL
[0m-------------------------------------------------------------------------------------> [37;42m ✓ [0m
[0;36m*[0m[0;36m*[0m[0;36m*[0m[0;36m*[0m[0;36m*[0m[0;36m*[0m[0;36m*[0m[0;36m*[0m[0;36m*[0m[0;36m*[0m[0;36m*[0m[0;36m*[0m[0;36m*[0m[0;36m*[0m[0;36m*[0m[0;36m*[0m[0;36m*[0m[0;36m*[0m[0;36m*[0m[0;36m*[0m[0;36m*[0m[0;36m*[0m[0;36m*[0m[0;36m*[0m[0;36m*[0m[0;36m*[0m[0;36m*[0m[0;36m*[0m[0;36m*[0m[0;36m*[0m[0;36m*[0m[0;36m*[0m[0;36m*[0m[0;36m*[0m[0;36m*[0m[0;36m*[0m[0;36m*[0m[0;36m*[0m[0;36m*[0m[0;36m*[0m[0;36m*[0m[0;36m*[0m[0;36m*[0m[0;36m*[0m[0;36m*[0m[0;36m*[0m[0;36m*[0m[0;36m*[0m[0;36m*[0m[0;36m*[0m[0;36m*[0m[0;36m*[0m[0;36m*[0m[0;36m*[0m[0;36m*[0m[0;36m*[0m[0;36m*[0m[0;36m*[0m[0;36m*[0m[0;36m*[0m[0;36m*[0m[0;36m*[0m[0;36m*[0m[0;36m*[0m[0;36m*[0m[0;36m*[0m[0;36m*[0m[0;36m*[0m[0;36m*[0m[0;36m*[0m[0;36m*[0m[0;36m*[0m[0;36m*[0m[0;36m*[0m[0;36m*[0m[0;36m*[0m[0;36m*[0m[0;36m*[0m[0;36m*[0m[0;36m*[0m[0;36m*[0m[0;36m*[0m[0;36m*[0m[0;36m*[0m[0;36m*[0m[0;36m*[0m[0;36m*[0m[0;36m*[0m[0;36m*[0m[0;36m*[0m

[0;36m*[0m[0;36m( Cases of '>>' RRD operator )[0;36m*[0m[0;36m*[0m[0;36m*[0m[0;36m*[0m[0;36m*[0m[0;36m*[0m[0;36m*[0m[0;36m*[0m[0;36m*[0m[0;36m*[0m[0;36m*[0m[0;36m*[0m[0;36m*[0m[0;36m*[0m[0;36m*[0m[0;36m*[0m[0;36m*[0m[0;36m*[0m[0;36m*[0m[0[0;31mSYNTAX ERROR:Unary Operator
[0m[0;31mSYNTAX ERROR:Unary Operator
[0m[0;31mSYNTAX ERROR:Unary Operator
[0m[0;31mSYNTAX ERROR:Unary Operator
[0m[0;31mSYNTAX ERROR:Unary Operator
[0m[0;31mSYNTAX ERROR:Unary Operator
[0m[0;31mSYNTAX ERROR:Unary Operator
[0m[0;31mSYNTAX ERROR:Unary Operator
[0m[0;31mSYNTAX ERROR:Unary Operator
[0m[0;31mSYNTAX ERROR:Unary Operator
[0m[0;31mSYNTAX ERROR:Unary Operator
[0m[0;31mSYNTAX ERROR:Unary Operator
[0m[0;31mSYNTAX ERROR:Unary Operator
[0m;36m*[0m[0;36m*[0m[0;36m*[0m[0;36m*[0m[0;36m*[0m[0;36m*[0m[0;36m*[0m[0;36m*[0m[0;36m*[0m[0;36m*[0m[0;36m*[0m[0;36m*[0m[0;36m*[0m[0;36m*[0m[0;36m*[0m[0;36m*[0m[0;36m*[0m[0;36m*[0m[0;36m*[0m[0;36m*[0m[0;36m*[0m[0;36m*[0m[0;36m*[0m[0;36m*[0m[0;36m*[0m[0;36m*[0m[0;36m*[0m[0;36m*[0m[0;36m*[0m[0;36m*[0m[0;36m*[0m[0;36m*[0m[0;36m*[0m[0;36m*[0m[0;36m*[0m[0;36m*[0m[0;36m*[0m[0;36m*[0m[0;36m*[0m[0;36m*[0m[0m
lexer([0;36m>>[0m)---------------------------------------------------------------------------------
[0;32mtok_lst == tab_res == NULL
[0m-------------------------------------------------------------------------------------> [37;42m ✓ [0m
lexer([0;36m>> [0m)--------------------------------------------------------------------------------
[0;32mtok_lst == tab_res == NULL
[0m-------------------------------------------------------------------------------------> [37;42m ✓ [0m
lexer([0;36mcmd>>[0m)------------------------------------------------------------------------------
[0;32mtok_lst == tab_res == NULL
[0m-------------------------------------------------------------------------------------> [37;42m ✓ [0m
lexer([0;36mcmd>> [0m)-----------------------------------------------------------------------------
[0;32mtok_lst == tab_res == NULL
[0m-------------------------------------------------------------------------------------> [37;42m ✓ [0m
lexer([0;36m<f1>>[0m)------------------------------------------------------------------------------
[0;32mtok_lst == tab_res == NULL
[0m-------------------------------------------------------------------------------------> [37;42m ✓ [0m
lexer([0;36m < f1 >> [0m)--------------------------------------------------------------------------
[0;32mtok_lst == tab_res == NULL
[0m-------------------------------------------------------------------------------------> [37;42m ✓ [0m
lexer([0;36m>>|cmd2[0m)----------------------------------------------------------------------------
[0;32mtok_lst == tab_res == NULL
[0m-------------------------------------------------------------------------------------> [37;42m ✓ [0m
lexer([0;36mcmd1>>|cmd2[0m)------------------------------------------------------------------------
[0;32mtok_lst == tab_res == NULL
[0m-------------------------------------------------------------------------------------> [37;42m ✓ [0m
lexer([0;36m>>||cmd2[0m)---------------------------------------------------------------------------
[0;32mtok_lst == tab_res == NULL
[0m-------------------------------------------------------------------------------------> [37;42m ✓ [0m
lexer([0;36mcmd1>>||cmd2[0m)-----------------------------------------------------------------------
[0;32mtok_lst == tab_res == NULL
[0m-------------------------------------------------------------------------------------> [37;42m ✓ [0m
lexer([0;36m>>&&cmd2[0m)---------------------------------------------------------------------------
[0;32mtok_lst == tab_res == NULL
[0m-------------------------------------------------------------------------------------> [37;42m ✓ [0m
lexer([0;36mcmd1>>&&cmd2[0m)-----------------------------------------------------------------------
[0;32mtok_lst == tab_res == NULL
[0m-------------------------------------------------------------------------------------> [37;42m ✓ [0m
lexer([0;36m>> (cmd1&&cmd2)[0m)--------------------------------------------------------------------
[0;32mtok_lst == tab_res == NULL
[0m-------------------------------------------------------------------------------------> [37;42m ✓ [0m
[0;36m*[0m[0;36m*[0m[0;36m*[0m[0;36m*[0m[0;36m*[0m[0;36m*[0m[0;36m*[0m[0;36m*[0m[0;36m*[0m[0;36m*[0m[0;36m*[0m[0;36m*[0m[0;36m*[0m[0;36m*[0m[0;36m*[0m[0;36m*[0m[0;36m*[0m[0;36m*[0m[0;36m*[0m[0;36m*[0m[0;36m*[0m[0;36m*[0m[0;36m*[0m[0;36m*[0m[0;36m*[0m[0;36m*[0m[0;36m*[0m[0;36m*[0m[0;36m*[0m[0;36m*[0m[0;36m*[0m[0;36m*[0m[0;36m*[0m[0;36m*[0m[0;36m*[0m[0;36m*[0;31mSYNTAX ERROR:Binary Operator
[0m[0;31mSYNTAX ERROR:Binary Operator
[0m[0;31mSYNTAX ERROR:Binary Operator
[0m[0m[0;36m*[0m[0;36m*[0m[0;36m*[0m[0;36m*[0m[0;36m*[0m[0;36m*[0m[0;36m*[0m[0;36m*[0m[0;36m*[0m[0;36m*[0m[0;36m*[0m[0;36m*[0m[0;36m*[0m[0;36m*[0m[0;36m*[0m[0;36m*[0m[0;36m*[0m[0;36m*[0m[0;36m*[0m[0;36m*[0m[0;36m*[0m[0;36m*[0m[0;36m*[0m[0;36m*[0m[0;36m*[0m[0;36m*[0m[0;36m*[0m[0;36m*[0m[0;36m*[0m[0;36m*[0m[0;36m*[0m[0;36m*[0m[0;36m*[0m[0;36m*[0m[0;36m*[0m[0;36m*[0m[0;36m*[0m[0;36m*[0m[0;36m*[0m[0;36m*[0m[0;36m*[0m[0;36m*[0m[0;36m*[0m[0;36m*[0m[0;36m*[0m[0;36m*[0m[0;36m*[0m[0;36m*[0m[0;36m*[0m[0;36m*[0m[0;36m*[0m[0;36m*[0m[0;36m*[0m[0;36m*[0m

[97;100m=[0m[97;100m=[0m[97;100m=[0m[97;100m=[0m[97;100m=[0m[97;100m=[0m[97;100m=[0m[97;100m=[0m[97;100m=[0m[97;100m=[0m[97;100m=[0m[97;100m=[0m[97;100m=[0m[97;100m=[0m[97;100m=[0m[97;100m=[0m[97;100m=[0m[97;100m=[0m[97;100m=[0m[97;100m=[0m[97;100m=[0m[97;100m=[0m[97;100m=[0m[97;100m=[0m[97;100m=[0m[97;100m=[0m[97;100m=[0m[97;100m=[0m[97;100m=[0m[97;100m=[0m[97;100m=[0m[97;100m=[0m[97;100m=[0m[97;100m=[0m[97;100m=[0m[97;100m=[0m[97;100m=[0m[97;100m=[0m[97;100m=[0m[97;100m=[0m[97;100m=[0m[97;100m=[0m[97;100m=[0m[97;100m=[0m[97;100m=[0m[97;100m=[0m[97;100m=[0m[97;100m=[0m[97;100m=[0m[97;100m=[0m[97;100m=[0m[97;100m=[0m[97;100m=[0m[97;100m=[0m[97;100m=[0m[97;100m=[0m[97;100m=[0m[97;100m=[0m[97;100m=[0m[97;100m=[0m[97;100m=[0m[97;100m=[0m[97;100m=[0m[97;100m=[0m[97;100m=[0m[97;100m=[0m[97;100m=[0m[97;100m=[0m[97;100m=[0m[97;100m=[0m[97;100m=[0m[97;100m=[0m[97;100m=[0m[97;100m=[0m[97;100m=[0m[97;100m=[0m[97;100m=[0m[97;100m=[0m[97;100m=[0m[97;100m=[0m[97;100m=[0m[97;100m=[0m[97;100m=[0m[97;100m=[0m[97;100m=[0m[97;100m=[0m[97;100m=[0m[97;100m=[0m[97;100m=[0m[97;100m=[0m

[97;100m=[0m[97;100m[ D| FAILS OF BINARY OPERATORS SYNTAX  ][97;100m=[0m[97;100m=[0m[97;100m=[0m[97;100m=[0m[97;100m=[0m[97;100m=[0m[97;100m=[0m[97;100m=[0m[97;100m=[0m[97;100m=[0m[97;100m=[0m[97;100m=[0m[97;100m=[0m[97;100m=[0m[97;100m=[0m[97;100m=[0m[97;100m=[0m[97;100m=[0m[97;100m=[0m[97;100m=[0m[97;100m=[0m[97;100m=[0m[97;100m=[0m[97;100m=[0m[97;100m=[0m[97;100m=[0m[97;100m=[0m[97;100m=[0m[97;100m=[0m[97;100m=[0m[97;100m=[0m[97;100m=[0m[97;100m=[0m[97;100m=[0m[97;100m=[0m[97;100m=[0m[97;100m=[0m[97;100m=[0m[97;100m=[0m[97;100m=[0m[97;100m=[0m[97;100m=[0m[97;100m=[0m[97;100m=[0m[97;100m=[0m[97;100m=[0m[97;100m=[0m[97;100m=[0m[97;100m=[0m[0m
[0;36m*[0m[0;36m( Cases of '&& OPA operator )[0;36m*[0m[0;36m*[0m[0;36m*[0m[0;36m*[0m[0;36m*[0m[0;36m*[0m[0;36m*[0m[0;36m*[0m[0;36m*[0m[0;36m*[0m[0;36m*[0m[0;36m*[0m[0;36m*[0m[0;36m*[0m[0;36m*[0m[0;36m*[0m[0;36m*[0m[0;36m*[0m[0;36m*[0m[0;36m*[0m[0;36m*[0m[0;36m*[0m[0;36m*[0m[0;36m*[0m[0;36m*[0m[0;36m*[0m[0;36m*[0m[0;36m*[0m[0;36m*[0m[0;36m*[0m[0;36m*[0m[0;36m*[0m[0;36m*[0m[0;36m*[0m[0;36m*[0m[0;36m*[0m[0;36m*[0m[0;36m*[0m[0;36m*[0m[0;36m*[0m[0;36m*[0m[0;36m*[0m[0;36m*[0m[0;36m*[0m[0;36m*[0m[0;36m*[0m[0;36m*[0m[0;36m*[0m[0;36m*[0m[0;36m*[0m[0;36m*[0m[0;36m*[0m[0;36m*[0m[0;36m*[0m[0;36m*[0m[0;36m*[0m[0;36m*[0m[0;36m*[0m[0;36m*[0m[0;36m*[0m[0m
lexer([0;36m&&[0m)---------------------------------------------------------------------------------
[0;32mtok_lst == tab_res == NULL
[0m-------------------------------------------------------------------------------------> [37;42m ✓ [0m
lexer([0;36m && [0m)-------------------------------------------------------------------------------
[0;32mtok_lst == tab_res == NULL
[0m-------------------------------------------------------------------------------------> [37;42m ✓ [0m
lexer([0;36mcmd&&[0m)------------------------------------------------------------------------------
[0;32mtok_lst == tab_res == NULL
[0m------------------------[0;31mSYNTAX ERROR:Binary Operator
[0m[0;31mSYNTAX ERROR:Binary Operator
[0m[0;31mSYNTAX ERROR:Binary Operator
[0m[0;31mSYNTAX ERROR:Binary Operator
[0m[0;31mSYNTAX ERROR:Binary Operator
[0m[0;31mSYNTAX ERROR:Binary Operator
[0m[0;31mSYNTAX ERROR:Binary Operator
[0m[0;31mSYNTAX ERROR:Binary Operator
[0m[0;31mSYNTAX ERROR:Binary Operator
[0m-------------------------------------------------------------> [37;42m ✓ [0m
lexer([0;36m cmd && [0m)---------------------------------------------------------------------------
[0;32mtok_lst == tab_res == NULL
[0m-------------------------------------------------------------------------------------> [37;42m ✓ [0m
lexer([0;36m&&cmd[0m)------------------------------------------------------------------------------
[0;32mtok_lst == tab_res == NULL
[0m-------------------------------------------------------------------------------------> [37;42m ✓ [0m
lexer([0;36m && cmd [0m)---------------------------------------------------------------------------
[0;32mtok_lst == tab_res == NULL
[0m-------------------------------------------------------------------------------------> [37;42m ✓ [0m
[0;36m*[0m[0;36m*[0m[0;36m*[0m[0;36m*[0m[0;36m*[0m[0;36m*[0m[0;36m*[0m[0;36m*[0m[0;36m*[0m[0;36m*[0m[0;36m*[0m[0;36m*[0m[0;36m*[0m[0;36m*[0m[0;36m*[0m[0;36m*[0m[0;36m*[0m[0;36m*[0m[0;36m*[0m[0;36m*[0m[0;36m*[0m[0;36m*[0m[0;36m*[0m[0;36m*[0m[0;36m*[0m[0;36m*[0m[0;36m*[0m[0;36m*[0m[0;36m*[0m[0;36m*[0m[0;36m*[0m[0;36m*[0m[0;36m*[0m[0;36m*[0m[0;36m*[0m[0;36m*[0m[0;36m*[0m[0;36m*[0m[0;36m*[0m[0;36m*[0m[0;36m*[0m[0;36m*[0m[0;36m*[0m[0;36m*[0m[0;36m*[0m[0;36m*[0m[0;36m*[0m[0;36m*[0m[0;36m*[0m[0;36m*[0m[0;36m*[0m[0;36m*[0m[0;36m*[0m[0;36m*[0m[0;36m*[0m[0;36m*[0m[0;36m*[0m[0;36m*[0m[0;36m*[0m[0;36m*[0m[0;36m*[0m[0;36m*[0m[0;36m*[0m[0;36m*[0m[0;36m*[0m[0;36m*[0m[0;36m*[0m[0;36m*[0m[0;36m*[0m[0;36m*[0m[0;36m*[0m[0;36m*[0m[0;36m*[0m[0;36m*[0m[0;36m*[0m[0;36m*[0m[0;36m*[0m[0;36m*[0m[0;36m*[0m[0;36m*[0m[0;36m*[0m[0;36m*[0m[0;36m*[0m[0;36m*[0m[0;36m*[0m[0;36m*[0m[0;36m*[0m[0;36m*[0m[0;36m*[0m[0;36m*[0m

[0;36m*[0m[0;36m( Cases of '||' OPO operator )[0;36m*[0m[0;36m*[0m[0;36m*[0m[0;36m*[0m[0;36m*[0m[0;36m*[0m[0;36m*[0m[0;36m*[0m[0;36m*[0m[0;36m*[0m[0;36m*[0m[0;36m*[0m[0;36m*[0m[0;36m*[0m[0;36m*[0m[0;36m*[0m[0;36m*[0m[0;36m*[0m[0;36m*[0m[0;36m*[0m[0;36m*[0m[0;36m*[0m[0;36m*[0m[0;36m*[0m[0;36m*[0m[0;36m*[0m[0;36m*[0m[0;36m*[0m[0;36m*[0m[0;36m*[0m[0;36m*[0m[0;36m*[0m[0;36m*[0m[0;36m*[0m[0;36m*[0m[0;36m*[0m[0;36m*[0m[0;36m*[0m[0;36m*[0m[0;36m*[0m[0;36m*[0m[0;36m*[0m[0;36m*[0m[0;36m*[0m[0;36m*[0m[0;36m*[0m[0;36m*[0m[0;36m*[0m[0;36m*[0m[0;36m*[0m[0;36m*[0m[0;36m*[0m[0;36m*[0m[0;36m*[0m[0;36m*[0m[0;36m*[0m[0;36m*[0m[0;36m*[0m[0;36m*[0m[0m
lexer([0;36m||[0m)---------------------------------------------------------------------------------
[0;32mtok_lst == tab_res == NULL
[0m-------------------------------------------------------------------------------------> [37;42m ✓ [0m
lexer([0;36m || [0m)-------------------------------------------------------------------------------
[0;32mtok_lst == tab_res == NULL
[0m-------------------------------------------------------------------------------------> [37;42m ✓ [0m
lexer([0;36mcmd||[0m)------------------------------------------------------------------------------
[0;32mtok_lst == tab_res == NULL
[0m-------------------------------------------------------------------------------------> [37;42m ✓ [0m
lexer([0;36m cmd || [0m)---------------------------------------------------------------------------
[0;32mtok_lst == tab_res == NULL
[0m-------------------------------------------------------------------------------------> [37;42m ✓ [0m
lexer([0;36m||cmd[0m)------------------------------------------------------------------------------
[0;32mtok_lst == tab_res == NULL
[0m-------------------------------------------------------------------------------------> [37;42m ✓ [0m
lexer([0;36m || cmd [0m)---------------------------------------------------------------------------
[0;32mtok_lst == tab_res == NULL
[0m-----------------------------------------------------------------------[0;31mSYNTAX ERROR:Binary Operator
[0m[0;31mSYNTAX ERROR:Binary Operator
[0m[0;31mSYNTAX ERROR:Binary Operator
[0m[0;31mSYNTAX ERROR:Binary Operator
[0m[0;31mSYNTAX ERROR:Binary Operator
[0m[0;31mSYNTAX ERROR:Binary Operator
[0m--------------> [37;42m ✓ [0m
[0;36m*[0m[0;36m*[0m[0;36m*[0m[0;36m*[0m[0;36m*[0m[0;36m*[0m[0;36m*[0m[0;36m*[0m[0;36m*[0m[0;36m*[0m[0;36m*[0m[0;36m*[0m[0;36m*[0m[0;36m*[0m[0;36m*[0m[0;36m*[0m[0;36m*[0m[0;36m*[0m[0;36m*[0m[0;36m*[0m[0;36m*[0m[0;36m*[0m[0;36m*[0m[0;36m*[0m[0;36m*[0m[0;36m*[0m[0;36m*[0m[0;36m*[0m[0;36m*[0m[0;36m*[0m[0;36m*[0m[0;36m*[0m[0;36m*[0m[0;36m*[0m[0;36m*[0m[0;36m*[0m[0;36m*[0m[0;36m*[0m[0;36m*[0m[0;36m*[0m[0;36m*[0m[0;36m*[0m[0;36m*[0m[0;36m*[0m[0;36m*[0m[0;36m*[0m[0;36m*[0m[0;36m*[0m[0;36m*[0m[0;36m*[0m[0;36m*[0m[0;36m*[0m[0;36m*[0m[0;36m*[0m[0;36m*[0m[0;36m*[0m[0;36m*[0m[0;36m*[0m[0;36m*[0m[0;36m*[0m[0;36m*[0m[0;36m*[0m[0;36m*[0m[0;36m*[0m[0;36m*[0m[0;36m*[0m[0;36m*[0m[0;36m*[0m[0;36m*[0m[0;36m*[0m[0;36m*[0m[0;36m*[0m[0;36m*[0m[0;36m*[0m[0;36m*[0m[0;36m*[0m[0;36m*[0m[0;36m*[0m[0;36m*[0m[0;36m*[0m[0;36m*[0m[0;36m*[0m[0;36m*[0m[0;36m*[0m[0;36m*[0m[0;36m*[0m[0;36m*[0m[0;36m*[0m[0;36m*[0m[0;36m*[0m

[0;36m*[0m[0;36m( Cases of '|' PIP operator )[0;36m*[0m[0;36m*[0m[0;36m*[0m[0;36m*[0m[0;36m*[0m[0;36m*[0m[0;36m*[0m[0;36m*[0m[0;36m*[0m[0;36m*[0m[0;36m*[0m[0;36m*[0m[0;36m*[0m[0;36m*[0m[0;36m*[0m[0;36m*[0m[0;36m*[0m[0;36m*[0m[0;36m*[0m[0;36m*[0m[0;36m*[0m[0;36m*[0m[0;36m*[0m[0;36m*[0m[0;36m*[0m[0;36m*[0m[0;36m*[0m[0;36m*[0m[0;36m*[0m[0;36m*[0m[0;36m*[0m[0;36m*[0m[0;36m*[0m[0;36m*[0m[0;36m*[0m[0;36m*[0m[0;36m*[0m[0;36m*[0m[0;36m*[0m[0;36m*[0m[0;36m*[0m[0;36m*[0m[0;36m*[0m[0;36m*[0m[0;36m*[0m[0;36m*[0m[0;36m*[0m[0;36m*[0m[0;36m*[0m[0;36m*[0m[0;36m*[0m[0;36m*[0m[0;36m*[0m[0;36m*[0m[0;36m*[0m[0;36m*[0m[0;36m*[0m[0;36m*[0m[0;36m*[0m[0;36m*[0m[0m
lexer([0;36m|[0m)----------------------------------------------------------------------------------
[0;32mtok_lst == tab_res == NULL
[0m-------------------------------------------------------------------------------------> [37;42m ✓ [0m
lexer([0;36m | [0m)--------------------------------------------------------------------------------
[0;32mtok_lst == tab_res == NULL
[0m-------------------------------------------------------------------------------------> [37;42m ✓ [0m
lexer([0;36mcmd|[0m)-------------------------------------------------------------------------------
[0;32mtok_lst == tab_res == NULL
[0m-------------------------------------------------------------------------------------> [37;42m ✓ [0m
lexer([0;36m cmd | [0m)----------------------------------------------------------------------------
[0;32mtok_lst == tab_res == NULL
[0m-------------------------------------------------------------------------------------> [37;42m ✓ [0m
lexer([0;36m|cmd[0m)-------------------------------------------------------------------------------
[0;32mtok_lst == tab_res == NULL
[0m-------------------------------------------------------------------------------------> [37;42m ✓ [0m
lexer([0;36m | cmd [0m)----------------------------------------------------------------------------
[0;32mtok_lst == tab_res == NULL
[0m-------------------------------------------------------------------------------------> [37;42m ✓ [0m
[0;36m*[0m[0;36m*[0m[0;36m*[0m[0;36m*[0m[0;36m*[0m[0;36m*[0m[0;36m*[0m[0;36m*[0m[0;36m*[0m[0;36m*[0m[0;36m*[0m[0;36m*[0m[0;36m*[0m[0;36m*[0m[0;36m*[0m[0;36m*[0m[0;36m*[0m[0;36m*[0m[0;36m*[0m[0;36m*[0m[0;36m*[0m[0;36m*[0m[0;36m*[0m[0;36m*[0m[0;36m*[0m[0;36m*[0m[0;36m*[0m[0;36m*[0m[0;36m*[0m[0;36m*[0m[0;36m*[0m[0;36m*[0m[0;36m*[0m[0;36m*[0m[0;36m*[0m[0;36m*[0m[0;36m*[0m[0;36m*[0m[0;36m*[0m[0;36m*[0m[0;36m*[0m[0;36m*[0m[0;36m*[0m[0;36m*[0m[0;36m*[0m[0;36m*[0m[0;36m*[0m[0;36m*[0m[0;36m*[0m[0;36m*[0m[0;36m*[0m[0;36m*[0m[0;36m*[0m[0;36m*[0m[0;36m*[0m[0;36m*[0m[0;36m*[0m[0;36m*[0m[0;36m*[0m[0;36m*[0m[0;36m*[0m[0;3[0;31mSYNTAX ERROR:'('parenthesis
[0m[0;31mSYNTAX ERROR:')'parenthesis
[0m[0;31mSYNTAX ERROR:')'parenthesis
[0m[0;31mSYNTAX ERROR:')'parenthesis
[0m6m*[0m[0;36m*[0m[0;36m*[0m[0;36m*[0m[0;36m*[0m[0;36m*[0m[0;36m*[0m[0;36m*[0m[0;36m*[0m[0;36m*[0m[0;36m*[0m[0;36m*[0m[0;36m*[0m[0;36m*[0m[0;36m*[0m[0;36m*[0m[0;36m*[0m[0;36m*[0m[0;36m*[0m[0;36m*[0m[0;36m*[0m[0;36m*[0m[0;36m*[0m[0;36m*[0m[0;36m*[0m[0;36m*[0m[0;36m*[0m[0;36m*[0m[0;36m*[0m

[97;100m=[0m[97;100m=[0m[97;100m=[0m[97;100m=[0m[97;100m=[0m[97;100m=[0m[97;100m=[0m[97;100m=[0m[97;100m=[0m[97;100m=[0m[97;100m=[0m[97;100m=[0m[97;100m=[0m[97;100m=[0m[97;100m=[0m[97;100m=[0m[97;100m=[0m[97;100m=[0m[97;100m=[0m[97;100m=[0m[97;100m=[0m[97;100m=[0m[97;100m=[0m[97;100m=[0m[97;100m=[0m[97;100m=[0m[97;100m=[0m[97;100m=[0m[97;100m=[0m[97;100m=[0m[97;100m=[0m[97;100m=[0m[97;100m=[0m[97;100m=[0m[97;100m=[0m[97;100m=[0m[97;100m=[0m[97;100m=[0m[97;100m=[0m[97;100m=[0m[97;100m=[0m[97;100m=[0m[97;100m=[0m[97;100m=[0m[97;100m=[0m[97;100m=[0m[97;100m=[0m[97;100m=[0m[97;100m=[0m[97;100m=[0m[97;100m=[0m[97;100m=[0m[97;100m=[0m[97;100m=[0m[97;100m=[0m[97;100m=[0m[97;100m=[0m[97;100m=[0m[97;100m=[0m[97;100m=[0m[97;100m=[0m[97;100m=[0m[97;100m=[0m[97;100m=[0m[97;100m=[0m[97;100m=[0m[97;100m=[0m[97;100m=[0m[97;100m=[0m[97;100m=[0m[97;100m=[0m[97;100m=[0m[97;100m=[0m[97;100m=[0m[97;100m=[0m[97;100m=[0m[97;100m=[0m[97;100m=[0m[97;100m=[0m[97;100m=[0m[97;100m=[0m[97;100m=[0m[97;100m=[0m[97;100m=[0m[97;100m=[0m[97;100m=[0m[97;100m=[0m[97;100m=[0m[97;100m=[0m[97;100m=[0m

[97;100m=[0m[97;100m[ E| FAILS OF PARENTHESIS SYNTAX  ][97;100m=[0m[97;100m=[0m[97;100m=[0m[97;100m=[0m[97;100m=[0m[97;100m=[0m[97;100m=[0m[97;100m=[0m[97;100m=[0m[97;100m=[0m[97;100m=[0m[97;100m=[0m[97;100m=[0m[97;100m=[0m[97;100m=[0m[97;100m=[0m[97;100m=[0m[97;100m=[0m[97;100m=[0m[97;100m=[0m[97;100m=[0m[97;100m=[0m[97;100m=[0m[97;100m=[0m[97;100m=[0m[97;100m=[0m[97;100m=[0m[97;100m=[0m[97;100m=[0m[97;100m=[0m[97;100m=[0m[97;100m=[0m[97;100m=[0m[97;100m=[0m[97;100m=[0m[97;100m=[0m[97;100m=[0m[97;100m=[0m[97;100m=[0m[97;100m=[0m[97;100m=[0m[97;100m=[0m[97;100m=[0m[97;100m=[0m[97;100m=[0m[97;100m=[0m[97;100m=[0m[97;100m=[0m[97;100m=[0m[97;100m=[0m[97;100m=[0m[97;100m=[0m[97;100m=[0m[97;100m=[0m[0m
[0;36m*[0m[0;36m( Cases of 'Empty parenthesis' )[0;36m*[0m[0;36m*[0m[0;36m*[0m[0;36m*[0m[0;36m*[0m[0;36m*[0m[0;36m*[0m[0;36m*[0m[0;36m*[0m[0;36m*[0m[0;36m*[0m[0;36m*[0m[0;36m*[0m[0;36m*[0m[0;36m*[0m[0;36m*[0m[0;36m*[0m[0;36m*[0m[0;36m*[0m[0;36m*[0m[0;36m*[0m[0;36m*[0m[0;36m*[0m[0;36m*[0m[0;36m*[0m[0;36m*[0m[0;36m*[0m[0;36m*[0m[0;36m*[0m[0;36m*[0m[0;36m*[0m[0;36m*[0m[0;36m*[0m[0;36m*[0m[0;36m*[0m[0;36m*[0m[0;36m*[0m[0;36m*[0m[0;36m*[0m[0;36m*[0m[0;36m*[0m[0;36m*[0m[0;36m*[0m[0;36m*[0m[0;36m*[0m[0;36m*[0m[0;36m*[0m[0;36m*[0m[0;36m*[0m[0;36m*[0m[0;36m*[0m[0;36m*[0m[0;36m*[0m[0;36m*[0m[0;36m*[0m[0;36m*[0m[0;36m*[0m[0m
lexer([0;36m()[0m)---------------------------------------------------------------------------------
[0;32mtok_lst == tab_res == NULL
[0m-------------------------------------------------------------------------------------> [37;42m ✓ [0m
lexer([0;36m ( ) [0m)------------------------------------------------------------------------------
[0;32mtok_lst == tab_res == NULL
[0m-------------------------------------------------------------------------------------> [37;42m ✓ [0m
lexer([0;36m ( ( ) ) [0m)--------------------------------------------------------------------------
[0;32mtok_lst == tab_res == NULL
[0m-------------------------------------------------------------------------------------> [37;42m ✓ [0m
lexer([0;36m( ( ) )[0m)----------------------------------------------------------------------------
[0;32mtok_lst == tab_res == NULL
[0m-------------------------------------------------------[0;31mSYNTAX ERROR:')'parenthesis
[0m[0;31mSYNTAX ERROR:')'parenthesis
[0m[0;31mSYNTAX ERROR:Odd number of Parenthesis
[0m[0;31mSYNTAX ERROR:Odd number of Parenthesis
[0m[0;31mSYNTAX ERROR:Odd number of Parenthesis
[0m[0;31mSYNTAX ERROR:Odd number of Parenthesis
[0m[0;31mSYNTAX ERROR:Odd number of Parenthesis
[0m[0;31mSYNTAX ERROR:Odd number of Parenthesis
[0m[0;31mSYNTAX ERROR:Odd number of Parenthesis
[0m[0;31mSYNTAX ERROR:Odd number of Parenthesis
[0m------------------------------> [37;42m ✓ [0m
lexer([0;36m(( ) )[0m)-----------------------------------------------------------------------------
[0;32mtok_lst == tab_res == NULL
[0m-------------------------------------------------------------------------------------> [37;42m ✓ [0m
lexer([0;36m( ( ))[0m)-----------------------------------------------------------------------------
[0;32mtok_lst == tab_res == NULL
[0m-------------------------------------------------------------------------------------> [37;42m ✓ [0m
[0;36m*[0m[0;36m*[0m[0;36m*[0m[0;36m*[0m[0;36m*[0m[0;36m*[0m[0;36m*[0m[0;36m*[0m[0;36m*[0m[0;36m*[0m[0;36m*[0m[0;36m*[0m[0;36m*[0m[0;36m*[0m[0;36m*[0m[0;36m*[0m[0;36m*[0m[0;36m*[0m[0;36m*[0m[0;36m*[0m[0;36m*[0m[0;36m*[0m[0;36m*[0m[0;36m*[0m[0;36m*[0m[0;36m*[0m[0;36m*[0m[0;36m*[0m[0;36m*[0m[0;36m*[0m[0;36m*[0m[0;36m*[0m[0;36m*[0m[0;36m*[0m[0;36m*[0m[0;36m*[0m[0;36m*[0m[0;36m*[0m[0;36m*[0m[0;36m*[0m[0;36m*[0m[0;36m*[0m[0;36m*[0m[0;36m*[0m[0;36m*[0m[0;36m*[0m[0;36m*[0m[0;36m*[0m[0;36m*[0m[0;36m*[0m[0;36m*[0m[0;36m*[0m[0;36m*[0m[0;36m*[0m[0;36m*[0m[0;36m*[0m[0;36m*[0m[0;36m*[0m[0;36m*[0m[0;36m*[0m[0;36m*[0m[0;36m*[0m[0;36m*[0m[0;36m*[0m[0;36m*[0m[0;36m*[0m[0;36m*[0m[0;36m*[0m[0;36m*[0m[0;36m*[0m[0;36m*[0m[0;36m*[0m[0;36m*[0m[0;36m*[0m[0;36m*[0m[0;36m*[0m[0;36m*[0m[0;36m*[0m[0;36m*[0m[0;36m*[0m[0;36m*[0m[0;36m*[0m[0;36m*[0m[0;36m*[0m[0;36m*[0m[0;36m*[0m[0;36m*[0m[0;36m*[0m[0;36m*[0m[0;36m*[0m

[0;36m*[0m[0;36m( Cases of 'Odd number of parenthesis' )[0;36m*[0m[0;36m*[0m[0;36m*[0m[0;36m*[0m[0;36m*[0m[0;36m*[0m[0;36m*[0m[0;36m*[0m[0;36m*[0m[0;36m*[0m[0;36m*[0m[0;36m*[0m[0;36m*[0m[0;36m*[0m[0;36m*[0m[0;36m*[0m[0;36m*[0m[0;36m*[0m[0;36m*[0m[0;36m*[0m[0;36m*[0m[0;36m*[0m[0;36m*[0m[0;36m*[0m[0;36m*[0m[0;36m*[0m[0;36m*[0m[0;36m*[0m[0;36m*[0m[0;36m*[0m[0;36m*[0m[0;36m*[0m[0;36m*[0m[0;36m*[0m[0;36m*[0m[0;36m*[0m[0;36m*[0m[0;36m*[0m[0;36m*[0m[0;36m*[0m[0;36m*[0m[0;36m*[0m[0;36m*[0m[0;36m*[0m[0;36m*[0m[0;36m*[0m[0;36m*[0m[0;36m*[0m[0;36m*[0m[0m
lexer([0;36m([0m)----------------------------------------------------------------------------------
[0;32mtok_lst == tab_res == NULL
[0m-------------------------------------------------------------------------------------> [37;42m ✓ [0m
lexer([0;36m ( [0m)--------------------------------------------------------------------------------
[0;32mtok_lst == tab_res == NULL
[0m-------------------------------------------------------------------------------------> [37;42m ✓ [0m
lexer([0;36m)[0m)----------------------------------------------------------------------------------
[0;32mtok_lst == tab_res == NULL
[0m-------------------------------------------------------------------------------------> [37;42m ✓ [0m
lexer([0;36m ) [0m)--------------------------------------------------------------------------------
[0;32mtok_lst == tab_res == NULL
[0m-------------------------------------------------------------------------------------> [37;42m ✓ [0m
lexer([0;36m((cmd)[0m)-----------------------------------------------------------------------------
[0;32mtok_lst == tab_res == NULL
[0m-------------------------------------------------------------------------------------> [37;42m ✓ [0m
lexer([0;36m ( ( cmd ) [0m)------------------------------------------------------------------------
[0;32mtok_lst == tab_res == NULL
[0m-------------------------------------------------------------------------------------> [37;42m ✓ [0m
lexer([0;36m(cmd))[0m)-----------------------------------------------------------------------------
[0;32mtok_lst == tab_res == NULL
[0m-------------------------------------------------------------------------------------> [37;42m ✓ [0m
lexer([0;36m ( cmd ) )[0m)-------------------------------------------------------------------------
[0;3[0;31mSYNTAX ERROR:Parenthesis order
[0m[0;31mSYNTAX ERROR:Parenthesis order
[0m[0;31mSYNTAX ERROR:Parenthesis order
[0m[0;31mSYNTAX ERROR:Parenthesis order
[0m[0;31mSYNTAX ERROR:Parenthesis order
[0m2mtok_lst == tab_res == NULL
[0m-------------------------------------------------------------------------------------> [37;42m ✓ [0m
[0;36m*[0m[0;36m*[0m[0;36m*[0m[0;36m*[0m[0;36m*[0m[0;36m*[0m[0;36m*[0m[0;36m*[0m[0;36m*[0m[0;36m*[0m[0;36m*[0m[0;36m*[0m[0;36m*[0m[0;36m*[0m[0;36m*[0m[0;36m*[0m[0;36m*[0m[0;36m*[0m[0;36m*[0m[0;36m*[0m[0;36m*[0m[0;36m*[0m[0;36m*[0m[0;36m*[0m[0;36m*[0m[0;36m*[0m[0;36m*[0m[0;36m*[0m[0;36m*[0m[0;36m*[0m[0;36m*[0m[0;36m*[0m[0;36m*[0m[0;36m*[0m[0;36m*[0m[0;36m*[0m[0;36m*[0m[0;36m*[0m[0;36m*[0m[0;36m*[0m[0;36m*[0m[0;36m*[0m[0;36m*[0m[0;36m*[0m[0;36m*[0m[0;36m*[0m[0;36m*[0m[0;36m*[0m[0;36m*[0m[0;36m*[0m[0;36m*[0m[0;36m*[0m[0;36m*[0m[0;36m*[0m[0;36m*[0m[0;36m*[0m[0;36m*[0m[0;36m*[0m[0;36m*[0m[0;36m*[0m[0;36m*[0m[0;36m*[0m[0;36m*[0m[0;36m*[0m[0;36m*[0m[0;36m*[0m[0;36m*[0m[0;36m*[0m[0;36m*[0m[0;36m*[0m[0;36m*[0m[0;36m*[0m[0;36m*[0m[0;36m*[0m[0;36m*[0m[0;36m*[0m[0;36m*[0m[0;36m*[0m[0;36m*[0m[0;36m*[0m[0;36m*[0m[0;36m*[0m[0;36m*[0m[0;36m*[0m[0;36m*[0m[0;36m*[0m[0;36m*[0m[0;36m*[0m[0;36m*[0m[0;36m*[0m

[0;36m*[0m[0;36m( Cases of 'Wrong order of parenthesis' )[0;36m*[0m[0;36m*[0m[0;36m*[0m[0;36m*[0m[0;36m*[0m[0;36m*[0m[0;36m*[0m[0;36m*[0m[0;36m*[0m[0;36m*[0m[0;36m*[0m[0;36m*[0m[0;36m*[0m[0;36m*[0m[0;36m*[0m[0;36m*[0m[0;36m*[0m[0;36m*[0m[0;36m*[0m[0;36m*[0m[0;36m*[0m[0;36m*[0m[0;36m*[0m[0;36m*[0m[0;36m*[0m[0;36m*[0m[0;36m*[0m[0;36m*[0m[0;36m*[0m[0;36m*[0m[0;36m*[0m[0;36m*[0m[0;36m*[0m[0;36m*[0m[0;36m*[0m[0;36m*[0m[0;36m*[0m[0;36m*[0m[0;36m*[0m[0;36m*[0m[0;36m*[0m[0;36m*[0m[0;36m*[0m[0;36m*[0m[0;36m*[0m[0;36m*[0m[0;36m*[0m[0;36m*[0m[0m
lexer([0;36m)([0m)---------------------------------------------------------------------------------
[0;32mtok_lst == tab_res == NULL
[0m-------------------------------------------------------------------------------------> [37;42m ✓ [0m
lexer([0;36m ) ( [0m)------------------------------------------------------------------------------
[0;32mtok_lst == tab_res == NULL
[0m-------------------------------------------------------------------------------------> [37;42m ✓ [0m
lexer([0;36m)cmd1([0m)-----------------------------------------------------------------------------
[0;32mtok_lst == tab_res == NULL
[0m-------------------------------------------------------------------------------------> [37;42m ✓ [0m
lexer([0;36mcmd1)(cmd2[0m)-------------------------------------------------------------------------
[0;32mtok_lst == tab_res == NULL
[0m-------------------------------------------------------------------------------------> [37;42m ✓ [0m
lexer([0;36mcmd1)cmd2(cmd3[0m)---------------------------------------------------------------------
[0;32mtok_lst == tab_res == NULL
[0m-------------------------------------------------------------------------------------> [37;42m ✓ [0m
[0;36m*[0m[0;36m*[0m[0;36m*[0m[0;36m*[0m[0;36m*[0m[0;36m*[0m[0;36m*[0m[0;36m*[0m[0;36m*[0m[0;36m*[0m[0;36m*[0m[0;36m*[0m[0;36m*[0m[0;36m*[0m[0;36m*[0m[0;36m*[0m[0;36m*[0m[0;36m*[0m[0;36m*[0m[0;36m*[0m[0;36m*[0m[0;36m*[0m[0;36m*[0m[0;36m*[0m[0;36m*[0m[0;36m*[0m[0;36m*[0m[0;36m*[0m[0;36m*[0m[0;36m*[0m[0;36m*[0m[0;36m*[0m[0;36m*[0m[0;36m*[0m[0;36m*[0m[0;36m*[0m[0;36m*[0m[0;36m*[0m[0;36m*[0m[0;36m*[0m[0;36m*[0m[0;36m*[0m[0;36m*[0m[0;36m*[0m[0;36m*[0m[0;36m*[0m[0;36m*[0m[0;36m*[0m[0;36m*[0m[0;36m*[0m[0;36m*[0m[0;36m*[0m[0;36m*[0m[0;36m*[0m[0;36m*[0m[0;36m*[0m[0;36m*[0m[0;36m*[0m[0;36m*[0m[0;36m*[0m[0;36m*[0m[0;36m*[0m[0;36m*[0m[0;36m*[0m[0;36m*[0m[0;36m*[0m[0;36m*[0m[0;36m*[0m[0;36m*[0m[0;36m*[0m[0;36m*[0m[0;36m*[0m[0;36m*[0m[0;36m*[0m[0;36m*[0m[0;36m*[0m[0;36m*[0m[0;36m*[0m[0;36m*[0m[0;36m*[0m[0;36m*[0m[0;36m*[0m[0;36m*[0m[0;36m*[0m[[0;31mSYNTAX ERROR:')'parenthesis
[0m[0;31mSYNTAX ERROR:')'parenthesis
[0m[0;31mSYNTAX ERROR:'('parenthesis
[0m[0;31mSYNTAX ERROR:'('parenthesis
[0m[0;31mSYNTAX ERROR:')'parenthesis
[0m[0;31mSYNTAX ERROR:')'parenthesis
[0m0;36m*[0m[0;36m*[0m[0;36m*[0m[0;36m*[0m[0;36m*[0m[0;36m*[0m

[0;36m*[0m[0;36m( Cases of 'Wrong syntax with parenthesis' )[0;36m*[0m[0;36m*[0m[0;36m*[0m[0;36m*[0m[0;36m*[0m[0;36m*[0m[0;36m*[0m[0;36m*[0m[0;36m*[0m[0;36m*[0m[0;36m*[0m[0;36m*[0m[0;36m*[0m[0;36m*[0m[0;36m*[0m[0;36m*[0m[0;36m*[0m[0;36m*[0m[0;36m*[0m[0;36m*[0m[0;36m*[0m[0;36m*[0m[0;36m*[0m[0;36m*[0m[0;36m*[0m[0;36m*[0m[0;36m*[0m[0;36m*[0m[0;36m*[0m[0;36m*[0m[0;36m*[0m[0;36m*[0m[0;36m*[0m[0;36m*[0m[0;36m*[0m[0;36m*[0m[0;36m*[0m[0;36m*[0m[0;36m*[0m[0;36m*[0m[0;36m*[0m[0;36m*[0m[0;36m*[0m[0;36m*[0m[0;36m*[0m[0m
lexer([0;36m(cmd1)cmd2[0m)-------------------------------------------------------------------------
[0;32mtok_lst == tab_res == NULL
[0m-------------------------------------------------------------------------------------> [37;42m ✓ [0m
lexer([0;36m(cmd1) cmd2[0m)------------------------------------------------------------------------
[0;32mtok_lst == tab_res == NULL
[0m-------------------------------------------------------------------------------------> [37;42m ✓ [0m
lexer([0;36mcmd1(cmd2)[0m)-------------------------------------------------------------------------
[0;32mtok_lst == tab_res == NULL
[0m-------------------------------------------------------------------------------------> [37;42m ✓ [0m
lexer([0;36mcmd1 ( cmd2 )[0m)----------------------------------------------------------------------
[0;32mtok_lst == tab_res == NULL
[0m-------------------------------------------------------------------------------------> [37;42m ✓ [0m
lexer([0;36m(cmd1)(cmd2)[0m)-----------------------------------------------------------------------
[0;32mtok_lst == tab_res == NULL
[0m-------------------------------------------------------------------------------------> [37;42m ✓ [0m
lexer([0;36m ( cmd1 ) ( cmd2 ) [0m)----------------------------------------------------------------
[0;32mtok_lst == tab_res == NULL
[0m-------------------------------------------------------------------------------------> [37;42m ✓ [0m
[0;36m*[0m[0;36m*[0m[0;36m*[0m[0;36m*[0m[0;36m*[0m[0;36m*[0m[0;36m*[0m[0;36m*[0m[0;36m*[0m[0;36m*[0m[0;36m*[0m[0;36m*[0m[0;36m*[0m[0;36m*[0m[0;36m*[0m[0;36m*[0m[0;36m*[0m[0;36m*[0m[0;36m*[0m[0;36m*[0m[0;36m*[0m[0;36m*[0m[0;36m*[0m[0;36m*[0m[0;36m*[0m[0;36m*[0m[0;36m*[0m[0;36m*[0m[0;36m*[0m[0;36m*[0m[0;36m*[0m[0;36m*[0m[0;36m*[0m[0;36m*[0m[0;36m*[0m[0;36m*[0m[0;36m*[0m[0;36m*[0m[0;36m*[0m[0;36m*[0m[0;36m*[0m[0;36m*[0m[0;36m*[0m[0;36m*[0m[0;36m*[0m[0;36m*[0m[0;36m*[0m[0;36m*[0m[0;36m*[0m[0;36m*[0m[0;36m*[0m[0;36m*[0m[0;36m*[0m[0;36m*[0m[0;36m*[0m[0;36m*[0m[0;36m*[0m[0;36m*[0m[0;36m*[0m[0;36m*[0m[0;36m*[0m[0;36m*[0m[0;36m*[0m[0;36m*[0m[0;36m*[0m[0;36m*[0m[0;36m*[0m[0;36m*[0m[0;36m*[0m[0;36m*[0m[0;36m*[0m[0;36m*[0m[0;36m*[0m[0;36m*[0m[0;36m*[0m[0;36m*[0m[0;36m*[0m[0;36m*[0m[0;36m*[0m[0;36m*[0m[0;36m*[0m[0;36m*[0m[0;36m*[0m[0;36m*[0m[0;36m*[0m[0;36m*[0m[0;36m*[0m[0;36m*[0m[0;36m*[0m[0;36m*[0m

[97;100m=[0m[97;100m=[0m[97;100m=[0m[97;100m=[0m[97;100m=[0m[97;100m=[0m[97;100m=[0m[97;100m=[0m[97;100m=[0m[97;100m=[0m[97;100m=[0m[97;100m=[0m[97;100m=[0m[97;100m=[0m[97;100m=[0m[97;100m=[0m[97;100m=[0m[97;100m=[0m[97;100m=[0m[97;100m=[0m[97;100m=[0m[97;100m=[0m[97;100m=[0m[97;100m=[0m[97;100m=[0m[97;100m=[0m[97;100m=[0m[97;100m=[0m[97;100m=[0m[97;100m=[0m[97;100m=[0m[97;100m=[0m[97;100m=[0m[97;100m=[0m[97;100m=[0m[97;100m=[0m[97;100m=[0m[97;100m=[0m[97;100m=[0m[97;100m=[0m[97;100m=[0m[97;100m=[0m[97;100m=[0m[97;100m=[0m[97;100m=[0m[97;100m=[0m[97;100m=[0m[97;100m=[0m[97;100m=[0m[97;100m=[0m[97;100m=[0m[97;100m=[0m[97;100m=[0m[97;100m=[0m[97;100m=[0m[97;100m=[0m[97;100m=[0m[97;100m=[0m[97;100m=[0m[97;100m=[0m[97;100m=[0m[97;100m=[0m[97;100m=[0m[97;100m=[0m[97;100m=[0m[97;100m=[0m[97;100m=[0m[97;100m=[0m[97;100m=[0m[97;100m=[0m[97;100m=[0m[97;100m=[0m[97;100m=[0m[97;100m=[0m[97;100m=[0m[97;100m=[0m[97;100m=[0m[97;100m=[0m[97;100m=[0m[97;100m=[0m[97;100m=[0m[97;100m=[0m[97;100m=[0m[97;100m=[0m[97;100m=[0m[97;100m=[0m[97;100m=[0m[97;100m=[0m[97;100m=[0m[97;100m=[0m

[97;100m=[0m[97;100m[ F| PASS COMMANDS ][97;100m=[0m[97;100m=[0m[97;100m=[0m[97;100m=[0m[97;100m=[0m[97;100m=[0m[97;100m=[0m[97;100m=[0m[97;100m=[0m[97;100m=[0m[97;100m=[0m[97;100m=[0m[97;100m=[0m[97;100m=[0m[97;100m=[0m[97;100m=[0m[97;100m=[0m[97;100m=[0m[97;100m=[0m[97;100m=[0m[97;100m=[0m[97;100m=[0m[97;100m=[0m[97;100m=[0m[97;100m=[0m[97;100m=[0m[97;100m=[0m[97;100m=[0m[97;100m=[0m[97;100m=[0m[97;100m=[0m[97;100m=[0m[97;100m=[0m[97;100m=[0m[97;100m=[0m[97;100m=[0m[97;100m=[0m[97;100m=[0m[97;100m=[0m[97;100m=[0m[97;100m=[0m[97;100m=[0m[97;100m=[0m[97;100m=[0m[97;100m=[0m[97;100m=[0m[97;100m=[0m[97;100m=[0m[97;100m=[0m[97;100m=[0m[97;100m=[0m[97;100m=[0m[97;100m=[0m[97;100m=[0m[97;100m=[0m[97;100m=[0m[97;100m=[0m[97;100m=[0m[97;100m=[0m[97;100m=[0m[97;100m=[0m[97;100m=[0m[97;100m=[0m[97;100m=[0m[97;100m=[0m[97;100m=[0m[97;100m=[0m[97;100m=[0m[97;100m=[0m[0m
[0;36m*[0m[0;36m( Only unset and spaces-> check if quotes is count as one UNSET )[0;36m*[0m[0;36m*[0m[0;36m*[0m[0;36m*[0m[0;36m*[0m[0;36m*[0m[0;36m*[0m[0;36m*[0m[0;36m*[0m[0;36m*[0m[0;36m*[0m[0;36m*[0m[0;36m*[0m[0;36m*[0m[0;36m*[0m[0;36m*[0m[0;36m*[0m[0;36m*[0m[0;36m*[0m[0;36m*[0m[0;36m*[0m[0;36m*[0m[0;36m*[0m[0;36m*[0m[0m
lexer([0;36m cmd1 arg1   arg2   "arg3 && arg4" [0m)------------------------------------------------
dt->odd_par_nbr=0
tab_res={ESP, ,0}-->{UNSET,cmd1,0}-->{ESP, ,0}-->{UNSET,arg1,0}-->{ESP, ,0}-->{UNSET,arg2,0}-->{ESP, ,0}-->{UNSET,"arg3 && arg4",0}-->{ESP, ,0}-->NULL
tok_lst={ESP, ,0}-->{UNSET,cmd1,0}-->{ESP, ,0}-->{UNSET,arg1,0}-->{ESP, ,0}-->{UNSET,arg2,0}-->{ESP, ,0}-->{UNSET,"arg3 && arg4",0}-->{ESP, ,0}-->NULL
-------------------------------------------------------------------------------------> [37;42m ✓ [0m
[0;36m*[0m[0;36m*[0m[0;36m*[0m[0;36m*[0m[0;36m*[0m[0;36m*[0m[0;36m*[0m[0;36m*[0m[0;36m*[0m[0;36m*[0m[0;36m*[0m[0;36m*[0m[0;36m*[0m[0;36m*[0m[0;36m*[0m[0;36m*[0m[0;36m*[0m[0;36m*[0m[0;36m*[0m[0;36m*[0m[0;36m*[0m[0;36m*[0m[0;36m*[0m[0;36m*[0m[0;36m*[0m[0;36m*[0m[0;36m*[0m[0;36m*[0m[0;36m*[0m[0;36m*[0m[0;36m*[0m[0;36m*[0m[0;36m*[0m[0;36m*[0m[0;36m*[0m[0;36m*[0m[0;36m*[0m[0;36m*[0m[0;36m*[0m[0;36m*[0m[0;36m*[0m[0;36m*[0m[0;36m*[0m[0;36m*[0m[0;36m*[0m[0;36m*[0m[0;36m*[0m[0;36m*[0m[0;36m*[0m[0;36m*[0m[0;36m*[0m[0;36m*[0m[0;36m*[0m[0;36m*[0m[0;36m*[0m[0;36m*[0m[0;36m*[0m[0;36m*[0m[0;36m*[0m[0;36m*[0m[0;36m*[0m[0;36m*[0m[0;36m*[0m[0;36m*[0m[0;36m*[0m[0;36m*[0m[0;36m*[0m[0;36m*[0m[0;36m*[0m[0;36m*[0m[0;36m*[0m[0;36m*[0m[0;36m*[0m[0;36m*[0m[0;36m*[0m[0;36m*[0m[0;36m*[0m[0;36m*[0m[0;36m*[0m[0;36m*[0m[0;36m*[0m[0;36m*[0m[0;36m*[0m[0;36m*[0m[0;36m*[0m[0;36m*[0m[0;36m*[0m[0;36m*[0m[0;36m*[0m[0;36m*[0m

[0;36m*[0m[0;36m( Real command with REDIR and PIPE OPERATORS )[0;36m*[0m[0;36m*[0m[0;36m*[0m[0;36m*[0m[0;36m*[0m[0;36m*[0m[0;36m*[0m[0;36m*[0m[0;36m*[0m[0;36m*[0m[0;36m*[0m[0;36m*[0m[0;36m*[0m[0;36m*[0m[0;36m*[0m[0;36m*[0m[0;36m*[0m[0;36m*[0m[0;36m*[0m[0;36m*[0m[0;36m*[0m[0;36m*[0m[0;36m*[0m[0;36m*[0m[0;36m*[0m[0;36m*[0m[0;36m*[0m[0;36m*[0m[0;36m*[0m[0;36m*[0m[0;36m*[0m[0;36m*[0m[0;36m*[0m[0;36m*[0m[0;36m*[0m[0;36m*[0m[0;36m*[0m[0;36m*[0m[0;36m*[0m[0;36m*[0m[0;36m*[0m[0;36m*[0m[0;36m*[0m[0m
lexer([0;36m< file1 cat | cat > file2[0m)----------------------------------------------------------
dt->odd_par_nbr=0
tab_res={RLS,<,0}-->{ESP, ,0}-->{UNSET,file1,0}-->{ESP, ,0}-->{UNSET,cat,0}-->{ESP, ,0}-->{PIP,|,0}-->{ESP, ,0}-->{UNSET,cat,0}-->{ESP, ,0}-->{RRS,>,0}-->{ESP, ,0}-->{UNSET,file2,0}-->NULL
tok_lst={RLS,<,0}-->{ESP, ,0}-->{UNSET,file1,0}-->{ESP, ,0}-->{UNSET,cat,0}-->{ESP, ,0}-->{PIP,|,0}-->{ESP, ,0}-->{UNSET,cat,0}-->{ESP, ,0}-->{RRS,>,0}-->{ESP, ,0}-->{UNSET,file2,0}-->NULL
-------------------------------------------------------------------------------------> [37;42m ✓ [0m
[0;36m*[0m[0;36m*[0m[0;36m*[0m[0;36m*[0m[0;36m*[0m[0;36m*[0m[0;36m*[0m[0;36m*[0m[0;36m*[0m[0;36m*[0m[0;36m*[0m[0;36m*[0m[0;36m*[0m[0;36m*[0m[0;36m*[0m[0;36m*[0m[0;36m*[0m[0;36m*[0m[0;36m*[0m[0;36m*[0m[0;36m*[0m[0;36m*[0m[0;36m*[0m[0;36m*[0m[0;36m*[0m[0;36m*[0m[0;36m*[0m[0;36m*[0m[0;36m*[0m[0;36m*[0m[0;36m*[0m[0;36m*[0m[0;36m*[0m[0;36m*[0m[0;36m*[0m[0;36m*[0m[0;36m*[0m[0;36m*[0m[0;36m*[0m[0;36m*[0m[0;36m*[0m[0;36m*[0m[0;36m*[0m[0;36m*[0m[0;36m*[0m[0;36m*[0m[0;36m*[0m[0;36m*[0m[0;36m*[0m[0;36m*[0m[0;36m*[0m[0;36m*[0m[0;36m*[0m[0;36m*[0m[0;36m*[0m[0;36m*[0m[0;36m*[0m[0;36m*[0m[0;36m*[0m[0;36m*[0m[0;36m*[0m[0;36m*[0m[0;36m*[0m[0;36m*[0m[0;36m*[0m[0;36m*[0m[0;36m*[0m[0;36m*[0m[0;36m*[0m[0;36m*[0m[0;36m*[0m[0;36m*[0m[0;36m*[0m[0;36m*[0m[0;36m*[0m[0;36m*[0m[0;36m*[0m[0;36m*[0m[0;36m*[0m[0;36m*[0m[0;36m*[0m[0;36m*[0m[0;36m*[0m[0;36m*[0m[0;36m*[0m[0;36m*[0m[0;36m*[0m[0;36m*[0m[0;36m*[0m[0;36m*[0m

[0;36m*[0m[0;36m( 3 tests to check concatenation of contiguous quoted unset )[0;36m*[0m[0;36m*[0m[0;36m*[0m[0;36m*[0m[0;36m*[0m[0;36m*[0m[0;36m*[0m[0;36m*[0m[0;36m*[0m[0;36m*[0m[0;36m*[0m[0;36m*[0m[0;36m*[0m[0;36m*[0m[0;36m*[0m[0;36m*[0m[0;36m*[0m[0;36m*[0m[0;36m*[0m[0;36m*[0m[0;36m*[0m[0;36m*[0m[0;36m*[0m[0;36m*[0m[0;36m*[0m[0;36m*[0m[0;36m*[0m[0;36m*[0m[0m
lexer([0;36m'e'''cho toto>>file1[0m)---------------------------------------------------------------
dt->odd_par_nbr=0
tab_res={UNSET,'e'''cho,0}-->{ESP, ,0}-->{UNSET,toto,0}-->{RRD,>>,0}-->{UNSET,file1,0}-->NULL
tok_lst={UNSET,'e'''cho,0}-->{ESP, ,0}-->{UNSET,toto,0}-->{RRD,>>,0}-->{UNSET,file1,0}-->NULL
-------------------------------------------------------------------------------------> [37;42m ✓ [0m
lexer([0;36m    'e'"c"ho  toto&&echo OK||echo  KO[0m)----------------------------------------------
dt->odd_par_nbr=0
tab_res={ESP, ,0}-->{UNSET,'e'"c"ho,0}-->{ESP, ,0}-->{UNSET,toto,0}-->{OPA,&&,0}-->{UNSET,echo,0}-->{ESP, ,0}-->{UNSET,OK,0}-->{OPO,||,0}-->{UNSET,echo,0}-->{ESP, ,0}-->{UNSET,KO,0}-->NULL
tok_lst={ESP, ,0}-->{UNSET,'e'"c"ho,0}-->{ESP, ,0}-->{UNSET,toto,0}-->{OPA,&&,0}-->{UNSET,echo,0}-->{ESP, ,0}-->{UNSET,OK,0}-->{OPO,||,0}-->{UNSET,echo,0}-->{ESP, ,0}-->{UNSET,KO,0}-->NULL
-------------------------------------------------------------------------------------> [37;42m ✓ [0m
lexer([0;36m    ('e'"c"ho  toto)&&echo OK||echo  KO    [0m)----------------------------------------
dt->odd_par_nbr=0
tab_res={ESP, ,0}-->{PARO,(,1}-->{UNSET,'e'"c"ho,1}-->{ESP, ,1}-->{UNSET,toto,1}-->{PARC,),0}-->{OPA,&&,0}-->{UNSET,echo,0}-->{ESP, ,0}-->{UNSET,OK,0}-->{OPO,||,0}-->{UNSET,echo,0}-->{ESP, ,0}-->{UNSET,KO,0}-->{ESP, ,0}-->NULL
tok_lst={ESP, ,0}-->{PARO,(,1}-->{UNSET,'e'"c"ho,1}-->{ESP, ,1}-->{UNSET,toto,1}-->{PARC,),0}-->{OPA,&&,0}-->{UNSET,echo,0}-->{ESP, ,0}-->{UNSET,OK,0}-->{OPO,||,0}-->{UNSET,echo,0}-->{ESP, ,0}-->{UNSET,KO,0}-->{ESP, ,0}-->NULL
-------------------------------------------------------------------------------------> [37;42m ✓ [0m
[0;36m*[0m[0;36m*[0m[0;36m*[0m[0;36m*[0m[0;36m*[0m[0;36m*[0m[0;36m*[0m[0;36m*[0m[0;36m*[0m[0;36m*[0m[0;36m*[0m[0;36m*[0m[0;36m*[0m[0;36m*[0m[0;36m*[0m[0;36m*[0m[0;36m*[0m[0;36m*[0m[0;36m*[0m[0;36m*[0m[0;36m*[0m[0;36m*[0m[0;36m*[0m[0;36m*[0m[0;36m*[0m[0;36m*[0m[0;36m*[0m[0;36m*[0m[0;36m*[0m[0;36m*[0m[0;36m*[0m[0;36m*[0m[0;36m*[0m[0;36m*[0m[0;36m*[0m[0;36m*[0m[0;36m*[0m[0;36m*[0m[0;36m*[0m[0;36m*[0m[0;36m*[0m[0;36m*[0m[0;36m*[0m[0;36m*[0m[0;36m*[0m[0;36m*[0m[0;36m*[0m[0;36m*[0m[0;36m*[0m[0;36m*[0m[0;36m*[0m[0;36m*[0m[0;36m*[0m[0;36m*[0m[0;36m*[0m[0;36m*[0m[0;36m*[0m[0;36m*[0m[0;36m*[0m[0;36m*[0m[0;36m*[0m[0;36m*[0m[0;36m*[0m[0;36m*[0m[0;36m*[0m[0;36m*[0m[0;36m*[0m[0;36m*[0m[0;36m*[0m[0;36m*[0m[0;36m*[0m[0;36m*[0m[0;36m*[0m[0;36m*[0m[0;36m*[0m[0;36m*[0m[0;36m*[0m[0;36m*[0m[0;36m*[0m[0;36m*[0m[0;36m*[0m[0;36m*[0m[0;36m*[0m[0;36m*[0m[0;36m*[0m[0;36m*[0m[0;36m*[0m[0;36m*[0m[0;36m*[0m[0;36m*[0m

[0;36m*[0m[0;36m( Check all binary operators )[0;36m*[0m[0;36m*[0m[0;36m*[0m[0;36m*[0m[0;36m*[0m[0;36m*[0m[0;36m*[0m[0;36m*[0m[0;36m*[0m[0;36m*[0m[0;36m*[0m[0;36m*[0m[0;36m*[0m[0;36m*[0m[0;36m*[0m[0;36m*[0m[0;36m*[0m[0;36m*[0m[0;36m*[0m[0;36m*[0m[0;36m*[0m[0;36m*[0m[0;36m*[0m[0;36m*[0m[0;36m*[0m[0;36m*[0m[0;36m*[0m[0;36m*[0m[0;36m*[0m[0;36m*[0m[0;36m*[0m[0;36m*[0m[0;36m*[0m[0;36m*[0m[0;36m*[0m[0;36m*[0m[0;36m*[0m[0;36m*[0m[0;36m*[0m[0;36m*[0m[0;36m*[0m[0;36m*[0m[0;36m*[0m[0;36m*[0m[0;36m*[0m[0;36m*[0m[0;36m*[0m[0;36m*[0m[0;36m*[0m[0;36m*[0m[0;36m*[0m[0;36m*[0m[0;36m*[0m[0;36m*[0m[0;36m*[0m[0;36m*[0m[0;36m*[0m[0;36m*[0m[0;36m*[0m[0m
lexer([0;36mcmd1|cmd2&&cmd3||cmd4[0m)--------------------------------------------------------------
dt->odd_par_nbr=0
tab_res={UNSET,cmd1,0}-->{PIP,|,0}-->{UNSET,cmd2,0}-->{OPA,&&,0}-->{UNSET,cmd3,0}-->{OPO,||,0}-->{UNSET,cmd4,0}-->NULL
tok_lst={UNSET,cmd1,0}-->{PIP,|,0}-->{UNSET,cmd2,0}-->{OPA,&&,0}-->{UNSET,cmd3,0}-->{OPO,||,0}-->{UNSET,cmd4,0}-->NULL
-------------------------------------------------------------------------------------> [37;42m ✓ [0m
lexer([0;36m   cmd1   |   cmd2   &&   cmd3   ||   cmd4   [0m)--------------------------------------
dt->odd_par_nbr=0
tab_res={ESP, ,0}-->{UNSET,cmd1,0}-->{ESP, ,0}-->{PIP,|,0}-->{ESP, ,0}-->{UNSET,cmd2,0}-->{ESP, ,0}-->{OPA,&&,0}-->{ESP, ,0}-->{UNSET,cmd3,0}-->{ESP, ,0}-->{OPO,||,0}-->{ESP, ,0}-->{UNSET,cmd4,0}-->{ESP, ,0}-->NULL
tok_lst={ESP, ,0}-->{UNSET,cmd1,0}-->{ESP, ,0}-->{PIP,|,0}-->{ESP, ,0}-->{UNSET,cmd2,0}-->{ESP, ,0}-->{OPA,&&,0}-->{ESP, ,0}-->{UNSET,cmd3,0}-->{ESP, ,0}-->{OPO,||,0}-->{ESP, ,0}-->{UNSET,cmd4,0}-->{ESP, ,0}-->NULL
-------------------------------------------------------------------------------------> [37;42m ✓ [0m
[0;36m*[0m[0;36m*[0m[0;36m*[0m[0;36m*[0m[0;36m*[0m[0;36m*[0m[0;36m*[0m[0;36m*[0m[0;36m*[0m[0;36m*[0m[0;36m*[0m[0;36m*[0m[0;36m*[0m[0;36m*[0m[0;36m*[0m[0;36m*[0m[0;36m*[0m[0;36m*[0m[0;36m*[0m[0;36m*[0m[0;36m*[0m[0;36m*[0m[0;36m*[0m[0;36m*[0m[0;36m*[0m[0;36m*[0m[0;36m*[0m[0;36m*[0m[0;36m*[0m[0;36m*[0m[0;36m*[0m[0;36m*[0m[0;36m*[0m[0;36m*[0m[0;36m*[0m[0;36m*[0m[0;36m*[0m[0;36m*[0m[0;36m*[0m[0;36m*[0m[0;36m*[0m[0;36m*[0m[0;36m*[0m[0;36m*[0m[0;36m*[0m[0;36m*[0m[0;36m*[0m[0;36m*[0m[0;36m*[0m[0;36m*[0m[0;36m*[0m[0;36m*[0m[0;36m*[0m[0;36m*[0m[0;36m*[0m[0;36m*[0m[0;36m*[0m[0;36m*[0m[0;36m*[0m[0;36m*[0m[0;36m*[0m[0;36m*[0m[0;36m*[0m[0;36m*[0m[0;36m*[0m[0;36m*[0m[0;36m*[0m[0;36m*[0m[0;36m*[0m[0;36m*[0m[0;36m*[0m[0;36m*[0m[0;36m*[0m[0;36m*[0m[0;36m*[0m[0;36m*[0m[0;36m*[0m[0;36m*[0m[0;36m*[0m[0;36m*[0m[0;36m*[0m[0;36m*[0m[0;36m*[0m[0;36m*[0m[0;36m*[0m[0;36m*[0m[0;36m*[0m[0;36m*[0m[0;36m*[0m[0;36m*[0m

[0;36m*[0m[0;36m( Check all unary operators )[0;36m*[0m[0;36m*[0m[0;36m*[0m[0;36m*[0m[0;36m*[0m[0;36m*[0m[0;36m*[0m[0;36m*[0m[0;36m*[0m[0;36m*[0m[0;36m*[0m[0;36m*[0m[0;36m*[0m[0;36m*[0m[0;36m*[0m[0;36m*[0m[0;36m*[0m[0;36m*[0m[0;36m*[0m[0;36m*[0m[0;36m*[0m[0;36m*[0m[0;36m*[0m[0;36m*[0m[0;36m*[0m[0;36m*[0m[0;36m*[0m[0;36m*[0m[0;36m*[0m[0;36m*[0m[0;36m*[0m[0;36m*[0m[0;36m*[0m[0;36m*[0m[0;36m*[0m[0;36m*[0m[0;36m*[0m[0;36m*[0m[0;36m*[0m[0;36m*[0m[0;36m*[0m[0;36m*[0m[0;36m*[0m[0;36m*[0m[0;36m*[0m[0;36m*[0m[0;36m*[0m[0;36m*[0m[0;36m*[0m[0;36m*[0m[0;36m*[0m[0;36m*[0m[0;36m*[0m[0;36m*[0m[0;36m*[0m[0;36m*[0m[0;36m*[0m[0;36m*[0m[0;36m*[0m[0;36m*[0m[0m
lexer([0;36m<f1<<f2<<<f3>f4>>f5[0m)----------------------------------------------------------------
dt->odd_par_nbr=0
tab_res={RLS,<,0}-->{UNSET,f1,0}-->{RLD,<<,0}-->{UNSET,f2,0}-->{RLT,<<<,0}-->{UNSET,f3,0}-->{RRS,>,0}-->{UNSET,f4,0}-->{RRD,>>,0}-->{UNSET,f5,0}-->NULL
tok_lst={RLS,<,0}-->{UNSET,f1,0}-->{RLD,<<,0}-->{UNSET,f2,0}-->{RLT,<<<,0}-->{UNSET,f3,0}-->{RRS,>,0}-->{UNSET,f4,0}-->{RRD,>>,0}-->{UNSET,f5,0}-->NULL
-------------------------------------------------------------------------------------> [37;42m ✓ [0m
lexer([0;36m  <  f1  <<  f2  <<<  f3  >  f4  >>  f5  [0m)------------------------------------------
dt->odd_par_nbr=0
tab_res={ESP, ,0}-->{RLS,<,0}-->{ESP, ,0}-->{UNSET,f1,0}-->{ESP, ,0}-->{RLD,<<,0}-->{ESP, ,0}-->{UNSET,f2,0}-->{ESP, ,0}-->{RLT,<<<,0}-->{ESP, ,0}-->{UNSET,f3,0}-->{ESP, ,0}-->{RRS,>,0}-->{ESP, ,0}-->{UNSET,f4,0}-->{ESP, ,0}-->{RRD,>>,0}-->{ESP, ,0}-->{UNSET,f5,0}-->{ESP, ,0}-->NULL
tok_lst={ESP, ,0}-->{RLS,<,0}-->{ESP, ,0}-->{UNSET,f1,0}-->{ESP, ,0}-->{RLD,<<,0}-->{ESP, ,0}-->{UNSET,f2,0}-->{ESP, ,0}-->{RLT,<<<,0}-->{ESP, ,0}-->{UNSET,f3,0}-->{ESP, ,0}-->{RRS,>,0}-->{ESP, ,0}-->{UNSET,f4,0}-->{ESP, ,0}-->{RRD,>>,0}-->{ESP, ,0}-->{UNSET,f5,0}-->{ESP, ,0}-->NULL
-------------------------------------------------------------------------------------> [37;42m ✓ [0m
[0;36m*[0m[0;36m*[0m[0;36m*[0m[0;36m*[0m[0;36m*[0m[0;36m*[0m[0;36m*[0m[0;36m*[0m[0;36m*[0m[0;36m*[0m[0;36m*[0m[0;36m*[0m[0;36m*[0m[0;36m*[0m[0;36m*[0m[0;36m*[0m[0;36m*[0m[0;36m*[0m[0;36m*[0m[0;36m*[0m[0;36m*[0m[0;36m*[0m[0;36m*[0m[0;36m*[0m[0;36m*[0m[0;36m*[0m[0;36m*[0m[0;36m*[0m[0;36m*[0m[0;36m*[0m[0;36m*[0m[0;36m*[0m[0;36m*[0m[0;36m*[0m[0;36m*[0m[0;36m*[0m[0;36m*[0m[0;36m*[0m[0;36m*[0m[0;36m*[0m[0;36m*[0m[0;36m*[0m[0;36m*[0m[0;36m*[0m[0;36m*[0m[0;36m*[0m[0;36m*[0m[0;36m*[0m[0;36m*[0m[0;36m*[0m[0;36m*[0m[0;36m*[0m[0;36m*[0m[0;36m*[0m[0;36m*[0m[0;36m*[0m[0;36m*[0m[0;36m*[0m[0;36m*[0m[0;36m*[0m[0;36m*[0m[0;36m*[0m[0;36m*[0m[0;36m*[0m[0;36m*[0m[0;36m*[0m[0;36m*[0m[0;36m*[0m[0;36m*[0m[0;36m*[0m[0;36m*[0m[0;36m*[0m[0;36m*[0m[0;36m*[0m[0;36m*[0m[0;36m*[0m[0;36m*[0m[0;36m*[0m[0;36m*[0m[0;36m*[0m[0;36m*[0m[0;36m*[0m[0;36m*[0m[0;36m*[0m[0;36m*[0m[0;36m*[0m[0;36m*[0m[0;36m*[0m[0;36m*[0m[0;36m*[0m

[0;36m*[0m[0;36m( Check parenthesis )[0;36m*[0m[0;36m*[0m[0;36m*[0m[0;36m*[0m[0;36m*[0m[0;36m*[0m[0;36m*[0m[0;36m*[0m[0;36m*[0m[0;36m*[0m[0;36m*[0m[0;36m*[0m[0;36m*[0m[0;36m*[0m[0;36m*[0m[0;36m*[0m[0;36m*[0m[0;36m*[0m[0;36m*[0m[0;36m*[0m[0;36m*[0m[0;36m*[0m[0;36m*[0m[0;36m*[0m[0;36m*[0m[0;36m*[0m[0;36m*[0m[0;36m*[0m[0;36m*[0m[0;36m*[0m[0;36m*[0m[0;36m*[0m[0;36m*[0m[0;36m*[0m[0;36m*[0m[0;36m*[0m[0;36m*[0m[0;36m*[0m[0;36m*[0m[0;36m*[0m[0;36m*[0m[0;36m*[0m[0;36m*[0m[0;36m*[0m[0;36m*[0m[0;36m*[0m[0;36m*[0m[0;36m*[0m[0;36m*[0m[0;36m*[0m[0;36m*[0m[0;36m*[0m[0;36m*[0m[0;36m*[0m[0;36m*[0m[0;36m*[0m[0;36m*[0m[0;36m*[0m[0;36m*[0m[0;36m*[0m[0;36m*[0m[0;36m*[0m[0;36m*[0m[0;36m*[0m[0;36m*[0m[0;36m*[0m[0;36m*[0m[0;36m*[0m[0m
lexer([0;36m(cmd)[0m)------------------------------------------------------------------------------
dt->odd_par_nbr=0
tab_res={PARO,(,1}-->{UNSET,cmd,1}-->{PARC,),0}-->NULL
tok_lst={PARO,(,1}-->{UNSET,cmd,1}-->{PARC,),0}-->NULL
-------------------------------------------------------------------------------------> [37;42m ✓ [0m
lexer([0;36m(cmd1&&cmd2)||(cmd3&&cmd4)[0m)---------------------------------------------------------
dt->odd_par_nbr=0
tab_res={PARO,(,1}-->{UNSET,cmd1,1}-->{OPA,&&,1}-->{UNSET,cmd2,1}-->{PARC,),0}-->{OPO,||,0}-->{PARO,(,1}-->{UNSET,cmd3,1}-->{OPA,&&,1}-->{UNSET,cmd4,1}-->{PARC,),0}-->NULL
tok_lst={PARO,(,1}-->{UNSET,cmd1,1}-->{OPA,&&,1}-->{UNSET,cmd2,1}-->{PARC,),0}-->{OPO,||,0}-->{PARO,(,1}-->{UNSET,cmd3,1}-->{OPA,&&,1}-->{UNSET,cmd4,1}-->{PARC,),0}-->NULL
-------------------------------------------------------------------------------------> [37;42m ✓ [0m
lexer([0;36m( ((cmd1&&cmd2) ))[0m)-----------------------------------------------------------------
dt->odd_par_nbr=0
tab_res={PARO,(,1}-->{ESP, ,1}-->{PARO,(,2}-->{PARO,(,3}-->{UNSET,cmd1,3}-->{OPA,&&,3}-->{UNSET,cmd2,3}-->{PARC,),2}-->{ESP, ,2}-->{PARC,),1}-->{PARC,),0}-->NULL
tok_lst={PARO,(,1}-->{ESP, ,1}-->{PARO,(,2}-->{PARO,(,3}-->{UNSET,cmd1,3}-->{OPA,&&,3}-->{UNSET,cmd2,3}-->{PARC,),2}-->{ESP, ,2}-->{PARC,),1}-->{PARC,),0}-->NULL
-------------------------------------------------------------------------------------> [37;42m ✓ [0m
lexer([0;36m ( ( (cmd1&&cmd2) ) ) [0m)-------------------------------------------------------------
dt->odd_par_nbr=0
tab_res={ESP, ,0}-->{PARO,(,1}-->{ESP, ,1}-->{PARO,(,2}-->{ESP, ,2}-->{PARO,(,3}-->{UNSET,cmd1,3}-->{OPA,&&,3}-->{UNSET,cmd2,3}-->{PARC,),2}-->{ESP, ,2}-->{PARC,),1}-->{ESP, ,1}-->{PARC,),0}-->{ESP, ,0}-->NULL
tok_lst={ESP, ,0}-->{PARO,(,1}-->{ESP, ,1}-->{PARO,(,2}-->{ESP, ,2}-->{PARO,(,3}-->{UNSET,cmd1,3}-->{OPA,&&,3}-->{UNSET,cmd2,3}-->{PARC,),2}-->{ESP, ,2}-->{PARC,),1}-->{ESP, ,1}-->{PARC,),0}-->{ESP, ,0}-->NULL
-------------------------------------------------------------------------------------> [37;42m ✓ [0m
lexer([0;36m((cmd1)&&(cmd2|cmd3))[0m)--------------------------------------------------------------
dt->odd_par_nbr=0
tab_res={PARO,(,1}-->{PARO,(,2}-->{UNSET,cmd1,2}-->{PARC,),1}-->{OPA,&&,1}-->{PARO,(,2}-->{UNSET,cmd2,2}-->{PIP,|,2}-->{UNSET,cmd3,2}-->{PARC,),1}-->{PARC,),0}-->NULL
tok_lst={PARO,(,1}-->{PARO,(,2}-->{UNSET,cmd1,2}-->{PARC,),1}-->{OPA,&&,1}-->{PARO,(,2}-->{UNSET,cmd2,2}-->{PIP,|,2}-->{UNSET,cmd3,2}-->{PARC,),1}-->{PARC,),0}-->NULL
-------------------------------------------------------------------------------------> [37;42m ✓ [0m
lexer([0;36m(((cmd1&&cmd2)||(cmd3&&cmd4))&&(cmd5|cmd6))[0m)----------------------------------------
dt->odd_par_nbr=0
tab_res={PARO,(,1}-->{PARO,(,2}-->{PARO,(,3}-->{UNSET,cmd1,3}-->{OPA,&&,3}-->{UNSET,cmd2,3}-->{PARC,),2}-->{OPO,||,2}-->{PARO,(,3}-->{UNSET,cmd3,3}-->{OPA,&&,3}-->{UNSET,cmd4,3}-->{PARC,),2}-->{PARC,),1}-->{OPA,&&,1}-->{PARO,(,2}-->{UNSET,cmd5,2}-->{PIP,|,2}-->{UNSET,cmd6,2}-->{PARC,),1}-->{PARC,),0}-->NULL
tok_lst={PARO,(,1}-->{PARO,(,2}-->{PARO,(,3}-->{UNSET,cmd1,3}-->{OPA,&&,3}-->{UNSET,cmd2,3}-->{PARC,),2}-->{OPO,||,2}-->{PARO,(,3}-->{UNSET,cmd3,3}-->{OPA,&&,3}-->{UNSET,cmd4,3}-->{PARC,),2}-->{PARC,),1}-->{OPA,&&,1}-->{PARO,(,2}-->{UNSET,cmd5,2}-->{PIP,|,2}-->{UNSET,cmd6,2}-->{PARC,),1}-->{PARC,),0}-->NULL
-------------------------------------------------------------------------------------> [37;42m ✓ [0m
lexer([0;36m((((echo "inside f1")>f1)&&((<f1 cat) >f2))&&(<f2 cat))[0m)----------------------------
dt->odd_par_nbr=0
tab_res={PARO,(,1}-->{PARO,(,2}-->{PARO,(,3}-->{PARO,(,4}-->{UNSET,echo,4}-->{ESP, ,4}-->{UNSET,"inside f1",4}-->{PARC,),3}-->{RRS,>,3}-->{UNSET,f1,3}-->{PARC,),2}-->{OPA,&&,2}-->{PARO,(,3}-->{PARO,(,4}-->{RLS,<,4}-->{UNSET,f1,4}-->{ESP, ,4}-->{UNSET,cat,4}-->{PARC,),3}-->{ESP, ,3}-->{RRS,>,3}-->{UNSET,f2,3}-->{PARC,),2}-->{PARC,),1}-->{OPA,&&,1}-->{PARO,(,2}-->{RLS,<,2}-->{UNSET,f2,2}-->{ESP, ,2}-->{UNSET,cat,2}-->{PARC,),1}-->{PARC,),0}-->NULL
tok_lst={PARO,(,1}-->{PARO,(,2}-->{PARO,(,3}-->{PARO,(,4}-->{UNSET,echo,4}-->{ESP, ,4}-->{UNSET,"inside f1",4}-->{PARC,),3}-->{RRS,>,3}-->{UNSET,f1,3}-->{PARC,),2}-->{OPA,&&,2}-->{PARO,(,3}-->{PARO,(,4}-->{RLS,<,4}-->{UNSET,f1,4}-->{ESP, ,4}-->{UNSET,cat,4}-->{PARC,),3}-->{ESP, ,3}-->{RRS,>,3}-->{UNSET,f2,3}-->{PARC,),2}-->{PARC,),1}-->{OPA,&&,1}-->{PARO,(,2}-->{RLS,<,2}-->{UNSET,f2,2}-->{ESP, ,2}-->{UNSET,cat,2}-->{PARC,),1}-->{PARC,),0}-->NULL
-------------------------------------------------------------------------------------> [37;42m ✓ [0m
[0;36m*[0m[0;36m*[0m[0;36m*[0m[0;36m*[0m[0;36m*[0m[0;36m*[0m[0;36m*[0m[0;36m*[0m[0;36m*[0m[0;36m*[0m[0;36m*[0m[0;36m*[0m[0;36m*[0m[0;36m*[0m[0;36m*[0m[0;36m*[0m[0;36m*[0m[0;36m*[0m[0;36m*[0m[0;36m*[0m[0;36m*[0m[0;36m*[0m[0;36m*[0m[0;36m*[0m[0;36m*[0m[0;36m*[0m[0;36m*[0m[0;36m*[0m[0;36m*[0m[0;36m*[0m[0;36m*[0m[0;36m*[0m[0;36m*[0m[0;36m*[0m[0;36m*[0m[0;36m*[0m[0;36m*[0m[0;36m*[0m[0;36m*[0m[0;36m*[0m[0;36m*[0m[0;36m*[0m[0;36m*[0m[0;36m*[0m[0;36m*[0m[0;36m*[0m[0;36m*[0m[0;36m*[0m[0;36m*[0m[0;36m*[0m[0;36m*[0m[0;36m*[0m[0;36m*[0m[0;36m*[0m[0;36m*[0m[0;36m*[0m[0;36m*[0m[0;36m*[0m[0;36m*[0m[0;36m*[0m[0;36m*[0m[0;36m*[0m[0;36m*[0m[0;36m*[0m[0;36m*[0m[0;36m*[0m[0;36m*[0m[0;36m*[0m[0;36m*[0m[0;36m*[0m[0;36m*[0m[0;36m*[0m[0;36m*[0m[0;36m*[0m[0;36m*[0m[0;36m*[0m[0;36m*[0m[0;36m*[0m[0;36m*[0m[0;36m*[0m[0;36m*[0m[0;36m*[0m[0;36m*[0m[0;36m*[0m[0;36m*[0m[0;36m*[0m[0;36m*[0m[0;36m*[0m[0;36m*[0m[0;36m*[0m

[0;36m*[0m[0;36m( Valid Parenthesis imbrication~nesting )[0;36m*[0m[0;36m*[0m[0;36m*[0m[0;36m*[0m[0;36m*[0m[0;36m*[0m[0;36m*[0m[0;36m*[0m[0;36m*[0m[0;36m*[0m[0;36m*[0m[0;36m*[0m[0;36m*[0m[0;36m*[0m[0;36m*[0m[0;36m*[0m[0;36m*[0m[0;36m*[0m[0;36m*[0m[0;36m*[0m[0;36m*[0m[0;36m*[0m[0;36m*[0m[0;36m*[0m[0;36m*[0m[0;36m*[0m[0;36m*[0m[0;36m*[0m[0;36m*[0m[0;36m*[0m[0;36m*[0m[0;36m*[0m[0;36m*[0m[0;36m*[0m[0;36m*[0m[0;36m*[0m[0;36m*[0m[0;36m*[0m[0;36m*[0m[0;36m*[0m[0;36m*[0m[0;36m*[0m[0;36m*[0m[0;36m*[0m[0;36m*[0m[0;36m*[0m[0;36m*[0m[0;36m*[0m[0m
lexer([0;36m( (0) )[0m)----------------------------------------------------------------------------
dt->odd_par_nbr=0
tab_res={PARO,(,1}-->{ESP, ,1}-->{PARO,(,2}-->{UNSET,0,2}-->{PARC,),1}-->{ESP, ,1}-->{PARC,),0}-->NULL
tok_lst={PARO,(,1}-->{ESP, ,1}-->{PARO,(,2}-->{UNSET,0,2}-->{PARC,),1}-->{ESP, ,1}-->{PARC,),0}-->NULL
-------------------------------------------------------------------------------------> [37;42m ✓ [0m
lexer([0;36m( (echo toto) )[0m)--------------------------------------------------------------------
dt->odd_par_nbr=0
tab_res={PARO,(,1}-->{ESP, ,1}-->{PARO,(,2}-->{UNSET,echo,2}-->{ESP, ,2}-->{UNSET,toto,2}-->{PARC,),1}-->{ESP, ,1}-->{PARC,),0}-->NULL
tok_lst={PARO,(,1}-->{ESP, ,1}-->{PARO,(,2}-->{UNSET,echo,2}-->{ESP, ,2}-->{UNSET,toto,2}-->{PARC,),1}-->{ESP, ,1}-->{PARC,),0}-->NULL
-------------------------------------------------------------------------------------> [37;42m ✓ [0m
lexer([0;36m((echo toto) )[0m)---------------------------------------------------------------------
dt->odd_par_nbr=0
tab_res={PARO,(,1}-->{PARO,(,2}-->{UNSET,echo,2}-->{ESP, ,2}-->{UNSET,toto,2}-->{PARC,),1}-->{ESP, ,1}-->{PARC,),0}-->NULL
tok_lst={PARO,(,1}-->{PARO,(,2}-->{UNSET,echo,2}-->{ESP, ,2}-->{UNSET,toto,2}-->{PARC,),1}-->{ESP, ,1}-->{PARC,),0}-->NULL
-------------------------------------------------------------------------------------> [37;42m ✓ [0m
lexer([0;36m( (echo toto))[0m)---------------------------------------------------------------------
dt->odd_par_nbr=0
tab_res={PARO,(,1}-->{ESP, ,1}-->{PARO,(,2}-->{UNSET,echo,2}-->{ESP, ,2}-->{UNSET,toto,2}-->{PARC,),1}-->{PARC,),0}-->NULL
tok_lst={PARO,(,1}-->{ESP, ,1}-->{PARO,(,2}-->{UNSET,echo,2}-->{ESP, ,2}-->{UNSET,toto,2}-->{PARC,),1}-->{PARC,),0}-->NULL
-------------------------------------------------------------------------------------> [37;42m ✓ [0m
lexer([0;36m( ( ( echo toto ) ) )[0m)--------------------------------------------------------------
dt->odd_par_nbr=0
tab_res={PARO,(,1}-->{ESP, ,1}-->{PARO,(,2}-->{ESP, ,2}-->{PARO,(,3}-->{ESP, ,3}-->{UNSET,echo,3}-->{ESP, ,3}-->{UNSET,toto,3}-->{ESP, ,3}-->{PARC,),2}-->{ESP, ,2}-->{PARC,),1}-->{ESP, ,1}-->{PARC,),0}-->NULL
tok_lst={PARO,(,1}-->{ESP, ,1}-->{PARO,(,2}-->{ESP, ,2}-->{PARO,(,3}-->{ESP, ,3}-->{UNSET,echo,3}-->{ESP, ,3}-->{UNSET,toto,3}-->{ESP, ,3}-->{PARC,),2}-->{ESP, ,2}-->{PARC,),1}-->{ESP, ,1}-->{PARC,),0}-->NULL
-------------------------------------------------------------------------------------> [37;42m ✓ [0m
lexer([0;36m(( ( echo toto )) )[0m)----------------------------------------------------------------
dt->odd_par_nbr=0
tab_res={PARO,(,1}-->{PARO,(,2}-->{ESP, ,2}-->{PARO,(,3}-->{ESP, ,3}-->{UNSET,echo,3}-->{ESP, ,3}-->{UNSET,toto,3}-->{ESP, ,3}-->{PARC,),2}-->{PARC,),1}-->{ESP, ,1}-->{PARC,),0}-->NULL
tok_lst={PARO,(,1}-->{PARO,(,2}-->{ESP, ,2}-->{PARO,(,3}-->{ESP, ,3}-->{UNSET,echo,3}-->{ESP, ,3}-->{UNSET,toto,3}-->{ESP, ,3}-->{PARC,),2}-->{PARC,),1}-->{ESP, ,1}-->{PARC,),0}-->NULL
-------------------------------------------------------------------------------------> [37;42m ✓ [0m
lexer([0;36m( (( echo toto ) ))[0m)----------------------------------------------------------------
dt->odd_par_nbr=0
tab_res={PARO,(,1}-->{ESP, ,1}-->{PARO,(,2}-->{PARO,(,3}-->{ESP, ,3}-->{UNSET,echo,3}-->{ESP, ,3}-->{UNSET,toto,3}-->{ESP, ,3}-->{PARC,),2}-->{ESP, ,2}-->{PARC,),1}-->{PARC,),0}-->NULL
tok_lst={PARO,(,1}-->{ESP, ,1}-->{PARO,(,2}-->{PARO,(,3}-->{ESP, ,3}-->{UNSET,echo,3}-->{ESP, ,3}-->{UNSET,toto,3}-->{ESP, ,3}-->{PARC,),2}-->{ESP, ,2}-->{PARC,),1}-->{PARC,),0}-->NULL
-------------------------------------------------------------------------------------> [37;42m ✓ [0m
[0;36m*[0m[0;36m*[0m[0;36m*[0m[0;36m*[0m[0;36m*[0m[0;36m*[0m[0;36m*[0m[0;36m*[0m[0;36m*[0m[0;36m*[0m[0;36m*[0m[0;36m*[0m[0;36m*[0m[0;36m*[0m[0;36m*[0m[0;36m*[0m[0;36m*[0m[0;36m*[0m[0;36m*[0m[0;36m*[0m[0;36m*[0m[0;36m*[0m[0;36m*[0m[0;36m*[0m[0;36m*[0m[0;36m*[0m[0;36m*[0m[0;36m*[0m[0;36m*[0m[0;36m*[0m[0;36m*[0m[0;36m*[0m[0;36m*[0m[0;36m*[0m[0;36m*[0m[0;36m*[0m[0;36m*[0m[0;36m*[0m[0;36m*[0m[0;36m*[0m[0;36m*[0m[0;36m*[0m[0;36m*[0m[0;36m*[0m[0;36m*[0m[0;36m*[0m[0;36m*[0m[0;36m*[0m[0;36m*[0m[0;36m*[0m[0;36m*[0m[0;36m*[0m[0;36m*[0m[0;36m*[0m[0;36m*[0m[0;36m*[0m[0;36m*[0m[0;36m*[0m[0;36m*[0m[0;36m*[0m[0;36m*[0m[0;36m*[0m[0;36m*[0m[0;36m*[0m[0;36m*[0m[0;36m*[0m[0;36m*[0m[0;36m*[0m[0;36m*[0m[0;36m*[0m[0;36m*[0m[0;36m*[0m[0;36m*[0m[0;36m*[0m[0;36m*[0m[0;36m*[0m[0;36m*[0m[0;36m*[0m[0;36m*[0m[0;36m*[0m[0;36m*[0m[0;36m*[0m[0;36m*[0m[0;36m*[0m[0;36m*[0m[0;36m*[0m[0;36m*[0m[0;36m*[0m[0;36m*[0m[0;36m*[0m

[0;36m*[0m[0;36m( Combos )[0;36m*[0m[0;36m*[0m[0;36m*[0m[0;36m*[0m[0;36m*[0m[0;36m*[0m[0;36m*[0m[0;36m*[0m[0;36m*[0m[0;36m*[0m[0;36m*[0m[0;36m*[0m[0;36m*[0m[0;36m*[0m[0;36m*[0m[0;36m*[0m[0;36m*[0m[0;36m*[0m[0;36m*[0m[0;36m*[0m[0;36m*[0m[0;36m*[0m[0;36m*[0m[0;36m*[0m[0;36m*[0m[0;36m*[0m[0;36m*[0m[0;36m*[0m[0;36m*[0m[0;36m*[0m[0;36m*[0m[0;36m*[0m[0;36m*[0m[0;36m*[0m[0;36m*[0m[0;36m*[0m[0;36m*[0m[0;36m*[0m[0;36m*[0m[0;36m*[0m[0;36m*[0m[0;36m*[0m[0;36m*[0m[0;36m*[0m[0;36m*[0m[0;36m*[0m[0;36m*[0m[0;36m*[0m[0;36m*[0m[0;36m*[0m[0;36m*[0m[0;36m*[0m[0;36m*[0m[0;36m*[0m[0;36m*[0m[0;36m*[0m[0;36m*[0m[0;36m*[0m[0;36m*[0m[0;36m*[0m[0;36m*[0m[0;36m*[0m[0;36m*[0m[0;36m*[0m[0;36m*[0m[0;36m*[0m[0;36m*[0m[0;36m*[0m[0;36m*[0m[0;36m*[0m[0;36m*[0m[0;36m*[0m[0;36m*[0m[0;36m*[0m[0;36m*[0m[0;36m*[0m[0;36m*[0m[0;36m*[0m[0;36m*[0m[0m
lexer([0;36m((cat)<f2)|(>f3 cat)[0m)---------------------------------------------------------------
dt->odd_par_nbr=0
tab_res={PARO,(,1}-->{PARO,(,2}-->{UNSET,cat,2}-->{PARC,),1}-->{RLS,<,1}-->{UNSET,f2,1}-->{PARC,),0}-->{PIP,|,0}-->{PARO,(,1}-->{RRS,>,1}-->{UNSET,f3,1}-->{ESP, ,1}-->{UNSET,cat,1}-->{PARC,),0}-->NULL
tok_lst={PARO,(,1}-->{PARO,(,2}-->{UNSET,cat,2}-->{PARC,),1}-->{RLS,<,1}-->{UNSET,f2,1}-->{PARC,),0}-->{PIP,|,0}-->{PARO,(,1}-->{RRS,>,1}-->{UNSET,f3,1}-->{ESP, ,1}-->{UNSET,cat,1}-->{PARC,),0}-->NULL
-------------------------------------------------------------------------------------> [37;42m ✓ [0m
[0;36m*[0m[0;36m*[0m[0;36m*[0m[0;36m*[0m[0;36m*[0m[0;36m*[0m[0;36m*[0m[0;36m*[0m[0;36m*[0m[0;36m*[0m[0;36m*[0m[0;36m*[0m[0;36m*[0m[0;36m*[0m[0;36m*[0m[0;36m*[0m[0;36m*[0m[0;36m*[0m[0;36m*[0m[0;36m*[0m[0;36m*[0m[0;36m*[0m[0;36m*[0m[0;36m*[0m[0;36m*[0m[0;36m*[0m[0;36m*[0m[0;36m*[0m[0;36m*[0m[0;36m*[0m[0;36m*[0m[0;36m*[0m[0;36m*[0m[0;36m*[0m[0;36m*[0m[0;36m*[0m[0;36m*[0m[0;36m*[0m[0;36m*[0m[0;36m*[0m[0;36m*[0m[0;36m*[0m[0;36m*[0m[0;36m*[0m[0;36m*[0m[0;36m*[0m[0;36m*[0m[0;36m*[0m[0;36m*[0m[0;36m*[0m[0;36m*[0m[0;36m*[0m[0;36m*[0m[0;36m*[0m[0;36m*[0m[0;36m*[0m[0;36m*[0m[0;36m*[0m[0;36m*[0m[0;36m*[0m[0;36m*[0m[0;36m*[0m[0;36m*[0m[0;36m*[0m[0;36m*[0m[0;36m*[0m[0;36m*[0m[0;36m*[0m[0;36m*[0m[0;36m*[0m[0;36m*[0m[0;36m*[0m[0;36m*[0m[0;36m*[0m[0;36m*[0m[0;36m*[0m[0;36m*[0m[0;36m*[0m[0;36m*[0m[0;36m*[0m[0;36m*[0m[0;36m*[0m[0;36m*[0m[0;36m*[0m[0;36m*[0m[0;36m*[0m[0;36m*[0m[0;36m*[0m[0;36m*[0m[0;36m*[0m

[97;100m=[0m[97;100m=[0m[97;100m=[0m[97;100m=[0m[97;100m=[0m[97;100m=[0m[97;100m=[0m[97;100m=[0m[97;100m=[0m[97;100m=[0m[97;100m=[0m[97;100m=[0m[97;100m=[0m[97;100m=[0m[97;100m=[0m[97;100m=[0m[97;100m=[0m[97;100m=[0m[97;100m=[0m[97;100m=[0m[97;100m=[0m[97;100m=[0m[97;100m=[0m[97;100m=[0m[97;100m=[0m[97;100m=[0m[97;100m=[0m[97;100m=[0m[97;100m=[0m[97;100m=[0m[97;100m=[0m[97;100m=[0m[97;100m=[0m[97;100m=[0m[97;100m=[0m[97;100m=[0m[97;100m=[0m[97;100m=[0m[97;100m=[0m[97;100m=[0m[97;100m=[0m[97;100m=[0m[97;100m=[0m[97;100m=[0m[97;100m=[0m[97;100m=[0m[97;100m=[0m[97;100m=[0m[97;100m=[0m[97;100m=[0m[97;100m=[0m[97;100m=[0m[97;100m=[0m[97;100m=[0m[97;100m=[0m[97;100m=[0m[97;100m=[0m[97;100m=[0m[97;100m=[0m[97;100m=[0m[97;100m=[0m[97;100m=[0m[97;100m=[0m[97;100m=[0m[97;100m=[0m[97;100m=[0m[97;100m=[0m[97;100m=[0m[97;100m=[0m[97;100m=[0m[97;100m=[0m[97;100m=[0m[97;100m=[0m[97;100m=[0m[97;100m=[0m[97;100m=[0m[97;100m=[0m[97;100m=[0m[97;100m=[0m[97;100m=[0m[97;100m=[0m[97;100m=[0m[97;100m=[0m[97;100m=[0m[97;100m=[0m[97;100m=[0m[97;100m=[0m[97;100m=[0m[97;100m=[0m[97;100m=[0m

==139266== 
==139266== FILE DESCRIPTORS: 3 open (3 std) at exit.
==139266== 
==139266== HEAP SUMMARY:
==139266==     in use at exit: 0 bytes in 0 blocks
==139266==   total heap usage: 40,375 allocs, 40,375 frees, 929,463 bytes allocated
==139266== 
==139266== All heap blocks were freed -- no leaks are possible
==139266== 
==139266== For lists of detected and suppressed errors, rerun with: -s
==139266== ERROR SUMMARY: 0 errors from 0 contexts (suppressed: 0 from 0)
