
=[ CAS:NULL ]==============================================================================
concatenate_contiguous_str(<(null)>)------------------------------------------------------
[0;31mERROR:build_tok_lst_split_by_quotes():!str[0m
after split_by_quote tok_lst=NULL
after split_by_spaces=NULL
after split_by_operators=NULL
after split_by_contiguous_single_quotes=NULL
---------------------------------------------------------------------------------------> ✅
concatenate_contiguous_str(<>)------------------------------------------------------------

after split_by_quote tok_lst=NULL
after split_by_spaces=NULL
after split_by_operators=NULL
after split_by_contiguous_single_quotes=NULL
---------------------------------------------------------------------------------------> ✅

=[ A| SIMPLE CAS NO QUOTES: ]==============================================================
concatenate_contiguous_str(< echo toto |ls>)----------------------------------------------

after split_by_quote tok_lst={ echo toto |ls,-1,0,0}-->NULL
after split_by_spaces={ ,-1,0,0}-->{echo,-1,0,0}-->{ ,-1,0,0}-->{toto,-1,0,0}-->{ ,-1,0,0}-->{|ls,-1,0,0}-->NULL
after split_by_operators={ ,-1,0,0}-->{echo,-1,0,0}-->{ ,-1,0,0}-->{toto,-1,0,0}-->{ ,-1,0,0}-->{|,-1,0,0}-->{ls,-1,0,0}-->NULL
after split_by_contiguous_single_quotes={ ,-1,0,0}-->{echo,-1,0,0}-->{ ,-1,0,0}-->{toto,-1,0,0}-->{ ,-1,0,0}-->{|,-1,0,0}-->{ls,-1,0,0}-->NULL
tab_res=[" ", "echo", " ", "toto", " ", "|", "ls", NULL]
tok_lst={ ,-1,0,0}-->{echo,-1,0,0}-->{ ,-1,0,0}-->{toto,-1,0,0}-->{ ,-1,0,0}-->{|,-1,0,0}-->{ls,-1,0,0}-->NULL
---------------------------------------------------------------------------------------> ✅
concatenate_contiguous_str(<super=echo&&$super toto>)-------------------------------------

after split_by_quote tok_lst={super=echo&&$super toto,-1,0,0}-->NULL
after split_by_spaces={super=echo&&$super,-1,0,0}-->{ ,-1,0,0}-->{toto,-1,0,0}-->NULL
after split_by_operators={super=echo,-1,0,0}-->{&&,-1,0,0}-->{$super,-1,0,0}-->{ ,-1,0,0}-->{toto,-1,0,0}-->NULL
after split_by_contiguous_single_quotes={super=echo,-1,0,0}-->{&&,-1,0,0}-->{$super,-1,0,0}-->{ ,-1,0,0}-->{toto,-1,0,0}-->NULL
tab_res=["super=echo", "&&", "$super", " ", "toto", NULL]
tok_lst={super=echo,-1,0,0}-->{&&,-1,0,0}-->{$super,-1,0,0}-->{ ,-1,0,0}-->{toto,-1,0,0}-->NULL
---------------------------------------------------------------------------------------> ✅

=[ B| SIMPLE CASES WITH QUOTES BUT NO NEED TO CONCATENATE: ]===============================
concatenate_contiguous_str(<     'ec'   'ho'  toto |ls>)----------------------------------

after split_by_quote tok_lst={     ,-1,0,0}-->{'ec',-1,',0}-->{   ,-1,0,0}-->{'ho',-1,',0}-->{  toto |ls,-1,0,0}-->NULL
after split_by_spaces={ ,-1,0,0}-->{'ec',-1,',0}-->{ ,-1,0,0}-->{'ho',-1,',0}-->{ ,-1,0,0}-->{toto,-1,0,0}-->{ ,-1,0,0}-->{|ls,-1,0,0}-->NULL
after split_by_operators={ ,-1,0,0}-->{'ec',-1,',0}-->{ ,-1,0,0}-->{'ho',-1,',0}-->{ ,-1,0,0}-->{toto,-1,0,0}-->{ ,-1,0,0}-->{|,-1,0,0}-->{ls,-1,0,0}-->NULL
after split_by_contiguous_single_quotes={ ,-1,0,0}-->{'ec',-1,',0}-->{ ,-1,0,0}-->{'ho',-1,',0}-->{ ,-1,0,0}-->{toto,-1,0,0}-->{ ,-1,0,0}-->{|,-1,0,0}-->{ls,-1,0,0}-->NULL
tab_res=[" ", "'ec'", " ", "'ho'", " ", "toto", " ", "|", "ls", NULL]
tok_lst={ ,-1,0,0}-->{'ec',-1,',0}-->{ ,-1,0,0}-->{'ho',-1,',0}-->{ ,-1,0,0}-->{toto,-1,0,0}-->{ ,-1,0,0}-->{|,-1,0,0}-->{ls,-1,0,0}-->NULL
---------------------------------------------------------------------------------------> ✅

=[ C| SIMPLE CASES WITH QUOTES THAT NEED TO BE CONCATENATE: ]==============================
concatenate_contiguous_str(<'ec''ho' toto |ls>)-------------------------------------------

after split_by_quote tok_lst={'ec',-1,',0}-->{'ho',-1,',0}-->{ toto |ls,-1,0,0}-->NULL
after split_by_spaces={'ec',-1,',0}-->{'ho',-1,',0}-->{ ,-1,0,0}-->{toto,-1,0,0}-->{ ,-1,0,0}-->{|ls,-1,0,0}-->NULL
after split_by_operators={'ec',-1,',0}-->{'ho',-1,',0}-->{ ,-1,0,0}-->{toto,-1,0,0}-->{ ,-1,0,0}-->{|,-1,0,0}-->{ls,-1,0,0}-->NULL
after split_by_contiguous_single_quotes={'ec''ho',-1,0,0}-->{ ,-1,0,0}-->{toto,-1,0,0}-->{ ,-1,0,0}-->{|,-1,0,0}-->{ls,-1,0,0}-->NULL
tab_res=["'ec''ho'", " ", "toto", " ", "|", "ls", NULL]
tok_lst={'ec''ho',-1,0,0}-->{ ,-1,0,0}-->{toto,-1,0,0}-->{ ,-1,0,0}-->{|,-1,0,0}-->{ls,-1,0,0}-->NULL
---------------------------------------------------------------------------------------> ✅
concatenate_contiguous_str(<'e''c''h''o' 't''o''t''o' |ls>)-------------------------------

after split_by_quote tok_lst={'e',-1,',0}-->{'c',-1,',0}-->{'h',-1,',0}-->{'o',-1,',0}-->{ ,-1,0,0}-->{'t',-1,',0}-->{'o',-1,',0}-->{'t',-1,',0}-->{'o',-1,',0}-->{ |ls,-1,0,0}-->NULL
after split_by_spaces={'e',-1,',0}-->{'c',-1,',0}-->{'h',-1,',0}-->{'o',-1,',0}-->{ ,-1,0,0}-->{'t',-1,',0}-->{'o',-1,',0}-->{'t',-1,',0}-->{'o',-1,',0}-->{ ,-1,0,0}-->{|ls,-1,0,0}-->NULL
after split_by_operators={'e',-1,',0}-->{'c',-1,',0}-->{'h',-1,',0}-->{'o',-1,',0}-->{ ,-1,0,0}-->{'t',-1,',0}-->{'o',-1,',0}-->{'t',-1,',0}-->{'o',-1,',0}-->{ ,-1,0,0}-->{|,-1,0,0}-->{ls,-1,0,0}-->NULL
after split_by_contiguous_single_quotes={'e''c''h''o',-1,0,0}-->{ ,-1,0,0}-->{'t''o''t''o',-1,0,0}-->{ ,-1,0,0}-->{|,-1,0,0}-->{ls,-1,0,0}-->NULL
tab_res=["'e''c''h''o'", " ", "'t''o''t''o'", " ", "|", "ls", NULL]
tok_lst={'e''c''h''o',-1,0,0}-->{ ,-1,0,0}-->{'t''o''t''o',-1,0,0}-->{ ,-1,0,0}-->{|,-1,0,0}-->{ls,-1,0,0}-->NULL
---------------------------------------------------------------------------------------> ✅
concatenate_contiguous_str(<""'' echo "t"u't '''""u>)-------------------------------------

after split_by_quote tok_lst={"",-1,",0}-->{'',-1,',0}-->{ echo ,-1,0,0}-->{"t",-1,",0}-->{u,-1,0,0}-->{'t ',-1,',0}-->{'',-1,',0}-->{"",-1,",0}-->{u,-1,0,0}-->NULL
after split_by_spaces={"",-1,",0}-->{'',-1,',0}-->{ ,-1,0,0}-->{echo,-1,0,0}-->{ ,-1,0,0}-->{"t",-1,",0}-->{u,-1,0,0}-->{'t ',-1,',0}-->{'',-1,',0}-->{"",-1,",0}-->{u,-1,0,0}-->NULL
after split_by_operators={"",-1,",0}-->{'',-1,',0}-->{ ,-1,0,0}-->{echo,-1,0,0}-->{ ,-1,0,0}-->{"t",-1,",0}-->{u,-1,0,0}-->{'t ',-1,',0}-->{'',-1,',0}-->{"",-1,",0}-->{u,-1,0,0}-->NULL
after split_by_contiguous_single_quotes={""'',-1,0,0}-->{ ,-1,0,0}-->{echo,-1,0,0}-->{ ,-1,0,0}-->{"t"u't '''""u,-1,0,0}-->NULL
tab_res=["""''", " ", "echo", " ", ""t"u't '''""u", NULL]
tok_lst={""'',-1,0,0}-->{ ,-1,0,0}-->{echo,-1,0,0}-->{ ,-1,0,0}-->{"t"u't '''""u,-1,0,0}-->NULL
---------------------------------------------------------------------------------------> ✅
concatenate_contiguous_str(<echo tutu    ""  ''  titi>)-----------------------------------

after split_by_quote tok_lst={echo tutu    ,-1,0,0}-->{"",-1,",0}-->{  ,-1,0,0}-->{'',-1,',0}-->{  titi,-1,0,0}-->NULL
after split_by_spaces={echo,-1,0,0}-->{ ,-1,0,0}-->{tutu,-1,0,0}-->{ ,-1,0,0}-->{"",-1,",0}-->{ ,-1,0,0}-->{'',-1,',0}-->{ ,-1,0,0}-->{titi,-1,0,0}-->NULL
after split_by_operators={echo,-1,0,0}-->{ ,-1,0,0}-->{tutu,-1,0,0}-->{ ,-1,0,0}-->{"",-1,",0}-->{ ,-1,0,0}-->{'',-1,',0}-->{ ,-1,0,0}-->{titi,-1,0,0}-->NULL
after split_by_contiguous_single_quotes={echo,-1,0,0}-->{ ,-1,0,0}-->{tutu,-1,0,0}-->{ ,-1,0,0}-->{"",-1,",0}-->{ ,-1,0,0}-->{'',-1,',0}-->{ ,-1,0,0}-->{titi,-1,0,0}-->NULL
tab_res=["echo", " ", "tutu", " ", """", " ", "''", " ", "titi", NULL]
tok_lst={echo,-1,0,0}-->{ ,-1,0,0}-->{tutu,-1,0,0}-->{ ,-1,0,0}-->{"",-1,",0}-->{ ,-1,0,0}-->{'',-1,',0}-->{ ,-1,0,0}-->{titi,-1,0,0}-->NULL
---------------------------------------------------------------------------------------> ✅
concatenate_contiguous_str(<c'a'"t"   "fi"l'e'|'c'a"t">'f'ile"2">)------------------------

after split_by_quote tok_lst={c,-1,0,0}-->{'a',-1,',0}-->{"t",-1,",0}-->{   ,-1,0,0}-->{"fi",-1,",0}-->{l,-1,0,0}-->{'e',-1,',0}-->{|,-1,0,0}-->{'c',-1,',0}-->{a,-1,0,0}-->{"t",-1,",0}-->{>,-1,0,0}-->{'f',-1,',0}-->{ile,-1,0,0}-->{"2",-1,",0}-->NULL
after split_by_spaces={c,-1,0,0}-->{'a',-1,',0}-->{"t",-1,",0}-->{ ,-1,0,0}-->{"fi",-1,",0}-->{l,-1,0,0}-->{'e',-1,',0}-->{|,-1,0,0}-->{'c',-1,',0}-->{a,-1,0,0}-->{"t",-1,",0}-->{>,-1,0,0}-->{'f',-1,',0}-->{ile,-1,0,0}-->{"2",-1,",0}-->NULL
after split_by_operators={c,-1,0,0}-->{'a',-1,',0}-->{"t",-1,",0}-->{ ,-1,0,0}-->{"fi",-1,",0}-->{l,-1,0,0}-->{'e',-1,',0}-->{|,-1,0,0}-->{'c',-1,',0}-->{a,-1,0,0}-->{"t",-1,",0}-->{>,-1,0,0}-->{'f',-1,',0}-->{ile,-1,0,0}-->{"2",-1,",0}-->NULL
after split_by_contiguous_single_quotes={c'a'"t",-1,0,0}-->{ ,-1,0,0}-->{"fi"l'e',-1,0,0}-->{|,-1,0,0}-->{'c'a"t",-1,0,0}-->{>,-1,0,0}-->{'f'ile"2",-1,0,0}-->NULL
tab_res=["c'a'"t"", " ", ""fi"l'e'", "|", "'c'a"t"", ">", "'f'ile"2"", NULL]
tok_lst={c'a'"t",-1,0,0}-->{ ,-1,0,0}-->{"fi"l'e',-1,0,0}-->{|,-1,0,0}-->{'c'a"t",-1,0,0}-->{>,-1,0,0}-->{'f'ile"2",-1,0,0}-->NULL
---------------------------------------------------------------------------------------> ✅
concatenate_contiguous_str(< 'ec''ho' toto |ls>)------------------------------------------

after split_by_quote tok_lst={ ,-1,0,0}-->{'ec',-1,',0}-->{'ho',-1,',0}-->{ toto |ls,-1,0,0}-->NULL
after split_by_spaces={ ,-1,0,0}-->{'ec',-1,',0}-->{'ho',-1,',0}-->{ ,-1,0,0}-->{toto,-1,0,0}-->{ ,-1,0,0}-->{|ls,-1,0,0}-->NULL
after split_by_operators={ ,-1,0,0}-->{'ec',-1,',0}-->{'ho',-1,',0}-->{ ,-1,0,0}-->{toto,-1,0,0}-->{ ,-1,0,0}-->{|,-1,0,0}-->{ls,-1,0,0}-->NULL
after split_by_contiguous_single_quotes={ ,-1,0,0}-->{'ec''ho',-1,0,0}-->{ ,-1,0,0}-->{toto,-1,0,0}-->{ ,-1,0,0}-->{|,-1,0,0}-->{ls,-1,0,0}-->NULL
tab_res=[" ", "'ec''ho'", " ", "toto", " ", "|", "ls", NULL]
tok_lst={ ,-1,0,0}-->{'ec''ho',-1,0,0}-->{ ,-1,0,0}-->{toto,-1,0,0}-->{ ,-1,0,0}-->{|,-1,0,0}-->{ls,-1,0,0}-->NULL
---------------------------------------------------------------------------------------> ✅

=[ D| COMPLEXE IMBRICATION CASES WITH QUOTES NEED TO CONCATENATE: ]========================
concatenate_contiguous_str(<echo 'o"''"i'>)-----------------------------------------------

after split_by_quote tok_lst={echo ,-1,0,0}-->{'o"',-1,',0}-->{'"i',-1,',0}-->NULL
after split_by_spaces={echo,-1,0,0}-->{ ,-1,0,0}-->{'o"',-1,',0}-->{'"i',-1,',0}-->NULL
after split_by_operators={echo,-1,0,0}-->{ ,-1,0,0}-->{'o"',-1,',0}-->{'"i',-1,',0}-->NULL
after split_by_contiguous_single_quotes={echo,-1,0,0}-->{ ,-1,0,0}-->{'o"''"i',-1,0,0}-->NULL
tab_res=["echo", " ", "'o"''"i'", NULL]
tok_lst={echo,-1,0,0}-->{ ,-1,0,0}-->{'o"''"i',-1,0,0}-->NULL
---------------------------------------------------------------------------------------> ✅
concatenate_contiguous_str(<'""'echo toto>)-----------------------------------------------

after split_by_quote tok_lst={'""',-1,',0}-->{echo toto,-1,0,0}-->NULL
after split_by_spaces={'""',-1,',0}-->{echo,-1,0,0}-->{ ,-1,0,0}-->{toto,-1,0,0}-->NULL
after split_by_operators={'""',-1,',0}-->{echo,-1,0,0}-->{ ,-1,0,0}-->{toto,-1,0,0}-->NULL
after split_by_contiguous_single_quotes={'""'echo,-1,0,0}-->{ ,-1,0,0}-->{toto,-1,0,0}-->NULL
tab_res=["'""'echo", " ", "toto", NULL]
tok_lst={'""'echo,-1,0,0}-->{ ,-1,0,0}-->{toto,-1,0,0}-->NULL
---------------------------------------------------------------------------------------> ✅

=[ E| NOT TERMINATED QUOTES ]==============================================================
concatenate_contiguous_str(<echo 'toto''titi>)--------------------------------------------

after split_by_quote tok_lst={echo ,-1,0,0}-->{'toto',-1,',0}-->{'titi,-1,',0}-->NULL
after split_by_spaces={echo,-1,0,0}-->{ ,-1,0,0}-->{'toto',-1,',0}-->{'titi,-1,',0}-->NULL
after split_by_operators={echo,-1,0,0}-->{ ,-1,0,0}-->{'toto',-1,',0}-->{'titi,-1,',0}-->NULL
after split_by_contiguous_single_quotes={echo,-1,0,0}-->{ ,-1,0,0}-->{'toto''titi,-1,0,0}-->NULL
tab_res=["echo", " ", "'toto''titi", NULL]
tok_lst={echo,-1,0,0}-->{ ,-1,0,0}-->{'toto''titi,-1,0,0}-->NULL
---------------------------------------------------------------------------------------> ✅
concatenate_contiguous_str(<"'e'''cho >)--------------------------------------------------

after split_by_quote tok_lst={"'e'''cho ,-1,",0}-->NULL
after split_by_spaces={"'e'''cho ,-1,",0}-->NULL
after split_by_operators={"'e'''cho ,-1,",0}-->NULL
after split_by_contiguous_single_quotes={"'e'''cho ,-1,",0}-->NULL
tab_res=[""'e'''cho ", NULL]
tok_lst={"'e'''cho ,-1,",0}-->NULL
---------------------------------------------------------------------------------------> ✅
EXIT_VALUE=0
