==524564== Memcheck, a memory error detector
==524564== Copyright (C) 2002-2017, and GNU GPL'd, by Julian Seward et al.
==524564== Using Valgrind-3.18.1 and LibVEX; rerun with -h for copyright info
==524564== Command: /media/sf_42/C3_Minishell/Minishell/tests/bin/test_build_tok_lst_split_by_operators
==524564== 
[0;31mERRORbuild_tok_lst_split_by_quotes():!str[0m[97;100m=[0m[97;100m[ 0| NULL CASES ][97;100m=[0m[97;100m=[0m[97;100m=[0m[97;100m=[0m[97;100m=[0m[97;100m=[0m[97;100m=[0m[97;100m=[0m[97;100m=[0m[97;100m=[0m[97;100m=[0m[97;100m=[0m[97;100m=[0m[97;100m=[0m[97;100m=[0m[97;100m=[0m[97;100m=[0m[97;100m=[0m[97;100m=[0m[97;100m=[0m[97;100m=[0m[97;100m=[0m[97;100m=[0m[97;100m=[0m[97;100m=[0m[97;100m=[0m[97;100m=[0m[97;100m=[0m[97;100m=[0m[97;100m=[0m[97;100m=[0m[97;100m=[0m[97;100m=[0m[97;100m=[0m[97;100m=[0m[97;100m=[0m[97;100m=[0m[97;100m=[0m[97;100m=[0m[97;100m=[0m[97;100m=[0m[97;100m=[0m[97;100m=[0m[97;100m=[0m[97;100m=[0m[97;100m=[0m[97;100m=[0m[97;100m=[0m[97;100m=[0m[97;100m=[0m[97;100m=[0m[97;100m=[0m[97;100m=[0m[97;100m=[0m[97;100m=[0m[97;100m=[0m[97;100m=[0m[97;100m=[0m[97;100m=[0m[97;100m=[0m[97;100m=[0m[97;100m=[0m[97;100m=[0m[97;100m=[0m[97;100m=[0m[97;100m=[0m[97;100m=[0m[97;100m=[0m[97;100m=[0m[97;100m=[0m[97;100m=[0m[97;100m=[0m[0m
[0;36m*[0m[0;36m( str==NULL )[0;36m*[0m[0;36m*[0m[0;36m*[0m[0;36m*[0m[0;36m*[0m[0;36m*[0m[0;36m*[0m[0;36m*[0m[0;36m*[0m[0;36m*[0m[0;36m*[0m[0;36m*[0m[0;36m*[0m[0;36m*[0m[0;36m*[0m[0;36m*[0m[0;36m*[0m[0;36m*[0m[0;36m*[0m[0;36m*[0m[0;36m*[0m[0;36m*[0m[0;36m*[0m[0;36m*[0m[0;36m*[0m[0;36m*[0m[0;36m*[0m[0;36m*[0m[0;36m*[0m[0;36m*[0m[0;36m*[0m[0;36m*[0m[0;36m*[0m[0;36m*[0m[0;36m*[0m[0;36m*[0m[0;36m*[0m[0;36m*[0m[0;36m*[0m[0;36m*[0m[0;36m*[0m[0;36m*[0m[0;36m*[0m[0;36m*[0m[0;36m*[0m[0;36m*[0m[0;36m*[0m[0;36m*[0m[0;36m*[0m[0;36m*[0m[0;36m*[0m[0;36m*[0m[0;36m*[0m[0;36m*[0m[0;36m*[0m[0;36m*[0m[0;36m*[0m[0;36m*[0m[0;36m*[0m[0;36m*[0m[0;36m*[0m[0;36m*[0m[0;36m*[0m[0;36m*[0m[0;36m*[0m[0;36m*[0m[0;36m*[0m[0;36m*[0m[0;36m*[0m[0;36m*[0m[0;36m*[0m[0;36m*[0m[0;36m*[0m[0;36m*[0m[0;36m*[0m[0;36m*[0m[0m
build_tok_lst_split_by_operators([0;36m(null)[0m)--------------------------------------------------
[0;32m (tok_lst == tab_res == NULL)
[0m-------------------------------------------------------------------------------------> [37;42m ✓ [0m
[0;36m*[0m[0;36m*[0m[0;36m*[0m[0;36m*[0m[0;36m*[0m[0;36m*[0m[0;36m*[0m[0;36m*[0m[0;36m*[0m[0;36m*[0m[0;36m*[0m[0;36m*[0m[0;36m*[0m[0;36m*[0m[0;36m*[0m[0;36m*[0m[0;36m*[0m[0;36m*[0m[0;36m*[0m[0;36m*[0m[0;36m*[0m[0;36m*[0m[0;36m*[0m[0;36m*[0m[0;36m*[0m[0;36m*[0m[0;36m*[0m[0;36m*[0m[0;36m*[0m[0;36m*[0m[0;36m*[0m[0;36m*[0m[0;36m*[0m[0;36m*[0m[0;36m*[0m[0;36m*[0m[0;36m*[0m[0;36m*[0m[0;36m*[0m[0;36m*[0m[0;36m*[0m[0;36m*[0m[0;36m*[0m[0;36m*[0m[0;36m*[0m[0;36m*[0m[0;36m*[0m[0;36m*[0m[0;36m*[0m[0;36m*[0m[0;36m*[0m[0;36m*[0m[0;36m*[0m[0;36m*[0m[0;36m*[0m[0;36m*[0m[0;36m*[0m[0;36m*[0m[0;36m*[0m[0;36m*[0m[0;36m*[0m[0;36m*[0m[0;36m*[0m[0;36m*[0m[0;36m*[0m[0;36m*[0m[0;36m*[0m[0;36m*[0m[0;36m*[0m[0;36m*[0m[0;36m*[0m[0;36m*[0m[0;36m*[0m[0;36m*[0m[0;36m*[0m[0;36m*[0m[0;36m*[0m[0;36m*[0m[0;36m*[0m[0;36m*[0m[0;36m*[0m[0;36m*[0m[0;36m*[0m[0;36m*[0m[0;36m*[0m[0;36m*[0m[0;36m*[0m[0;36m*[0m[0;36m*[0m[0;36m*[0m

[0;36m*[0m[0;36m( str==Empty )[0;36m*[0m[0;36m*[0m[0;36m*[0m[0;36m*[0m[0;36m*[0m[0;36m*[0m[0;36m*[0m[0;36m*[0m[0;36m*[0m[0;36m*[0m[0;36m*[0m[0;36m*[0m[0;36m*[0m[0;36m*[0m[0;36m*[0m[0;36m*[0m[0;36m*[0m[0;36m*[0m[0;36m*[0m[0;36m*[0m[0;36m*[0m[0;36m*[0m[0;36m*[0m[0;36m*[0m[0;36m*[0m[0;36m*[0m[0;36m*[0m[0;36m*[0m[0;36m*[0m[0;36m*[0m[0;36m*[0m[0;36m*[0m[0;36m*[0m[0;36m*[0m[0;36m*[0m[0;36m*[0m[0;36m*[0m[0;36m*[0m[0;36m*[0m[0;36m*[0m[0;36m*[0m[0;36m*[0m[0;36m*[0m[0;36m*[0m[0;36m*[0m[0;36m*[0m[0;36m*[0m[0;36m*[0m[0;36m*[0m[0;36m*[0m[0;36m*[0m[0;36m*[0m[0;36m*[0m[0;36m*[0m[0;36m*[0m[0;36m*[0m[0;36m*[0m[0;36m*[0m[0;36m*[0m[0;36m*[0m[0;36m*[0m[0;36m*[0m[0;36m*[0m[0;36m*[0m[0;36m*[0m[0;36m*[0m[0;36m*[0m[0;36m*[0m[0;36m*[0m[0;36m*[0m[0;36m*[0m[0;36m*[0m[0;36m*[0m[0;36m*[0m[0;36m*[0m[0m
build_tok_lst_split_by_operators([0;36m[0m)--------------------------------------------------------
[0;32m (tok_lst == tab_res == NULL)
[0m-------------------------------------------------------------------------------------> [37;42m ✓ [0m
[0;36m*[0m[0;36m*[0m[0;36m*[0m[0;36m*[0m[0;36m*[0m[0;36m*[0m[0;36m*[0m[0;36m*[0m[0;36m*[0m[0;36m*[0m[0;36m*[0m[0;36m*[0m[0;36m*[0m[0;36m*[0m[0;36m*[0m[0;36m*[0m[0;36m*[0m[0;36m*[0m[0;36m*[0m[0;36m*[0m[0;36m*[0m[0;36m*[0m[0;36m*[0m[0;36m*[0m[0;36m*[0m[0;36m*[0m[0;36m*[0m[0;36m*[0m[0;36m*[0m[0;36m*[0m[0;36m*[0m[0;36m*[0m[0;36m*[0m[0;36m*[0m[0;36m*[0m[0;36m*[0m[0;36m*[0m[0;36m*[0m[0;36m*[0m[0;36m*[0m[0;36m*[0m[0;36m*[0m[0;36m*[0m[0;36m*[0m[0;36m*[0m[0;36m*[0m[0;36m*[0m[0;36m*[0m[0;36m*[0m[0;36m*[0m[0;36m*[0m[0;36m*[0m[0;36m*[0m[0;36m*[0m[0;36m*[0m[0;36m*[0m[0;36m*[0m[0;36m*[0m[0;36m*[0m[0;36m*[0m[0;36m*[0m[0;36m*[0m[0;36m*[0m[0;36m*[0m[0;36m*[0m[0;36m*[0m[0;36m*[0m[0;36m*[0m[0;36m*[0m[0;36m*[0m[0;36m*[0m[0;36m*[0m[0;36m*[0m[0;36m*[0m[0;36m*[0m[0;36m*[0m[0;36m*[0m[0;36m*[0m[0;36m*[0m[0;36m*[0m[0;36m*[0m[0;36m*[0m[0;36m*[0m[0;36m*[0m[0;36m*[0m[0;36m*[0m[0;36m*[0m[0;36m*[0m[0;36m*[0m[0;36m*[0m

[97;100m=[0m[97;100m=[0m[97;100m=[0m[97;100m=[0m[97;100m=[0m[97;100m=[0m[97;100m=[0m[97;100m=[0m[97;100m=[0m[97;100m=[0m[97;100m=[0m[97;100m=[0m[97;100m=[0m[97;100m=[0m[97;100m=[0m[97;100m=[0m[97;100m=[0m[97;100m=[0m[97;100m=[0m[97;100m=[0m[97;100m=[0m[97;100m=[0m[97;100m=[0m[97;100m=[0m[97;100m=[0m[97;100m=[0m[97;100m=[0m[97;100m=[0m[97;100m=[0m[97;100m=[0m[97;100m=[0m[97;100m=[0m[97;100m=[0m[97;100m=[0m[97;100m=[0m[97;100m=[0m[97;100m=[0m[97;100m=[0m[97;100m=[0m[97;100m=[0m[97;100m=[0m[97;100m=[0m[97;100m=[0m[97;100m=[0m[97;100m=[0m[97;100m=[0m[97;100m=[0m[97;100m=[0m[97;100m=[0m[97;100m=[0m[97;100m=[0m[97;100m=[0m[97;100m=[0m[97;100m=[0m[97;100m=[0m[97;100m=[0m[97;100m=[0m[97;100m=[0m[97;100m=[0m[97;100m=[0m[97;100m=[0m[97;100m=[0m[97;100m=[0m[97;100m=[0m[97;100m=[0m[97;100m=[0m[97;100m=[0m[97;100m=[0m[97;100m=[0m[97;100m=[0m[97;100m=[0m[97;100m=[0m[97;100m=[0m[97;100m=[0m[97;100m=[0m[97;100m=[0m[97;100m=[0m[97;100m=[0m[97;100m=[0m[97;100m=[0m[97;100m=[0m[97;100m=[0m[97;100m=[0m[97;100m=[0m[97;100m=[0m[97;100m=[0m[97;100m=[0m[97;100m=[0m[97;100m=[0m[97;100m=[0m

[97;100m=[0m[97;100m[ A| NO OPERATORS ][97;100m=[0m[97;100m=[0m[97;100m=[0m[97;100m=[0m[97;100m=[0m[97;100m=[0m[97;100m=[0m[97;100m=[0m[97;100m=[0m[97;100m=[0m[97;100m=[0m[97;100m=[0m[97;100m=[0m[97;100m=[0m[97;100m=[0m[97;100m=[0m[97;100m=[0m[97;100m=[0m[97;100m=[0m[97;100m=[0m[97;100m=[0m[97;100m=[0m[97;100m=[0m[97;100m=[0m[97;100m=[0m[97;100m=[0m[97;100m=[0m[97;100m=[0m[97;100m=[0m[97;100m=[0m[97;100m=[0m[97;100m=[0m[97;100m=[0m[97;100m=[0m[97;100m=[0m[97;100m=[0m[97;100m=[0m[97;100m=[0m[97;100m=[0m[97;100m=[0m[97;100m=[0m[97;100m=[0m[97;100m=[0m[97;100m=[0m[97;100m=[0m[97;100m=[0m[97;100m=[0m[97;100m=[0m[97;100m=[0m[97;100m=[0m[97;100m=[0m[97;100m=[0m[97;100m=[0m[97;100m=[0m[97;100m=[0m[97;100m=[0m[97;100m=[0m[97;100m=[0m[97;100m=[0m[97;100m=[0m[97;100m=[0m[97;100m=[0m[97;100m=[0m[97;100m=[0m[97;100m=[0m[97;100m=[0m[97;100m=[0m[97;100m=[0m[97;100m=[0m[97;100m=[0m[0m
build_tok_lst_split_by_operators([0;36mthere_is_no_op[0m)------------------------------------------
tab_res={UNSET,there_is_no_op,0}-->NULL
tok_lst={UNSET,there_is_no_op,0}-->NULL
-------------------------------------------------------------------------------------> [37;42m ✓ [0m
build_tok_lst_split_by_operators([0;36mthere'is<|>no'op[0m)----------------------------------------
tab_res={UNSET,there,0}-->{UNSET,'is<|>no',0}-->{UNSET,op,0}-->NULL
tok_lst={UNSET,there,0}-->{UNSET,'is<|>no',0}-->{UNSET,op,0}-->NULL
-------------------------------------------------------------------------------------> [37;42m ✓ [0m
build_tok_lst_split_by_operators([0;36mthere"is<<&&||>>no"op[0m)-----------------------------------
tab_res={UNSET,there,0}-->{UNSET,"is<<&&||>>no",0}-->{UNSET,op,0}-->NULL
tok_lst={UNSET,there,0}-->{UNSET,"is<<&&||>>no",0}-->{UNSET,op,0}-->NULL
-------------------------------------------------------------------------------------> [37;42m ✓ [0m
[97;100m=[0m[97;100m=[0m[97;100m=[0m[97;100m=[0m[97;100m=[0m[97;100m=[0m[97;100m=[0m[97;100m=[0m[97;100m=[0m[97;100m=[0m[97;100m=[0m[97;100m=[0m[97;100m=[0m[97;100m=[0m[97;100m=[0m[97;100m=[0m[97;100m=[0m[97;100m=[0m[97;100m=[0m[97;100m=[0m[97;100m=[0m[97;100m=[0m[97;100m=[0m[97;100m=[0m[97;100m=[0m[97;100m=[0m[97;100m=[0m[97;100m=[0m[97;100m=[0m[97;100m=[0m[97;100m=[0m[97;100m=[0m[97;100m=[0m[97;100m=[0m[97;100m=[0m[97;100m=[0m[97;100m=[0m[97;100m=[0m[97;100m=[0m[97;100m=[0m[97;100m=[0m[97;100m=[0m[97;100m=[0m[97;100m=[0m[97;100m=[0m[97;100m=[0m[97;100m=[0m[97;100m=[0m[97;100m=[0m[97;100m=[0m[97;100m=[0m[97;100m=[0m[97;100m=[0m[97;100m=[0m[97;100m=[0m[97;100m=[0m[97;100m=[0m[97;100m=[0m[97;100m=[0m[97;100m=[0m[97;100m=[0m[97;100m=[0m[97;100m=[0m[97;100m=[0m[97;100m=[0m[97;100m=[0m[97;100m=[0m[97;100m=[0m[97;100m=[0m[97;100m=[0m[97;100m=[0m[97;100m=[0m[97;100m=[0m[97;100m=[0m[97;100m=[0m[97;100m=[0m[97;100m=[0m[97;100m=[0m[97;100m=[0m[97;100m=[0m[97;100m=[0m[97;100m=[0m[97;100m=[0m[97;100m=[0m[97;100m=[0m[97;100m=[0m[97;100m=[0m[97;100m=[0m[97;100m=[0m[97;100m=[0m

[97;100m=[0m[97;100m[ B| ONLY OPERATORS ][97;100m=[0m[97;100m=[0m[97;100m=[0m[97;100m=[0m[97;100m=[0m[97;100m=[0m[97;100m=[0m[97;100m=[0m[97;100m=[0m[97;100m=[0m[97;100m=[0m[97;100m=[0m[97;100m=[0m[97;100m=[0m[97;100m=[0m[97;100m=[0m[97;100m=[0m[97;100m=[0m[97;100m=[0m[97;100m=[0m[97;100m=[0m[97;100m=[0m[97;100m=[0m[97;100m=[0m[97;100m=[0m[97;100m=[0m[97;100m=[0m[97;100m=[0m[97;100m=[0m[97;100m=[0m[97;100m=[0m[97;100m=[0m[97;100m=[0m[97;100m=[0m[97;100m=[0m[97;100m=[0m[97;100m=[0m[97;100m=[0m[97;100m=[0m[97;100m=[0m[97;100m=[0m[97;100m=[0m[97;100m=[0m[97;100m=[0m[97;100m=[0m[97;100m=[0m[97;100m=[0m[97;100m=[0m[97;100m=[0m[97;100m=[0m[97;100m=[0m[97;100m=[0m[97;100m=[0m[97;100m=[0m[97;100m=[0m[97;100m=[0m[97;100m=[0m[97;100m=[0m[97;100m=[0m[97;100m=[0m[97;100m=[0m[97;100m=[0m[97;100m=[0m[97;100m=[0m[97;100m=[0m[97;100m=[0m[97;100m=[0m[97;100m=[0m[0m
[0;36m*[0m[0;36m( One Type At The Time )[0;36m*[0m[0;36m*[0m[0;36m*[0m[0;36m*[0m[0;36m*[0m[0;36m*[0m[0;36m*[0m[0;36m*[0m[0;36m*[0m[0;36m*[0m[0;36m*[0m[0;36m*[0m[0;36m*[0m[0;36m*[0m[0;36m*[0m[0;36m*[0m[0;36m*[0m[0;36m*[0m[0;36m*[0m[0;36m*[0m[0;36m*[0m[0;36m*[0m[0;36m*[0m[0;36m*[0m[0;36m*[0m[0;36m*[0m[0;36m*[0m[0;36m*[0m[0;36m*[0m[0;36m*[0m[0;36m*[0m[0;36m*[0m[0;36m*[0m[0;36m*[0m[0;36m*[0m[0;36m*[0m[0;36m*[0m[0;36m*[0m[0;36m*[0m[0;36m*[0m[0;36m*[0m[0;36m*[0m[0;36m*[0m[0;36m*[0m[0;36m*[0m[0;36m*[0m[0;36m*[0m[0;36m*[0m[0;36m*[0m[0;36m*[0m[0;36m*[0m[0;36m*[0m[0;36m*[0m[0;36m*[0m[0;36m*[0m[0;36m*[0m[0;36m*[0m[0;36m*[0m[0;36m*[0m[0;36m*[0m[0;36m*[0m[0;36m*[0m[0;36m*[0m[0;36m*[0m[0;36m*[0m[0m
build_tok_lst_split_by_operators([0;36m<f1<<f2<<<f3<<<<f4<<<<<f5[0m)-------------------------------
tab_res={UNSET,<,0}-->{UNSET,f1,0}-->{UNSET,<<,0}-->{UNSET,f2,0}-->{UNSET,<<<,0}-->{UNSET,f3,0}-->{UNSET,<<<<,0}-->{UNSET,f4,0}-->{UNSET,<<<<<,0}-->{UNSET,f5,0}-->NULL
tok_lst={UNSET,<,0}-->{UNSET,f1,0}-->{UNSET,<<,0}-->{UNSET,f2,0}-->{UNSET,<<<,0}-->{UNSET,f3,0}-->{UNSET,<<<<,0}-->{UNSET,f4,0}-->{UNSET,<<<<<,0}-->{UNSET,f5,0}-->NULL
-------------------------------------------------------------------------------------> [37;42m ✓ [0m
build_tok_lst_split_by_operators([0;36m>f1>>f2>>>f3>>>>f4>>>>>f5[0m)-------------------------------
tab_res={UNSET,>,0}-->{UNSET,f1,0}-->{UNSET,>>,0}-->{UNSET,f2,0}-->{UNSET,>>>,0}-->{UNSET,f3,0}-->{UNSET,>>>>,0}-->{UNSET,f4,0}-->{UNSET,>>>>>,0}-->{UNSET,f5,0}-->NULL
tok_lst={UNSET,>,0}-->{UNSET,f1,0}-->{UNSET,>>,0}-->{UNSET,f2,0}-->{UNSET,>>>,0}-->{UNSET,f3,0}-->{UNSET,>>>>,0}-->{UNSET,f4,0}-->{UNSET,>>>>>,0}-->{UNSET,f5,0}-->NULL
-------------------------------------------------------------------------------------> [37;42m ✓ [0m
build_tok_lst_split_by_operators([0;36m|f1||f2|||f3||||f4|||||f5[0m)-------------------------------
tab_res={UNSET,|,0}-->{UNSET,f1,0}-->{UNSET,||,0}-->{UNSET,f2,0}-->{UNSET,|||,0}-->{UNSET,f3,0}-->{UNSET,||||,0}-->{UNSET,f4,0}-->{UNSET,|||||,0}-->{UNSET,f5,0}-->NULL
tok_lst={UNSET,|,0}-->{UNSET,f1,0}-->{UNSET,||,0}-->{UNSET,f2,0}-->{UNSET,|||,0}-->{UNSET,f3,0}-->{UNSET,||||,0}-->{UNSET,f4,0}-->{UNSET,|||||,0}-->{UNSET,f5,0}-->NULL
-------------------------------------------------------------------------------------> [37;42m ✓ [0m
build_tok_lst_split_by_operators([0;36m&f1&&f2&&&f3&&&&f4&&&&&f5[0m)-------------------------------
tab_res={UNSET,&,0}-->{UNSET,f1,0}-->{UNSET,&&,0}-->{UNSET,f2,0}-->{UNSET,&&&,0}-->{UNSET,f3,0}-->{UNSET,&&&&,0}-->{UNSET,f4,0}-->{UNSET,&&&&&,0}-->{UNSET,f5,0}-->NULL
tok_lst={UNSET,&,0}-->{UNSET,f1,0}-->{UNSET,&&,0}-->{UNSET,f2,0}-->{UNSET,&&&,0}-->{UNSET,f3,0}-->{UNSET,&&&&,0}-->{UNSET,f4,0}-->{UNSET,&&&&&,0}-->{UNSET,f5,0}-->NULL
-------------------------------------------------------------------------------------> [37;42m ✓ [0m
build_tok_lst_split_by_operators([0;36m<><<>><<<>>><<<<>>>>|&||&&|||&&&[0m)------------------------
tab_res={UNSET,<,0}-->{UNSET,>,0}-->{UNSET,<<,0}-->{UNSET,>>,0}-->{UNSET,<<<,0}-->{UNSET,>>>,0}-->{UNSET,<<<<,0}-->{UNSET,>>>>,0}-->{UNSET,|,0}-->{UNSET,&,0}-->{UNSET,||,0}-->{UNSET,&&,0}-->{UNSET,|||,0}-->{UNSET,&&&,0}-->NULL
tok_lst={UNSET,<,0}-->{UNSET,>,0}-->{UNSET,<<,0}-->{UNSET,>>,0}-->{UNSET,<<<,0}-->{UNSET,>>>,0}-->{UNSET,<<<<,0}-->{UNSET,>>>>,0}-->{UNSET,|,0}-->{UNSET,&,0}-->{UNSET,||,0}-->{UNSET,&&,0}-->{UNSET,|||,0}-->{UNSET,&&&,0}-->NULL
-------------------------------------------------------------------------------------> [37;42m ✓ [0m
[0;36m*[0m[0;36m*[0m[0;36m*[0m[0;36m*[0m[0;36m*[0m[0;36m*[0m[0;36m*[0m[0;36m*[0m[0;36m*[0m[0;36m*[0m[0;36m*[0m[0;36m*[0m[0;36m*[0m[0;36m*[0m[0;36m*[0m[0;36m*[0m[0;36m*[0m[0;36m*[0m[0;36m*[0m[0;36m*[0m[0;36m*[0m[0;36m*[0m[0;36m*[0m[0;36m*[0m[0;36m*[0m[0;36m*[0m[0;36m*[0m[0;36m*[0m[0;36m*[0m[0;36m*[0m[0;36m*[0m[0;36m*[0m[0;36m*[0m[0;36m*[0m[0;36m*[0m[0;36m*[0m[0;36m*[0m[0;36m*[0m[0;36m*[0m[0;36m*[0m[0;36m*[0m[0;36m*[0m[0;36m*[0m[0;36m*[0m[0;36m*[0m[0;36m*[0m[0;36m*[0m[0;36m*[0m[0;36m*[0m[0;36m*[0m[0;36m*[0m[0;36m*[0m[0;36m*[0m[0;36m*[0m[0;36m*[0m[0;36m*[0m[0;36m*[0m[0;36m*[0m[0;36m*[0m[0;36m*[0m[0;36m*[0m[0;36m*[0m[0;36m*[0m[0;36m*[0m[0;36m*[0m[0;36m*[0m[0;36m*[0m[0;36m*[0m[0;36m*[0m[0;36m*[0m[0;36m*[0m[0;36m*[0m[0;36m*[0m[0;36m*[0m[0;36m*[0m[0;36m*[0m[0;36m*[0m[0;36m*[0m[0;36m*[0m[0;36m*[0m[0;36m*[0m[0;36m*[0m[0;36m*[0m[0;36m*[0m[0;36m*[0m[0;36m*[0m[0;36m*[0m[0;36m*[0m[0;36m*[0m[0;36m*[0m

[97;100m=[0m[97;100m=[0m[97;100m=[0m[97;100m=[0m[97;100m=[0m[97;100m=[0m[97;100m=[0m[97;100m=[0m[97;100m=[0m[97;100m=[0m[97;100m=[0m[97;100m=[0m[97;100m=[0m[97;100m=[0m[97;100m=[0m[97;100m=[0m[97;100m=[0m[97;100m=[0m[97;100m=[0m[97;100m=[0m[97;100m=[0m[97;100m=[0m[97;100m=[0m[97;100m=[0m[97;100m=[0m[97;100m=[0m[97;100m=[0m[97;100m=[0m[97;100m=[0m[97;100m=[0m[97;100m=[0m[97;100m=[0m[97;100m=[0m[97;100m=[0m[97;100m=[0m[97;100m=[0m[97;100m=[0m[97;100m=[0m[97;100m=[0m[97;100m=[0m[97;100m=[0m[97;100m=[0m[97;100m=[0m[97;100m=[0m[97;100m=[0m[97;100m=[0m[97;100m=[0m[97;100m=[0m[97;100m=[0m[97;100m=[0m[97;100m=[0m[97;100m=[0m[97;100m=[0m[97;100m=[0m[97;100m=[0m[97;100m=[0m[97;100m=[0m[97;100m=[0m[97;100m=[0m[97;100m=[0m[97;100m=[0m[97;100m=[0m[97;100m=[0m[97;100m=[0m[97;100m=[0m[97;100m=[0m[97;100m=[0m[97;100m=[0m[97;100m=[0m[97;100m=[0m[97;100m=[0m[97;100m=[0m[97;100m=[0m[97;100m=[0m[97;100m=[0m[97;100m=[0m[97;100m=[0m[97;100m=[0m[97;100m=[0m[97;100m=[0m[97;100m=[0m[97;100m=[0m[97;100m=[0m[97;100m=[0m[97;100m=[0m[97;100m=[0m[97;100m=[0m[97;100m=[0m[97;100m=[0m[97;100m=[0m

==524564== 
==524564== FILE DESCRIPTORS: 3 open (3 std) at exit.
==524564== 
==524564== HEAP SUMMARY:
==524564==     in use at exit: 0 bytes in 0 blocks
==524564==   total heap usage: 244 allocs, 244 frees, 12,016 bytes allocated
==524564== 
==524564== All heap blocks were freed -- no leaks are possible
==524564== 
==524564== For lists of detected and suppressed errors, rerun with: -s
==524564== ERROR SUMMARY: 0 errors from 0 contexts (suppressed: 0 from 0)
