==80770== Memcheck, a memory error detector
==80770== Copyright (C) 2002-2022, and GNU GPL'd, by Julian Seward et al.
==80770== Using Valgrind-3.22.0 and LibVEX; rerun with -h for copyright info
==80770== Command: /home/altergnu/Data/shared/42/C3_minishell/Minishell/tests/bin/test_build_tok_lst_split_by_quotes
==80770== 
=[ CAS:NULL ]==============================================================================
build_tok_lst_split_by_quotes(<(null)>)------------------------------------------------[0;31mERROR:build_tok_lst_split_by_quotes():!str[0m> ✅
build_tok_lst_split_by_quotes(<>)------------------------------------------------------> ✅
=[ CAS CLASSIC NO QUOTES ]=================================================================
build_tok_lst_split_by_quotes(<echo toto>)--------------------------------------------------
tab_res=["echo toto", NULL]
tok_lst={echo toto,-1,0,0}-->NULL
---------------------------------------------------------------------------------------> ✅
build_tok_lst_split_by_quotes(< echo toto hello world>)-------------------------------------
tab_res=[" echo toto hello world", NULL]
tok_lst={ echo toto hello world,-1,0,0}-->NULL
---------------------------------------------------------------------------------------> ✅
=[ CAS CLASSIC ONLY QUOTES ]===============================================================
build_tok_lst_split_by_quotes(<''''>)-------------------------------------------------------
tab_res=["''", "''", NULL]
tok_lst={'',-1,',0}-->{'',-1,',0}-->NULL
---------------------------------------------------------------------------------------> ✅
build_tok_lst_split_by_quotes(<'''>)--------------------------------------------------------
tab_res=["''", "'", NULL]
tok_lst={'',-1,',0}-->{',-1,',0}-->NULL
---------------------------------------------------------------------------------------> ✅
build_tok_lst_split_by_quotes(<''''>)-------------------------------------------------------
tab_res=["''", "''", NULL]
tok_lst={'',-1,',0}-->{'',-1,',0}-->NULL
---------------------------------------------------------------------------------------> ✅
=[ CAS CLASSIC QUOTES ]====================================================================
build_tok_lst_split_by_quotes(<'''echo' toto>)----------------------------------------------
tab_res=["''", "'echo'", " toto", NULL]
tok_lst={'',-1,',0}-->{'echo',-1,',0}-->{ toto,-1,0,0}-->NULL
---------------------------------------------------------------------------------------> ✅
build_tok_lst_split_by_quotes(<'''echo>)----------------------------------------------------
tab_res=["''", "'echo", NULL]
tok_lst={'',-1,',0}-->{'echo,-1,',0}-->NULL
---------------------------------------------------------------------------------------> ✅
build_tok_lst_split_by_quotes(<'''ec''ho' 't'oto>)------------------------------------------
tab_res=["''", "'ec'", "'ho'", " ", "'t'", "oto", NULL]
tok_lst={'',-1,',0}-->{'ec',-1,',0}-->{'ho',-1,',0}-->{ ,-1,0,0}-->{'t',-1,',0}-->{oto,-1,0,0}-->NULL
---------------------------------------------------------------------------------------> ✅
build_tok_lst_split_by_quotes(<'''ec''ho toto>)---------------------------------------------
tab_res=["''", "'ec'", "'ho toto", NULL]
tok_lst={'',-1,',0}-->{'ec',-1,',0}-->{'ho toto,-1,',0}-->NULL
---------------------------------------------------------------------------------------> ✅
build_tok_lst_split_by_quotes(<''''echo>)---------------------------------------------------
tab_res=["''", "''", "echo", NULL]
tok_lst={'',-1,',0}-->{'',-1,',0}-->{echo,-1,0,0}-->NULL
---------------------------------------------------------------------------------------> ✅
=[ CAS CLASSIC WITH QUOTES ]===============================================================
build_tok_lst_split_by_quotes(<echo "hello world">)-----------------------------------------
tab_res=["echo ", ""hello world"", NULL]
tok_lst={echo ,-1,0,0}-->{"hello world",-1,",0}-->NULL
---------------------------------------------------------------------------------------> ✅
build_tok_lst_split_by_quotes(<echo "hello 'world'" &&'ec'ho 'slt'>)------------------------
tab_res=["echo ", ""hello 'world'"", " &&", "'ec'", "ho ", "'slt'", NULL]
tok_lst={echo ,-1,0,0}-->{"hello 'world'",-1,",0}-->{ &&,-1,0,0}-->{'ec',-1,',0}-->{ho ,-1,0,0}-->{'slt',-1,',0}-->NULL
---------------------------------------------------------------------------------------> ✅
build_tok_lst_split_by_quotes(<     echo "toto hello world" >)------------------------------
tab_res=["     echo ", ""toto hello world"", " ", NULL]
tok_lst={     echo ,-1,0,0}-->{"toto hello world",-1,",0}-->{ ,-1,0,0}-->NULL
---------------------------------------------------------------------------------------> ✅
build_tok_lst_split_by_quotes(<     'ec'ho 'toto hello world' >)----------------------------
tab_res=["     ", "'ec'", "ho ", "'toto hello world'", " ", NULL]
tok_lst={     ,-1,0,0}-->{'ec',-1,',0}-->{ho ,-1,0,0}-->{'toto hello world',-1,',0}-->{ ,-1,0,0}-->NULL
---------------------------------------------------------------------------------------> ✅
build_tok_lst_split_by_quotes(<'ec''ho'' hello'world>)--------------------------------------
tab_res=["'ec'", "'ho'", "' hello'", "world", NULL]
tok_lst={'ec',-1,',0}-->{'ho',-1,',0}-->{' hello',-1,',0}-->{world,-1,0,0}-->NULL
---------------------------------------------------------------------------------------> ✅
build_tok_lst_split_by_quotes(<echo 'super'aaaaaaaa>)---------------------------------------
tab_res=["echo ", "'super'", "aaaaaaaa", NULL]
tok_lst={echo ,-1,0,0}-->{'super',-1,',0}-->{aaaaaaaa,-1,0,0}-->NULL
---------------------------------------------------------------------------------------> ✅
=[ CAS IMBRICATION QUOTES ]================================================================
build_tok_lst_split_by_quotes(<'ec''ho' " hello 'world'"&&echo '"salut" monde' | cat toto>)-----
tab_res=["'ec'", "'ho'", " ", "" hello 'world'"", "&&echo ", "'"salut" monde'", " | cat toto", NULL]
tok_lst={'ec',-1,',0}-->{'ho',-1,',0}-->{ ,-1,0,0}-->{" hello 'world'",-1,",0}-->{&&echo ,-1,0,0}-->{'"salut" monde',-1,',0}-->{ | cat toto,-1,0,0}-->NULL
---------------------------------------------------------------------------------------> ✅
==80770== 
==80770== FILE DESCRIPTORS: 3 open (3 std) at exit.
==80770== 
==80770== HEAP SUMMARY:
==80770==     in use at exit: 0 bytes in 0 blocks
==80770==   total heap usage: 166 allocs, 166 frees, 6,664 bytes allocated
==80770== 
==80770== All heap blocks were freed -- no leaks are possible
==80770== 
==80770== For lists of detected and suppressed errors, rerun with: -s
==80770== ERROR SUMMARY: 0 errors from 0 contexts (suppressed: 0 from 0)
