==80735== Memcheck, a memory error detector
==80735== Copyright (C) 2002-2022, and GNU GPL'd, by Julian Seward et al.
==80735== Using Valgrind-3.22.0 and LibVEX; rerun with -h for copyright info
==80735== Command: /home/altergnu/Data/shared/42/C3_minishell/Minishell/tests/bin/test_build_tok_lst_split_by_operators
==80735== 
[0;31mERROR:build_tok_lst_split_by_operators():!str[0m: Success
[0;31mERROR:build_tok_lst_split_by_operators():!str[0m: Invalid argument
[97;100m=[0m[97;100m[ CAS:NULL ][97;100m=[0m[97;100m=[0m[97;100m=[0m[97;100m=[0m[97;100m=[0m[97;100m=[0m[97;100m=[0m[97;100m=[0m[97;100m=[0m[97;100m=[0m[97;100m=[0m[97;100m=[0m[97;100m=[0m[97;100m=[0m[97;100m=[0m[97;100m=[0m[97;100m=[0m[97;100m=[0m[97;100m=[0m[97;100m=[0m[97;100m=[0m[97;100m=[0m[97;100m=[0m[97;100m=[0m[97;100m=[0m[97;100m=[0m[97;100m=[0m[97;100m=[0m[97;100m=[0m[97;100m=[0m[97;100m=[0m[97;100m=[0m[97;100m=[0m[97;100m=[0m[97;100m=[0m[97;100m=[0m[97;100m=[0m[97;100m=[0m[97;100m=[0m[97;100m=[0m[97;100m=[0m[97;100m=[0m[97;100m=[0m[97;100m=[0m[97;100m=[0m[97;100m=[0m[97;100m=[0m[97;100m=[0m[97;100m=[0m[97;100m=[0m[97;100m=[0m[97;100m=[0m[97;100m=[0m[97;100m=[0m[97;100m=[0m[97;100m=[0m[97;100m=[0m[97;100m=[0m[97;100m=[0m[97;100m=[0m[97;100m=[0m[97;100m=[0m[97;100m=[0m[97;100m=[0m[97;100m=[0m[97;100m=[0m[97;100m=[0m[97;100m=[0m[97;100m=[0m[97;100m=[0m[97;100m=[0m[97;100m=[0m[97;100m=[0m[97;100m=[0m[97;100m=[0m[97;100m=[0m[97;100m=[0m[0m
[0;36m*[0m[0;36m( These cases never really happen because they're handled in main, before lexer(dt, line) is called )[0m
build_tok_lst_split_by_operators(<(null)>)----------------------------------------------
-------------------------------------------------------------------------------------> [37;42m ✓ [0m
build_tok_lst_split_by_operators(<>)----------------------------------------------------
-------------------------------------------------------------------------------------> [37;42m ✓ [0m
[0;36m*[0m[0;36m*[0m[0;36m*[0m[0;36m*[0m[0;36m*[0m[0;36m*[0m[0;36m*[0m[0;36m*[0m[0;36m*[0m[0;36m*[0m[0;36m*[0m[0;36m*[0m[0;36m*[0m[0;36m*[0m[0;36m*[0m[0;36m*[0m[0;36m*[0m[0;36m*[0m[0;36m*[0m[0;36m*[0m[0;36m*[0m[0;36m*[0m[0;36m*[0m[0;36m*[0m[0;36m*[0m[0;36m*[0m[0;36m*[0m[0;36m*[0m[0;36m*[0m[0;36m*[0m[0;36m*[0m[0;36m*[0m[0;36m*[0m[0;36m*[0m[0;36m*[0m[0;36m*[0m[0;36m*[0m[0;36m*[0m[0;36m*[0m[0;36m*[0m[0;36m*[0m[0;36m*[0m[0;36m*[0m[0;36m*[0m[0;36m*[0m[0;36m*[0m[0;36m*[0m[0;36m*[0m[0;36m*[0m[0;36m*[0m[0;36m*[0m[0;36m*[0m[0;36m*[0m[0;36m*[0m[0;36m*[0m[0;36m*[0m[0;36m*[0m[0;36m*[0m[0;36m*[0m[0;36m*[0m[0;36m*[0m[0;36m*[0m[0;36m*[0m[0;36m*[0m[0;36m*[0m[0;36m*[0m[0;36m*[0m[0;36m*[0m[0;36m*[0m[0;36m*[0m[0;36m*[0m[0;36m*[0m[0;36m*[0m[0;36m*[0m[0;36m*[0m[0;36m*[0m[0;36m*[0m[0;36m*[0m[0;36m*[0m[0;36m*[0m[0;36m*[0m[0;36m*[0m[0;36m*[0m[0;36m*[0m[0;36m*[0m[0;36m*[0m[0;36m*[0m[0;36m*[0m[0;36m*[0m[0;36m*[0m

[97;100m=[0m[97;100m=[0m[97;100m=[0m[97;100m=[0m[97;100m=[0m[97;100m=[0m[97;100m=[0m[97;100m=[0m[97;100m=[0m[97;100m=[0m[97;100m=[0m[97;100m=[0m[97;100m=[0m[97;100m=[0m[97;100m=[0m[97;100m=[0m[97;100m=[0m[97;100m=[0m[97;100m=[0m[97;100m=[0m[97;100m=[0m[97;100m=[0m[97;100m=[0m[97;100m=[0m[97;100m=[0m[97;100m=[0m[97;100m=[0m[97;100m=[0m[97;100m=[0m[97;100m=[0m[97;100m=[0m[97;100m=[0m[97;100m=[0m[97;100m=[0m[97;100m=[0m[97;100m=[0m[97;100m=[0m[97;100m=[0m[97;100m=[0m[97;100m=[0m[97;100m=[0m[97;100m=[0m[97;100m=[0m[97;100m=[0m[97;100m=[0m[97;100m=[0m[97;100m=[0m[97;100m=[0m[97;100m=[0m[97;100m=[0m[97;100m=[0m[97;100m=[0m[97;100m=[0m[97;100m=[0m[97;100m=[0m[97;100m=[0m[97;100m=[0m[97;100m=[0m[97;100m=[0m[97;100m=[0m[97;100m=[0m[97;100m=[0m[97;100m=[0m[97;100m=[0m[97;100m=[0m[97;100m=[0m[97;100m=[0m[97;100m=[0m[97;100m=[0m[97;100m=[0m[97;100m=[0m[97;100m=[0m[97;100m=[0m[97;100m=[0m[97;100m=[0m[97;100m=[0m[97;100m=[0m[97;100m=[0m[97;100m=[0m[97;100m=[0m[97;100m=[0m[97;100m=[0m[97;100m=[0m[97;100m=[0m[97;100m=[0m[97;100m=[0m[97;100m=[0m[97;100m=[0m[97;100m=[0m[97;100m=[0m

[97;100m=[0m[97;100m[ CAS NO OPERATOR ][97;100m=[0m[97;100m=[0m[97;100m=[0m[97;100m=[0m[97;100m=[0m[97;100m=[0m[97;100m=[0m[97;100m=[0m[97;100m=[0m[97;100m=[0m[97;100m=[0m[97;100m=[0m[97;100m=[0m[97;100m=[0m[97;100m=[0m[97;100m=[0m[97;100m=[0m[97;100m=[0m[97;100m=[0m[97;100m=[0m[97;100m=[0m[97;100m=[0m[97;100m=[0m[97;100m=[0m[97;100m=[0m[97;100m=[0m[97;100m=[0m[97;100m=[0m[97;100m=[0m[97;100m=[0m[97;100m=[0m[97;100m=[0m[97;100m=[0m[97;100m=[0m[97;100m=[0m[97;100m=[0m[97;100m=[0m[97;100m=[0m[97;100m=[0m[97;100m=[0m[97;100m=[0m[97;100m=[0m[97;100m=[0m[97;100m=[0m[97;100m=[0m[97;100m=[0m[97;100m=[0m[97;100m=[0m[97;100m=[0m[97;100m=[0m[97;100m=[0m[97;100m=[0m[97;100m=[0m[97;100m=[0m[97;100m=[0m[97;100m=[0m[97;100m=[0m[97;100m=[0m[97;100m=[0m[97;100m=[0m[97;100m=[0m[97;100m=[0m[97;100m=[0m[97;100m=[0m[97;100m=[0m[97;100m=[0m[97;100m=[0m[97;100m=[0m[97;100m=[0m[97;100m=[0m[0m
build_tok_lst_split_by_operators(<   abcd   >)--------------------------------------------
tab_res=["   abcd   ", NULL]
tok_lst={   abcd   ,-1,0,0}-->NULL
-------------------------------------------------------------------------------------> [37;42m ✓ [0m
[97;100m=[0m[97;100m=[0m[97;100m=[0m[97;100m=[0m[97;100m=[0m[97;100m=[0m[97;100m=[0m[97;100m=[0m[97;100m=[0m[97;100m=[0m[97;100m=[0m[97;100m=[0m[97;100m=[0m[97;100m=[0m[97;100m=[0m[97;100m=[0m[97;100m=[0m[97;100m=[0m[97;100m=[0m[97;100m=[0m[97;100m=[0m[97;100m=[0m[97;100m=[0m[97;100m=[0m[97;100m=[0m[97;100m=[0m[97;100m=[0m[97;100m=[0m[97;100m=[0m[97;100m=[0m[97;100m=[0m[97;100m=[0m[97;100m=[0m[97;100m=[0m[97;100m=[0m[97;100m=[0m[97;100m=[0m[97;100m=[0m[97;100m=[0m[97;100m=[0m[97;100m=[0m[97;100m=[0m[97;100m=[0m[97;100m=[0m[97;100m=[0m[97;100m=[0m[97;100m=[0m[97;100m=[0m[97;100m=[0m[97;100m=[0m[97;100m=[0m[97;100m=[0m[97;100m=[0m[97;100m=[0m[97;100m=[0m[97;100m=[0m[97;100m=[0m[97;100m=[0m[97;100m=[0m[97;100m=[0m[97;100m=[0m[97;100m=[0m[97;100m=[0m[97;100m=[0m[97;100m=[0m[97;100m=[0m[97;100m=[0m[97;100m=[0m[97;100m=[0m[97;100m=[0m[97;100m=[0m[97;100m=[0m[97;100m=[0m[97;100m=[0m[97;100m=[0m[97;100m=[0m[97;100m=[0m[97;100m=[0m[97;100m=[0m[97;100m=[0m[97;100m=[0m[97;100m=[0m[97;100m=[0m[97;100m=[0m[97;100m=[0m[97;100m=[0m[97;100m=[0m[97;100m=[0m[97;100m=[0m[97;100m=[0m

[97;100m=[0m[97;100m[ CAS ONE OPERATOR ][97;100m=[0m[97;100m=[0m[97;100m=[0m[97;100m=[0m[97;100m=[0m[97;100m=[0m[97;100m=[0m[97;100m=[0m[97;100m=[0m[97;100m=[0m[97;100m=[0m[97;100m=[0m[97;100m=[0m[97;100m=[0m[97;100m=[0m[97;100m=[0m[97;100m=[0m[97;100m=[0m[97;100m=[0m[97;100m=[0m[97;100m=[0m[97;100m=[0m[97;100m=[0m[97;100m=[0m[97;100m=[0m[97;100m=[0m[97;100m=[0m[97;100m=[0m[97;100m=[0m[97;100m=[0m[97;100m=[0m[97;100m=[0m[97;100m=[0m[97;100m=[0m[97;100m=[0m[97;100m=[0m[97;100m=[0m[97;100m=[0m[97;100m=[0m[97;100m=[0m[97;100m=[0m[97;100m=[0m[97;100m=[0m[97;100m=[0m[97;100m=[0m[97;100m=[0m[97;100m=[0m[97;100m=[0m[97;100m=[0m[97;100m=[0m[97;100m=[0m[97;100m=[0m[97;100m=[0m[97;100m=[0m[97;100m=[0m[97;100m=[0m[97;100m=[0m[97;100m=[0m[97;100m=[0m[97;100m=[0m[97;100m=[0m[97;100m=[0m[97;100m=[0m[97;100m=[0m[97;100m=[0m[97;100m=[0m[97;100m=[0m[97;100m=[0m[97;100m=[0m[0m
build_tok_lst_split_by_operators(<<>)-----------------------------------------------------
tab_res=["<", NULL]
tok_lst={<,-1,0,0}-->NULL
-------------------------------------------------------------------------------------> [37;42m ✓ [0m
build_tok_lst_split_by_operators(<>>)-----------------------------------------------------
tab_res=[">", NULL]
tok_lst={>,-1,0,0}-->NULL
-------------------------------------------------------------------------------------> [37;42m ✓ [0m
build_tok_lst_split_by_operators(<|>)-----------------------------------------------------
tab_res=["|", NULL]
tok_lst={|,-1,0,0}-->NULL
-------------------------------------------------------------------------------------> [37;42m ✓ [0m
build_tok_lst_split_by_operators(<&>)-----------------------------------------------------
tab_res=["&", NULL]
tok_lst={&,-1,0,0}-->NULL
-------------------------------------------------------------------------------------> [37;42m ✓ [0m
[97;100m=[0m[97;100m=[0m[97;100m=[0m[97;100m=[0m[97;100m=[0m[97;100m=[0m[97;100m=[0m[97;100m=[0m[97;100m=[0m[97;100m=[0m[97;100m=[0m[97;100m=[0m[97;100m=[0m[97;100m=[0m[97;100m=[0m[97;100m=[0m[97;100m=[0m[97;100m=[0m[97;100m=[0m[97;100m=[0m[97;100m=[0m[97;100m=[0m[97;100m=[0m[97;100m=[0m[97;100m=[0m[97;100m=[0m[97;100m=[0m[97;100m=[0m[97;100m=[0m[97;100m=[0m[97;100m=[0m[97;100m=[0m[97;100m=[0m[97;100m=[0m[97;100m=[0m[97;100m=[0m[97;100m=[0m[97;100m=[0m[97;100m=[0m[97;100m=[0m[97;100m=[0m[97;100m=[0m[97;100m=[0m[97;100m=[0m[97;100m=[0m[97;100m=[0m[97;100m=[0m[97;100m=[0m[97;100m=[0m[97;100m=[0m[97;100m=[0m[97;100m=[0m[97;100m=[0m[97;100m=[0m[97;100m=[0m[97;100m=[0m[97;100m=[0m[97;100m=[0m[97;100m=[0m[97;100m=[0m[97;100m=[0m[97;100m=[0m[97;100m=[0m[97;100m=[0m[97;100m=[0m[97;100m=[0m[97;100m=[0m[97;100m=[0m[97;100m=[0m[97;100m=[0m[97;100m=[0m[97;100m=[0m[97;100m=[0m[97;100m=[0m[97;100m=[0m[97;100m=[0m[97;100m=[0m[97;100m=[0m[97;100m=[0m[97;100m=[0m[97;100m=[0m[97;100m=[0m[97;100m=[0m[97;100m=[0m[97;100m=[0m[97;100m=[0m[97;100m=[0m[97;100m=[0m[97;100m=[0m[97;100m=[0m

[97;100m=[0m[97;100m[ CAS ONLY OPERATORS (MULTIPLE) ][97;100m=[0m[97;100m=[0m[97;100m=[0m[97;100m=[0m[97;100m=[0m[97;100m=[0m[97;100m=[0m[97;100m=[0m[97;100m=[0m[97;100m=[0m[97;100m=[0m[97;100m=[0m[97;100m=[0m[97;100m=[0m[97;100m=[0m[97;100m=[0m[97;100m=[0m[97;100m=[0m[97;100m=[0m[97;100m=[0m[97;100m=[0m[97;100m=[0m[97;100m=[0m[97;100m=[0m[97;100m=[0m[97;100m=[0m[97;100m=[0m[97;100m=[0m[97;100m=[0m[97;100m=[0m[97;100m=[0m[97;100m=[0m[97;100m=[0m[97;100m=[0m[97;100m=[0m[97;100m=[0m[97;100m=[0m[97;100m=[0m[97;100m=[0m[97;100m=[0m[97;100m=[0m[97;100m=[0m[97;100m=[0m[97;100m=[0m[97;100m=[0m[97;100m=[0m[97;100m=[0m[97;100m=[0m[97;100m=[0m[97;100m=[0m[97;100m=[0m[97;100m=[0m[97;100m=[0m[97;100m=[0m[97;100m=[0m[97;100m=[0m[0m
build_tok_lst_split_by_operators(<<<<>)---------------------------------------------------
tab_res=["<<<", NULL]
tok_lst={<<<,-1,0,0}-->NULL
-------------------------------------------------------------------------------------> [37;42m ✓ [0m
build_tok_lst_split_by_operators(<<>&|>)--------------------------------------------------
tab_res=["<", ">", "&", "|", NULL]
tok_lst={<,-1,0,0}-->{>,-1,0,0}-->{&,-1,0,0}-->{|,-1,0,0}-->NULL
-------------------------------------------------------------------------------------> [37;42m ✓ [0m
build_tok_lst_split_by_operators(<<<<>&&|>)-----------------------------------------------
tab_res=["<<<", ">", "&&", "|", NULL]
tok_lst={<<<,-1,0,0}-->{>,-1,0,0}-->{&&,-1,0,0}-->{|,-1,0,0}-->NULL
-------------------------------------------------------------------------------------> [37;42m ✓ [0m
build_tok_lst_split_by_operators(<  <<<   >  &&  |  >)------------------------------------
tab_res=["  ", "<<<", "   ", ">", "  ", "&&", "  ", "|", "  ", NULL]
tok_lst={  ,-1,0,0}-->{<<<,-1,0,0}-->{   ,-1,0,0}-->{>,-1,0,0}-->{  ,-1,0,0}-->{&&,-1,0,0}-->{  ,-1,0,0}-->{|,-1,0,0}-->{  ,-1,0,0}-->NULL
-------------------------------------------------------------------------------------> [37;42m ✓ [0m
build_tok_lst_split_by_operators(<|&&&||>)------------------------------------------------
tab_res=["|", "&&&", "||", NULL]
tok_lst={|,-1,0,0}-->{&&&,-1,0,0}-->{||,-1,0,0}-->NULL
-------------------------------------------------------------------------------------> [37;42m ✓ [0m
build_tok_lst_split_by_operators(<<><>>)--------------------------------------------------
tab_res=["<", ">", "<", ">", NULL]
tok_lst={<,-1,0,0}-->{>,-1,0,0}-->{<,-1,0,0}-->{>,-1,0,0}-->NULL
-------------------------------------------------------------------------------------> [37;42m ✓ [0m
[97;100m=[0m[97;100m=[0m[97;100m=[0m[97;100m=[0m[97;100m=[0m[97;100m=[0m[97;100m=[0m[97;100m=[0m[97;100m=[0m[97;100m=[0m[97;100m=[0m[97;100m=[0m[97;100m=[0m[97;100m=[0m[97;100m=[0m[97;100m=[0m[97;100m=[0m[97;100m=[0m[97;100m=[0m[97;100m=[0m[97;100m=[0m[97;100m=[0m[97;100m=[0m[97;100m=[0m[97;100m=[0m[97;100m=[0m[97;100m=[0m[97;100m=[0m[97;100m=[0m[97;100m=[0m[97;100m=[0m[97;100m=[0m[97;100m=[0m[97;100m=[0m[97;100m=[0m[97;100m=[0m[97;100m=[0m[97;100m=[0m[97;100m=[0m[97;100m=[0m[97;100m=[0m[97;100m=[0m[97;100m=[0m[97;100m=[0m[97;100m=[0m[97;100m=[0m[97;100m=[0m[97;100m=[0m[97;100m=[0m[97;100m=[0m[97;100m=[0m[97;100m=[0m[97;100m=[0m[97;100m=[0m[97;100m=[0m[97;100m=[0m[97;100m=[0m[97;100m=[0m[97;100m=[0m[97;100m=[0m[97;100m=[0m[97;100m=[0m[97;100m=[0m[97;100m=[0m[97;100m=[0m[97;100m=[0m[97;100m=[0m[97;100m=[0m[97;100m=[0m[97;100m=[0m[97;100m=[0m[97;100m=[0m[97;100m=[0m[97;100m=[0m[97;100m=[0m[97;100m=[0m[97;100m=[0m[97;100m=[0m[97;100m=[0m[97;100m=[0m[97;100m=[0m[97;100m=[0m[97;100m=[0m[97;100m=[0m[97;100m=[0m[97;100m=[0m[97;100m=[0m[97;100m=[0m[97;100m=[0m[97;100m=[0m

[97;100m=[0m[97;100m[ CAS SIMPLE-OPERATORS WITH COMMANDS ][97;100m=[0m[97;100m=[0m[97;100m=[0m[97;100m=[0m[97;100m=[0m[97;100m=[0m[97;100m=[0m[97;100m=[0m[97;100m=[0m[97;100m=[0m[97;100m=[0m[97;100m=[0m[97;100m=[0m[97;100m=[0m[97;100m=[0m[97;100m=[0m[97;100m=[0m[97;100m=[0m[97;100m=[0m[97;100m=[0m[97;100m=[0m[97;100m=[0m[97;100m=[0m[97;100m=[0m[97;100m=[0m[97;100m=[0m[97;100m=[0m[97;100m=[0m[97;100m=[0m[97;100m=[0m[97;100m=[0m[97;100m=[0m[97;100m=[0m[97;100m=[0m[97;100m=[0m[97;100m=[0m[97;100m=[0m[97;100m=[0m[97;100m=[0m[97;100m=[0m[97;100m=[0m[97;100m=[0m[97;100m=[0m[97;100m=[0m[97;100m=[0m[97;100m=[0m[97;100m=[0m[97;100m=[0m[97;100m=[0m[97;100m=[0m[97;100m=[0m[0m
build_tok_lst_split_by_operators(<< echo titi|cat>)---------------------------------------
tab_res=["<", " echo titi", "|", "cat", NULL]
tok_lst={<,-1,0,0}-->{ echo titi,-1,0,0}-->{|,-1,0,0}-->{cat,-1,0,0}-->NULL
-------------------------------------------------------------------------------------> [37;42m ✓ [0m
build_tok_lst_split_by_operators(<  < echo titi|cat>)-------------------------------------
tab_res=["  ", "<", " echo titi", "|", "cat", NULL]
tok_lst={  ,-1,0,0}-->{<,-1,0,0}-->{ echo titi,-1,0,0}-->{|,-1,0,0}-->{cat,-1,0,0}-->NULL
-------------------------------------------------------------------------------------> [37;42m ✓ [0m
build_tok_lst_split_by_operators(<  < echo titi |ls>)-------------------------------------
tab_res=["  ", "<", " echo titi ", "|", "ls", NULL]
tok_lst={  ,-1,0,0}-->{<,-1,0,0}-->{ echo titi ,-1,0,0}-->{|,-1,0,0}-->{ls,-1,0,0}-->NULL
-------------------------------------------------------------------------------------> [37;42m ✓ [0m
[97;100m=[0m[97;100m=[0m[97;100m=[0m[97;100m=[0m[97;100m=[0m[97;100m=[0m[97;100m=[0m[97;100m=[0m[97;100m=[0m[97;100m=[0m[97;100m=[0m[97;100m=[0m[97;100m=[0m[97;100m=[0m[97;100m=[0m[97;100m=[0m[97;100m=[0m[97;100m=[0m[97;100m=[0m[97;100m=[0m[97;100m=[0m[97;100m=[0m[97;100m=[0m[97;100m=[0m[97;100m=[0m[97;100m=[0m[97;100m=[0m[97;100m=[0m[97;100m=[0m[97;100m=[0m[97;100m=[0m[97;100m=[0m[97;100m=[0m[97;100m=[0m[97;100m=[0m[97;100m=[0m[97;100m=[0m[97;100m=[0m[97;100m=[0m[97;100m=[0m[97;100m=[0m[97;100m=[0m[97;100m=[0m[97;100m=[0m[97;100m=[0m[97;100m=[0m[97;100m=[0m[97;100m=[0m[97;100m=[0m[97;100m=[0m[97;100m=[0m[97;100m=[0m[97;100m=[0m[97;100m=[0m[97;100m=[0m[97;100m=[0m[97;100m=[0m[97;100m=[0m[97;100m=[0m[97;100m=[0m[97;100m=[0m[97;100m=[0m[97;100m=[0m[97;100m=[0m[97;100m=[0m[97;100m=[0m[97;100m=[0m[97;100m=[0m[97;100m=[0m[97;100m=[0m[97;100m=[0m[97;100m=[0m[97;100m=[0m[97;100m=[0m[97;100m=[0m[97;100m=[0m[97;100m=[0m[97;100m=[0m[97;100m=[0m[97;100m=[0m[97;100m=[0m[97;100m=[0m[97;100m=[0m[97;100m=[0m[97;100m=[0m[97;100m=[0m[97;100m=[0m[97;100m=[0m[97;100m=[0m[97;100m=[0m

[97;100m=[0m[97;100m[ CAS MULTIPLE-OPERATORS WITH COMMANDS ][97;100m=[0m[97;100m=[0m[97;100m=[0m[97;100m=[0m[97;100m=[0m[97;100m=[0m[97;100m=[0m[97;100m=[0m[97;100m=[0m[97;100m=[0m[97;100m=[0m[97;100m=[0m[97;100m=[0m[97;100m=[0m[97;100m=[0m[97;100m=[0m[97;100m=[0m[97;100m=[0m[97;100m=[0m[97;100m=[0m[97;100m=[0m[97;100m=[0m[97;100m=[0m[97;100m=[0m[97;100m=[0m[97;100m=[0m[97;100m=[0m[97;100m=[0m[97;100m=[0m[97;100m=[0m[97;100m=[0m[97;100m=[0m[97;100m=[0m[97;100m=[0m[97;100m=[0m[97;100m=[0m[97;100m=[0m[97;100m=[0m[97;100m=[0m[97;100m=[0m[97;100m=[0m[97;100m=[0m[97;100m=[0m[97;100m=[0m[97;100m=[0m[97;100m=[0m[97;100m=[0m[97;100m=[0m[97;100m=[0m[0m
build_tok_lst_split_by_operators(<<<< $titi | cat>)---------------------------------------
tab_res=["<<<", " $titi ", "|", " cat", NULL]
tok_lst={<<<,-1,0,0}-->{ $titi ,-1,0,0}-->{|,-1,0,0}-->{ cat,-1,0,0}-->NULL
-------------------------------------------------------------------------------------> [37;42m ✓ [0m
build_tok_lst_split_by_operators(<tutu=titi&&<<<$titi cat &>)-----------------------------
tab_res=["tutu=titi", "&&", "<<<", "$titi cat ", "&", NULL]
tok_lst={tutu=titi,-1,0,0}-->{&&,-1,0,0}-->{<<<,-1,0,0}-->{$titi cat ,-1,0,0}-->{&,-1,0,0}-->NULL
-------------------------------------------------------------------------------------> [37;42m ✓ [0m
[97;100m=[0m[97;100m=[0m[97;100m=[0m[97;100m=[0m[97;100m=[0m[97;100m=[0m[97;100m=[0m[97;100m=[0m[97;100m=[0m[97;100m=[0m[97;100m=[0m[97;100m=[0m[97;100m=[0m[97;100m=[0m[97;100m=[0m[97;100m=[0m[97;100m=[0m[97;100m=[0m[97;100m=[0m[97;100m=[0m[97;100m=[0m[97;100m=[0m[97;100m=[0m[97;100m=[0m[97;100m=[0m[97;100m=[0m[97;100m=[0m[97;100m=[0m[97;100m=[0m[97;100m=[0m[97;100m=[0m[97;100m=[0m[97;100m=[0m[97;100m=[0m[97;100m=[0m[97;100m=[0m[97;100m=[0m[97;100m=[0m[97;100m=[0m[97;100m=[0m[97;100m=[0m[97;100m=[0m[97;100m=[0m[97;100m=[0m[97;100m=[0m[97;100m=[0m[97;100m=[0m[97;100m=[0m[97;100m=[0m[97;100m=[0m[97;100m=[0m[97;100m=[0m[97;100m=[0m[97;100m=[0m[97;100m=[0m[97;100m=[0m[97;100m=[0m[97;100m=[0m[97;100m=[0m[97;100m=[0m[97;100m=[0m[97;100m=[0m[97;100m=[0m[97;100m=[0m[97;100m=[0m[97;100m=[0m[97;100m=[0m[97;100m=[0m[97;100m=[0m[97;100m=[0m[97;100m=[0m[97;100m=[0m[97;100m=[0m[97;100m=[0m[97;100m=[0m[97;100m=[0m[97;100m=[0m[97;100m=[0m[97;100m=[0m[97;100m=[0m[97;100m=[0m[97;100m=[0m[97;100m=[0m[97;100m=[0m[97;100m=[0m[97;100m=[0m[97;100m=[0m[97;100m=[0m[97;100m=[0m[97;100m=[0m

==80735== 
==80735== FILE DESCRIPTORS: 3 open (3 std) at exit.
==80735== 
==80735== HEAP SUMMARY:
==80735==     in use at exit: 0 bytes in 0 blocks
==80735==   total heap usage: 160 allocs, 160 frees, 6,414 bytes allocated
==80735== 
==80735== All heap blocks were freed -- no leaks are possible
==80735== 
==80735== For lists of detected and suppressed errors, rerun with: -s
==80735== ERROR SUMMARY: 0 errors from 0 contexts (suppressed: 0 from 0)
